#
# A fatal error has been detected by the Java Runtime Environment:
#
#  EXCEPTION_ACCESS_VIOLATION (0xc0000005) at pc=0x0000000064a61fed, pid=15328, tid=7480
#
# JRE version: OpenJDK Runtime Environment Corretto-18.0.2.9.1 (18.0.2+9) (build 18.0.2+9-FR)
# Java VM: OpenJDK 64-Bit Server VM Corretto-18.0.2.9.1 (18.0.2+9-FR, mixed mode, sharing, tiered, compressed oops, compressed class ptrs, g1 gc, windows-amd64)
# Problematic frame:
# C  [imgui-java64.dll+0x61fed]
#
# No core dump will be written. Minidumps are not enabled by default on client versions of Windows
#
# If you would like to submit a bug report, please visit:
#   https://github.com/corretto/corretto-18/issues/
# The crash happened outside the Java Virtual Machine in native code.
# See problematic frame for where to report the bug.
#

---------------  S U M M A R Y ------------

Command Line: -javaagent:D:\IntelliJ IDEA Community Edition 2022.2.2\lib\idea_rt.jar=58284:D:\IntelliJ IDEA Community Edition 2022.2.2\bin -Dfile.encoding=UTF-8 -Dsun.stdout.encoding=UTF-8 -Dsun.stderr.encoding=UTF-8 Client.ClientBootstrap

Host: Intel(R) Core(TM) i5-8300H CPU @ 2.30GHz, 8 cores, 7G,  Windows 10 , 64 bit Build 19041 (10.0.19041.2251)
Time: Fri Dec 16 11:27:54 2022  Windows 10 , 64 bit Build 19041 (10.0.19041.2251) elapsed time: 120.971279 seconds (0d 0h 2m 0s)

---------------  T H R E A D  ---------------

Current thread (0x0000024e5552bda0):  JavaThread "Thread-0" [_thread_in_native, id=7480, stack(0x000000f3ffe00000,0x000000f3fff00000)]

Stack: [0x000000f3ffe00000,0x000000f3fff00000],  sp=0x000000f3ffeff540,  free space=1021k
Native frames: (J=compiled Java code, j=interpreted, Vv=VM code, C=native code)
C  [imgui-java64.dll+0x61fed]

Java frames: (J=compiled Java code, j=interpreted, Vv=VM code)
J 1031  imgui.ImGui.end()V (0 bytes) @ 0x0000024e42181266 [0x0000024e42181220+0x0000000000000046]
j  Client.View.Scenes.First.FirstScene.exitButton()V+75
j  Client.View.Scenes.First.FirstScene.layer()V+5
j  Client.View.Window.Window.run()V+65
j  Client.View.Initializer.UIInitializer.lambda$initialize$0(LClient/View/Window/Window;LClient/View/Scenes/Layer;)V+6
j  Client.View.Initializer.UIInitializer$$Lambda$28+0x0000000800c0bb70.run()V+8
j  java.lang.Thread.run()V+11 java.base@18.0.2
v  ~StubRoutines::call_stub

siginfo: EXCEPTION_ACCESS_VIOLATION (0xc0000005), reading address 0x0000000000001cf8


Register to memory mapping:

RIP=0x0000000064a61fed imgui-java64.dll
RAX={method} {0x0000024e51576138} 'end' '()V' in 'imgui/ImGui'
RBX=0x0 is NULL
RCX=0x0000024e5552c030 points into unknown readable memory: 0x0000024e555c8fd0 | d0 8f 5c 55 4e 02 00 00
RDX=0x000000f3ffeff5d0 is pointing into the stack for thread: 0x0000024e5552bda0
RSP=0x000000f3ffeff540 is pointing into the stack for thread: 0x0000024e5552bda0
RBP=0x000000f3ffeff5e0 is pointing into the stack for thread: 0x0000024e5552bda0
RSI=0x0000000089adc4e8 is an oop: jdk.internal.ref.CleanerImpl$PhantomCleanableRef 
{0x0000000089adc4e8} - klass: 'jdk/internal/ref/CleanerImpl$PhantomCleanableRef'
 - ---- fields (total size 6 words):
 - private 'referent' 'Ljava/lang/Object;' @12  NULL (0)
 - volatile 'queue' 'Ljava/lang/ref/ReferenceQueue;' @16  a 'java/lang/ref/ReferenceQueue'{0x0000000089c11bd8} (89c11bd8)
 - volatile 'next' 'Ljava/lang/ref/Reference;' @20  NULL (0)
 - private transient 'discovered' 'Ljava/lang/ref/Reference;' @24  NULL (0)
 - 'prev' 'Ljdk/internal/ref/PhantomCleanable;' @28  a 'jdk/internal/ref/CleanerImpl$PhantomCleanableRef'{0x0000000089adc4e8} (89adc4e8)
 - 'next' 'Ljdk/internal/ref/PhantomCleanable;' @32  a 'jdk/internal/ref/CleanerImpl$PhantomCleanableRef'{0x0000000089adc4e8} (89adc4e8)
 - private final 'list' 'Ljdk/internal/ref/PhantomCleanable;' @36  a 'jdk/internal/ref/CleanerImpl$PhantomCleanableRef'{0x0000000089c11db8} (89c11db8)
 - private final 'action' 'Ljava/lang/Runnable;' @40  a 'sun/nio/ch/NioSocketImpl$$Lambda$14+0x0000000800c49ec8'{0x0000000089adc4d8} (89adc4d8)
RDI=0x0000024e3a6694fe is at code_begin+1118 in an Interpreter codelet
return entry points  [0x0000024e3a6690a0, 0x0000024e3a669ba0]  2816 bytes
R8 =0x0000000000000001 is an unknown value
R9 =0x0000000089ac24f8 is an oop: java.net.Socket 
{0x0000000089ac24f8} - klass: 'java/net/Socket'
 - ---- fields (total size 5 words):
 - private 'created' 'Z' @12  true
 - private 'bound' 'Z' @13  true
 - private 'connected' 'Z' @14  true
 - private 'closed' 'Z' @15  true
 - private 'shutIn' 'Z' @16  false
 - private 'shutOut' 'Z' @17  false
 - private 'closeLock' 'Ljava/lang/Object;' @20  a 'java/lang/Object'{0x0000000089adc3a0} (89adc3a0)
 - 'impl' 'Ljava/net/SocketImpl;' @24  a 'java/net/SocksSocketImpl'{0x0000000089adc470} (89adc470)
 - private volatile 'in' 'Ljava/io/InputStream;' @28  a 'java/net/Socket$SocketInputStream'{0x0000000089ae6d50} (89ae6d50)
 - private volatile 'out' 'Ljava/io/OutputStream;' @32  a 'java/net/Socket$SocketOutputStream'{0x0000000089adccb8} (89adccb8)
 - private volatile 'options' 'Ljava/util/Set;' @36  NULL (0)
R10=0x0000000064a90800 imgui-java64.dll
R11=0x0000024e42181240 is at entry_point+32 in (nmethod*)0x0000024e42181090
Compiled method (n/a)  121003 1031     n 0       imgui.ImGui::end (native)
 total in heap  [0x0000024e42181090,0x0000024e42181440] = 944
 relocation     [0x0000024e421811e8,0x0000024e42181218] = 48
 main code      [0x0000024e42181220,0x0000024e42181438] = 536
 oops           [0x0000024e42181438,0x0000024e42181440] = 8
R12=0x0 is NULL
R13=0x000000f3ffeff5f8 is pointing into the stack for thread: 0x0000024e5552bda0
R14=0x000000f3ffeff5d0 is pointing into the stack for thread: 0x0000024e5552bda0
R15=0x0000024e5552bda0 is a thread


Registers:
RAX=0x0000024e51576130, RBX=0x0000000000000000, RCX=0x0000024e5552c030, RDX=0x000000f3ffeff5d0
RSP=0x000000f3ffeff540, RBP=0x000000f3ffeff5e0, RSI=0x0000000089adc4e8, RDI=0x0000024e3a6694fe
R8 =0x0000000000000001, R9 =0x0000000089ac24f8, R10=0x0000000064a90800, R11=0x0000024e42181240
R12=0x0000000000000000, R13=0x000000f3ffeff5f8, R14=0x000000f3ffeff5d0, R15=0x0000024e5552bda0
RIP=0x0000000064a61fed, EFLAGS=0x0000000000010202

Top of Stack: (sp=0x000000f3ffeff540)
0x000000f3ffeff540:   0000024e51432690 0000000000000000
0x000000f3ffeff550:   000000008987edd0 0000024e51434ae8
0x000000f3ffeff560:   0000000000000000 0000024e51576130
0x000000f3ffeff570:   0000000089adc4e8 0000024e421812fe
0x000000f3ffeff580:   0000000000000000 000000008987fe48
0x000000f3ffeff590:   000000f3ffeff590 0000024e51435443
0x000000f3ffeff5a0:   000000f3ffeff5f0 0000024e51432690
0x000000f3ffeff5b0:   0000000000000000 000000008987edd0
0x000000f3ffeff5c0:   0000024e51435480 0000000000000000
0x000000f3ffeff5d0:   00000000894fe2e0 000000f3ffeff640
0x000000f3ffeff5e0:   000000f3ffeff640 0000024e3a6694fe
0x000000f3ffeff5f0:   0000024e3a6694fe 000000f3ffeff5f8
0x000000f3ffeff600:   0000024e5143cc6b 000000f3ffeff650
0x000000f3ffeff610:   0000024e5143cd58 0000000000000000
0x000000f3ffeff620:   0000000089882b70 0000024e5143cc88
0x000000f3ffeff630:   000000f3ffeff5f8 000000f3ffeff650 

Instructions: (pc=0x0000000064a61fed)
0x0000000064a61eed:   c0 48 83 c4 28 5b 5e 5f 5d 41 5c 41 5d 41 5e 41
0x0000000064a61efd:   5f c3 90 39 c5 7c e7 e8 d7 e0 12 00 84 c0 74 2b
0x0000000064a61f0d:   4c 8d 05 a6 f5 4a 00 ba 06 07 00 00 48 8d 0d b1
0x0000000064a61f1d:   f5 4a 00 e8 db df 12 00 48 8b 86 48 1f 00 00 4e
0x0000000064a61f2d:   8b 04 38 eb b9 66 0f 1f 44 00 00 3b ae 40 1f 00
0x0000000064a61f3d:   00 7c 1a 41 b8 06 07 00 00 48 8d 15 6d f5 4a 00
0x0000000064a61f4d:   48 8d 0d 7d f5 4a 00 ff 15 be 57 da 00 48 8b 86
0x0000000064a61f5d:   48 1f 00 00 4e 8b 04 38 eb 84 66 0f 1f 84 00 00
0x0000000064a61f6d:   00 00 00 48 8b 05 d1 71 55 00 48 89 d1 48 8b 90
0x0000000064a61f7d:   58 1f 00 00 48 85 c9 74 3a 44 8b 80 a8 1c 00 00
0x0000000064a61f8d:   44 89 41 60 48 39 d1 74 44 f3 0f 10 41 28 48 89
0x0000000064a61f9d:   88 58 1f 00 00 f3 0f 11 80 50 1f 00 00 48 8b 80
0x0000000064a61fad:   f0 15 00 00 48 85 c0 74 24 48 ff e0 0f 1f 80 00
0x0000000064a61fbd:   00 00 00 48 85 d2 74 15 c7 80 50 1f 00 00 00 00
0x0000000064a61fcd:   80 3f 48 c7 80 58 1f 00 00 00 00 00 00 c3 0f 1f
0x0000000064a61fdd:   44 00 00 56 53 48 83 ec 28 48 8b 1d 5b 71 55 00
0x0000000064a61fed:   8b 83 f8 1c 00 00 48 8b b3 28 1d 00 00 83 f8 01
0x0000000064a61ffd:   0f 8e 0d 02 00 00 8b 46 0c 25 00 00 00 21 3d 00
0x0000000064a6200d:   00 00 01 0f 84 4a 02 00 00 48 83 be b8 01 00 00
0x0000000064a6201d:   00 74 05 e8 8b 03 0c 00 8b 46 0c a9 00 00 00 20
0x0000000064a6202d:   0f 84 bd 02 00 00 a9 00 00 00 01 0f 84 a2 02 00
0x0000000064a6203d:   00 48 8b 86 10 04 00 00 48 85 c0 74 49 f6 86 f1
0x0000000064a6204d:   03 00 00 04 74 40 48 8b 80 88 00 00 00 48 85 c0
0x0000000064a6205d:   74 34 f3 0f 10 86 2c 01 00 00 f3 0f 10 8e 28 01
0x0000000064a6206d:   00 00 f3 0f 58 46 7c f3 0f 58 4e 78 f3 0f 5c 40
0x0000000064a6207d:   7c f3 0f 5c 48 78 f3 0f 11 80 2c 01 00 00 f3 0f
0x0000000064a6208d:   11 88 28 01 00 00 48 63 93 f8 1c 00 00 85 d2 0f
0x0000000064a6209d:   8e 5e 02 00 00 48 63 c2 48 8d 0c 80 48 8d 04 48
0x0000000064a620ad:   48 8b 8b 00 1d 00 00 48 8d 04 c1 f3 0f 6f 50 b0
0x0000000064a620bd:   48 83 e8 58 0f 11 93 e8 1d 00 00 f3 0f 6f 58 18
0x0000000064a620cd:   0f 11 9b f8 1d 00 00 f3 0f 6f 60 28 0f 11 a3 08
0x0000000064a620dd:   1e 00 00 48 8b 48 38 48 89 8b 18 1e 00 00 8b 40 


Stack slot to memory mapping:
stack at sp + 0 slots: 0x0000024e51432690 is pointing into metadata
stack at sp + 1 slots: 0x0 is NULL
stack at sp + 2 slots: 0x000000008987edd0 is an oop: java.lang.Class 
{0x000000008987edd0} - klass: 'java/lang/Class'
 - ---- fields (total size 14 words):
 - private volatile transient 'classRedefinedCount' 'I' @12  0
 - abstract internal 'klass' 'J' @16  34372366464 (c0b080 8)
 - abstract internal 'array_klass' 'J' @24  0 (0 0)
 - abstract internal 'oop_size' 'I' @32  14 (e)
 - abstract internal 'static_oop_field_count' 'I' @36  0
 - private volatile transient 'cachedConstructor' 'Ljava/lang/reflect/Constructor;' @40  NULL (0)
 - private transient 'name' 'Ljava/lang/String;' @44  "Client.Loop.ClientLoop"{0x000000008987ee50} (8987ee50)
 - private transient 'module' 'Ljava/lang/Module;' @48  a 'java/lang/Module'{0x0000000089debe20} (89debe20)
 - private final 'classLoader' 'Ljava/lang/ClassLoader;' @52  a 'jdk/internal/loader/ClassLoaders$AppClassLoader'{0x0000000089debc60} (89debc60)
 - private transient 'classData' 'Ljava/lang/Object;' @56  NULL (0)
 - private transient 'packageName' 'Ljava/lang/String;' @60  "Client.Loop"{0x0000000089867a80} (89867a80)
 - private final 'componentType' 'Ljava/lang/Class;' @64  NULL (0)
 - private volatile transient 'reflectionData' 'Ljava/lang/ref/SoftReference;' @68  NULL (0)
 - private volatile transient 'genericInfo' 'Lsun/reflect/generics/repository/ClassRepository;' @72  NULL (0)
 - private volatile transient 'enumConstants' '[Ljava/lang/Object;' @76  NULL (0)
 - private volatile transient 'enumConstantDirectory' 'Ljava/util/Map;' @80  NULL (0)
 - private volatile transient 'annotationData' 'Ljava/lang/Class$AnnotationData;' @84  NULL (0)
 - private volatile transient 'annotationType' 'Lsun/reflect/annotation/AnnotationType;' @88  NULL (0)
 - transient 'classValueMap' 'Ljava/lang/ClassValue$ClassValueMap;' @92  NULL (0)
 - abstract internal 'protection_domain' 'Ljava/lang/Object;' @96  a 'java/security/ProtectionDomain'{0x0000000089abd3f8} (89abd3f8)
 - abstract internal 'signers_name' 'Ljava/lang/Object;' @100  NULL (0)
 - abstract internal 'source_file' 'Ljava/lang/Object;' @104  NULL (0)
 - signature: LClient/Loop/ClientLoop;
 - ---- static fields (0):
stack at sp + 3 slots: {method} {0x0000024e51434af0} 'dispose' '()V' in 'Client/Loop/ClientLoop'
stack at sp + 4 slots: 0x0 is NULL
stack at sp + 5 slots: {method} {0x0000024e51576138} 'end' '()V' in 'imgui/ImGui'
stack at sp + 6 slots: 0x0000000089adc4e8 is an oop: jdk.internal.ref.CleanerImpl$PhantomCleanableRef 
{0x0000000089adc4e8} - klass: 'jdk/internal/ref/CleanerImpl$PhantomCleanableRef'
 - ---- fields (total size 6 words):
 - private 'referent' 'Ljava/lang/Object;' @12  NULL (0)
 - volatile 'queue' 'Ljava/lang/ref/ReferenceQueue;' @16  a 'java/lang/ref/ReferenceQueue'{0x0000000089c11bd8} (89c11bd8)
 - volatile 'next' 'Ljava/lang/ref/Reference;' @20  NULL (0)
 - private transient 'discovered' 'Ljava/lang/ref/Reference;' @24  NULL (0)
 - 'prev' 'Ljdk/internal/ref/PhantomCleanable;' @28  a 'jdk/internal/ref/CleanerImpl$PhantomCleanableRef'{0x0000000089adc4e8} (89adc4e8)
 - 'next' 'Ljdk/internal/ref/PhantomCleanable;' @32  a 'jdk/internal/ref/CleanerImpl$PhantomCleanableRef'{0x0000000089adc4e8} (89adc4e8)
 - private final 'list' 'Ljdk/internal/ref/PhantomCleanable;' @36  a 'jdk/internal/ref/CleanerImpl$PhantomCleanableRef'{0x0000000089c11db8} (89c11db8)
 - private final 'action' 'Ljava/lang/Runnable;' @40  a 'sun/nio/ch/NioSocketImpl$$Lambda$14+0x0000000800c49ec8'{0x0000000089adc4d8} (89adc4d8)
stack at sp + 7 slots: 0x0000024e421812fe is at entry_point+222 in (nmethod*)0x0000024e42181090
Compiled method (n/a)  121013 1031     n 0       imgui.ImGui::end (native)
 total in heap  [0x0000024e42181090,0x0000024e42181440] = 944
 relocation     [0x0000024e421811e8,0x0000024e42181218] = 48
 main code      [0x0000024e42181220,0x0000024e42181438] = 536
 oops           [0x0000024e42181438,0x0000024e42181440] = 8


Compiled method (n/a)  121014 1031     n 0       imgui.ImGui::end (native)
 total in heap  [0x0000024e42181090,0x0000024e42181440] = 944
 relocation     [0x0000024e421811e8,0x0000024e42181218] = 48
 main code      [0x0000024e42181220,0x0000024e42181438] = 536
 oops           [0x0000024e42181438,0x0000024e42181440] = 8

[Constant Pool (empty)]

[MachCode]
[Entry Point]
  # {method} {0x0000024e51576138} 'end' '()V' in 'imgui/ImGui'
  #           [sp+0x70]  (sp of caller)
  0x0000024e42181220: 448b 5208 | 49bb 0000 | 0000 0800 | 0000 4d03 | d349 3bc2 | 0f84 0600 

  0x0000024e42181238: ;   {runtime_call ic_miss_stub}
  0x0000024e42181238: 0000 e941 | b852 f890 
[Verified Entry Point]
  0x0000024e42181240: 8984 2400 | 90ff ff55 | 488b ec48 

  0x0000024e4218124c: ;   {oop(a 'java/lang/Class'{0x00000000894fe2e0} = 'imgui/ImGui')}
  0x0000024e4218124c: 83ec 6049 | bee0 e24f | 8900 0000 | 004c 8974 | 2450 4c8d | 7424 5049 | 8bd6 c5f8 

  0x0000024e42181268: ;   {internal_word}
  0x0000024e42181268: 7749 ba66 | 1218 424e | 0200 004d | 8997 7802 | 0000 4989 | a770 0200 

  0x0000024e42181280: ;   {external_word}
  0x0000024e42181280: 0049 ba77 | 2143 f9fb | 7f00 0041 | 803a 000f | 844a 0000 

  0x0000024e42181294: ;   {metadata({method} {0x0000024e51576138} 'end' '()V' in 'imgui/ImGui')}
  0x0000024e42181294: 0052 48ba | 3061 5751 | 4e02 0000 | 498b cf48 | 83ec 20f7 | c40f 0000 | 000f 841a | 0000 0048 
  0x0000024e421812b4: ;   {runtime_call}
  0x0000024e421812b4: 83ec 0849 | ba00 80f8 | f8fb 7f00 | 0041 ffd2 | 4883 c408 | e90d 0000 

  0x0000024e421812cc: ;   {runtime_call}
  0x0000024e421812cc: 0049 ba00 | 80f8 f8fb | 7f00 0041 | ffd2 4883 | c420 5a49 | 8d8f 9002 | 0000 41c7 | 8730 0300 
  0x0000024e421812ec: 0004 0000 

  0x0000024e421812f0: ;   {runtime_call}
  0x0000024e421812f0: 0049 ba00 | 08a9 6400 | 0000 0041 | ffd2 c5f8 | 7741 c787 | 3003 0000 | 0500 0000 | f083 4424 
  0x0000024e42181310: c000 493b | af38 0300 | 000f 8711 | 0000 0041 | 81bf 2003 | 0000 0000 | 0000 0f84 | 2400 0000 
  0x0000024e42181330: c5f8 7749 | 8bcf 4c8b | e448 83ec | 2048 83e4 

  0x0000024e42181340: ;   {runtime_call}
  0x0000024e42181340: f049 ba70 | a107 f9fb | 7f00 0041 | ffd2 498b | e44d 33e4 | 41c7 8730 | 0300 0008 | 0000 0041 
  0x0000024e42181360: 81bf a003 | 0000 0200 | 0000 0f84 | 9b00 0000 

  0x0000024e42181370: ;   {external_word}
  0x0000024e42181370: 49ba 7721 | 43f9 fb7f | 0000 4180 | 3a00 0f84 | 4800 0000 

  0x0000024e42181384: ;   {metadata({method} {0x0000024e51576138} 'end' '()V' in 'imgui/ImGui')}
  0x0000024e42181384: 48ba 3061 | 5751 4e02 | 0000 498b | cf48 83ec | 20f7 c40f | 0000 000f | 841a 0000 | 0048 83ec 
  0x0000024e421813a4: ;   {runtime_call}
  0x0000024e421813a4: 0849 ba00 | 80f8 f8fb | 7f00 0041 | ffd2 4883 | c408 e90d 

  0x0000024e421813b8: ;   {runtime_call}
  0x0000024e421813b8: 0000 0049 | ba00 80f8 | f8fb 7f00 | 0041 ffd2 | 4883 c420 | 49c7 8770 | 0200 0000 | 0000 0049 
  0x0000024e421813d8: c787 7802 | 0000 0000 | 0000 c5f8 | 7749 8b8f | 0003 0000 | c781 0001 | 0000 0000 | 0000 c949 
  0x0000024e421813f8: 817f 0800 | 0000 000f | 8501 0000 

  0x0000024e42181404: ;   {runtime_call StubRoutines (1)}
  0x0000024e42181404: 00c3 e9f5 | fa4d f8c5 | f877 4c8b | e448 83ec | 2048 83e4 

  0x0000024e42181418: ;   {runtime_call}
  0x0000024e42181418: f049 bab0 | b0f8 f8fb | 7f00 0041 | ffd2 498b | e44d 33e4 | e93f ffff | fff4 f4f4 | f4f4 f4f4 
[/MachCode]


---------------  P R O C E S S  ---------------

Threads class SMR info:
_java_thread_list=0x0000024e55594610, length=14, elements={
0x0000024e50ebebc0, 0x0000024e50ebf470, 0x0000024e50ed73e0, 0x0000024e50ed7c90,
0x0000024e50eda550, 0x0000024e50edaf40, 0x0000024e50edf2a0, 0x0000024e50ee7ce0,
0x0000024e50efa450, 0x0000024e50eacf30, 0x0000024e5521e190, 0x0000024e55465330,
0x0000024e5552bda0, 0x0000024e32a8fa60
}

Java Threads: ( => current thread )
  0x0000024e50ebebc0 JavaThread "Reference Handler" daemon [_thread_blocked, id=11460, stack(0x000000f3ff000000,0x000000f3ff100000)]
  0x0000024e50ebf470 JavaThread "Finalizer" daemon [_thread_blocked, id=3480, stack(0x000000f3ff100000,0x000000f3ff200000)]
  0x0000024e50ed73e0 JavaThread "Signal Dispatcher" daemon [_thread_blocked, id=5844, stack(0x000000f3ff200000,0x000000f3ff300000)]
  0x0000024e50ed7c90 JavaThread "Attach Listener" daemon [_thread_blocked, id=8176, stack(0x000000f3ff300000,0x000000f3ff400000)]
  0x0000024e50eda550 JavaThread "Service Thread" daemon [_thread_blocked, id=14128, stack(0x000000f3ff400000,0x000000f3ff500000)]
  0x0000024e50edaf40 JavaThread "Monitor Deflation Thread" daemon [_thread_blocked, id=8996, stack(0x000000f3ff500000,0x000000f3ff600000)]
  0x0000024e50edf2a0 JavaThread "C2 CompilerThread0" daemon [_thread_blocked, id=12816, stack(0x000000f3ff600000,0x000000f3ff700000)]
  0x0000024e50ee7ce0 JavaThread "C1 CompilerThread0" daemon [_thread_blocked, id=15120, stack(0x000000f3ff700000,0x000000f3ff800000)]
  0x0000024e50efa450 JavaThread "Sweeper thread" daemon [_thread_blocked, id=1820, stack(0x000000f3ff800000,0x000000f3ff900000)]
  0x0000024e50eacf30 JavaThread "Common-Cleaner" daemon [_thread_blocked, id=12860, stack(0x000000f3ff900000,0x000000f3ffa00000)]
  0x0000024e5521e190 JavaThread "Monitor Ctrl-Break" daemon [_thread_in_native, id=14676, stack(0x000000f3ffb00000,0x000000f3ffc00000)]
  0x0000024e55465330 JavaThread "Notification Thread" daemon [_thread_blocked, id=14224, stack(0x000000f3ffc00000,0x000000f3ffd00000)]
=>0x0000024e5552bda0 JavaThread "Thread-0" [_thread_in_native, id=7480, stack(0x000000f3ffe00000,0x000000f3fff00000)]
  0x0000024e32a8fa60 JavaThread "DestroyJavaVM" [_thread_blocked, id=8220, stack(0x000000f3fe900000,0x000000f3fea00000)]

Other Threads:
  0x0000024e50ebba10 VMThread "VM Thread" [stack: 0x000000f3fef00000,0x000000f3ff000000] [id=8236]
  0x0000024e55350990 WatcherThread "VM Periodic Task Thread" [stack: 0x000000f3ffd00000,0x000000f3ffe00000] [id=15144]
  0x0000024e32aef0d0 WorkerThread "GC Thread#0" [stack: 0x000000f3fea00000,0x000000f3feb00000] [id=11884]
  0x0000024e32b02b70 ConcurrentGCThread "G1 Main Marker" [stack: 0x000000f3feb00000,0x000000f3fec00000] [id=12296]
  0x0000024e32b03cb0 WorkerThread "G1 Conc#0" [stack: 0x000000f3fec00000,0x000000f3fed00000] [id=8832]
  0x0000024e50d74590 ConcurrentGCThread "G1 Refine#0" [stack: 0x000000f3fed00000,0x000000f3fee00000] [id=10220]
  0x0000024e50d74c50 ConcurrentGCThread "G1 Service" [stack: 0x000000f3fee00000,0x000000f3fef00000] [id=11616]

Threads with active compile tasks:

VM state: not at safepoint (normal execution)

VM Mutex/Monitor currently owned by a thread: None

Heap address: 0x0000000081e00000, size: 2018 MB, Compressed Oops mode: 32-bit

CDS archive(s) mapped at: [0x0000000800000000-0x0000000800ba0000-0x0000000800ba0000), size 12189696, SharedBaseAddress: 0x0000000800000000, ArchiveRelocationMode: 0.
Compressed class space mapped at: 0x0000000800c00000-0x0000000840c00000, reserved size: 1073741824
Narrow klass base: 0x0000000800000000, Narrow klass shift: 0, Narrow klass range: 0x100000000

GC Precious Log:
 CardTable entry size: 512
 Card Set container configuration: InlinePtr #cards 5 size 8 Array Of Cards #cards 12 size 40 Howl #buckets 4 coarsen threshold 1843 Howl Bitmap #cards 512 size 80 coarsen threshold 460 Card regions per heap region 1 cards per card region 2048
 CPUs: 8 total, 8 available
 Memory: 8066M
 Large Page Support: Disabled
 NUMA Support: Disabled
 Compressed Oops: Enabled (32-bit)
 Heap Region Size: 1M
 Heap Min Capacity: 8M
 Heap Initial Capacity: 128M
 Heap Max Capacity: 2018M
 Pre-touch: Disabled
 Parallel Workers: 8
 Concurrent Workers: 2
 Concurrent Refinement Workers: 8
 Periodic GC: Disabled

Heap:
 garbage-first heap   total 131072K, used 21504K [0x0000000081e00000, 0x0000000100000000)
  region size 1024K, 21 young (21504K), 0 survivors (0K)
 Metaspace       used 6505K, committed 6784K, reserved 1114112K
  class space    used 474K, committed 576K, reserved 1048576K

Heap Regions: E=young(eden), S=young(survivor), O=old, HS=humongous(starts), HC=humongous(continues), CS=collection set, F=free, OA=open archive, CA=closed archive, TAMS=top-at-mark-start (previous, next)
|   0|0x0000000081e00000, 0x0000000081f00000, 0x0000000081f00000|100%|HS|  |TAMS 0x0000000081e00000, 0x0000000081e00000| Complete 
|   1|0x0000000081f00000, 0x0000000081f00000, 0x0000000082000000|  0%| F|  |TAMS 0x0000000081f00000, 0x0000000081f00000| Untracked 
|   2|0x0000000082000000, 0x0000000082000000, 0x0000000082100000|  0%| F|  |TAMS 0x0000000082000000, 0x0000000082000000| Untracked 
|   3|0x0000000082100000, 0x0000000082100000, 0x0000000082200000|  0%| F|  |TAMS 0x0000000082100000, 0x0000000082100000| Untracked 
|   4|0x0000000082200000, 0x0000000082200000, 0x0000000082300000|  0%| F|  |TAMS 0x0000000082200000, 0x0000000082200000| Untracked 
|   5|0x0000000082300000, 0x0000000082300000, 0x0000000082400000|  0%| F|  |TAMS 0x0000000082300000, 0x0000000082300000| Untracked 
|   6|0x0000000082400000, 0x0000000082400000, 0x0000000082500000|  0%| F|  |TAMS 0x0000000082400000, 0x0000000082400000| Untracked 
|   7|0x0000000082500000, 0x0000000082500000, 0x0000000082600000|  0%| F|  |TAMS 0x0000000082500000, 0x0000000082500000| Untracked 
|   8|0x0000000082600000, 0x0000000082600000, 0x0000000082700000|  0%| F|  |TAMS 0x0000000082600000, 0x0000000082600000| Untracked 
|   9|0x0000000082700000, 0x0000000082700000, 0x0000000082800000|  0%| F|  |TAMS 0x0000000082700000, 0x0000000082700000| Untracked 
|  10|0x0000000082800000, 0x0000000082800000, 0x0000000082900000|  0%| F|  |TAMS 0x0000000082800000, 0x0000000082800000| Untracked 
|  11|0x0000000082900000, 0x0000000082900000, 0x0000000082a00000|  0%| F|  |TAMS 0x0000000082900000, 0x0000000082900000| Untracked 
|  12|0x0000000082a00000, 0x0000000082a00000, 0x0000000082b00000|  0%| F|  |TAMS 0x0000000082a00000, 0x0000000082a00000| Untracked 
|  13|0x0000000082b00000, 0x0000000082b00000, 0x0000000082c00000|  0%| F|  |TAMS 0x0000000082b00000, 0x0000000082b00000| Untracked 
|  14|0x0000000082c00000, 0x0000000082c00000, 0x0000000082d00000|  0%| F|  |TAMS 0x0000000082c00000, 0x0000000082c00000| Untracked 
|  15|0x0000000082d00000, 0x0000000082d00000, 0x0000000082e00000|  0%| F|  |TAMS 0x0000000082d00000, 0x0000000082d00000| Untracked 
|  16|0x0000000082e00000, 0x0000000082e00000, 0x0000000082f00000|  0%| F|  |TAMS 0x0000000082e00000, 0x0000000082e00000| Untracked 
|  17|0x0000000082f00000, 0x0000000082f00000, 0x0000000083000000|  0%| F|  |TAMS 0x0000000082f00000, 0x0000000082f00000| Untracked 
|  18|0x0000000083000000, 0x0000000083000000, 0x0000000083100000|  0%| F|  |TAMS 0x0000000083000000, 0x0000000083000000| Untracked 
|  19|0x0000000083100000, 0x0000000083100000, 0x0000000083200000|  0%| F|  |TAMS 0x0000000083100000, 0x0000000083100000| Untracked 
|  20|0x0000000083200000, 0x0000000083200000, 0x0000000083300000|  0%| F|  |TAMS 0x0000000083200000, 0x0000000083200000| Untracked 
|  21|0x0000000083300000, 0x0000000083300000, 0x0000000083400000|  0%| F|  |TAMS 0x0000000083300000, 0x0000000083300000| Untracked 
|  22|0x0000000083400000, 0x0000000083400000, 0x0000000083500000|  0%| F|  |TAMS 0x0000000083400000, 0x0000000083400000| Untracked 
|  23|0x0000000083500000, 0x0000000083500000, 0x0000000083600000|  0%| F|  |TAMS 0x0000000083500000, 0x0000000083500000| Untracked 
|  24|0x0000000083600000, 0x0000000083600000, 0x0000000083700000|  0%| F|  |TAMS 0x0000000083600000, 0x0000000083600000| Untracked 
|  25|0x0000000083700000, 0x0000000083700000, 0x0000000083800000|  0%| F|  |TAMS 0x0000000083700000, 0x0000000083700000| Untracked 
|  26|0x0000000083800000, 0x0000000083800000, 0x0000000083900000|  0%| F|  |TAMS 0x0000000083800000, 0x0000000083800000| Untracked 
|  27|0x0000000083900000, 0x0000000083900000, 0x0000000083a00000|  0%| F|  |TAMS 0x0000000083900000, 0x0000000083900000| Untracked 
|  28|0x0000000083a00000, 0x0000000083a00000, 0x0000000083b00000|  0%| F|  |TAMS 0x0000000083a00000, 0x0000000083a00000| Untracked 
|  29|0x0000000083b00000, 0x0000000083b00000, 0x0000000083c00000|  0%| F|  |TAMS 0x0000000083b00000, 0x0000000083b00000| Untracked 
|  30|0x0000000083c00000, 0x0000000083c00000, 0x0000000083d00000|  0%| F|  |TAMS 0x0000000083c00000, 0x0000000083c00000| Untracked 
|  31|0x0000000083d00000, 0x0000000083d00000, 0x0000000083e00000|  0%| F|  |TAMS 0x0000000083d00000, 0x0000000083d00000| Untracked 
|  32|0x0000000083e00000, 0x0000000083e00000, 0x0000000083f00000|  0%| F|  |TAMS 0x0000000083e00000, 0x0000000083e00000| Untracked 
|  33|0x0000000083f00000, 0x0000000083f00000, 0x0000000084000000|  0%| F|  |TAMS 0x0000000083f00000, 0x0000000083f00000| Untracked 
|  34|0x0000000084000000, 0x0000000084000000, 0x0000000084100000|  0%| F|  |TAMS 0x0000000084000000, 0x0000000084000000| Untracked 
|  35|0x0000000084100000, 0x0000000084100000, 0x0000000084200000|  0%| F|  |TAMS 0x0000000084100000, 0x0000000084100000| Untracked 
|  36|0x0000000084200000, 0x0000000084200000, 0x0000000084300000|  0%| F|  |TAMS 0x0000000084200000, 0x0000000084200000| Untracked 
|  37|0x0000000084300000, 0x0000000084300000, 0x0000000084400000|  0%| F|  |TAMS 0x0000000084300000, 0x0000000084300000| Untracked 
|  38|0x0000000084400000, 0x0000000084400000, 0x0000000084500000|  0%| F|  |TAMS 0x0000000084400000, 0x0000000084400000| Untracked 
|  39|0x0000000084500000, 0x0000000084500000, 0x0000000084600000|  0%| F|  |TAMS 0x0000000084500000, 0x0000000084500000| Untracked 
|  40|0x0000000084600000, 0x0000000084600000, 0x0000000084700000|  0%| F|  |TAMS 0x0000000084600000, 0x0000000084600000| Untracked 
|  41|0x0000000084700000, 0x0000000084700000, 0x0000000084800000|  0%| F|  |TAMS 0x0000000084700000, 0x0000000084700000| Untracked 
|  42|0x0000000084800000, 0x0000000084800000, 0x0000000084900000|  0%| F|  |TAMS 0x0000000084800000, 0x0000000084800000| Untracked 
|  43|0x0000000084900000, 0x0000000084900000, 0x0000000084a00000|  0%| F|  |TAMS 0x0000000084900000, 0x0000000084900000| Untracked 
|  44|0x0000000084a00000, 0x0000000084a00000, 0x0000000084b00000|  0%| F|  |TAMS 0x0000000084a00000, 0x0000000084a00000| Untracked 
|  45|0x0000000084b00000, 0x0000000084b00000, 0x0000000084c00000|  0%| F|  |TAMS 0x0000000084b00000, 0x0000000084b00000| Untracked 
|  46|0x0000000084c00000, 0x0000000084c00000, 0x0000000084d00000|  0%| F|  |TAMS 0x0000000084c00000, 0x0000000084c00000| Untracked 
|  47|0x0000000084d00000, 0x0000000084d00000, 0x0000000084e00000|  0%| F|  |TAMS 0x0000000084d00000, 0x0000000084d00000| Untracked 
|  48|0x0000000084e00000, 0x0000000084e00000, 0x0000000084f00000|  0%| F|  |TAMS 0x0000000084e00000, 0x0000000084e00000| Untracked 
|  49|0x0000000084f00000, 0x0000000084f00000, 0x0000000085000000|  0%| F|  |TAMS 0x0000000084f00000, 0x0000000084f00000| Untracked 
|  50|0x0000000085000000, 0x0000000085000000, 0x0000000085100000|  0%| F|  |TAMS 0x0000000085000000, 0x0000000085000000| Untracked 
|  51|0x0000000085100000, 0x0000000085100000, 0x0000000085200000|  0%| F|  |TAMS 0x0000000085100000, 0x0000000085100000| Untracked 
|  52|0x0000000085200000, 0x0000000085200000, 0x0000000085300000|  0%| F|  |TAMS 0x0000000085200000, 0x0000000085200000| Untracked 
|  53|0x0000000085300000, 0x0000000085300000, 0x0000000085400000|  0%| F|  |TAMS 0x0000000085300000, 0x0000000085300000| Untracked 
|  54|0x0000000085400000, 0x0000000085400000, 0x0000000085500000|  0%| F|  |TAMS 0x0000000085400000, 0x0000000085400000| Untracked 
|  55|0x0000000085500000, 0x0000000085500000, 0x0000000085600000|  0%| F|  |TAMS 0x0000000085500000, 0x0000000085500000| Untracked 
|  56|0x0000000085600000, 0x0000000085600000, 0x0000000085700000|  0%| F|  |TAMS 0x0000000085600000, 0x0000000085600000| Untracked 
|  57|0x0000000085700000, 0x0000000085700000, 0x0000000085800000|  0%| F|  |TAMS 0x0000000085700000, 0x0000000085700000| Untracked 
|  58|0x0000000085800000, 0x0000000085800000, 0x0000000085900000|  0%| F|  |TAMS 0x0000000085800000, 0x0000000085800000| Untracked 
|  59|0x0000000085900000, 0x0000000085900000, 0x0000000085a00000|  0%| F|  |TAMS 0x0000000085900000, 0x0000000085900000| Untracked 
|  60|0x0000000085a00000, 0x0000000085a00000, 0x0000000085b00000|  0%| F|  |TAMS 0x0000000085a00000, 0x0000000085a00000| Untracked 
|  61|0x0000000085b00000, 0x0000000085b00000, 0x0000000085c00000|  0%| F|  |TAMS 0x0000000085b00000, 0x0000000085b00000| Untracked 
|  62|0x0000000085c00000, 0x0000000085c00000, 0x0000000085d00000|  0%| F|  |TAMS 0x0000000085c00000, 0x0000000085c00000| Untracked 
|  63|0x0000000085d00000, 0x0000000085d00000, 0x0000000085e00000|  0%| F|  |TAMS 0x0000000085d00000, 0x0000000085d00000| Untracked 
|  64|0x0000000085e00000, 0x0000000085e00000, 0x0000000085f00000|  0%| F|  |TAMS 0x0000000085e00000, 0x0000000085e00000| Untracked 
|  65|0x0000000085f00000, 0x0000000085f00000, 0x0000000086000000|  0%| F|  |TAMS 0x0000000085f00000, 0x0000000085f00000| Untracked 
|  66|0x0000000086000000, 0x0000000086000000, 0x0000000086100000|  0%| F|  |TAMS 0x0000000086000000, 0x0000000086000000| Untracked 
|  67|0x0000000086100000, 0x0000000086100000, 0x0000000086200000|  0%| F|  |TAMS 0x0000000086100000, 0x0000000086100000| Untracked 
|  68|0x0000000086200000, 0x0000000086200000, 0x0000000086300000|  0%| F|  |TAMS 0x0000000086200000, 0x0000000086200000| Untracked 
|  69|0x0000000086300000, 0x0000000086300000, 0x0000000086400000|  0%| F|  |TAMS 0x0000000086300000, 0x0000000086300000| Untracked 
|  70|0x0000000086400000, 0x0000000086400000, 0x0000000086500000|  0%| F|  |TAMS 0x0000000086400000, 0x0000000086400000| Untracked 
|  71|0x0000000086500000, 0x0000000086500000, 0x0000000086600000|  0%| F|  |TAMS 0x0000000086500000, 0x0000000086500000| Untracked 
|  72|0x0000000086600000, 0x0000000086600000, 0x0000000086700000|  0%| F|  |TAMS 0x0000000086600000, 0x0000000086600000| Untracked 
|  73|0x0000000086700000, 0x0000000086700000, 0x0000000086800000|  0%| F|  |TAMS 0x0000000086700000, 0x0000000086700000| Untracked 
|  74|0x0000000086800000, 0x0000000086800000, 0x0000000086900000|  0%| F|  |TAMS 0x0000000086800000, 0x0000000086800000| Untracked 
|  75|0x0000000086900000, 0x0000000086900000, 0x0000000086a00000|  0%| F|  |TAMS 0x0000000086900000, 0x0000000086900000| Untracked 
|  76|0x0000000086a00000, 0x0000000086a00000, 0x0000000086b00000|  0%| F|  |TAMS 0x0000000086a00000, 0x0000000086a00000| Untracked 
|  77|0x0000000086b00000, 0x0000000086b00000, 0x0000000086c00000|  0%| F|  |TAMS 0x0000000086b00000, 0x0000000086b00000| Untracked 
|  78|0x0000000086c00000, 0x0000000086c00000, 0x0000000086d00000|  0%| F|  |TAMS 0x0000000086c00000, 0x0000000086c00000| Untracked 
|  79|0x0000000086d00000, 0x0000000086d00000, 0x0000000086e00000|  0%| F|  |TAMS 0x0000000086d00000, 0x0000000086d00000| Untracked 
|  80|0x0000000086e00000, 0x0000000086e00000, 0x0000000086f00000|  0%| F|  |TAMS 0x0000000086e00000, 0x0000000086e00000| Untracked 
|  81|0x0000000086f00000, 0x0000000086f00000, 0x0000000087000000|  0%| F|  |TAMS 0x0000000086f00000, 0x0000000086f00000| Untracked 
|  82|0x0000000087000000, 0x0000000087000000, 0x0000000087100000|  0%| F|  |TAMS 0x0000000087000000, 0x0000000087000000| Untracked 
|  83|0x0000000087100000, 0x0000000087100000, 0x0000000087200000|  0%| F|  |TAMS 0x0000000087100000, 0x0000000087100000| Untracked 
|  84|0x0000000087200000, 0x0000000087200000, 0x0000000087300000|  0%| F|  |TAMS 0x0000000087200000, 0x0000000087200000| Untracked 
|  85|0x0000000087300000, 0x0000000087300000, 0x0000000087400000|  0%| F|  |TAMS 0x0000000087300000, 0x0000000087300000| Untracked 
|  86|0x0000000087400000, 0x0000000087400000, 0x0000000087500000|  0%| F|  |TAMS 0x0000000087400000, 0x0000000087400000| Untracked 
|  87|0x0000000087500000, 0x0000000087500000, 0x0000000087600000|  0%| F|  |TAMS 0x0000000087500000, 0x0000000087500000| Untracked 
|  88|0x0000000087600000, 0x0000000087600000, 0x0000000087700000|  0%| F|  |TAMS 0x0000000087600000, 0x0000000087600000| Untracked 
|  89|0x0000000087700000, 0x0000000087700000, 0x0000000087800000|  0%| F|  |TAMS 0x0000000087700000, 0x0000000087700000| Untracked 
|  90|0x0000000087800000, 0x0000000087800000, 0x0000000087900000|  0%| F|  |TAMS 0x0000000087800000, 0x0000000087800000| Untracked 
|  91|0x0000000087900000, 0x0000000087900000, 0x0000000087a00000|  0%| F|  |TAMS 0x0000000087900000, 0x0000000087900000| Untracked 
|  92|0x0000000087a00000, 0x0000000087a00000, 0x0000000087b00000|  0%| F|  |TAMS 0x0000000087a00000, 0x0000000087a00000| Untracked 
|  93|0x0000000087b00000, 0x0000000087b00000, 0x0000000087c00000|  0%| F|  |TAMS 0x0000000087b00000, 0x0000000087b00000| Untracked 
|  94|0x0000000087c00000, 0x0000000087c00000, 0x0000000087d00000|  0%| F|  |TAMS 0x0000000087c00000, 0x0000000087c00000| Untracked 
|  95|0x0000000087d00000, 0x0000000087d00000, 0x0000000087e00000|  0%| F|  |TAMS 0x0000000087d00000, 0x0000000087d00000| Untracked 
|  96|0x0000000087e00000, 0x0000000087e00000, 0x0000000087f00000|  0%| F|  |TAMS 0x0000000087e00000, 0x0000000087e00000| Untracked 
|  97|0x0000000087f00000, 0x0000000087f00000, 0x0000000088000000|  0%| F|  |TAMS 0x0000000087f00000, 0x0000000087f00000| Untracked 
|  98|0x0000000088000000, 0x0000000088000000, 0x0000000088100000|  0%| F|  |TAMS 0x0000000088000000, 0x0000000088000000| Untracked 
|  99|0x0000000088100000, 0x0000000088100000, 0x0000000088200000|  0%| F|  |TAMS 0x0000000088100000, 0x0000000088100000| Untracked 
| 100|0x0000000088200000, 0x0000000088200000, 0x0000000088300000|  0%| F|  |TAMS 0x0000000088200000, 0x0000000088200000| Untracked 
| 101|0x0000000088300000, 0x0000000088300000, 0x0000000088400000|  0%| F|  |TAMS 0x0000000088300000, 0x0000000088300000| Untracked 
| 102|0x0000000088400000, 0x0000000088400000, 0x0000000088500000|  0%| F|  |TAMS 0x0000000088400000, 0x0000000088400000| Untracked 
| 103|0x0000000088500000, 0x0000000088500000, 0x0000000088600000|  0%| F|  |TAMS 0x0000000088500000, 0x0000000088500000| Untracked 
| 104|0x0000000088600000, 0x0000000088600000, 0x0000000088700000|  0%| F|  |TAMS 0x0000000088600000, 0x0000000088600000| Untracked 
| 105|0x0000000088700000, 0x0000000088700000, 0x0000000088800000|  0%| F|  |TAMS 0x0000000088700000, 0x0000000088700000| Untracked 
| 106|0x0000000088800000, 0x0000000088800000, 0x0000000088900000|  0%| F|  |TAMS 0x0000000088800000, 0x0000000088800000| Untracked 
| 107|0x0000000088900000, 0x00000000889ec088, 0x0000000088a00000| 92%| E|  |TAMS 0x0000000088900000, 0x0000000088900000| Complete 
| 108|0x0000000088a00000, 0x0000000088b00000, 0x0000000088b00000|100%| E|CS|TAMS 0x0000000088a00000, 0x0000000088a00000| Complete 
| 109|0x0000000088b00000, 0x0000000088c00000, 0x0000000088c00000|100%| E|CS|TAMS 0x0000000088b00000, 0x0000000088b00000| Complete 
| 110|0x0000000088c00000, 0x0000000088d00000, 0x0000000088d00000|100%| E|CS|TAMS 0x0000000088c00000, 0x0000000088c00000| Complete 
| 111|0x0000000088d00000, 0x0000000088e00000, 0x0000000088e00000|100%| E|CS|TAMS 0x0000000088d00000, 0x0000000088d00000| Complete 
| 112|0x0000000088e00000, 0x0000000088f00000, 0x0000000088f00000|100%| E|CS|TAMS 0x0000000088e00000, 0x0000000088e00000| Complete 
| 113|0x0000000088f00000, 0x0000000089000000, 0x0000000089000000|100%| E|CS|TAMS 0x0000000088f00000, 0x0000000088f00000| Complete 
| 114|0x0000000089000000, 0x0000000089100000, 0x0000000089100000|100%| E|CS|TAMS 0x0000000089000000, 0x0000000089000000| Complete 
| 115|0x0000000089100000, 0x0000000089200000, 0x0000000089200000|100%| E|CS|TAMS 0x0000000089100000, 0x0000000089100000| Complete 
| 116|0x0000000089200000, 0x0000000089300000, 0x0000000089300000|100%| E|CS|TAMS 0x0000000089200000, 0x0000000089200000| Complete 
| 117|0x0000000089300000, 0x0000000089400000, 0x0000000089400000|100%| E|CS|TAMS 0x0000000089300000, 0x0000000089300000| Complete 
| 118|0x0000000089400000, 0x0000000089500000, 0x0000000089500000|100%| E|CS|TAMS 0x0000000089400000, 0x0000000089400000| Complete 
| 119|0x0000000089500000, 0x0000000089600000, 0x0000000089600000|100%| E|CS|TAMS 0x0000000089500000, 0x0000000089500000| Complete 
| 120|0x0000000089600000, 0x0000000089700000, 0x0000000089700000|100%| E|CS|TAMS 0x0000000089600000, 0x0000000089600000| Complete 
| 121|0x0000000089700000, 0x0000000089800000, 0x0000000089800000|100%| E|CS|TAMS 0x0000000089700000, 0x0000000089700000| Complete 
| 122|0x0000000089800000, 0x0000000089900000, 0x0000000089900000|100%| E|CS|TAMS 0x0000000089800000, 0x0000000089800000| Complete 
| 123|0x0000000089900000, 0x0000000089a00000, 0x0000000089a00000|100%| E|CS|TAMS 0x0000000089900000, 0x0000000089900000| Complete 
| 124|0x0000000089a00000, 0x0000000089b00000, 0x0000000089b00000|100%| E|CS|TAMS 0x0000000089a00000, 0x0000000089a00000| Complete 
| 125|0x0000000089b00000, 0x0000000089c00000, 0x0000000089c00000|100%| E|CS|TAMS 0x0000000089b00000, 0x0000000089b00000| Complete 
| 126|0x0000000089c00000, 0x0000000089d00000, 0x0000000089d00000|100%| E|CS|TAMS 0x0000000089c00000, 0x0000000089c00000| Complete 
| 127|0x0000000089d00000, 0x0000000089e00000, 0x0000000089e00000|100%| E|CS|TAMS 0x0000000089d00000, 0x0000000089d00000| Complete 

Card table byte_map: [0x0000024e49da0000,0x0000024e4a1a0000] _byte_map_base: 0x0000024e49991000

Marking Bits (Prev, Next): (CMBitMap*) 0x0000024e32af05f0, (CMBitMap*) 0x0000024e32af0630
 Prev Bits: [0x0000024e4a5a0000, 0x0000024e4c528000)
 Next Bits: [0x0000024e4c530000, 0x0000024e4e4b8000)

Polling page: 0x0000024e309c0000

Metaspace:

Usage:
  Non-class:      5.89 MB used.
      Class:    474.23 KB used.
       Both:      6.35 MB used.

Virtual space:
  Non-class space:       64.00 MB reserved,       6.06 MB (  9%) committed,  1 nodes.
      Class space:        1.00 GB reserved,     576.00 KB ( <1%) committed,  1 nodes.
             Both:        1.06 GB reserved,       6.63 MB ( <1%) committed. 

Chunk freelists:
   Non-Class:  1.04 MB
       Class:  3.47 MB
        Both:  4.52 MB

MaxMetaspaceSize: unlimited
CompressedClassSpaceSize: 1.00 GB
Initial GC threshold: 21.00 MB
Current GC threshold: 21.00 MB
CDS: on
MetaspaceReclaimPolicy: balanced
 - commit_granule_bytes: 65536.
 - commit_granule_words: 8192.
 - virtual_space_node_default_size: 8388608.
 - enlarge_chunks_in_place: 1.
 - new_chunks_are_fully_committed: 0.
 - uncommit_free_chunks: 1.
 - use_allocation_guard: 0.


Internal statistics:

num_allocs_failed_limit: 0.
num_arena_births: 178.
num_arena_deaths: 0.
num_vsnodes_births: 2.
num_vsnodes_deaths: 0.
num_space_committed: 104.
num_space_uncommitted: 0.
num_chunks_returned_to_freelist: 0.
num_chunks_taken_from_freelist: 338.
num_chunk_merges: 0.
num_chunk_splits: 210.
num_chunks_enlarged: 129.
num_inconsistent_stats: 0.

CodeHeap 'non-profiled nmethods': size=120000Kb used=527Kb max_used=527Kb free=119472Kb
 bounds [0x0000024e42130000, 0x0000024e423a0000, 0x0000024e49660000]
CodeHeap 'profiled nmethods': size=120000Kb used=1891Kb max_used=1891Kb free=118109Kb
 bounds [0x0000024e3ac00000, 0x0000024e3ae70000, 0x0000024e42130000]
CodeHeap 'non-nmethods': size=5760Kb used=1720Kb max_used=1746Kb free=4039Kb
 bounds [0x0000024e3a660000, 0x0000024e3a8d0000, 0x0000024e3ac00000]
 total_blobs=2515 nmethods=1338 adapters=1090
 compilation: enabled
              stopped_count=0, restarted_count=0
 full_count=0

Compilation events (20 events):
Event: 94.614 Thread 0x0000024e50edf2a0 1328       4       org.lwjgl.glfw.GLFW::glfwGetInputMode (22 bytes)
Event: 94.615 Thread 0x0000024e50edf2a0 nmethod 1328 0x0000024e421b0f10 code [0x0000024e421b10a0, 0x0000024e421b1148]
Event: 107.395 Thread 0x0000024e50edf2a0 1329       4       java.awt.Color::getRed (12 bytes)
Event: 107.396 Thread 0x0000024e50edf2a0 nmethod 1329 0x0000024e421b1210 code [0x0000024e421b1380, 0x0000024e421b13f8]
Event: 107.396 Thread 0x0000024e50edf2a0 1330       4       org.lwjgl.opengl.GL11::glClear (5 bytes)
Event: 107.396 Thread 0x0000024e50edf2a0 nmethod 1330 0x0000024e421b1510 code [0x0000024e421b16a0, 0x0000024e421b1728]
Event: 109.523 Thread 0x0000024e50edf2a0 1331       4       java.awt.Color::getBlue (11 bytes)
Event: 109.523 Thread 0x0000024e50edf2a0 nmethod 1331 0x0000024e421b1810 code [0x0000024e421b1980, 0x0000024e421b19f8]
Event: 109.523 Thread 0x0000024e50edf2a0 1332       4       java.awt.Color::getAlpha (12 bytes)
Event: 109.524 Thread 0x0000024e50edf2a0 nmethod 1332 0x0000024e421b1b10 code [0x0000024e421b1c80, 0x0000024e421b1cf8]
Event: 109.524 Thread 0x0000024e50edf2a0 1333       4       org.lwjgl.opengl.GL11::glClearColor (8 bytes)
Event: 109.524 Thread 0x0000024e50edf2a0 nmethod 1333 0x0000024e421b1e10 code [0x0000024e421b1fa0, 0x0000024e421b2028]
Event: 109.524 Thread 0x0000024e50edf2a0 1334       4       imgui.glfw.ImGuiImplGlfw::newFrame (166 bytes)
Event: 109.530 Thread 0x0000024e50edf2a0 nmethod 1334 0x0000024e421b2110 code [0x0000024e421b2420, 0x0000024e421b2dc0]
Event: 116.664 Thread 0x0000024e50ee7ce0 1335       3       java.io.ObjectInputStream$BlockDataInputStream::read (62 bytes)
Event: 116.664 Thread 0x0000024e50ee7ce0 nmethod 1335 0x0000024e3add7090 code [0x0000024e3add7260, 0x0000024e3add7558]
Event: 120.928 Thread 0x0000024e50ee7ce0 1337       3       jdk.internal.org.objectweb.asm.MethodWriter::visitFieldInsn (258 bytes)
Event: 120.929 Thread 0x0000024e50ee7ce0 nmethod 1337 0x0000024e3add7690 code [0x0000024e3add78e0, 0x0000024e3add84a8]
Event: 120.929 Thread 0x0000024e50ee7ce0 1338       3       jdk.internal.org.objectweb.asm.SymbolTable::addConstantFieldref (10 bytes)
Event: 120.929 Thread 0x0000024e50ee7ce0 nmethod 1338 0x0000024e3add8890 code [0x0000024e3add8a20, 0x0000024e3add8b68]

GC Heap History (0 events):
No events

Deoptimization events (20 events):
Event: 0.215 Thread 0x0000024e32a8fa60 DEOPT PACKING pc=0x0000024e3ac2a467 sp=0x000000f3fe9fe930
Event: 0.215 Thread 0x0000024e32a8fa60 DEOPT UNPACKING pc=0x0000024e3a6b2b43 sp=0x000000f3fe9fdd50 mode 0
Event: 0.355 Thread 0x0000024e5552bda0 Uncommon trap: trap_request=0xffffff45 fr.pc=0x0000024e42143fe4 relative=0x0000000000000064
Event: 0.355 Thread 0x0000024e5552bda0 Uncommon trap: reason=unstable_if action=reinterpret pc=0x0000024e42143fe4 method=java.io.WinNTFileSystem.isSlash(C)Z @ 9 c2
Event: 0.355 Thread 0x0000024e5552bda0 DEOPT PACKING pc=0x0000024e42143fe4 sp=0x000000f3ffefbd70
Event: 0.355 Thread 0x0000024e5552bda0 DEOPT UNPACKING pc=0x0000024e3a6b23a3 sp=0x000000f3ffefbcf8 mode 2
Event: 0.636 Thread 0x0000024e5552bda0 Uncommon trap: trap_request=0xffffff54 fr.pc=0x0000024e42169ee0 relative=0x0000000000000060
Event: 0.636 Thread 0x0000024e5552bda0 Uncommon trap: reason=speculate_null_assert action=make_not_entrant pc=0x0000024e42169ee0 method=sun.misc.Unsafe.putLong(Ljava/lang/Object;JJ)V @ 7 c2
Event: 0.636 Thread 0x0000024e5552bda0 DEOPT PACKING pc=0x0000024e42169ee0 sp=0x000000f3ffeff200
Event: 0.636 Thread 0x0000024e5552bda0 DEOPT UNPACKING pc=0x0000024e3a6b23a3 sp=0x000000f3ffeff178 mode 2
Event: 1.671 Thread 0x0000024e5552bda0 DEOPT PACKING pc=0x0000024e3ac6fd65 sp=0x000000f3ffefcd90
Event: 1.671 Thread 0x0000024e5552bda0 DEOPT UNPACKING pc=0x0000024e3a6b2b43 sp=0x000000f3ffefc1e0 mode 0
Event: 1.684 Thread 0x0000024e5552bda0 Uncommon trap: trap_request=0xffffff45 fr.pc=0x0000024e42170800 relative=0x0000000000000260
Event: 1.684 Thread 0x0000024e5552bda0 Uncommon trap: reason=unstable_if action=reinterpret pc=0x0000024e42170800 method=java.lang.String.startsWith(Ljava/lang/String;I)Z @ 1 c2
Event: 1.684 Thread 0x0000024e5552bda0 DEOPT PACKING pc=0x0000024e42170800 sp=0x000000f3ffefde70
Event: 1.684 Thread 0x0000024e5552bda0 DEOPT UNPACKING pc=0x0000024e3a6b23a3 sp=0x000000f3ffefddd8 mode 2
Event: 1.692 Thread 0x0000024e5552bda0 Uncommon trap: trap_request=0xffffff45 fr.pc=0x0000024e42146088 relative=0x0000000000000ae8
Event: 1.692 Thread 0x0000024e5552bda0 Uncommon trap: reason=unstable_if action=reinterpret pc=0x0000024e42146088 method=java.util.HashMap.putVal(ILjava/lang/Object;Ljava/lang/Object;ZZ)Ljava/lang/Object; @ 181 c2
Event: 1.692 Thread 0x0000024e5552bda0 DEOPT PACKING pc=0x0000024e42146088 sp=0x000000f3ffefea00
Event: 1.692 Thread 0x0000024e5552bda0 DEOPT UNPACKING pc=0x0000024e3a6b23a3 sp=0x000000f3ffefe9c0 mode 2

Classes loaded (20 events):
Event: 9.061 Loading class java/util/function/UnaryOperator
Event: 9.061 Loading class java/util/function/UnaryOperator done
Event: 9.074 Loading class jdk/internal/math/FDBigInteger
Event: 9.075 Loading class jdk/internal/math/FDBigInteger done
Event: 120.953 Loading class java/net/StandardSocketOptions
Event: 120.954 Loading class java/net/StandardSocketOptions done
Event: 120.954 Loading class java/net/StandardSocketOptions$StdSocketOption
Event: 120.954 Loading class java/net/StandardSocketOptions$StdSocketOption done
Event: 120.954 Loading class sun/nio/ch/SocketOptionRegistry
Event: 120.954 Loading class sun/nio/ch/SocketOptionRegistry done
Event: 120.954 Loading class sun/nio/ch/SocketOptionRegistry$RegistryKey
Event: 120.954 Loading class sun/nio/ch/SocketOptionRegistry$RegistryKey done
Event: 120.954 Loading class sun/nio/ch/SocketOptionRegistry$LazyInitialization
Event: 120.954 Loading class sun/nio/ch/SocketOptionRegistry$LazyInitialization done
Event: 120.954 Loading class sun/nio/ch/OptionKey
Event: 120.954 Loading class sun/nio/ch/OptionKey done
Event: 120.954 Loading class sun/nio/ch/ExtendedSocketOption
Event: 120.954 Loading class sun/nio/ch/ExtendedSocketOption done
Event: 120.954 Loading class sun/nio/ch/ExtendedSocketOption$1
Event: 120.954 Loading class sun/nio/ch/ExtendedSocketOption$1 done

Classes unloaded (0 events):
No events

Classes redefined (0 events):
No events

Internal exceptions (20 events):
Event: 0.404 Thread 0x0000024e5552bda0 Exception <a 'sun/nio/fs/WindowsException'{0x0000000089516760}> (0x0000000089516760) 
thrown [s\src\hotspot\share\prims\jni.cpp, line 516]
Event: 0.404 Thread 0x0000024e5552bda0 Exception <a 'sun/nio/fs/WindowsException'{0x0000000089516ae8}> (0x0000000089516ae8) 
thrown [s\src\hotspot\share\prims\jni.cpp, line 516]
Event: 0.412 Thread 0x0000024e5552bda0 Exception <a 'java/lang/NoSuchMethodError'{0x0000000089529c68}: 'int java.lang.invoke.Invokers$Holder.invokeExact_MT(java.lang.Object, java.lang.Object)'> (0x0000000089529c68) 
thrown [s\src\hotspot\share\interpreter\linkResolver.cpp, line 759]
Event: 0.618 Thread 0x0000024e5552bda0 Exception <a 'java/lang/NoSuchMethodError'{0x000000008958aab8}: 'void java.lang.System.load(java.lang.String, java.lang.Class)'> (0x000000008958aab8) 
thrown [s\src\hotspot\share\interpreter\linkResolver.cpp, line 759]
Event: 0.619 Thread 0x0000024e5552bda0 Exception <a 'java/lang/NoSuchMethodError'{0x000000008958d948}: 'void java.lang.System.loadLibrary(java.lang.String, java.lang.Class)'> (0x000000008958d948) 
thrown [s\src\hotspot\share\interpreter\linkResolver.cpp, line 759]
Event: 0.628 Thread 0x0000024e5552bda0 Exception <a 'sun/nio/fs/WindowsException'{0x0000000089599298}> (0x0000000089599298) 
thrown [s\src\hotspot\share\prims\jni.cpp, line 516]
Event: 0.629 Thread 0x0000024e5552bda0 Exception <a 'sun/nio/fs/WindowsException'{0x0000000089599658}> (0x0000000089599658) 
thrown [s\src\hotspot\share\prims\jni.cpp, line 516]
Event: 0.632 Thread 0x0000024e5552bda0 Exception <a 'sun/nio/fs/WindowsException'{0x000000008959f790}> (0x000000008959f790) 
thrown [s\src\hotspot\share\prims\jni.cpp, line 516]
Event: 0.632 Thread 0x0000024e5552bda0 Exception <a 'sun/nio/fs/WindowsException'{0x000000008959fa90}> (0x000000008959fa90) 
thrown [s\src\hotspot\share\prims\jni.cpp, line 516]
Event: 0.719 Thread 0x0000024e5552bda0 Exception <a 'sun/nio/fs/WindowsException'{0x0000000089318900}> (0x0000000089318900) 
thrown [s\src\hotspot\share\prims\jni.cpp, line 516]
Event: 1.315 Thread 0x0000024e50ed7c90 Exception <a 'java/lang/NoSuchMethodError'{0x000000008905c340}: 'java.lang.Object java.lang.invoke.Invokers$Holder.invokeExact_MT(java.lang.Object, java.lang.Object, java.lang.Object, java.lang.Object, java.lang.Object, java.lang.Object)'> (0x000000008905c340) 
thrown [s\src\hotspot\share\interpreter\linkResolver.cpp, line 759]
Event: 1.681 Thread 0x0000024e5552bda0 Exception <a 'java/lang/NoSuchMethodError'{0x000000008913a050}: static LServer/TransferMessageContainer;.<clinit>()V> (0x000000008913a050) 
thrown [s\src\hotspot\share\prims\jni.cpp, line 1104]
Event: 1.698 Thread 0x0000024e5552bda0 Exception <a 'java/lang/NoSuchMethodError'{0x00000000890f5420}: 'long java.lang.invoke.DirectMethodHandle$Holder.invokeSpecial(java.lang.Object, java.lang.Object)'> (0x00000000890f5420) 
thrown [s\src\hotspot\share\interpreter\linkResolver.cpp, line 759]
Event: 1.699 Thread 0x0000024e5552bda0 Exception <a 'java/lang/NoSuchMethodError'{0x00000000890f8ab8}: 'long java.lang.invoke.Invokers$Holder.invokeExact_MT(java.lang.Object, java.lang.Object)'> (0x00000000890f8ab8) 
thrown [s\src\hotspot\share\interpreter\linkResolver.cpp, line 759]
Event: 6.559 Thread 0x0000024e5552bda0 Exception <a 'java/lang/NoSuchMethodError'{0x0000000088f1a090}: static LServer/Entities/User;.<clinit>()V> (0x0000000088f1a090) 
thrown [s\src\hotspot\share\prims\jni.cpp, line 1104]
Event: 6.585 Thread 0x0000024e5552bda0 Exception <a 'java/lang/NoSuchMethodError'{0x0000000088f436a0}: static LServer/Entities/Employee;.<clinit>()V> (0x0000000088f436a0) 
thrown [s\src\hotspot\share\prims\jni.cpp, line 1104]
Event: 6.586 Thread 0x0000024e5552bda0 Exception <a 'java/lang/NoSuchMethodError'{0x0000000088f4dfe0}: static LServer/Entities/Company;.<clinit>()V> (0x0000000088f4dfe0) 
thrown [s\src\hotspot\share\prims\jni.cpp, line 1104]
Event: 6.588 Thread 0x0000024e5552bda0 Exception <a 'java/lang/NoSuchMethodError'{0x0000000088f5a600}: static LServer/Entities/Person;.<clinit>()V> (0x0000000088f5a600) 
thrown [s\src\hotspot\share\prims\jni.cpp, line 1104]
Event: 9.060 Thread 0x0000024e5552bda0 Exception <a 'java/lang/NoSuchMethodError'{0x0000000088f79a78}: static LServer/TransferMessageContainer$TransactionList;.<clinit>()V> (0x0000000088f79a78) 
thrown [s\src\hotspot\share\prims\jni.cpp, line 1104]
Event: 9.063 Thread 0x0000024e5552bda0 Exception <a 'java/lang/NoSuchMethodError'{0x0000000088f930a8}: static LServer/Entities/Transaction;.<clinit>()V> (0x0000000088f930a8) 
thrown [s\src\hotspot\share\prims\jni.cpp, line 1104]

VM Operations (20 events):
Event: 1.361 Executing VM operation: Cleanup
Event: 1.361 Executing VM operation: Cleanup done
Event: 1.682 Executing VM operation: HandshakeAllThreads
Event: 1.682 Executing VM operation: HandshakeAllThreads done
Event: 2.694 Executing VM operation: Cleanup
Event: 2.695 Executing VM operation: Cleanup done
Event: 6.735 Executing VM operation: Cleanup
Event: 6.736 Executing VM operation: Cleanup done
Event: 9.759 Executing VM operation: Cleanup
Event: 9.759 Executing VM operation: Cleanup done
Event: 10.768 Executing VM operation: Cleanup
Event: 10.768 Executing VM operation: Cleanup done
Event: 15.836 Executing VM operation: Cleanup
Event: 15.836 Executing VM operation: Cleanup done
Event: 16.851 Executing VM operation: Cleanup
Event: 16.851 Executing VM operation: Cleanup done
Event: 17.862 Executing VM operation: Cleanup
Event: 17.862 Executing VM operation: Cleanup done
Event: 18.872 Executing VM operation: Cleanup
Event: 18.872 Executing VM operation: Cleanup done

Events (20 events):
Event: 0.043 Thread 0x0000024e50efa450 Thread added: 0x0000024e50efa450
Event: 0.083 Thread 0x0000024e50eacf30 Thread added: 0x0000024e50eacf30
Event: 0.108 Loaded shared library C:\Users\Timofei\.jdks\corretto-18.0.2\bin\zip.dll
Event: 0.111 Loaded shared library C:\Users\Timofei\.jdks\corretto-18.0.2\bin\instrument.dll
Event: 0.119 Loaded shared library C:\Users\Timofei\.jdks\corretto-18.0.2\bin\net.dll
Event: 0.121 Loaded shared library C:\Users\Timofei\.jdks\corretto-18.0.2\bin\nio.dll
Event: 0.125 Loaded shared library C:\Users\Timofei\.jdks\corretto-18.0.2\bin\zip.dll
Event: 0.145 Thread 0x0000024e55235a80 Thread added: 0x0000024e55235a80
Event: 0.180 Loaded shared library D:\IntelliJ IDEA Community Edition 2022.2.2\bin\breakgen64.dll
Event: 0.181 Thread 0x0000024e5521e190 Thread added: 0x0000024e5521e190
Event: 0.181 Thread 0x0000024e55465330 Thread added: 0x0000024e55465330
Event: 0.188 Loaded shared library C:\Users\Timofei\.jdks\corretto-18.0.2\bin\jimage.dll
Event: 0.243 Loaded shared library C:\Users\Timofei\.jdks\corretto-18.0.2\bin\awt.dll
Event: 0.301 Thread 0x0000024e5552bda0 Thread added: 0x0000024e5552bda0
Event: 0.301 Thread 0x0000024e32a8fa60 Thread exited: 0x0000024e32a8fa60
Event: 0.301 Thread 0x0000024e32a8fa60 Thread added: 0x0000024e32a8fa60
Event: 0.365 Loaded shared library C:\Users\Timofei\AppData\Local\Temp\lwjglTimofei\3.3.1-SNAPSHOT\lwjgl.dll
Event: 0.365 Thread 0x0000024e55235a80 Thread exited: 0x0000024e55235a80
Event: 0.630 Loaded shared library C:\Users\Timofei\AppData\Local\Temp\lwjglTimofei\3.3.1-SNAPSHOT\lwjgl_opengl.dll
Event: 0.808 Loaded shared library C:\Users\Timofei\AppData\Local\Temp\imgui-java-natives_1671179153927\imgui-java64.dll


Dynamic libraries:
0x00007ff6c7e20000 - 0x00007ff6c7e2d000 	C:\Users\Timofei\.jdks\corretto-18.0.2\bin\java.exe
0x00007ffc7ec30000 - 0x00007ffc7ee28000 	C:\WINDOWS\SYSTEM32\ntdll.dll
0x00007ffc7d5a0000 - 0x00007ffc7d65f000 	C:\WINDOWS\System32\KERNEL32.DLL
0x00007ffc7c6e0000 - 0x00007ffc7c9b2000 	C:\WINDOWS\System32\KERNELBASE.dll
0x00007ffc7c410000 - 0x00007ffc7c510000 	C:\WINDOWS\System32\ucrtbase.dll
0x00007ffc68c10000 - 0x00007ffc68c25000 	C:\Users\Timofei\.jdks\corretto-18.0.2\bin\VCRUNTIME140.dll
0x00007ffc694b0000 - 0x00007ffc694c7000 	C:\Users\Timofei\.jdks\corretto-18.0.2\bin\jli.dll
0x00007ffc7e910000 - 0x00007ffc7eaad000 	C:\WINDOWS\System32\USER32.dll
0x00007ffc5bf10000 - 0x00007ffc5c1aa000 	C:\WINDOWS\WinSxS\amd64_microsoft.windows.common-controls_6595b64144ccf1df_6.0.19041.1110_none_60b5254171f9507e\COMCTL32.dll
0x00007ffc7d810000 - 0x00007ffc7d8ae000 	C:\WINDOWS\System32\msvcrt.dll
0x00007ffc7c330000 - 0x00007ffc7c352000 	C:\WINDOWS\System32\win32u.dll
0x00007ffc7ebc0000 - 0x00007ffc7ebeb000 	C:\WINDOWS\System32\GDI32.dll
0x00007ffc7cb70000 - 0x00007ffc7cc7f000 	C:\WINDOWS\System32\gdi32full.dll
0x00007ffc7cad0000 - 0x00007ffc7cb6d000 	C:\WINDOWS\System32\msvcp_win.dll
0x00007ffc7ce40000 - 0x00007ffc7ce72000 	C:\WINDOWS\System32\IMM32.DLL
0x00007ffc2dd40000 - 0x00007ffc2dddb000 	C:\Users\Timofei\.jdks\corretto-18.0.2\bin\msvcp140.dll
0x00007ffbf88a0000 - 0x00007ffbf9511000 	C:\Users\Timofei\.jdks\corretto-18.0.2\bin\server\jvm.dll
0x00007ffc7eb10000 - 0x00007ffc7ebbe000 	C:\WINDOWS\System32\ADVAPI32.dll
0x00007ffc7d3e0000 - 0x00007ffc7d47c000 	C:\WINDOWS\System32\sechost.dll
0x00007ffc7db10000 - 0x00007ffc7dc35000 	C:\WINDOWS\System32\RPCRT4.dll
0x00007ffc7d480000 - 0x00007ffc7d488000 	C:\WINDOWS\System32\PSAPI.DLL
0x00007ffc76d80000 - 0x00007ffc76d89000 	C:\WINDOWS\SYSTEM32\WSOCK32.dll
0x00007ffc72a90000 - 0x00007ffc72a9a000 	C:\WINDOWS\SYSTEM32\VERSION.dll
0x00007ffc67320000 - 0x00007ffc67347000 	C:\WINDOWS\SYSTEM32\WINMM.dll
0x00007ffc7d980000 - 0x00007ffc7d9eb000 	C:\WINDOWS\System32\WS2_32.dll
0x00007ffc7ab80000 - 0x00007ffc7ab92000 	C:\WINDOWS\SYSTEM32\kernel.appcore.dll
0x00007ffc71910000 - 0x00007ffc7191a000 	C:\Users\Timofei\.jdks\corretto-18.0.2\bin\jimage.dll
0x00007ffc7a0f0000 - 0x00007ffc7a2d4000 	C:\WINDOWS\SYSTEM32\DBGHELP.DLL
0x00007ffc77080000 - 0x00007ffc770ac000 	C:\WINDOWS\SYSTEM32\dbgcore.DLL
0x00007ffc7c9c0000 - 0x00007ffc7ca42000 	C:\WINDOWS\System32\bcryptPrimitives.dll
0x00007ffc744b0000 - 0x00007ffc744be000 	C:\Users\Timofei\.jdks\corretto-18.0.2\bin\instrument.dll
0x00007ffc59b30000 - 0x00007ffc59b55000 	C:\Users\Timofei\.jdks\corretto-18.0.2\bin\java.dll
0x00007ffc19350000 - 0x00007ffc19426000 	C:\Users\Timofei\.jdks\corretto-18.0.2\bin\jsvml.dll
0x00007ffc7e160000 - 0x00007ffc7e8a3000 	C:\WINDOWS\System32\SHELL32.dll
0x00007ffc7a3d0000 - 0x00007ffc7ab62000 	C:\WINDOWS\SYSTEM32\windows.storage.dll
0x00007ffc7cee0000 - 0x00007ffc7d234000 	C:\WINDOWS\System32\combase.dll
0x00007ffc7bd90000 - 0x00007ffc7bdc0000 	C:\WINDOWS\SYSTEM32\Wldp.dll
0x00007ffc7e0b0000 - 0x00007ffc7e15d000 	C:\WINDOWS\System32\SHCORE.dll
0x00007ffc7ce80000 - 0x00007ffc7ced5000 	C:\WINDOWS\System32\shlwapi.dll
0x00007ffc7c270000 - 0x00007ffc7c28f000 	C:\WINDOWS\SYSTEM32\profapi.dll
0x00007ffc4dc70000 - 0x00007ffc4dc88000 	C:\Users\Timofei\.jdks\corretto-18.0.2\bin\zip.dll
0x00007ffc56790000 - 0x00007ffc567a3000 	C:\Users\Timofei\.jdks\corretto-18.0.2\bin\net.dll
0x00007ffc71800000 - 0x00007ffc7190c000 	C:\WINDOWS\SYSTEM32\WINHTTP.dll
0x00007ffc7baf0000 - 0x00007ffc7bb5a000 	C:\WINDOWS\system32\mswsock.dll
0x00007ffc53620000 - 0x00007ffc53635000 	C:\Users\Timofei\.jdks\corretto-18.0.2\bin\nio.dll
0x00007ffc4d500000 - 0x00007ffc4d51a000 	D:\IntelliJ IDEA Community Edition 2022.2.2\bin\breakgen64.dll
0x00007ffc7b7d0000 - 0x00007ffc7b89a000 	C:\WINDOWS\SYSTEM32\DNSAPI.dll
0x00007ffc7b790000 - 0x00007ffc7b7cb000 	C:\WINDOWS\SYSTEM32\IPHLPAPI.DLL
0x00007ffc7da50000 - 0x00007ffc7da58000 	C:\WINDOWS\System32\NSI.dll
0x00007ffc73500000 - 0x00007ffc7350a000 	C:\Windows\System32\rasadhlp.dll
0x00007ffc6b7b0000 - 0x00007ffc6b830000 	C:\WINDOWS\System32\fwpuclnt.dll
0x00007ffc7caa0000 - 0x00007ffc7cac7000 	C:\WINDOWS\System32\bcrypt.dll
0x00007ffc03cd0000 - 0x00007ffc03e77000 	C:\Users\Timofei\.jdks\corretto-18.0.2\bin\awt.dll
0x00007ffc7d8b0000 - 0x00007ffc7d97d000 	C:\WINDOWS\System32\OLEAUT32.dll
0x00007ffc78d80000 - 0x00007ffc78e11000 	C:\WINDOWS\SYSTEM32\apphelp.dll
0x00007ffc13e40000 - 0x00007ffc13eb5000 	C:\Users\Timofei\AppData\Local\Temp\lwjglTimofei\3.3.1-SNAPSHOT\lwjgl.dll
0x00007ffc150c0000 - 0x00007ffc15121000 	C:\Users\Timofei\AppData\Local\Temp\lwjglTimofei\3.3.1-SNAPSHOT\glfw.dll
0x00007ffc1f210000 - 0x00007ffc1f255000 	C:\WINDOWS\SYSTEM32\dinput8.dll
0x00007ffc536c0000 - 0x00007ffc536d1000 	C:\WINDOWS\SYSTEM32\xinput1_4.dll
0x00007ffc7ca50000 - 0x00007ffc7ca9e000 	C:\WINDOWS\System32\cfgmgr32.dll
0x00007ffc7c0e0000 - 0x00007ffc7c10c000 	C:\WINDOWS\SYSTEM32\DEVOBJ.dll
0x00007ffc79c70000 - 0x00007ffc79c9f000 	C:\WINDOWS\SYSTEM32\dwmapi.dll
0x00007ffc53b40000 - 0x00007ffc53c92000 	C:\WINDOWS\SYSTEM32\inputhost.dll
0x00007ffc796f0000 - 0x00007ffc797e6000 	C:\WINDOWS\SYSTEM32\PROPSYS.dll
0x00007ffc78900000 - 0x00007ffc789f2000 	C:\WINDOWS\SYSTEM32\CoreMessaging.dll
0x00007ffc79120000 - 0x00007ffc79274000 	C:\WINDOWS\SYSTEM32\wintypes.dll
0x00007ffc785a0000 - 0x00007ffc788fe000 	C:\WINDOWS\SYSTEM32\CoreUIComponents.dll
0x00007ffc7b4c0000 - 0x00007ffc7b4f3000 	C:\WINDOWS\SYSTEM32\ntmarta.dll
0x00007ffc78ef0000 - 0x00007ffc78f8e000 	C:\WINDOWS\system32\uxtheme.dll
0x00007ffc7d2c0000 - 0x00007ffc7d3d5000 	C:\WINDOWS\System32\MSCTF.dll
0x00007ffc4f350000 - 0x00007ffc4f475000 	C:\WINDOWS\SYSTEM32\opengl32.dll
0x00007ffc4f9c0000 - 0x00007ffc4f9ec000 	C:\WINDOWS\SYSTEM32\GLU32.dll
0x00007ffc7da60000 - 0x00007ffc7db0f000 	C:\WINDOWS\System32\clbcatq.dll
0x00007ffbf78d0000 - 0x00007ffbf889a000 	C:\WINDOWS\System32\DriverStore\FileRepository\iigd_dch.inf_amd64_7d90afac159f566c\ig9icd64.dll
0x00007ffc7cd10000 - 0x00007ffc7ce3a000 	C:\WINDOWS\System32\ole32.dll
0x00007ffc7abf0000 - 0x00007ffc7ace3000 	C:\WINDOWS\system32\dxgi.dll
0x00007ffc732c0000 - 0x00007ffc734ff000 	C:\WINDOWS\System32\DriverStore\FileRepository\iigd_dch.inf_amd64_7d90afac159f566c\igdgmm64.dll
0x00007ffc6c930000 - 0x00007ffc6f4f9000 	C:\WINDOWS\System32\DriverStore\FileRepository\iigd_dch.inf_amd64_7d90afac159f566c\igc64.dll
0x00007ffc7b900000 - 0x00007ffc7b94b000 	C:\WINDOWS\SYSTEM32\powrprof.dll
0x00007ffc7b770000 - 0x00007ffc7b782000 	C:\WINDOWS\SYSTEM32\UMPDC.dll
0x00007ffc54880000 - 0x00007ffc54979000 	C:\WINDOWS\SYSTEM32\textinputframework.dll
0x00007ffc03c70000 - 0x00007ffc03ccd000 	C:\Users\Timofei\AppData\Local\Temp\lwjglTimofei\3.3.1-SNAPSHOT\lwjgl_opengl.dll
0x0000000064a00000 - 0x000000006580f000 	C:\Users\Timofei\AppData\Local\Temp\imgui-java-natives_1671179153927\imgui-java64.dll

dbghelp: loaded successfully - version: 4.0.5 - missing functions: none
symbol engine: initialized successfully - sym options: 0x614 - pdb path: .;C:\Users\Timofei\.jdks\corretto-18.0.2\bin;C:\WINDOWS\SYSTEM32;C:\WINDOWS\WinSxS\amd64_microsoft.windows.common-controls_6595b64144ccf1df_6.0.19041.1110_none_60b5254171f9507e;C:\Users\Timofei\.jdks\corretto-18.0.2\bin\server;D:\IntelliJ IDEA Community Edition 2022.2.2\bin;C:\Users\Timofei\AppData\Local\Temp\lwjglTimofei\3.3.1-SNAPSHOT;C:\WINDOWS\System32\DriverStore\FileRepository\iigd_dch.inf_amd64_7d90afac159f566c;C:\Users\Timofei\AppData\Local\Temp\imgui-java-natives_1671179153927

VM Arguments:
jvm_args: -javaagent:D:\IntelliJ IDEA Community Edition 2022.2.2\lib\idea_rt.jar=58284:D:\IntelliJ IDEA Community Edition 2022.2.2\bin -Dfile.encoding=UTF-8 -Dsun.stdout.encoding=UTF-8 -Dsun.stderr.encoding=UTF-8 
java_command: Client.ClientBootstrap
java_class_path (initial): C:\Users\Timofei\IdeaProjects\LAB_6_Prog_SP_Task\target\classes;C:\Users\Timofei\.m2\repository\mysql\mysql-connector-java\8.0.23\mysql-connector-java-8.0.23.jar;C:\Users\Timofei\.m2\repository\com\google\protobuf\protobuf-java\3.11.4\protobuf-java-3.11.4.jar;C:\Users\Timofei\.m2\repository\org\hibernate\hibernate-entitymanager\5.6.12.Final\hibernate-entitymanager-5.6.12.Final.jar;C:\Users\Timofei\.m2\repository\org\jboss\logging\jboss-logging\3.4.3.Final\jboss-logging-3.4.3.Final.jar;C:\Users\Timofei\.m2\repository\org\hibernate\hibernate-core\5.6.12.Final\hibernate-core-5.6.12.Final.jar;C:\Users\Timofei\.m2\repository\antlr\antlr\2.7.7\antlr-2.7.7.jar;C:\Users\Timofei\.m2\repository\org\jboss\jandex\2.4.2.Final\jandex-2.4.2.Final.jar;C:\Users\Timofei\.m2\repository\com\fasterxml\classmate\1.5.1\classmate-1.5.1.jar;C:\Users\Timofei\.m2\repository\javax\activation\javax.activation-api\1.2.0\javax.activation-api-1.2.0.jar;C:\Users\Timofei\.m2\repository\javax\xml\bind\jaxb-api\2.3.1\jaxb-api-2.3.1.jar;C:\Users\Timofei\.m2\repository\org\glassfish\jaxb\jaxb-runtime\2.3.1\jaxb-runtime-2.3.1.jar;C:\Users\Timofei\.m2\repository\org\glassfish\jaxb\txw2\2.3.1\txw2-2.3.1.jar;C:\Users\Timofei\.m2\repository\com\sun\istack\istack-commons-runtime\3.0.7\istack-commons-runtime-3.0.7.jar;C:\Users\Timofei\.m2\repository\org\jvnet\staxex\stax-ex\1.8\stax-ex-1.8.jar;C:\Users\Timofei\.m2\repository\com\sun\xml\fastinfoset\FastInfoset\1.2.15\FastInfoset-1.2.15.jar;C:\Users\Timofei\.m2\repository\org\hibernate\common\hibernate-commons-annotations\5.1.2.Final\hibernate-commons-annotations-5.1.2.Final.jar;C:\Users\Timofei\.m2\repository\javax\persistence\javax.persistence-api\2.2\javax.persistence-api-2.2.jar;C:\Users\Timofei\.m2\repository\net\bytebuddy\byte-buddy\1.12.9\byte-buddy-1.12.9.jar;C:\Users\Timofei\.m2\repository\org\jboss\spec\javax\transaction\jboss-transaction-api_1.2_spec\1.1.1.Final\jboss-transaction-api_1.2_spec-1.1.1.Final.jar;C:\Users\Timofei\.m2\repository\com\h2database\h2\2.1.212\h2-2.1.212.jar;C:\Users\Timofei\.m2\repository\io\github\spair\imgui-java-app\1.86.4\imgui-java-app-1.86.4.jar;C:\Users\Timofei\.m2\repository\org\lwjgl\lwjgl\3.3.1\lwjgl-3.3.1.jar;C:\Users\Timofei\.m2\repository\org\lwjgl\lwjgl-glfw\3.3.1\lwjgl-glfw-3.3.1.jar;C:\Users\Timofei\.m2\repository\org\lwjgl\lwjgl-opengl\3.3.1\lwjgl-opengl-3.3.1.jar;C:\Users\Timofei\.m2\repository\org\lwjgl\lwjgl\3.3.1\lwjgl-3.3.1-natives-linux.jar;C:\Users\Timofei\.m2\repository\org\lwjgl\lwjgl-glfw\3.3.1\lwjgl-glfw-3.3.1-natives-linux.jar;C:\Users\Timofei\.m2\repository\org\lwjgl\lwjgl-opengl\3.3.1\lwjgl-opengl-3.3.1-natives-linux.jar;C:\Users\Timofei\.m2\repository\org\lwjgl\lwjgl\3.3.1\lwjgl-3.3.1-natives-windows.jar;C:\Users\Timofei\.m2\repository\org\lwjgl\lwjgl-glfw\3.3.1\lwjgl-glfw-3.3.1-natives-windows.jar;C:\Users\Timofei\.m2\repository\org\lwjgl\lwjgl-opengl\3.3.1\lwjgl-opengl-3.3.1-natives-windows.jar;C:\Users\Timofei\.m2\repository\org\lwjgl\lwjgl\3.3.1\lwjgl-3.3.1-natives-macos.jar;C:\Users\Timofei\.m2\repository\org\lwjgl\lwjgl-glfw\3.3.1\lwjgl-glfw-3.3.1-natives-macos.jar;C:\Users\Timofei\.m2\repository\org\lwjgl\lwjgl-opengl\3.3.1\lwjgl-opengl-3.3.1-natives-macos.jar;C:\Users\Timofei\.m2\repository\io\github\spair\imgui-java-binding\1.86.4\imgui-java-binding-1.86.4.jar;C:\Users\Timofei\.m2\repository\io\github\spair\imgui-java-lwjgl3\1.86.4\imgui-java-lwjgl3-1.86.4.jar
Launcher Type: SUN_STANDARD

[Global flags]
     intx CICompilerCount                          = 4                                         {product} {ergonomic}
     uint ConcGCThreads                            = 2                                         {product} {ergonomic}
     uint G1ConcRefinementThreads                  = 8                                         {product} {ergonomic}
   size_t G1HeapRegionSize                         = 1048576                                   {product} {ergonomic}
    uintx GCDrainStackTargetSize                   = 64                                        {product} {ergonomic}
   size_t InitialHeapSize                          = 134217728                                 {product} {ergonomic}
   size_t MarkStackSize                            = 4194304                                   {product} {ergonomic}
   size_t MaxHeapSize                              = 2116026368                                {product} {ergonomic}
   size_t MaxNewSize                               = 1268776960                                {product} {ergonomic}
   size_t MinHeapDeltaBytes                        = 1048576                                   {product} {ergonomic}
   size_t MinHeapSize                              = 8388608                                   {product} {ergonomic}
    uintx NonNMethodCodeHeapSize                   = 5839372                                {pd product} {ergonomic}
    uintx NonProfiledCodeHeapSize                  = 122909434                              {pd product} {ergonomic}
    uintx ProfiledCodeHeapSize                     = 122909434                              {pd product} {ergonomic}
    uintx ReservedCodeCacheSize                    = 251658240                              {pd product} {ergonomic}
     bool SegmentedCodeCache                       = true                                      {product} {ergonomic}
   size_t SoftMaxHeapSize                          = 2116026368                             {manageable} {ergonomic}
     bool UseCompressedClassPointers               = true                           {product lp64_product} {ergonomic}
     bool UseCompressedOops                        = true                           {product lp64_product} {ergonomic}
     bool UseG1GC                                  = true                                      {product} {ergonomic}
     bool UseLargePagesIndividualAllocation        = false                                  {pd product} {ergonomic}

Logging:
Log output configuration:
 #0: stdout all=warning uptime,level,tags foldmultilines=false
 #1: stderr all=off uptime,level,tags foldmultilines=false

Environment Variables:
PATH=C:\WINDOWS\system32;C:\WINDOWS;C:\WINDOWS\System32\Wbem;C:\WINDOWS\System32\WindowsPowerShell\v1.0\;C:\WINDOWS\System32\OpenSSH\;C:\Program Files\Git\cmd;C:\Program Files\Microsoft SQL Server\130\Tools\Binn\;C:\Program Files\NVIDIA Corporation\NVIDIA NvDLISR;C:\Program Files (x86)\NVIDIA Corporation\PhysX\Common;C:\Program Files\dotnet\;C:\Program Files\MySQL\MySQL Shell 8.0\bin\;C:\Users\Timofei\AppData\Local\Microsoft\WindowsApps;C:\Users\Timofei\AppData\Local\GitHubDesktop\bin;C:\Users\Timofei\.dotnet\tools
USERNAME=Timofei
OS=Windows_NT
PROCESSOR_IDENTIFIER=Intel64 Family 6 Model 158 Stepping 10, GenuineIntel



---------------  S Y S T E M  ---------------

OS:
 Windows 10 , 64 bit Build 19041 (10.0.19041.2251)
OS uptime: 0 days 6:03 hours

CPU: total 8 (initial active 8) (4 cores per cpu, 2 threads per core) family 6 model 158 stepping 10 microcode 0xb4, cx8, cmov, fxsr, ht, mmx, 3dnowpref, sse, sse2, sse3, ssse3, sse4.1, sse4.2, popcnt, lzcnt, tsc, tscinvbit, avx, avx2, aes, erms, clmul, bmi1, bmi2, adx, fma, vzeroupper, clflush, clflushopt

Memory: 4k page, system-wide physical 8066M (1541M free)
TotalPageFile size 16770M (AvailPageFile size 3980M)
current process WorkingSet (physical memory assigned to process): 94M, peak: 144M
current process commit charge ("private bytes"): 238M, peak: 250M

vm_info: OpenJDK 64-Bit Server VM (18.0.2+9-FR) for windows-amd64 JRE (18.0.2+9-FR), built on Jul 15 2022 20:03:03 by "Administrator" with MS VC++ 15.9 (VS2017)

END.
