#
# A fatal error has been detected by the Java Runtime Environment:
#
#  EXCEPTION_ACCESS_VIOLATION (0xc0000005) at pc=0x0000000064a61fed, pid=10312, tid=14344
#
# JRE version: OpenJDK Runtime Environment Corretto-18.0.2.9.1 (18.0.2+9) (build 18.0.2+9-FR)
# Java VM: OpenJDK 64-Bit Server VM Corretto-18.0.2.9.1 (18.0.2+9-FR, mixed mode, sharing, tiered, compressed oops, compressed class ptrs, g1 gc, windows-amd64)
# Problematic frame:
# C  [imgui-java64.dll+0x61fed]
#
# No core dump will be written. Minidumps are not enabled by default on client versions of Windows
#
# If you would like to submit a bug report, please visit:
#   https://github.com/corretto/corretto-18/issues/
# The crash happened outside the Java Virtual Machine in native code.
# See problematic frame for where to report the bug.
#

---------------  S U M M A R Y ------------

Command Line: -agentlib:jdwp=transport=dt_socket,address=127.0.0.1:54562,suspend=y,server=n -javaagent:C:\Users\Timofei\AppData\Local\JetBrains\IdeaIC2022.2\groovyHotSwap\gragent.jar -javaagent:C:\Users\Timofei\AppData\Local\JetBrains\IdeaIC2022.2\captureAgent\debugger-agent.jar -Dfile.encoding=UTF-8 -Dsun.stdout.encoding=UTF-8 -Dsun.stderr.encoding=UTF-8 Client.ClientBootstrap

Host: Intel(R) Core(TM) i5-8300H CPU @ 2.30GHz, 8 cores, 7G,  Windows 10 , 64 bit Build 19041 (10.0.19041.2251)
Time: Wed Dec 14 14:39:19 2022  Windows 10 , 64 bit Build 19041 (10.0.19041.2251) elapsed time: 224.437741 seconds (0d 0h 3m 44s)

---------------  T H R E A D  ---------------

Current thread (0x000001c45a554650):  JavaThread "Thread-0" [_thread_in_native, id=14344, stack(0x000000012a500000,0x000000012a600000)]

Stack: [0x000000012a500000,0x000000012a600000],  sp=0x000000012a5ff530,  free space=1021k
Native frames: (J=compiled Java code, j=interpreted, Vv=VM code, C=native code)
C  [imgui-java64.dll+0x61fed]

Java frames: (J=compiled Java code, j=interpreted, Vv=VM code)
J 1057  imgui.ImGui.end()V (0 bytes) @ 0x000001c4470f30e6 [0x000001c4470f30a0+0x0000000000000046]
J 1365 c1 Client.View.Scenes.First.FirstScene.exitButton()V (76 bytes) @ 0x000001c43fd6ebc4 [0x000001c43fd6e840+0x0000000000000384]
J 1364 c1 Client.View.Scenes.First.FirstScene.layer()V (12 bytes) @ 0x000001c43fd6e3ec [0x000001c43fd6e340+0x00000000000000ac]
j  Client.View.Window.Window.run()V+65
j  Client.View.Initializer.UIInitializer.lambda$initialize$0(LClient/View/Window/Window;LClient/View/Scenes/Layer;)V+6
j  Client.View.Initializer.UIInitializer$$Lambda$28+0x0000000800c0b728.run()V+8
j  java.lang.Thread.run()V+11 java.base@18.0.2
v  ~StubRoutines::call_stub

siginfo: EXCEPTION_ACCESS_VIOLATION (0xc0000005), reading address 0x0000000000001cf8


Register to memory mapping:

RIP=0x0000000064a61fed imgui-java64.dll
RAX=0x000001c45671ec58 is pointing into metadata
RBX=0x0 is NULL
RCX=0x000001c45a5548e0 points into unknown readable memory: 0x000001c45a5c6e40 | 40 6e 5c 5a c4 01 00 00
RDX=0x000000012a5ff5c0 is pointing into the stack for thread: 0x000001c45a554650
RSP=0x000000012a5ff530 is pointing into the stack for thread: 0x000001c45a554650
RBP=0x000000012a5ff5d0 is pointing into the stack for thread: 0x000001c45a554650
RSI=0x000001c45671e000 is pointing into metadata
RDI=0x0 is NULL
R8 =0x0000000000000009 is an unknown value
R9 =0x00000000886a3510 is an oop: java.net.Socket 
{0x00000000886a3510} - klass: 'java/net/Socket'
 - ---- fields (total size 5 words):
 - private 'created' 'Z' @12  true
 - private 'bound' 'Z' @13  true
 - private 'connected' 'Z' @14  true
 - private 'closed' 'Z' @15  true
 - private 'shutIn' 'Z' @16  false
 - private 'shutOut' 'Z' @17  false
 - private 'closeLock' 'Ljava/lang/Object;' @20  a 'java/lang/Object'{0x00000000886a3538} (886a3538)
 - 'impl' 'Ljava/net/SocketImpl;' @24  a 'java/net/SocksSocketImpl'{0x00000000886a3548} (886a3548)
 - private volatile 'in' 'Ljava/io/InputStream;' @28  a 'java/net/Socket$SocketInputStream'{0x0000000088456348} (88456348)
 - private volatile 'out' 'Ljava/io/OutputStream;' @32  a 'java/net/Socket$SocketOutputStream'{0x0000000088456370} (88456370)
 - private volatile 'options' 'Ljava/util/Set;' @36  NULL (0)
R10=0x0000000064a90800 imgui-java64.dll
R11={method} {0x000001c456080110} 'close' '()V' in 'java/net/Socket'
R12=0x0 is NULL
R13=0x000001c43fd6eb9c is at entry_point+860 in (nmethod*)0x000001c43fd6e610
Compiled method (c1)  224492 1365       3       Client.View.Scenes.First.FirstScene::exitButton (76 bytes)
 total in heap  [0x000001c43fd6e610,0x000001c43fd6f140] = 2864
 relocation     [0x000001c43fd6e768,0x000001c43fd6e838] = 208
 main code      [0x000001c43fd6e840,0x000001c43fd6eda0] = 1376
 stub code      [0x000001c43fd6eda0,0x000001c43fd6ee48] = 168
 oops           [0x000001c43fd6ee48,0x000001c43fd6ee58] = 16
 metadata       [0x000001c43fd6ee58,0x000001c43fd6eea8] = 80
 scopes data    [0x000001c43fd6eea8,0x000001c43fd6ef58] = 176
 scopes pcs     [0x000001c43fd6ef58,0x000001c43fd6f0a8] = 336
 dependencies   [0x000001c43fd6f0a8,0x000001c43fd6f0c8] = 32
 handler table  [0x000001c43fd6f0c8,0x000001c43fd6f110] = 72
 nul chk table  [0x000001c43fd6f110,0x000001c43fd6f140] = 48
R14=0x000000012a5ff5c0 is pointing into the stack for thread: 0x000001c45a554650
R15=0x000001c45a554650 is a thread


Registers:
RAX=0x000001c45671ec58, RBX=0x0000000000000000, RCX=0x000001c45a5548e0, RDX=0x000000012a5ff5c0
RSP=0x000000012a5ff530, RBP=0x000000012a5ff5d0, RSI=0x000001c45671e000, RDI=0x0000000000000000
R8 =0x0000000000000009, R9 =0x00000000886a3510, R10=0x0000000064a90800, R11=0x000001c456080108
R12=0x0000000000000000, R13=0x000001c43fd6eb9c, R14=0x000000012a5ff5c0, R15=0x000001c45a554650
RIP=0x0000000064a61fed, EFLAGS=0x0000000000010206

Top of Stack: (sp=0x000000012a5ff530)
0x000000012a5ff530:   000001c456408030 0000000000000000
0x000000012a5ff540:   00000000884b3e98 000001c456406f78
0x000000012a5ff550:   0000000000000000 000000012a5ff5e0
0x000000012a5ff560:   000001c45671e000 000001c4470f317e
0x000000012a5ff570:   00000000886a34f8 000000012a5ff578
0x000000012a5ff580:   000001c456427e10 000000012a5ff5d8
0x000000012a5ff590:   000001c456432000 000001c45671ec58
0x000000012a5ff5a0:   000000008867d1d8 000001c456427e58
0x000000012a5ff5b0:   0000000000000000 000000012a5ff5e0
0x000000012a5ff5c0:   00000000885a8850 000001c43fd6eb9c
0x000000012a5ff5d0:   000000012a5ff710 000001c43fd6ebc4
0x000000012a5ff5e0:   0000000000000000 000001c4564338c8
0x000000012a5ff5f0:   000001c456717dd0 000001c4470f867e
0x000000012a5ff600:   000001c45a08bd40 000001c456572db8
0x000000012a5ff610:   0000000000000df3 000001c4566c7340
0x000000012a5ff620:   000000008859f0e0 0000000089da4100 

Instructions: (pc=0x0000000064a61fed)
0x0000000064a61eed:   c0 48 83 c4 28 5b 5e 5f 5d 41 5c 41 5d 41 5e 41
0x0000000064a61efd:   5f c3 90 39 c5 7c e7 e8 d7 e0 12 00 84 c0 74 2b
0x0000000064a61f0d:   4c 8d 05 a6 f5 4a 00 ba 06 07 00 00 48 8d 0d b1
0x0000000064a61f1d:   f5 4a 00 e8 db df 12 00 48 8b 86 48 1f 00 00 4e
0x0000000064a61f2d:   8b 04 38 eb b9 66 0f 1f 44 00 00 3b ae 40 1f 00
0x0000000064a61f3d:   00 7c 1a 41 b8 06 07 00 00 48 8d 15 6d f5 4a 00
0x0000000064a61f4d:   48 8d 0d 7d f5 4a 00 ff 15 be 57 da 00 48 8b 86
0x0000000064a61f5d:   48 1f 00 00 4e 8b 04 38 eb 84 66 0f 1f 84 00 00
0x0000000064a61f6d:   00 00 00 48 8b 05 d1 71 55 00 48 89 d1 48 8b 90
0x0000000064a61f7d:   58 1f 00 00 48 85 c9 74 3a 44 8b 80 a8 1c 00 00
0x0000000064a61f8d:   44 89 41 60 48 39 d1 74 44 f3 0f 10 41 28 48 89
0x0000000064a61f9d:   88 58 1f 00 00 f3 0f 11 80 50 1f 00 00 48 8b 80
0x0000000064a61fad:   f0 15 00 00 48 85 c0 74 24 48 ff e0 0f 1f 80 00
0x0000000064a61fbd:   00 00 00 48 85 d2 74 15 c7 80 50 1f 00 00 00 00
0x0000000064a61fcd:   80 3f 48 c7 80 58 1f 00 00 00 00 00 00 c3 0f 1f
0x0000000064a61fdd:   44 00 00 56 53 48 83 ec 28 48 8b 1d 5b 71 55 00
0x0000000064a61fed:   8b 83 f8 1c 00 00 48 8b b3 28 1d 00 00 83 f8 01
0x0000000064a61ffd:   0f 8e 0d 02 00 00 8b 46 0c 25 00 00 00 21 3d 00
0x0000000064a6200d:   00 00 01 0f 84 4a 02 00 00 48 83 be b8 01 00 00
0x0000000064a6201d:   00 74 05 e8 8b 03 0c 00 8b 46 0c a9 00 00 00 20
0x0000000064a6202d:   0f 84 bd 02 00 00 a9 00 00 00 01 0f 84 a2 02 00
0x0000000064a6203d:   00 48 8b 86 10 04 00 00 48 85 c0 74 49 f6 86 f1
0x0000000064a6204d:   03 00 00 04 74 40 48 8b 80 88 00 00 00 48 85 c0
0x0000000064a6205d:   74 34 f3 0f 10 86 2c 01 00 00 f3 0f 10 8e 28 01
0x0000000064a6206d:   00 00 f3 0f 58 46 7c f3 0f 58 4e 78 f3 0f 5c 40
0x0000000064a6207d:   7c f3 0f 5c 48 78 f3 0f 11 80 2c 01 00 00 f3 0f
0x0000000064a6208d:   11 88 28 01 00 00 48 63 93 f8 1c 00 00 85 d2 0f
0x0000000064a6209d:   8e 5e 02 00 00 48 63 c2 48 8d 0c 80 48 8d 04 48
0x0000000064a620ad:   48 8b 8b 00 1d 00 00 48 8d 04 c1 f3 0f 6f 50 b0
0x0000000064a620bd:   48 83 e8 58 0f 11 93 e8 1d 00 00 f3 0f 6f 58 18
0x0000000064a620cd:   0f 11 9b f8 1d 00 00 f3 0f 6f 60 28 0f 11 a3 08
0x0000000064a620dd:   1e 00 00 48 8b 48 38 48 89 8b 18 1e 00 00 8b 40 


Stack slot to memory mapping:
stack at sp + 0 slots: 0x000001c456408030 is pointing into metadata
stack at sp + 1 slots: 0x0 is NULL
stack at sp + 2 slots: 0x00000000884b3e98 is an oop: java.lang.Class 
{0x00000000884b3e98} - klass: 'java/lang/Class'
 - ---- fields (total size 14 words):
 - private volatile transient 'classRedefinedCount' 'I' @12  0
 - abstract internal 'klass' 'J' @16  34372335528 (c037a8 8)
 - abstract internal 'array_klass' 'J' @24  0 (0 0)
 - abstract internal 'oop_size' 'I' @32  14 (e)
 - abstract internal 'static_oop_field_count' 'I' @36  0
 - private volatile transient 'cachedConstructor' 'Ljava/lang/reflect/Constructor;' @40  NULL (0)
 - private transient 'name' 'Ljava/lang/String;' @44  "Server.Session.SessionSteam"{0x00000000884f9ed0} (884f9ed0)
 - private transient 'module' 'Ljava/lang/Module;' @48  a 'java/lang/Module'{0x0000000088610b30} (88610b30)
 - private final 'classLoader' 'Ljava/lang/ClassLoader;' @52  a 'jdk/internal/loader/ClassLoaders$AppClassLoader'{0x00000000886102f0} (886102f0)
 - private transient 'classData' 'Ljava/lang/Object;' @56  NULL (0)
 - private transient 'packageName' 'Ljava/lang/String;' @60  "Server.Session"{0x00000000884f9f18} (884f9f18)
 - private final 'componentType' 'Ljava/lang/Class;' @64  NULL (0)
 - private volatile transient 'reflectionData' 'Ljava/lang/ref/SoftReference;' @68  NULL (0)
 - private volatile transient 'genericInfo' 'Lsun/reflect/generics/repository/ClassRepository;' @72  NULL (0)
 - private volatile transient 'enumConstants' '[Ljava/lang/Object;' @76  NULL (0)
 - private volatile transient 'enumConstantDirectory' 'Ljava/util/Map;' @80  NULL (0)
 - private volatile transient 'annotationData' 'Ljava/lang/Class$AnnotationData;' @84  NULL (0)
 - private volatile transient 'annotationType' 'Lsun/reflect/annotation/AnnotationType;' @88  NULL (0)
 - transient 'classValueMap' 'Ljava/lang/ClassValue$ClassValueMap;' @92  NULL (0)
 - abstract internal 'protection_domain' 'Ljava/lang/Object;' @96  a 'java/security/ProtectionDomain'{0x0000000088612088} (88612088)
 - abstract internal 'signers_name' 'Ljava/lang/Object;' @100  NULL (0)
 - abstract internal 'source_file' 'Ljava/lang/Object;' @104  NULL (0)
 - signature: LServer/Session/SessionSteam;
 - ---- static fields (0):
stack at sp + 3 slots: {method} {0x000001c456406f80} 'dispose' '()V' in 'Server/Session/SessionSteam'
stack at sp + 4 slots: 0x0 is NULL
stack at sp + 5 slots: 0x000000012a5ff5e0 is pointing into the stack for thread: 0x000001c45a554650
stack at sp + 6 slots: 0x000001c45671e000 is pointing into metadata
stack at sp + 7 slots: 0x000001c4470f317e is at entry_point+222 in (nmethod*)0x000001c4470f2f10
Compiled method (n/a)  224504 1057     n 0       imgui.ImGui::end (native)
 total in heap  [0x000001c4470f2f10,0x000001c4470f32c0] = 944
 relocation     [0x000001c4470f3068,0x000001c4470f3098] = 48
 main code      [0x000001c4470f30a0,0x000001c4470f32b8] = 536
 oops           [0x000001c4470f32b8,0x000001c4470f32c0] = 8


Compiled method (n/a)  224506 1057     n 0       imgui.ImGui::end (native)
 total in heap  [0x000001c4470f2f10,0x000001c4470f32c0] = 944
 relocation     [0x000001c4470f3068,0x000001c4470f3098] = 48
 main code      [0x000001c4470f30a0,0x000001c4470f32b8] = 536
 oops           [0x000001c4470f32b8,0x000001c4470f32c0] = 8

[Constant Pool (empty)]

[MachCode]
[Entry Point]
  # {method} {0x000001c4565745d0} 'end' '()V' in 'imgui/ImGui'
  #           [sp+0x70]  (sp of caller)
  0x000001c4470f30a0: 448b 5208 | 49bb 0000 | 0000 0800 | 0000 4d03 | d349 3bc2 | 0f84 0600 

  0x000001c4470f30b8: ;   {runtime_call ic_miss_stub}
  0x000001c4470f30b8: 0000 e9c1 | 9952 f890 
[Verified Entry Point]
  0x000001c4470f30c0: 8984 2400 | 90ff ff55 | 488b ec48 

  0x000001c4470f30cc: ;   {oop(a 'java/lang/Class'{0x00000000885a8850} = 'imgui/ImGui')}
  0x000001c4470f30cc: 83ec 6049 | be50 885a | 8800 0000 | 004c 8974 | 2450 4c8d | 7424 5049 | 8bd6 c5f8 

  0x000001c4470f30e8: ;   {internal_word}
  0x000001c4470f30e8: 7749 bae6 | 300f 47c4 | 0100 004d | 8997 7802 | 0000 4989 | a770 0200 

  0x000001c4470f3100: ;   {external_word}
  0x000001c4470f3100: 0049 ba77 | 2124 99fb | 7f00 0041 | 803a 000f | 844a 0000 

  0x000001c4470f3114: ;   {metadata({method} {0x000001c4565745d0} 'end' '()V' in 'imgui/ImGui')}
  0x000001c4470f3114: 0052 48ba | c845 5756 | c401 0000 | 498b cf48 | 83ec 20f7 | c40f 0000 | 000f 841a | 0000 0048 
  0x000001c4470f3134: ;   {runtime_call}
  0x000001c4470f3134: 83ec 0849 | ba00 80d9 | 98fb 7f00 | 0041 ffd2 | 4883 c408 | e90d 0000 

  0x000001c4470f314c: ;   {runtime_call}
  0x000001c4470f314c: 0049 ba00 | 80d9 98fb | 7f00 0041 | ffd2 4883 | c420 5a49 | 8d8f 9002 | 0000 41c7 | 8730 0300 
  0x000001c4470f316c: 0004 0000 

  0x000001c4470f3170: ;   {runtime_call}
  0x000001c4470f3170: 0049 ba00 | 08a9 6400 | 0000 0041 | ffd2 c5f8 | 7741 c787 | 3003 0000 | 0500 0000 | f083 4424 
  0x000001c4470f3190: c000 493b | af38 0300 | 000f 8711 | 0000 0041 | 81bf 2003 | 0000 0000 | 0000 0f84 | 2400 0000 
  0x000001c4470f31b0: c5f8 7749 | 8bcf 4c8b | e448 83ec | 2048 83e4 

  0x000001c4470f31c0: ;   {runtime_call}
  0x000001c4470f31c0: f049 ba70 | a1e8 98fb | 7f00 0041 | ffd2 498b | e44d 33e4 | 41c7 8730 | 0300 0008 | 0000 0041 
  0x000001c4470f31e0: 81bf a003 | 0000 0200 | 0000 0f84 | 9b00 0000 

  0x000001c4470f31f0: ;   {external_word}
  0x000001c4470f31f0: 49ba 7721 | 2499 fb7f | 0000 4180 | 3a00 0f84 | 4800 0000 

  0x000001c4470f3204: ;   {metadata({method} {0x000001c4565745d0} 'end' '()V' in 'imgui/ImGui')}
  0x000001c4470f3204: 48ba c845 | 5756 c401 | 0000 498b | cf48 83ec | 20f7 c40f | 0000 000f | 841a 0000 | 0048 83ec 
  0x000001c4470f3224: ;   {runtime_call}
  0x000001c4470f3224: 0849 ba00 | 80d9 98fb | 7f00 0041 | ffd2 4883 | c408 e90d 

  0x000001c4470f3238: ;   {runtime_call}
  0x000001c4470f3238: 0000 0049 | ba00 80d9 | 98fb 7f00 | 0041 ffd2 | 4883 c420 | 49c7 8770 | 0200 0000 | 0000 0049 
  0x000001c4470f3258: c787 7802 | 0000 0000 | 0000 c5f8 | 7749 8b8f | 0003 0000 | c781 0001 | 0000 0000 | 0000 c949 
  0x000001c4470f3278: 817f 0800 | 0000 000f | 8501 0000 

  0x000001c4470f3284: ;   {runtime_call StubRoutines (1)}
  0x000001c4470f3284: 00c3 e975 | dc4d f8c5 | f877 4c8b | e448 83ec | 2048 83e4 

  0x000001c4470f3298: ;   {runtime_call}
  0x000001c4470f3298: f049 bab0 | b0d9 98fb | 7f00 0041 | ffd2 498b | e44d 33e4 | e93f ffff | fff4 f4f4 | f4f4 f4f4 
[/MachCode]


Compiled method (c1)  224515 1365       3       Client.View.Scenes.First.FirstScene::exitButton (76 bytes)
 total in heap  [0x000001c43fd6e610,0x000001c43fd6f140] = 2864
 relocation     [0x000001c43fd6e768,0x000001c43fd6e838] = 208
 main code      [0x000001c43fd6e840,0x000001c43fd6eda0] = 1376
 stub code      [0x000001c43fd6eda0,0x000001c43fd6ee48] = 168
 oops           [0x000001c43fd6ee48,0x000001c43fd6ee58] = 16
 metadata       [0x000001c43fd6ee58,0x000001c43fd6eea8] = 80
 scopes data    [0x000001c43fd6eea8,0x000001c43fd6ef58] = 176
 scopes pcs     [0x000001c43fd6ef58,0x000001c43fd6f0a8] = 336
 dependencies   [0x000001c43fd6f0a8,0x000001c43fd6f0c8] = 32
 handler table  [0x000001c43fd6f0c8,0x000001c43fd6f110] = 72
 nul chk table  [0x000001c43fd6f110,0x000001c43fd6f140] = 48

[Constant Pool (empty)]

[MachCode]
[Entry Point]
  # {method} {0x000001c456433b00} 'exitButton' '()V' in 'Client/View/Scenes/First/FirstScene'
  #           [sp+0x90]  (sp of caller)
  0x000001c43fd6e840: 448b 5208 | 49bb 0000 | 0000 0800 | 0000 4d03 | d34c 3bd0 

  0x000001c43fd6e854: ;   {runtime_call ic_miss_stub}
  0x000001c43fd6e854: 0f85 26e2 | 8aff 660f | 1f44 0000 
[Verified Entry Point]
  0x000001c43fd6e860: 8984 2400 | 90ff ff55 | 4881 ec80 | 0000 0048 | 8954 2448 

  0x000001c43fd6e874: ;   {metadata(method data for {method} {0x000001c456433b00} 'exitButton' '()V' in 'Client/View/Scenes/First/FirstScene')}
  0x000001c43fd6e874: 48be 00e0 | 7156 c401 | 0000 8bbe | cc00 0000 | 83c7 0289 | becc 0000 | 0081 e7fe | 0700 0083 
  0x000001c43fd6e894: ff00 0f84 | fd03 0000 

  0x000001c43fd6e89c: ;   {oop(a 'Client/View/Config/ViewConfig$WindowSettings'{0x000000008859f0e0})}
  0x000001c43fd6e89c: 48be e0f0 | 5988 0000 | 0000 4889 | 7424 408b | 7e10 483b | 0748 8bdf 

  0x000001c43fd6e8b4: ;   {metadata(method data for {method} {0x000001c456433b00} 'exitButton' '()V' in 'Client/View/Scenes/First/FirstScene')}
  0x000001c43fd6e8b4: 48b8 00e0 | 7156 c401 | 0000 4883 | 8010 0100 | 0001 8b5f | 0c48 8bc7 

  0x000001c43fd6e8cc: ;   {metadata(method data for {method} {0x000001c456433b00} 'exitButton' '()V' in 'Client/View/Scenes/First/FirstScene')}
  0x000001c43fd6e8cc: 48b9 00e0 | 7156 c401 | 0000 4883 | 8148 0100 | 0001 8b7f 

  0x000001c43fd6e8e0: ;   {metadata(method data for {method} {0x000001c456433b00} 'exitButton' '()V' in 'Client/View/Scenes/First/FirstScene')}
  0x000001c43fd6e8e0: 1048 b800 | e071 56c4 | 0100 0048 | 8380 8001 | 0000 01c5 | fa2a c3c5 | f22a cf0f 

  0x000001c43fd6e8fc: ;   {static_call}
  0x000001c43fd6e8fc: 1f40 00e8 

  0x000001c43fd6e900: ; ImmutableOopMap {[72]=Oop [64]=Oop }
                      ;*invokestatic setNextWindowPos {reexecute=0 rethrow=0 return_oop=0}
                      ; - Client.View.Scenes.First.FirstScene::exitButton@20 (line 47)
  0x000001c43fd6e900: bc3b 3807 | 488b 7424 | 408b 7e0c 

  0x000001c43fd6e90c: ;   {metadata(method data for {method} {0x000001c456433b00} 'exitButton' '()V' in 'Client/View/Scenes/First/FirstScene')}
  0x000001c43fd6e90c: 48ba 00e0 | 7156 c401 | 0000 4883 | 8290 0100 

  0x000001c43fd6e91c: ;   {metadata(method data for {method} {0x000001c456574358} 'begin' '(Ljava/lang/String;I)Z' in 'imgui/ImGui')}
  0x000001c43fd6e91c: 0001 48ba | 60e7 6c56 | c401 0000 | 448b 82cc | 0000 0041 | 83c0 0244 | 8982 cc00 | 0000 4181 
  0x000001c43fd6e93c: e0fe ff1f | 0041 83f8 | 000f 8479 

  0x000001c43fd6e948: ;   {metadata(method data for {method} {0x000001c456574358} 'begin' '(Ljava/lang/String;I)Z' in 'imgui/ImGui')}
  0x000001c43fd6e948: 0300 0048 | ba60 e76c | 56c4 0100 | 0048 8382 | 1001 0000 

  0x000001c43fd6e95c: ;   {oop("Exit"{0x00000000884b1fe8})}
  0x000001c43fd6e95c: 0148 bbe8 | 1f4b 8800 | 0000 0048 | 8bd3 4c8b | c789 7c24 | 5848 895c 

  0x000001c43fd6e974: ;   {static_call}
  0x000001c43fd6e974: 2450 90e8 

  0x000001c43fd6e978: ; ImmutableOopMap {[72]=Oop [64]=Oop [80]=Oop }
                      ;*invokestatic nBegin {reexecute=0 rethrow=0 return_oop=0}
                      ; - imgui.ImGui::begin@2 (line 457)
                      ; - Client.View.Scenes.First.FirstScene::exitButton@31 (line 48)
  0x000001c43fd6e978: 443f 3807 | 488b 7424 | 408b 5614 

  0x000001c43fd6e984: ; implicit exception: dispatches to 0x000001c43fd6ece5
  0x000001c43fd6e984: 483b 0248 

  0x000001c43fd6e988: ;   {metadata(method data for {method} {0x000001c456433b00} 'exitButton' '()V' in 'Client/View/Scenes/First/FirstScene')}
  0x000001c43fd6e988: 8bf2 48bf | 00e0 7156 | c401 0000 | 4883 87a0 | 0100 0001 | 8b72 0c48 

  0x000001c43fd6e9a0: ;   {metadata(method data for {method} {0x000001c456433b00} 'exitButton' '()V' in 'Client/View/Scenes/First/FirstScene')}
  0x000001c43fd6e9a0: 8bfa 48bb | 00e0 7156 | c401 0000 | 4883 83d8 | 0100 0001 

  0x000001c43fd6e9b4: ;   {metadata(method data for {method} {0x000001c456433b00} 'exitButton' '()V' in 'Client/View/Scenes/First/FirstScene')}
  0x000001c43fd6e9b4: 8b52 1048 | bf00 e071 | 56c4 0100 | 0048 8387 | 1002 0000 | 01c5 fa2a | c6c5 f22a | ca48 8b54 
  0x000001c43fd6e9d4: ;   {static_call}
  0x000001c43fd6e9d4: 2450 90e8 

  0x000001c43fd6e9d8: ; ImmutableOopMap {[72]=Oop }
                      ;*invokestatic button {reexecute=0 rethrow=0 return_oop=0}
                      ; - Client.View.Scenes.First.FirstScene::exitButton@57 (line 49)
  0x000001c43fd6e9d8: 64fc 3707 

  0x000001c43fd6e9dc: ;   {metadata(method data for {method} {0x000001c456433b00} 'exitButton' '()V' in 'Client/View/Scenes/First/FirstScene')}
  0x000001c43fd6e9dc: 83f8 0049 | b800 e071 | 56c4 0100 | 0048 ba20 | 0200 0000 | 0000 000f | 840a 0000 | 0048 ba30 
  0x000001c43fd6e9fc: 0200 0000 | 0000 0049 | 8b34 1048 | 8d76 0149 | 8934 100f | 8497 0100 | 0048 8b54 | 2448 8b72 
  0x000001c43fd6ea1c: 0c48 8974 | 2460 4883 | fe00 0f84 | 2900 0000 

  0x000001c43fd6ea2c: ;   {metadata('Client/Loop/ClientLoop')}
  0x000001c43fd6ea2c: 48b8 a0ac | c000 0800 | 0000 8b5e | 0849 ba00 | 0000 0008 | 0000 0049 | 03da 483b | 4338 0f85 
  0x000001c43fd6ea4c: 9a02 0000 | e900 0000 | 004c 8bc6 

  0x000001c43fd6ea58: ; implicit exception: dispatches to 0x000001c43fd6ecef
  0x000001c43fd6ea58: 483b 064c 

  0x000001c43fd6ea5c: ;   {metadata(method data for {method} {0x000001c456433b00} 'exitButton' '()V' in 'Client/View/Scenes/First/FirstScene')}
  0x000001c43fd6ea5c: 8bc6 48bf | 00e0 7156 | c401 0000 

  0x000001c43fd6ea68: ;   {metadata('Client/Loop/ClientLoop')}
  0x000001c43fd6ea68: 49ba a0ac | c000 0800 | 0000 4c89 | 9750 0200 | 0048 8387 | 5802 0000 

  0x000001c43fd6ea80: ;   {metadata(method data for {method} {0x000001c456434730} 'onButtonExit' '()V' in 'Client/Loop/ClientLoop')}
  0x000001c43fd6ea80: 0149 b860 | e671 56c4 | 0100 0041 | 8bb8 cc00 | 0000 83c7 | 0241 89b8 | cc00 0000 | 81e7 feff 
  0x000001c43fd6eaa0: 1f00 83ff | 000f 8449 | 0200 008b | 7e0c 483b | 074c 8bc7 

  0x000001c43fd6eab4: ;   {metadata(method data for {method} {0x000001c456434730} 'onButtonExit' '()V' in 'Client/Loop/ClientLoop')}
  0x000001c43fd6eab4: 48bb 60e6 | 7156 c401 | 0000 458b | 4008 49ba | 0000 0000 | 0800 0000 | 4d03 c24c | 3b83 2001 
  0x000001c43fd6ead4: 0000 750d | 4883 8328 | 0100 0001 | e966 0000 | 004c 3b83 | 3001 0000 | 750d 4883 | 8338 0100 
  0x000001c43fd6eaf4: 0001 e950 | 0000 0048 | 81bb 2001 | 0000 0000 | 0000 7517 | 4c89 8320 | 0100 0048 | c783 2801 
  0x000001c43fd6eb14: 0000 0100 | 0000 e92c | 0000 0048 | 81bb 3001 | 0000 0000 | 0000 7517 | 4c89 8330 | 0100 0048 
  0x000001c43fd6eb34: c783 3801 | 0000 0100 | 0000 e908 | 0000 0048 | 8383 1001 

  0x000001c43fd6eb48: ;   {oop("EXIT"{0x0000000089da5960})}
  0x000001c43fd6eb48: 0000 0149 | b860 59da | 8900 0000 | 0048 8bd7 | 0f1f 8000 

  0x000001c43fd6eb5c: ;   {optimized virtual_call}
  0x000001c43fd6eb5c: 0000 00e8 

  0x000001c43fd6eb60: ; ImmutableOopMap {[72]=Oop [96]=Oop }
                      ;*invokevirtual startAction {reexecute=0 rethrow=0 return_oop=0}
                      ; - Client.Loop.ClientLoop::onButtonExit@7 (line 262)
                      ; - Client.View.Scenes.First.FirstScene::exitButton@67 (line 50)
  0x000001c43fd6eb60: 7102 0000 | 488b 7424 

  0x000001c43fd6eb68: ;   {metadata(method data for {method} {0x000001c456434730} 'onButtonExit' '()V' in 'Client/Loop/ClientLoop')}
  0x000001c43fd6eb68: 6048 ba60 | e671 56c4 

  0x000001c43fd6eb70: ;   {metadata('Client/Loop/ClientLoop')}
  0x000001c43fd6eb70: 0100 0049 | baa0 acc0 | 0008 0000 | 004c 8992 | 5801 0000 | 4883 8260 | 0100 0001 | 488b 5424 
  0x000001c43fd6eb90: 6066 0f1f 

  0x000001c43fd6eb94: ;   {optimized virtual_call}
  0x000001c43fd6eb94: 4400 00e8 

  0x000001c43fd6eb98: ; ImmutableOopMap {[72]=Oop [96]=Oop }
                      ;*invokevirtual dispose {reexecute=0 rethrow=0 return_oop=0}
                      ; - Client.Loop.ClientLoop::onButtonExit@11 (line 263)
                      ; - Client.View.Scenes.First.FirstScene::exitButton@67 (line 50)
  0x000001c43fd6eb98: 4902 0000 

  0x000001c43fd6eb9c: ;   {metadata(method data for {method} {0x000001c456434730} 'onButtonExit' '()V' in 'Client/Loop/ClientLoop')}
  0x000001c43fd6eb9c: 48be 60e6 | 7156 c401 | 0000 ff86 | 8001 0000 

  0x000001c43fd6ebac: ;   {metadata(method data for {method} {0x000001c456433b00} 'exitButton' '()V' in 'Client/View/Scenes/First/FirstScene')}
  0x000001c43fd6ebac: 48be 00e0 | 7156 c401 | 0000 4883 | 8678 0200 

  0x000001c43fd6ebbc: ;   {static_call}
  0x000001c43fd6ebbc: 0001 90e8 

  0x000001c43fd6ebc0: ; ImmutableOopMap {[72]=Oop }
                      ;*invokestatic end {reexecute=0 rethrow=0 return_oop=0}
                      ; - Client.View.Scenes.First.FirstScene::exitButton@72 (line 51)
  0x000001c43fd6ebc0: fc44 3807 | 4881 c480 | 0000 005d 

  0x000001c43fd6ebcc: ;   {poll_return}
  0x000001c43fd6ebcc: 493b a738 | 0300 000f | 8741 0100 | 00c3 498b | 87c8 0300 | 004d 33d2 | 4d89 97c8 | 0300 004d 
  0x000001c43fd6ebec: 33d2 4d89 | 97d0 0300 | 0066 6690 

  0x000001c43fd6ebf8: ;   {no_reloc}
  0x000001c43fd6ebf8: e942 0100 | 0000 0000 | 0000 4c8b | c849 8b87 | f000 0000 | 488d 7828 | 493b bf00 | 0100 000f 
  0x000001c43fd6ec18: 872c 0100 | 0049 89bf | f000 0000 | 48c7 0001 | 0000 0048 | 8bca 49ba | 0000 0000 | 0800 0000 
  0x000001c43fd6ec38: 492b ca89 | 4808 4833 | c989 480c | 4833 c948 | 8948 1048 | 8948 1848 | 8948 204c 

  0x000001c43fd6ec54: ;   {metadata(method data for {method} {0x000001c456434730} 'onButtonExit' '()V' in 'Client/Loop/ClientLoop')}
  0x000001c43fd6ec54: 8bc0 48ba | 60e6 7156 | c401 0000 | 4883 8298 | 0100 0001 | 4d8b c148 | 8bd0 4c89 | 4c24 7048 
  0x000001c43fd6ec74: 8944 2468 | 0f1f 8000 

  0x000001c43fd6ec7c: ;   {optimized virtual_call}
  0x000001c43fd6ec7c: 0000 00e8 

  0x000001c43fd6ec80: ; ImmutableOopMap {[72]=Oop [104]=Oop [96]=Oop [112]=Oop }
                      ;*invokespecial <init> {reexecute=0 rethrow=0 return_oop=0}
                      ; - Client.Loop.ClientLoop::onButtonExit@23 (line 265)
                      ; - Client.View.Scenes.First.FirstScene::exitButton@67 (line 50)
  0x000001c43fd6ec80: fce0 8aff | 488b 4424 

  0x000001c43fd6ec88: ; ImmutableOopMap {[72]=Oop [96]=Oop [112]=Oop rax=Oop }
                      ;*athrow {reexecute=1 rethrow=0 return_oop=0}
                      ; - (reexecute) Client.Loop.ClientLoop::onButtonExit@26 (line 265)
                      ; - Client.View.Scenes.First.FirstScene::exitButton@67 (line 50)
                      ;   {section_word}
  0x000001c43fd6ec88: 6848 ba89 | ecd6 3fc4 

  0x000001c43fd6ec90: ;   {runtime_call handle_exception Runtime1 stub}
  0x000001c43fd6ec90: 0100 00e8 | e8bc 96ff 

  0x000001c43fd6ec98: ;   {metadata({method} {0x000001c456433b00} 'exitButton' '()V' in 'Client/View/Scenes/First/FirstScene')}
  0x000001c43fd6ec98: 9049 baf8 | 3a43 56c4 | 0100 004c | 8954 2408 | 48c7 0424 | ffff ffff 

  0x000001c43fd6ecb0: ;   {runtime_call counter_overflow Runtime1 stub}
  0x000001c43fd6ecb0: e8cb 0497 

  0x000001c43fd6ecb4: ; ImmutableOopMap {rdx=Oop [72]=Oop }
                      ;*synchronization entry
                      ; - Client.View.Scenes.First.FirstScene::exitButton@-1 (line 47)
  0x000001c43fd6ecb4: ffe9 e2fb 

  0x000001c43fd6ecb8: ;   {runtime_call throw_null_pointer_exception Runtime1 stub}
  0x000001c43fd6ecb8: ffff e8e1 

  0x000001c43fd6ecbc: ; ImmutableOopMap {[72]=Oop rsi=Oop [64]=Oop }
                      ;*getfield Position {reexecute=1 rethrow=0 return_oop=0}
                      ; - (reexecute) Client.View.Scenes.First.FirstScene::exitButton@3 (line 47)
                      ;   {runtime_call throw_null_pointer_exception Runtime1 stub}
  0x000001c43fd6ecbc: 9896 ffe8 

  0x000001c43fd6ecc0: ; ImmutableOopMap {[72]=Oop rsi=Oop [64]=Oop rdi=Oop }
                      ;*invokevirtual x {reexecute=0 rethrow=0 return_oop=0}
                      ; - Client.View.Scenes.First.FirstScene::exitButton@6 (line 47)
  0x000001c43fd6ecc0: dc98 96ff 

  0x000001c43fd6ecc4: ;   {metadata({method} {0x000001c456574358} 'begin' '(Ljava/lang/String;I)Z' in 'imgui/ImGui')}
  0x000001c43fd6ecc4: 49ba 5043 | 5756 c401 | 0000 4c89 | 5424 0848 | c704 24ff 

  0x000001c43fd6ecd8: ;   {runtime_call counter_overflow Runtime1 stub}
  0x000001c43fd6ecd8: ffff ffe8 

  0x000001c43fd6ecdc: ; ImmutableOopMap {[72]=Oop rsi=Oop [64]=Oop }
                      ;*synchronization entry
                      ; - imgui.ImGui::begin@-1 (line 457)
                      ; - Client.View.Scenes.First.FirstScene::exitButton@31 (line 48)
  0x000001c43fd6ecdc: a004 97ff | e966 fcff 

  0x000001c43fd6ece4: ;   {runtime_call throw_null_pointer_exception Runtime1 stub}
  0x000001c43fd6ece4: ffe8 b698 

  0x000001c43fd6ece8: ; ImmutableOopMap {[72]=Oop [80]=Oop rdx=Oop }
                      ;*invokevirtual x {reexecute=0 rethrow=0 return_oop=0}
                      ; - Client.View.Scenes.First.FirstScene::exitButton@43 (line 49)
                      ;   {runtime_call throw_incompatible_class_change_error Runtime1 stub}
  0x000001c43fd6ece8: 96ff e8b1 

  0x000001c43fd6ecec: ; ImmutableOopMap {rdx=Oop [72]=Oop rsi=Oop [96]=Oop }
                      ;*invokeinterface onButtonExit {reexecute=0 rethrow=0 return_oop=0}
                      ; - Client.View.Scenes.First.FirstScene::exitButton@67 (line 50)
                      ;   {runtime_call throw_null_pointer_exception Runtime1 stub}
  0x000001c43fd6ecec: c896 ffe8 

  0x000001c43fd6ecf0: ; ImmutableOopMap {rdx=Oop [72]=Oop rsi=Oop [96]=Oop }
                      ;*invokeinterface onButtonExit {reexecute=0 rethrow=0 return_oop=0}
                      ; - Client.View.Scenes.First.FirstScene::exitButton@67 (line 50)
  0x000001c43fd6ecf0: ac98 96ff 

  0x000001c43fd6ecf4: ;   {metadata({method} {0x000001c456434730} 'onButtonExit' '()V' in 'Client/Loop/ClientLoop')}
  0x000001c43fd6ecf4: 49ba 2847 | 4356 c401 | 0000 4c89 | 5424 0848 | c704 24ff 

  0x000001c43fd6ed08: ;   {runtime_call counter_overflow Runtime1 stub}
  0x000001c43fd6ed08: ffff ffe8 

  0x000001c43fd6ed0c: ; ImmutableOopMap {rdx=Oop [72]=Oop rsi=Oop [96]=Oop }
                      ;*synchronization entry
                      ; - Client.Loop.ClientLoop::onButtonExit@-1 (line 262)
                      ; - Client.View.Scenes.First.FirstScene::exitButton@67 (line 50)
  0x000001c43fd6ed0c: 7004 97ff | e996 fdff 

  0x000001c43fd6ed14: ;   {runtime_call throw_null_pointer_exception Runtime1 stub}
  0x000001c43fd6ed14: ffe8 8698 

  0x000001c43fd6ed18: ; ImmutableOopMap {rdx=Oop [72]=Oop rsi=Oop [96]=Oop rdi=Oop }
                      ;*invokevirtual startAction {reexecute=0 rethrow=0 return_oop=0}
                      ; - Client.Loop.ClientLoop::onButtonExit@7 (line 262)
                      ; - Client.View.Scenes.First.FirstScene::exitButton@67 (line 50)
                      ;   {internal_word}
  0x000001c43fd6ed18: 96ff 49ba | cceb d63f | c401 0000 | 4d89 9750 

  0x000001c43fd6ed28: ;   {runtime_call SafepointBlob}
  0x000001c43fd6ed28: 0300 00e9 | d046 8bff 

  0x000001c43fd6ed30: ;   {metadata(NULL)}
  0x000001c43fd6ed30: 48ba 0000 | 0000 0000 | 0000 b800 

  0x000001c43fd6ed3c: ;   {runtime_call load_klass_patching Runtime1 stub}
  0x000001c43fd6ed3c: 0f05 0ae8 

  0x000001c43fd6ed40: ; ImmutableOopMap {[96]=Oop rax=Oop [72]=Oop }
                      ;*new {reexecute=1 rethrow=0 return_oop=0}
                      ; - (reexecute) Client.Loop.ClientLoop::onButtonExit@18 (line 265)
                      ; - Client.View.Scenes.First.FirstScene::exitButton@67 (line 50)
  0x000001c43fd6ed40: bcea 96ff | e9af feff | ff48 8bd2 

  0x000001c43fd6ed4c: ;   {runtime_call fast_new_instance Runtime1 stub}
  0x000001c43fd6ed4c: e82f a196 

  0x000001c43fd6ed50: ; ImmutableOopMap {[72]=Oop r9=Oop [96]=Oop }
                      ;*new {reexecute=0 rethrow=0 return_oop=0}
                      ; - Client.Loop.ClientLoop::onButtonExit@18 (line 265)
                      ; - Client.View.Scenes.First.FirstScene::exitButton@67 (line 50)
  0x000001c43fd6ed50: ffe9 fdfe | ffff 9090 | 498b 87c8 | 0300 0049 | c787 c803 | 0000 0000 | 0000 49c7 | 87d0 0300 
  0x000001c43fd6ed70: 0000 0000 | 0048 81c4 | 8000 0000 

  0x000001c43fd6ed7c: ;   {runtime_call unwind_exception Runtime1 stub}
  0x000001c43fd6ed7c: 5de9 7e79 | 96ff f4f4 | f4f4 f4f4 | f4f4 f4f4 | f4f4 f4f4 | f4f4 f4f4 | f4f4 f4f4 | f4f4 f4f4 
  0x000001c43fd6ed9c: f4f4 f4f4 
[Stub Code]
  0x000001c43fd6eda0: ;   {no_reloc}
  0x000001c43fd6eda0: 0f1f 4400 

  0x000001c43fd6eda4: ;   {static_stub}
  0x000001c43fd6eda4: 0048 bb00 | 0000 0000 

  0x000001c43fd6edac: ;   {runtime_call}
  0x000001c43fd6edac: 0000 00e9 | fbff ffff 

  0x000001c43fd6edb4: ;   {static_stub}
  0x000001c43fd6edb4: 9048 bb00 | 0000 0000 

  0x000001c43fd6edbc: ;   {runtime_call}
  0x000001c43fd6edbc: 0000 00e9 | fbff ffff 

  0x000001c43fd6edc4: ;   {static_stub}
  0x000001c43fd6edc4: 9048 bb00 | 0000 0000 

  0x000001c43fd6edcc: ;   {runtime_call}
  0x000001c43fd6edcc: 0000 00e9 | fbff ffff 

  0x000001c43fd6edd4: ;   {static_stub}
  0x000001c43fd6edd4: 9048 bba8 | 6c40 56c4 

  0x000001c43fd6eddc: ;   {runtime_call I2C/C2I adapters}
  0x000001c43fd6eddc: 0100 00e9 | 7932 8bff 

  0x000001c43fd6ede4: ;   {static_stub}
  0x000001c43fd6ede4: 9048 bb58 | 7e42 56c4 

  0x000001c43fd6edec: ;   {runtime_call I2C/C2I adapters}
  0x000001c43fd6edec: 0100 00e9 | 6529 8bff 

  0x000001c43fd6edf4: ;   {static_stub}
  0x000001c43fd6edf4: 9048 bb00 | 0000 0000 

  0x000001c43fd6edfc: ;   {runtime_call}
  0x000001c43fd6edfc: 0000 00e9 | fbff ffff 

  0x000001c43fd6ee04: ;   {static_stub}
  0x000001c43fd6ee04: 9048 bb00 | 0000 0000 

  0x000001c43fd6ee0c: ;   {runtime_call}
  0x000001c43fd6ee0c: 0000 00e9 | fbff ffff 
[Exception Handler]
  0x000001c43fd6ee14: ;   {runtime_call handle_exception_from_callee Runtime1 stub}
  0x000001c43fd6ee14: e867 be96 

  0x000001c43fd6ee18: ;   {external_word}
  0x000001c43fd6ee18: ff48 b9b0 | 88fd 98fb | 7f00 0048 

  0x000001c43fd6ee24: ;   {runtime_call}
  0x000001c43fd6ee24: 83e4 f049 | ba40 c4c6 | 98fb 7f00 | 0041 ffd2 

  0x000001c43fd6ee34: ;   {section_word}
  0x000001c43fd6ee34: f449 ba35 | eed6 3fc4 | 0100 0041 

  0x000001c43fd6ee40: ;   {runtime_call DeoptimizationBlob}
  0x000001c43fd6ee40: 52e9 5a38 | 8bff f4f4 
[/MachCode]


Compiled method (c1)  224540 1364       3       Client.View.Scenes.First.FirstScene::layer (12 bytes)
 total in heap  [0x000001c43fd6e190,0x000001c43fd6e5a8] = 1048
 relocation     [0x000001c43fd6e2e8,0x000001c43fd6e340] = 88
 main code      [0x000001c43fd6e340,0x000001c43fd6e4a0] = 352
 stub code      [0x000001c43fd6e4a0,0x000001c43fd6e508] = 104
 oops           [0x000001c43fd6e508,0x000001c43fd6e510] = 8
 metadata       [0x000001c43fd6e510,0x000001c43fd6e520] = 16
 scopes data    [0x000001c43fd6e520,0x000001c43fd6e540] = 32
 scopes pcs     [0x000001c43fd6e540,0x000001c43fd6e5a0] = 96
 dependencies   [0x000001c43fd6e5a0,0x000001c43fd6e5a8] = 8

[Constant Pool (empty)]

[MachCode]
[Entry Point]
  # {method} {0x000001c4564338d0} 'layer' '()V' in 'Client/View/Scenes/First/FirstScene'
  #           [sp+0x40]  (sp of caller)
  0x000001c43fd6e340: 448b 5208 | 49bb 0000 | 0000 0800 | 0000 4d03 | d34c 3bd0 

  0x000001c43fd6e354: ;   {runtime_call ic_miss_stub}
  0x000001c43fd6e354: 0f85 26e7 | 8aff 660f | 1f44 0000 
[Verified Entry Point]
  0x000001c43fd6e360: 8984 2400 | 90ff ff55 | 4883 ec30 

  0x000001c43fd6e36c: ;   {metadata(method data for {method} {0x000001c4564338d0} 'layer' '()V' in 'Client/View/Scenes/First/FirstScene')}
  0x000001c43fd6e36c: 48be d07d | 7156 c401 | 0000 8bbe | cc00 0000 | 83c7 0289 | becc 0000 | 0081 e7fe | 0700 0083 
  0x000001c43fd6e38c: ff00 0f84 | a300 0000 | 4889 5424 

  0x000001c43fd6e398: ;   {metadata(method data for {method} {0x000001c4564338d0} 'layer' '()V' in 'Client/View/Scenes/First/FirstScene')}
  0x000001c43fd6e398: 2048 bed0 | 7d71 56c4 | 0100 0048 | 8386 1001 | 0000 010f 

  0x000001c43fd6e3ac: ;   {static_call}
  0x000001c43fd6e3ac: 1f40 00e8 

  0x000001c43fd6e3b0: ; ImmutableOopMap {[32]=Oop }
                      ;*invokestatic styleColorsLight {reexecute=0 rethrow=0 return_oop=0}
                      ; - Client.View.Scenes.First.FirstScene::layer@0 (line 18)
  0x000001c43fd6e3b0: 0ca2 3807 | 488b 5424 

  0x000001c43fd6e3b8: ;   {metadata(method data for {method} {0x000001c4564338d0} 'layer' '()V' in 'Client/View/Scenes/First/FirstScene')}
  0x000001c43fd6e3b8: 2048 bed0 | 7d71 56c4 

  0x000001c43fd6e3c0: ;   {metadata('Client/View/Scenes/First/FirstScene')}
  0x000001c43fd6e3c0: 0100 0049 | baf8 b2c0 | 0008 0000 | 004c 8996 | 3001 0000 | 4883 8638 | 0100 0001 | 488b 5424 
  0x000001c43fd6e3e0: 2066 0f1f 

  0x000001c43fd6e3e4: ;   {optimized virtual_call}
  0x000001c43fd6e3e4: 4400 00e8 

  0x000001c43fd6e3e8: ; ImmutableOopMap {[32]=Oop }
                      ;*invokevirtual exitButton {reexecute=0 rethrow=0 return_oop=0}
                      ; - Client.View.Scenes.First.FirstScene::layer@4 (line 20)
  0x000001c43fd6e3e8: 7404 0000 | 488b 5424 

  0x000001c43fd6e3f0: ;   {metadata(method data for {method} {0x000001c4564338d0} 'layer' '()V' in 'Client/View/Scenes/First/FirstScene')}
  0x000001c43fd6e3f0: 2048 bed0 | 7d71 56c4 

  0x000001c43fd6e3f8: ;   {metadata('Client/View/Scenes/First/FirstScene')}
  0x000001c43fd6e3f8: 0100 0049 | baf8 b2c0 | 0008 0000 | 004c 8996 | 6801 0000 | 4883 8670 | 0100 0001 | 488b 5424 
  0x000001c43fd6e418: 2066 0f1f 

  0x000001c43fd6e41c: ;   {optimized virtual_call}
  0x000001c43fd6e41c: 4400 00e8 

  0x000001c43fd6e420: ; ImmutableOopMap {[32]=Oop }
                      ;*invokevirtual mainLayer {reexecute=0 rethrow=0 return_oop=0}
                      ; - Client.View.Scenes.First.FirstScene::layer@8 (line 21)
  0x000001c43fd6e420: a100 0000 | 4883 c430 

  0x000001c43fd6e428: ;   {poll_return}
  0x000001c43fd6e428: 5d49 3ba7 | 3803 0000 | 0f87 2200 

  0x000001c43fd6e434: ;   {metadata({method} {0x000001c4564338d0} 'layer' '()V' in 'Client/View/Scenes/First/FirstScene')}
  0x000001c43fd6e434: 0000 c349 | bac8 3843 | 56c4 0100 | 004c 8954 | 2408 48c7 | 0424 ffff 

  0x000001c43fd6e44c: ;   {runtime_call counter_overflow Runtime1 stub}
  0x000001c43fd6e44c: ffff e82d 

  0x000001c43fd6e450: ; ImmutableOopMap {rdx=Oop }
                      ;*synchronization entry
                      ; - Client.View.Scenes.First.FirstScene::layer@-1 (line 18)
  0x000001c43fd6e450: 0d97 ffe9 | 3cff ffff 

  0x000001c43fd6e458: ;   {internal_word}
  0x000001c43fd6e458: 49ba 29e4 | d63f c401 | 0000 4d89 | 9750 0300 

  0x000001c43fd6e468: ;   {runtime_call SafepointBlob}
  0x000001c43fd6e468: 00e9 924f | 8bff 9090 | 498b 87c8 | 0300 0049 | c787 c803 | 0000 0000 | 0000 49c7 | 87d0 0300 
  0x000001c43fd6e488: 0000 0000 | 0048 83c4 

  0x000001c43fd6e490: ;   {runtime_call unwind_exception Runtime1 stub}
  0x000001c43fd6e490: 305d e969 | 8296 fff4 | f4f4 f4f4 | f4f4 f4f4 
[Stub Code]
  0x000001c43fd6e4a0: ;   {no_reloc}
  0x000001c43fd6e4a0: 0f1f 4400 

  0x000001c43fd6e4a4: ;   {static_stub}
  0x000001c43fd6e4a4: 0048 bb00 | 0000 0000 

  0x000001c43fd6e4ac: ;   {runtime_call}
  0x000001c43fd6e4ac: 0000 00e9 | fbff ffff 

  0x000001c43fd6e4b4: ;   {static_stub}
  0x000001c43fd6e4b4: 9048 bb00 | 0000 0000 

  0x000001c43fd6e4bc: ;   {runtime_call}
  0x000001c43fd6e4bc: 0000 00e9 | fbff ffff 

  0x000001c43fd6e4c4: ;   {static_stub}
  0x000001c43fd6e4c4: 9048 bbf8 | 3943 56c4 

  0x000001c43fd6e4cc: ;   {runtime_call I2C/C2I adapters}
  0x000001c43fd6e4cc: 0100 00e9 | 8532 8bff 
[Exception Handler]
  0x000001c43fd6e4d4: ;   {runtime_call handle_exception_from_callee Runtime1 stub}
  0x000001c43fd6e4d4: e8a7 c796 

  0x000001c43fd6e4d8: ;   {external_word}
  0x000001c43fd6e4d8: ff48 b9b0 | 88fd 98fb | 7f00 0048 

  0x000001c43fd6e4e4: ;   {runtime_call}
  0x000001c43fd6e4e4: 83e4 f049 | ba40 c4c6 | 98fb 7f00 | 0041 ffd2 

  0x000001c43fd6e4f4: ;   {section_word}
  0x000001c43fd6e4f4: f449 baf5 | e4d6 3fc4 | 0100 0041 

  0x000001c43fd6e500: ;   {runtime_call DeoptimizationBlob}
  0x000001c43fd6e500: 52e9 9a41 | 8bff f4f4 
[/MachCode]


---------------  P R O C E S S  ---------------

Threads class SMR info:
_java_thread_list=0x000001c45a5fc3d0, length=16, elements={
0x000001c455de50c0, 0x000001c455de5a60, 0x000001c455dfdf80, 0x000001c455dfe830,
0x000001c455dff1d0, 0x000001c455e09b90, 0x000001c455e11230, 0x000001c455e11b20,
0x000001c455e1abe0, 0x000001c45a0569f0, 0x000001c45a11b2f0, 0x000001c45a1345f0,
0x000001c45a134ad0, 0x000001c45a434e40, 0x000001c45a554650, 0x000001c437a070d0
}

Java Threads: ( => current thread )
  0x000001c455de50c0 JavaThread "Reference Handler" daemon [_thread_blocked, id=2856, stack(0x0000000129500000,0x0000000129600000)]
  0x000001c455de5a60 JavaThread "Finalizer" daemon [_thread_blocked, id=9572, stack(0x0000000129600000,0x0000000129700000)]
  0x000001c455dfdf80 JavaThread "Signal Dispatcher" daemon [_thread_blocked, id=13904, stack(0x0000000129700000,0x0000000129800000)]
  0x000001c455dfe830 JavaThread "Attach Listener" daemon [_thread_blocked, id=1652, stack(0x0000000129800000,0x0000000129900000)]
  0x000001c455dff1d0 JavaThread "Service Thread" daemon [_thread_blocked, id=8860, stack(0x0000000129900000,0x0000000129a00000)]
  0x000001c455e09b90 JavaThread "Monitor Deflation Thread" daemon [_thread_blocked, id=12952, stack(0x0000000129a00000,0x0000000129b00000)]
  0x000001c455e11230 JavaThread "C2 CompilerThread0" daemon [_thread_blocked, id=11368, stack(0x0000000129b00000,0x0000000129c00000)]
  0x000001c455e11b20 JavaThread "C1 CompilerThread0" daemon [_thread_blocked, id=14300, stack(0x0000000129c00000,0x0000000129d00000)]
  0x000001c455e1abe0 JavaThread "Sweeper thread" daemon [_thread_blocked, id=6164, stack(0x0000000129d00000,0x0000000129e00000)]
  0x000001c45a0569f0 JavaThread "Common-Cleaner" daemon [_thread_blocked, id=13720, stack(0x0000000129e00000,0x0000000129f00000)]
  0x000001c45a11b2f0 JavaThread "JDWP Transport Listener: dt_socket" daemon [_thread_blocked, id=9876, stack(0x0000000129f00000,0x000000012a000000)]
  0x000001c45a1345f0 JavaThread "JDWP Event Helper Thread" daemon [_thread_blocked, id=5000, stack(0x000000012a000000,0x000000012a100000)]
  0x000001c45a134ad0 JavaThread "JDWP Command Reader" daemon [_thread_in_native, id=2332, stack(0x000000012a100000,0x000000012a200000)]
  0x000001c45a434e40 JavaThread "Notification Thread" daemon [_thread_blocked, id=14080, stack(0x000000012a300000,0x000000012a400000)]
=>0x000001c45a554650 JavaThread "Thread-0" [_thread_in_native, id=14344, stack(0x000000012a500000,0x000000012a600000)]
  0x000001c437a070d0 JavaThread "DestroyJavaVM" [_thread_blocked, id=10968, stack(0x0000000128e00000,0x0000000128f00000)]

Other Threads:
  0x000001c437a82ce0 VMThread "VM Thread" [stack: 0x0000000129400000,0x0000000129500000] [id=316]
  0x000001c45a435300 WatcherThread "VM Periodic Task Thread" [stack: 0x000000012a400000,0x000000012a500000] [id=13060]
  0x000001c437a65bd0 WorkerThread "GC Thread#0" [stack: 0x0000000128f00000,0x0000000129000000] [id=13292]
  0x000001c45a599c00 WorkerThread "GC Thread#1" [stack: 0x000000012a200000,0x000000012a300000] [id=14012]
  0x000001c4628540f0 WorkerThread "GC Thread#2" [stack: 0x000000012ac00000,0x000000012ad00000] [id=14040]
  0x000001c462854390 WorkerThread "GC Thread#3" [stack: 0x000000012ad00000,0x000000012ae00000] [id=4632]
  0x000001c45a388f40 WorkerThread "GC Thread#4" [stack: 0x000000012ae00000,0x000000012af00000] [id=15140]
  0x000001c4627eba50 WorkerThread "GC Thread#5" [stack: 0x000000012af00000,0x000000012b000000] [id=13392]
  0x000001c455e8bfd0 WorkerThread "GC Thread#6" [stack: 0x000000012b000000,0x000000012b100000] [id=13600]
  0x000001c462873340 WorkerThread "GC Thread#7" [stack: 0x000000012b100000,0x000000012b200000] [id=4028]
  0x000001c43587ec50 ConcurrentGCThread "G1 Main Marker" [stack: 0x0000000129000000,0x0000000129100000] [id=3200]
  0x000001c437a769e0 WorkerThread "G1 Conc#0" [stack: 0x0000000129100000,0x0000000129200000] [id=15164]
  0x000001c437acbce0 ConcurrentGCThread "G1 Refine#0" [stack: 0x0000000129200000,0x0000000129300000] [id=15276]
  0x000001c437acd4a0 ConcurrentGCThread "G1 Service" [stack: 0x0000000129300000,0x0000000129400000] [id=14708]

Threads with active compile tasks:

VM state: not at safepoint (normal execution)

VM Mutex/Monitor currently owned by a thread: None

Heap address: 0x0000000081e00000, size: 2018 MB, Compressed Oops mode: 32-bit

CDS archive(s) mapped at: [0x0000000800000000-0x0000000800ba0000-0x0000000800ba0000), size 12189696, SharedBaseAddress: 0x0000000800000000, ArchiveRelocationMode: 0.
Compressed class space mapped at: 0x0000000800c00000-0x0000000840c00000, reserved size: 1073741824
Narrow klass base: 0x0000000800000000, Narrow klass shift: 0, Narrow klass range: 0x100000000

GC Precious Log:
 CardTable entry size: 512
 Card Set container configuration: InlinePtr #cards 5 size 8 Array Of Cards #cards 12 size 40 Howl #buckets 4 coarsen threshold 1843 Howl Bitmap #cards 512 size 80 coarsen threshold 460 Card regions per heap region 1 cards per card region 2048
 CPUs: 8 total, 8 available
 Memory: 8066M
 Large Page Support: Disabled
 NUMA Support: Disabled
 Compressed Oops: Enabled (32-bit)
 Heap Region Size: 1M
 Heap Min Capacity: 8M
 Heap Initial Capacity: 128M
 Heap Max Capacity: 2018M
 Pre-touch: Disabled
 Parallel Workers: 8
 Concurrent Workers: 2
 Concurrent Refinement Workers: 8
 Periodic GC: Disabled

Heap:
 garbage-first heap   total 131072K, used 5821K [0x0000000081e00000, 0x0000000100000000)
  region size 1024K, 5 young (5120K), 3 survivors (3072K)
 Metaspace       used 6571K, committed 6848K, reserved 1114112K
  class space    used 492K, committed 640K, reserved 1048576K

Heap Regions: E=young(eden), S=young(survivor), O=old, HS=humongous(starts), HC=humongous(continues), CS=collection set, F=free, OA=open archive, CA=closed archive, TAMS=top-at-mark-start (previous, next)
|   0|0x0000000081e00000, 0x0000000081f00000, 0x0000000081f00000|100%|HS|  |TAMS 0x0000000081e00000, 0x0000000081e00000| Complete 
|   1|0x0000000081f00000, 0x0000000081faf600, 0x0000000082000000| 68%| O|  |TAMS 0x0000000081f00000, 0x0000000081f00000| Untracked 
|   2|0x0000000082000000, 0x0000000082000000, 0x0000000082100000|  0%| F|  |TAMS 0x0000000082000000, 0x0000000082000000| Untracked 
|   3|0x0000000082100000, 0x0000000082100000, 0x0000000082200000|  0%| F|  |TAMS 0x0000000082100000, 0x0000000082100000| Untracked 
|   4|0x0000000082200000, 0x0000000082200000, 0x0000000082300000|  0%| F|  |TAMS 0x0000000082200000, 0x0000000082200000| Untracked 
|   5|0x0000000082300000, 0x0000000082300000, 0x0000000082400000|  0%| F|  |TAMS 0x0000000082300000, 0x0000000082300000| Untracked 
|   6|0x0000000082400000, 0x0000000082400000, 0x0000000082500000|  0%| F|  |TAMS 0x0000000082400000, 0x0000000082400000| Untracked 
|   7|0x0000000082500000, 0x0000000082500000, 0x0000000082600000|  0%| F|  |TAMS 0x0000000082500000, 0x0000000082500000| Untracked 
|   8|0x0000000082600000, 0x0000000082600000, 0x0000000082700000|  0%| F|  |TAMS 0x0000000082600000, 0x0000000082600000| Untracked 
|   9|0x0000000082700000, 0x0000000082700000, 0x0000000082800000|  0%| F|  |TAMS 0x0000000082700000, 0x0000000082700000| Untracked 
|  10|0x0000000082800000, 0x0000000082800000, 0x0000000082900000|  0%| F|  |TAMS 0x0000000082800000, 0x0000000082800000| Untracked 
|  11|0x0000000082900000, 0x0000000082900000, 0x0000000082a00000|  0%| F|  |TAMS 0x0000000082900000, 0x0000000082900000| Untracked 
|  12|0x0000000082a00000, 0x0000000082a00000, 0x0000000082b00000|  0%| F|  |TAMS 0x0000000082a00000, 0x0000000082a00000| Untracked 
|  13|0x0000000082b00000, 0x0000000082b00000, 0x0000000082c00000|  0%| F|  |TAMS 0x0000000082b00000, 0x0000000082b00000| Untracked 
|  14|0x0000000082c00000, 0x0000000082c00000, 0x0000000082d00000|  0%| F|  |TAMS 0x0000000082c00000, 0x0000000082c00000| Untracked 
|  15|0x0000000082d00000, 0x0000000082d00000, 0x0000000082e00000|  0%| F|  |TAMS 0x0000000082d00000, 0x0000000082d00000| Untracked 
|  16|0x0000000082e00000, 0x0000000082e00000, 0x0000000082f00000|  0%| F|  |TAMS 0x0000000082e00000, 0x0000000082e00000| Untracked 
|  17|0x0000000082f00000, 0x0000000082f00000, 0x0000000083000000|  0%| F|  |TAMS 0x0000000082f00000, 0x0000000082f00000| Untracked 
|  18|0x0000000083000000, 0x0000000083000000, 0x0000000083100000|  0%| F|  |TAMS 0x0000000083000000, 0x0000000083000000| Untracked 
|  19|0x0000000083100000, 0x0000000083100000, 0x0000000083200000|  0%| F|  |TAMS 0x0000000083100000, 0x0000000083100000| Untracked 
|  20|0x0000000083200000, 0x0000000083200000, 0x0000000083300000|  0%| F|  |TAMS 0x0000000083200000, 0x0000000083200000| Untracked 
|  21|0x0000000083300000, 0x0000000083300000, 0x0000000083400000|  0%| F|  |TAMS 0x0000000083300000, 0x0000000083300000| Untracked 
|  22|0x0000000083400000, 0x0000000083400000, 0x0000000083500000|  0%| F|  |TAMS 0x0000000083400000, 0x0000000083400000| Untracked 
|  23|0x0000000083500000, 0x0000000083500000, 0x0000000083600000|  0%| F|  |TAMS 0x0000000083500000, 0x0000000083500000| Untracked 
|  24|0x0000000083600000, 0x0000000083600000, 0x0000000083700000|  0%| F|  |TAMS 0x0000000083600000, 0x0000000083600000| Untracked 
|  25|0x0000000083700000, 0x0000000083700000, 0x0000000083800000|  0%| F|  |TAMS 0x0000000083700000, 0x0000000083700000| Untracked 
|  26|0x0000000083800000, 0x0000000083800000, 0x0000000083900000|  0%| F|  |TAMS 0x0000000083800000, 0x0000000083800000| Untracked 
|  27|0x0000000083900000, 0x0000000083900000, 0x0000000083a00000|  0%| F|  |TAMS 0x0000000083900000, 0x0000000083900000| Untracked 
|  28|0x0000000083a00000, 0x0000000083a00000, 0x0000000083b00000|  0%| F|  |TAMS 0x0000000083a00000, 0x0000000083a00000| Untracked 
|  29|0x0000000083b00000, 0x0000000083b00000, 0x0000000083c00000|  0%| F|  |TAMS 0x0000000083b00000, 0x0000000083b00000| Untracked 
|  30|0x0000000083c00000, 0x0000000083c00000, 0x0000000083d00000|  0%| F|  |TAMS 0x0000000083c00000, 0x0000000083c00000| Untracked 
|  31|0x0000000083d00000, 0x0000000083d00000, 0x0000000083e00000|  0%| F|  |TAMS 0x0000000083d00000, 0x0000000083d00000| Untracked 
|  32|0x0000000083e00000, 0x0000000083e00000, 0x0000000083f00000|  0%| F|  |TAMS 0x0000000083e00000, 0x0000000083e00000| Untracked 
|  33|0x0000000083f00000, 0x0000000083f00000, 0x0000000084000000|  0%| F|  |TAMS 0x0000000083f00000, 0x0000000083f00000| Untracked 
|  34|0x0000000084000000, 0x0000000084000000, 0x0000000084100000|  0%| F|  |TAMS 0x0000000084000000, 0x0000000084000000| Untracked 
|  35|0x0000000084100000, 0x0000000084100000, 0x0000000084200000|  0%| F|  |TAMS 0x0000000084100000, 0x0000000084100000| Untracked 
|  36|0x0000000084200000, 0x0000000084200000, 0x0000000084300000|  0%| F|  |TAMS 0x0000000084200000, 0x0000000084200000| Untracked 
|  37|0x0000000084300000, 0x0000000084300000, 0x0000000084400000|  0%| F|  |TAMS 0x0000000084300000, 0x0000000084300000| Untracked 
|  38|0x0000000084400000, 0x0000000084400000, 0x0000000084500000|  0%| F|  |TAMS 0x0000000084400000, 0x0000000084400000| Untracked 
|  39|0x0000000084500000, 0x0000000084500000, 0x0000000084600000|  0%| F|  |TAMS 0x0000000084500000, 0x0000000084500000| Untracked 
|  40|0x0000000084600000, 0x0000000084600000, 0x0000000084700000|  0%| F|  |TAMS 0x0000000084600000, 0x0000000084600000| Untracked 
|  41|0x0000000084700000, 0x0000000084700000, 0x0000000084800000|  0%| F|  |TAMS 0x0000000084700000, 0x0000000084700000| Untracked 
|  42|0x0000000084800000, 0x0000000084800000, 0x0000000084900000|  0%| F|  |TAMS 0x0000000084800000, 0x0000000084800000| Untracked 
|  43|0x0000000084900000, 0x0000000084900000, 0x0000000084a00000|  0%| F|  |TAMS 0x0000000084900000, 0x0000000084900000| Untracked 
|  44|0x0000000084a00000, 0x0000000084a00000, 0x0000000084b00000|  0%| F|  |TAMS 0x0000000084a00000, 0x0000000084a00000| Untracked 
|  45|0x0000000084b00000, 0x0000000084b00000, 0x0000000084c00000|  0%| F|  |TAMS 0x0000000084b00000, 0x0000000084b00000| Untracked 
|  46|0x0000000084c00000, 0x0000000084c00000, 0x0000000084d00000|  0%| F|  |TAMS 0x0000000084c00000, 0x0000000084c00000| Untracked 
|  47|0x0000000084d00000, 0x0000000084d00000, 0x0000000084e00000|  0%| F|  |TAMS 0x0000000084d00000, 0x0000000084d00000| Untracked 
|  48|0x0000000084e00000, 0x0000000084e00000, 0x0000000084f00000|  0%| F|  |TAMS 0x0000000084e00000, 0x0000000084e00000| Untracked 
|  49|0x0000000084f00000, 0x0000000084f00000, 0x0000000085000000|  0%| F|  |TAMS 0x0000000084f00000, 0x0000000084f00000| Untracked 
|  50|0x0000000085000000, 0x0000000085000000, 0x0000000085100000|  0%| F|  |TAMS 0x0000000085000000, 0x0000000085000000| Untracked 
|  51|0x0000000085100000, 0x0000000085100000, 0x0000000085200000|  0%| F|  |TAMS 0x0000000085100000, 0x0000000085100000| Untracked 
|  52|0x0000000085200000, 0x0000000085200000, 0x0000000085300000|  0%| F|  |TAMS 0x0000000085200000, 0x0000000085200000| Untracked 
|  53|0x0000000085300000, 0x0000000085300000, 0x0000000085400000|  0%| F|  |TAMS 0x0000000085300000, 0x0000000085300000| Untracked 
|  54|0x0000000085400000, 0x0000000085400000, 0x0000000085500000|  0%| F|  |TAMS 0x0000000085400000, 0x0000000085400000| Untracked 
|  55|0x0000000085500000, 0x0000000085500000, 0x0000000085600000|  0%| F|  |TAMS 0x0000000085500000, 0x0000000085500000| Untracked 
|  56|0x0000000085600000, 0x0000000085600000, 0x0000000085700000|  0%| F|  |TAMS 0x0000000085600000, 0x0000000085600000| Untracked 
|  57|0x0000000085700000, 0x0000000085700000, 0x0000000085800000|  0%| F|  |TAMS 0x0000000085700000, 0x0000000085700000| Untracked 
|  58|0x0000000085800000, 0x0000000085800000, 0x0000000085900000|  0%| F|  |TAMS 0x0000000085800000, 0x0000000085800000| Untracked 
|  59|0x0000000085900000, 0x0000000085900000, 0x0000000085a00000|  0%| F|  |TAMS 0x0000000085900000, 0x0000000085900000| Untracked 
|  60|0x0000000085a00000, 0x0000000085a00000, 0x0000000085b00000|  0%| F|  |TAMS 0x0000000085a00000, 0x0000000085a00000| Untracked 
|  61|0x0000000085b00000, 0x0000000085b00000, 0x0000000085c00000|  0%| F|  |TAMS 0x0000000085b00000, 0x0000000085b00000| Untracked 
|  62|0x0000000085c00000, 0x0000000085c00000, 0x0000000085d00000|  0%| F|  |TAMS 0x0000000085c00000, 0x0000000085c00000| Untracked 
|  63|0x0000000085d00000, 0x0000000085d00000, 0x0000000085e00000|  0%| F|  |TAMS 0x0000000085d00000, 0x0000000085d00000| Untracked 
|  64|0x0000000085e00000, 0x0000000085e00000, 0x0000000085f00000|  0%| F|  |TAMS 0x0000000085e00000, 0x0000000085e00000| Untracked 
|  65|0x0000000085f00000, 0x0000000085f00000, 0x0000000086000000|  0%| F|  |TAMS 0x0000000085f00000, 0x0000000085f00000| Untracked 
|  66|0x0000000086000000, 0x0000000086000000, 0x0000000086100000|  0%| F|  |TAMS 0x0000000086000000, 0x0000000086000000| Untracked 
|  67|0x0000000086100000, 0x0000000086100000, 0x0000000086200000|  0%| F|  |TAMS 0x0000000086100000, 0x0000000086100000| Untracked 
|  68|0x0000000086200000, 0x0000000086200000, 0x0000000086300000|  0%| F|  |TAMS 0x0000000086200000, 0x0000000086200000| Untracked 
|  69|0x0000000086300000, 0x0000000086300000, 0x0000000086400000|  0%| F|  |TAMS 0x0000000086300000, 0x0000000086300000| Untracked 
|  70|0x0000000086400000, 0x0000000086400000, 0x0000000086500000|  0%| F|  |TAMS 0x0000000086400000, 0x0000000086400000| Untracked 
|  71|0x0000000086500000, 0x0000000086500000, 0x0000000086600000|  0%| F|  |TAMS 0x0000000086500000, 0x0000000086500000| Untracked 
|  72|0x0000000086600000, 0x0000000086600000, 0x0000000086700000|  0%| F|  |TAMS 0x0000000086600000, 0x0000000086600000| Untracked 
|  73|0x0000000086700000, 0x0000000086700000, 0x0000000086800000|  0%| F|  |TAMS 0x0000000086700000, 0x0000000086700000| Untracked 
|  74|0x0000000086800000, 0x0000000086800000, 0x0000000086900000|  0%| F|  |TAMS 0x0000000086800000, 0x0000000086800000| Untracked 
|  75|0x0000000086900000, 0x0000000086900000, 0x0000000086a00000|  0%| F|  |TAMS 0x0000000086900000, 0x0000000086900000| Untracked 
|  76|0x0000000086a00000, 0x0000000086a00000, 0x0000000086b00000|  0%| F|  |TAMS 0x0000000086a00000, 0x0000000086a00000| Untracked 
|  77|0x0000000086b00000, 0x0000000086b00000, 0x0000000086c00000|  0%| F|  |TAMS 0x0000000086b00000, 0x0000000086b00000| Untracked 
|  78|0x0000000086c00000, 0x0000000086c00000, 0x0000000086d00000|  0%| F|  |TAMS 0x0000000086c00000, 0x0000000086c00000| Untracked 
|  79|0x0000000086d00000, 0x0000000086d00000, 0x0000000086e00000|  0%| F|  |TAMS 0x0000000086d00000, 0x0000000086d00000| Untracked 
|  80|0x0000000086e00000, 0x0000000086e00000, 0x0000000086f00000|  0%| F|  |TAMS 0x0000000086e00000, 0x0000000086e00000| Untracked 
|  81|0x0000000086f00000, 0x0000000086f00000, 0x0000000087000000|  0%| F|  |TAMS 0x0000000086f00000, 0x0000000086f00000| Untracked 
|  82|0x0000000087000000, 0x0000000087000000, 0x0000000087100000|  0%| F|  |TAMS 0x0000000087000000, 0x0000000087000000| Untracked 
|  83|0x0000000087100000, 0x0000000087100000, 0x0000000087200000|  0%| F|  |TAMS 0x0000000087100000, 0x0000000087100000| Untracked 
|  84|0x0000000087200000, 0x0000000087200000, 0x0000000087300000|  0%| F|  |TAMS 0x0000000087200000, 0x0000000087200000| Untracked 
|  85|0x0000000087300000, 0x0000000087300000, 0x0000000087400000|  0%| F|  |TAMS 0x0000000087300000, 0x0000000087300000| Untracked 
|  86|0x0000000087400000, 0x0000000087400000, 0x0000000087500000|  0%| F|  |TAMS 0x0000000087400000, 0x0000000087400000| Untracked 
|  87|0x0000000087500000, 0x0000000087500000, 0x0000000087600000|  0%| F|  |TAMS 0x0000000087500000, 0x0000000087500000| Untracked 
|  88|0x0000000087600000, 0x0000000087600000, 0x0000000087700000|  0%| F|  |TAMS 0x0000000087600000, 0x0000000087600000| Untracked 
|  89|0x0000000087700000, 0x0000000087700000, 0x0000000087800000|  0%| F|  |TAMS 0x0000000087700000, 0x0000000087700000| Untracked 
|  90|0x0000000087800000, 0x0000000087800000, 0x0000000087900000|  0%| F|  |TAMS 0x0000000087800000, 0x0000000087800000| Untracked 
|  91|0x0000000087900000, 0x0000000087900000, 0x0000000087a00000|  0%| F|  |TAMS 0x0000000087900000, 0x0000000087900000| Untracked 
|  92|0x0000000087a00000, 0x0000000087a00000, 0x0000000087b00000|  0%| F|  |TAMS 0x0000000087a00000, 0x0000000087a00000| Untracked 
|  93|0x0000000087b00000, 0x0000000087b00000, 0x0000000087c00000|  0%| F|  |TAMS 0x0000000087b00000, 0x0000000087b00000| Untracked 
|  94|0x0000000087c00000, 0x0000000087c00000, 0x0000000087d00000|  0%| F|  |TAMS 0x0000000087c00000, 0x0000000087c00000| Untracked 
|  95|0x0000000087d00000, 0x0000000087d00000, 0x0000000087e00000|  0%| F|  |TAMS 0x0000000087d00000, 0x0000000087d00000| Untracked 
|  96|0x0000000087e00000, 0x0000000087e00000, 0x0000000087f00000|  0%| F|  |TAMS 0x0000000087e00000, 0x0000000087e00000| Untracked 
|  97|0x0000000087f00000, 0x0000000087f00000, 0x0000000088000000|  0%| F|  |TAMS 0x0000000087f00000, 0x0000000087f00000| Untracked 
|  98|0x0000000088000000, 0x0000000088000000, 0x0000000088100000|  0%| F|  |TAMS 0x0000000088000000, 0x0000000088000000| Untracked 
|  99|0x0000000088100000, 0x0000000088100000, 0x0000000088200000|  0%| F|  |TAMS 0x0000000088100000, 0x0000000088100000| Untracked 
| 100|0x0000000088200000, 0x0000000088200000, 0x0000000088300000|  0%| F|  |TAMS 0x0000000088200000, 0x0000000088200000| Untracked 
| 101|0x0000000088300000, 0x0000000088300000, 0x0000000088400000|  0%| F|  |TAMS 0x0000000088300000, 0x0000000088300000| Untracked 
| 102|0x0000000088400000, 0x0000000088500000, 0x0000000088500000|100%| S|CS|TAMS 0x0000000088400000, 0x0000000088400000| Complete 
| 103|0x0000000088500000, 0x0000000088600000, 0x0000000088600000|100%| S|CS|TAMS 0x0000000088500000, 0x0000000088500000| Complete 
| 104|0x0000000088600000, 0x0000000088700000, 0x0000000088700000|100%| S|CS|TAMS 0x0000000088600000, 0x0000000088600000| Complete 
| 105|0x0000000088700000, 0x0000000088700000, 0x0000000088800000|  0%| F|  |TAMS 0x0000000088700000, 0x0000000088700000| Untracked 
| 106|0x0000000088800000, 0x0000000088800000, 0x0000000088900000|  0%| F|  |TAMS 0x0000000088800000, 0x0000000088800000| Untracked 
| 107|0x0000000088900000, 0x0000000088900000, 0x0000000088a00000|  0%| F|  |TAMS 0x0000000088900000, 0x0000000088900000| Untracked 
| 108|0x0000000088a00000, 0x0000000088a00000, 0x0000000088b00000|  0%| F|  |TAMS 0x0000000088a00000, 0x0000000088a00000| Untracked 
| 109|0x0000000088b00000, 0x0000000088b00000, 0x0000000088c00000|  0%| F|  |TAMS 0x0000000088b00000, 0x0000000088b00000| Untracked 
| 110|0x0000000088c00000, 0x0000000088c00000, 0x0000000088d00000|  0%| F|  |TAMS 0x0000000088c00000, 0x0000000088c00000| Untracked 
| 111|0x0000000088d00000, 0x0000000088d00000, 0x0000000088e00000|  0%| F|  |TAMS 0x0000000088d00000, 0x0000000088d00000| Untracked 
| 112|0x0000000088e00000, 0x0000000088e00000, 0x0000000088f00000|  0%| F|  |TAMS 0x0000000088e00000, 0x0000000088e00000| Untracked 
| 113|0x0000000088f00000, 0x0000000088f00000, 0x0000000089000000|  0%| F|  |TAMS 0x0000000088f00000, 0x0000000088f00000| Untracked 
| 114|0x0000000089000000, 0x0000000089000000, 0x0000000089100000|  0%| F|  |TAMS 0x0000000089000000, 0x0000000089000000| Untracked 
| 115|0x0000000089100000, 0x0000000089100000, 0x0000000089200000|  0%| F|  |TAMS 0x0000000089100000, 0x0000000089100000| Untracked 
| 116|0x0000000089200000, 0x0000000089200000, 0x0000000089300000|  0%| F|  |TAMS 0x0000000089200000, 0x0000000089200000| Untracked 
| 117|0x0000000089300000, 0x0000000089300000, 0x0000000089400000|  0%| F|  |TAMS 0x0000000089300000, 0x0000000089300000| Untracked 
| 118|0x0000000089400000, 0x0000000089400000, 0x0000000089500000|  0%| F|  |TAMS 0x0000000089400000, 0x0000000089400000| Untracked 
| 119|0x0000000089500000, 0x0000000089500000, 0x0000000089600000|  0%| F|  |TAMS 0x0000000089500000, 0x0000000089500000| Untracked 
| 120|0x0000000089600000, 0x0000000089600000, 0x0000000089700000|  0%| F|  |TAMS 0x0000000089600000, 0x0000000089600000| Untracked 
| 121|0x0000000089700000, 0x0000000089700000, 0x0000000089800000|  0%| F|  |TAMS 0x0000000089700000, 0x0000000089700000| Untracked 
| 122|0x0000000089800000, 0x0000000089800000, 0x0000000089900000|  0%| F|  |TAMS 0x0000000089800000, 0x0000000089800000| Untracked 
| 123|0x0000000089900000, 0x0000000089900000, 0x0000000089a00000|  0%| F|  |TAMS 0x0000000089900000, 0x0000000089900000| Untracked 
| 124|0x0000000089a00000, 0x0000000089a00000, 0x0000000089b00000|  0%| F|  |TAMS 0x0000000089a00000, 0x0000000089a00000| Untracked 
| 125|0x0000000089b00000, 0x0000000089b00000, 0x0000000089c00000|  0%| F|  |TAMS 0x0000000089b00000, 0x0000000089b00000| Untracked 
| 126|0x0000000089c00000, 0x0000000089c530e8, 0x0000000089d00000| 32%| E|  |TAMS 0x0000000089c00000, 0x0000000089c00000| Complete 
| 127|0x0000000089d00000, 0x0000000089e00000, 0x0000000089e00000|100%| E|CS|TAMS 0x0000000089d00000, 0x0000000089d00000| Complete 

Card table byte_map: [0x000001c44ed00000,0x000001c44f100000] _byte_map_base: 0x000001c44e8f1000

Marking Bits (Prev, Next): (CMBitMap*) 0x000001c437a65f70, (CMBitMap*) 0x000001c437a65fb0
 Prev Bits: [0x000001c44f500000, 0x000001c451488000)
 Next Bits: [0x000001c451490000, 0x000001c453418000)

Polling page: 0x000001c4371d0000

Metaspace:

Usage:
  Non-class:      5.94 MB used.
      Class:    492.76 KB used.
       Both:      6.42 MB used.

Virtual space:
  Non-class space:       64.00 MB reserved,       6.06 MB (  9%) committed,  1 nodes.
      Class space:        1.00 GB reserved,     640.00 KB ( <1%) committed,  1 nodes.
             Both:        1.06 GB reserved,       6.69 MB ( <1%) committed. 

Chunk freelists:
   Non-Class:  897.00 KB
       Class:  3.42 MB
        Both:  4.30 MB

MaxMetaspaceSize: unlimited
CompressedClassSpaceSize: 1.00 GB
Initial GC threshold: 21.00 MB
Current GC threshold: 21.00 MB
CDS: on
MetaspaceReclaimPolicy: balanced
 - commit_granule_bytes: 65536.
 - commit_granule_words: 8192.
 - virtual_space_node_default_size: 8388608.
 - enlarge_chunks_in_place: 1.
 - new_chunks_are_fully_committed: 0.
 - uncommit_free_chunks: 1.
 - use_allocation_guard: 0.


Internal statistics:

num_allocs_failed_limit: 0.
num_arena_births: 306.
num_arena_deaths: 0.
num_vsnodes_births: 2.
num_vsnodes_deaths: 0.
num_space_committed: 105.
num_space_uncommitted: 0.
num_chunks_returned_to_freelist: 0.
num_chunks_taken_from_freelist: 512.
num_chunk_merges: 0.
num_chunk_splits: 319.
num_chunks_enlarged: 166.
num_inconsistent_stats: 0.

CodeHeap 'non-profiled nmethods': size=120000Kb used=505Kb max_used=505Kb free=119494Kb
 bounds [0x000001c4470a0000, 0x000001c447310000, 0x000001c44e5d0000]
CodeHeap 'profiled nmethods': size=120000Kb used=2045Kb max_used=2045Kb free=117954Kb
 bounds [0x000001c43fb70000, 0x000001c43fde0000, 0x000001c4470a0000]
CodeHeap 'non-nmethods': size=5760Kb used=1798Kb max_used=1827Kb free=3961Kb
 bounds [0x000001c43f5d0000, 0x000001c43f840000, 0x000001c43fb70000]
 total_blobs=2554 nmethods=1366 adapters=1101
 compilation: enabled
              stopped_count=0, restarted_count=0
 full_count=0

Compilation events (20 events):
Event: 104.069 Thread 0x000001c455e11b20 1356       3       java.io.DataOutputStream::incCount (20 bytes)
Event: 104.069 Thread 0x000001c455e11b20 nmethod 1356 0x000001c43fd6c390 code [0x000001c43fd6c520, 0x000001c43fd6c678]
Event: 104.069 Thread 0x000001c455e11b20 1357       3       java.lang.String::compareTo (63 bytes)
Event: 104.070 Thread 0x000001c455e11b20 nmethod 1357 0x000001c43fd6c710 code [0x000001c43fd6c920, 0x000001c43fd6cdd8]
Event: 104.070 Thread 0x000001c455e11b20 1359       3       java.io.ObjectStreamField::getSignature (39 bytes)
Event: 104.070 Thread 0x000001c455e11b20 nmethod 1359 0x000001c43fd6cf90 code [0x000001c43fd6d1a0, 0x000001c43fd6d668]
Event: 104.070 Thread 0x000001c455e11b20 1358       3       java.lang.StringLatin1::compareTo (14 bytes)
Event: 104.070 Thread 0x000001c455e11b20 nmethod 1358 0x000001c43fd6d890 code [0x000001c43fd6da40, 0x000001c43fd6db88]
Event: 104.070 Thread 0x000001c455e11b20 1360       3       java.io.ObjectStreamClass::requireInitialized (19 bytes)
Event: 104.070 Thread 0x000001c455e11b20 nmethod 1360 0x000001c43fd6dc90 code [0x000001c43fd6de40, 0x000001c43fd6e068]
Event: 162.037 Thread 0x000001c455e11230 1361       4       imgui.gl3.ImGuiImplGl3::renderDrawData (403 bytes)
Event: 162.142 Thread 0x000001c455e11230 nmethod 1361 0x000001c447114890 code [0x000001c447115000, 0x000001c447119800]
Event: 222.588 Thread 0x000001c455e11b20 1364       3       Client.View.Scenes.First.FirstScene::layer (12 bytes)
Event: 222.588 Thread 0x000001c455e11b20 nmethod 1364 0x000001c43fd6e190 code [0x000001c43fd6e340, 0x000001c43fd6e508]
Event: 222.588 Thread 0x000001c455e11b20 1365       3       Client.View.Scenes.First.FirstScene::exitButton (76 bytes)
Event: 222.589 Thread 0x000001c455e11b20 nmethod 1365 0x000001c43fd6e610 code [0x000001c43fd6e840, 0x000001c43fd6ee48]
Event: 224.384 Thread 0x000001c455e11b20 1366       1       java.io.ObjectStreamField::isUnshared (5 bytes)
Event: 224.384 Thread 0x000001c455e11b20 nmethod 1366 0x000001c44711e310 code [0x000001c44711e4a0, 0x000001c44711e578]
Event: 224.385 Thread 0x000001c455e11b20 1367       3       java.lang.invoke.ClassSpecializer$SpeciesData::fieldCount (10 bytes)
Event: 224.385 Thread 0x000001c455e11b20 nmethod 1367 0x000001c43fd6f190 code [0x000001c43fd6f340, 0x000001c43fd6f528]

GC Heap History (2 events):
Event: 11.529 GC heap before
{Heap before GC invocations=0 (full 0):
 garbage-first heap   total 131072K, used 23552K [0x0000000081e00000, 0x0000000100000000)
  region size 1024K, 23 young (23552K), 0 survivors (0K)
 Metaspace       used 6415K, committed 6656K, reserved 1114112K
  class space    used 476K, committed 576K, reserved 1048576K
}
Event: 11.533 GC heap after
{Heap after GC invocations=1 (full 0):
 garbage-first heap   total 131072K, used 4797K [0x0000000081e00000, 0x0000000100000000)
  region size 1024K, 3 young (3072K), 3 survivors (3072K)
 Metaspace       used 6415K, committed 6656K, reserved 1114112K
  class space    used 476K, committed 576K, reserved 1048576K
}

Deoptimization events (20 events):
Event: 1.946 Thread 0x000001c45a554650 DEOPT PACKING pc=0x000001c43fbec9f9 sp=0x000000012a5fe420
Event: 1.946 Thread 0x000001c45a554650 DEOPT UNPACKING pc=0x000001c43f622b43 sp=0x000000012a5fd880 mode 0
Event: 1.965 Thread 0x000001c45a554650 Uncommon trap: trap_request=0xffffff45 fr.pc=0x000001c4470e2d1c relative=0x000000000000027c
Event: 1.965 Thread 0x000001c45a554650 Uncommon trap: reason=unstable_if action=reinterpret pc=0x000001c4470e2d1c method=java.lang.String.startsWith(Ljava/lang/String;I)Z @ 1 c2
Event: 1.965 Thread 0x000001c45a554650 DEOPT PACKING pc=0x000001c4470e2d1c sp=0x000000012a5fde60
Event: 1.965 Thread 0x000001c45a554650 DEOPT UNPACKING pc=0x000001c43f6223a3 sp=0x000000012a5fddd8 mode 2
Event: 1.974 Thread 0x000001c45a554650 Uncommon trap: trap_request=0xffffff45 fr.pc=0x000001c4470b8084 relative=0x0000000000000be4
Event: 1.974 Thread 0x000001c45a554650 Uncommon trap: reason=unstable_if action=reinterpret pc=0x000001c4470b8084 method=java.util.HashMap.putVal(ILjava/lang/Object;Ljava/lang/Object;ZZ)Ljava/lang/Object; @ 181 c2
Event: 1.974 Thread 0x000001c45a554650 DEOPT PACKING pc=0x000001c4470b8084 sp=0x000000012a5fe9b0
Event: 1.974 Thread 0x000001c45a554650 DEOPT UNPACKING pc=0x000001c43f6223a3 sp=0x000000012a5fe980 mode 2
Event: 70.204 Thread 0x000001c45a554650 DEOPT PACKING pc=0x000001c43fd53bdc sp=0x000000012a5ff670
Event: 70.204 Thread 0x000001c45a554650 DEOPT UNPACKING pc=0x000001c43f622b43 sp=0x000000012a5feb18 mode 0
Event: 159.178 Thread 0x000001c45a554650 DEOPT PACKING pc=0x000001c43fd586b4 sp=0x000000012a5ff600
Event: 159.178 Thread 0x000001c45a554650 DEOPT UNPACKING pc=0x000001c43f622b43 sp=0x000000012a5fead0 mode 0
Event: 160.716 Thread 0x000001c45a554650 DEOPT PACKING pc=0x000001c43fd53bdc sp=0x000000012a5ff670
Event: 160.716 Thread 0x000001c45a554650 DEOPT UNPACKING pc=0x000001c43f622b43 sp=0x000000012a5feb18 mode 0
Event: 221.891 Thread 0x000001c45a554650 DEOPT PACKING pc=0x000001c43fd586b4 sp=0x000000012a5ff600
Event: 221.891 Thread 0x000001c45a554650 DEOPT UNPACKING pc=0x000001c43f622b43 sp=0x000000012a5fead0 mode 0
Event: 221.891 Thread 0x000001c45a554650 DEOPT PACKING pc=0x000001c43fd53bdc sp=0x000000012a5ff670
Event: 221.891 Thread 0x000001c45a554650 DEOPT UNPACKING pc=0x000001c43f622b43 sp=0x000000012a5feb18 mode 0

Classes loaded (20 events):
Event: 104.099 Loading class Server/Services/Transaction/TransactionApprover$1
Event: 104.099 Loading class Server/Services/Transaction/TransactionApprover$1 done
Event: 224.387 Loading class org/lwjgl/glfw/Callbacks
Event: 224.387 Loading class org/lwjgl/glfw/Callbacks done
Event: 224.414 Loading class java/net/StandardSocketOptions
Event: 224.414 Loading class java/net/StandardSocketOptions done
Event: 224.414 Loading class java/net/StandardSocketOptions$StdSocketOption
Event: 224.414 Loading class java/net/StandardSocketOptions$StdSocketOption done
Event: 224.414 Loading class sun/nio/ch/SocketOptionRegistry
Event: 224.414 Loading class sun/nio/ch/SocketOptionRegistry done
Event: 224.414 Loading class sun/nio/ch/SocketOptionRegistry$RegistryKey
Event: 224.414 Loading class sun/nio/ch/SocketOptionRegistry$RegistryKey done
Event: 224.414 Loading class sun/nio/ch/SocketOptionRegistry$LazyInitialization
Event: 224.414 Loading class sun/nio/ch/SocketOptionRegistry$LazyInitialization done
Event: 224.414 Loading class sun/nio/ch/OptionKey
Event: 224.414 Loading class sun/nio/ch/OptionKey done
Event: 224.414 Loading class sun/nio/ch/ExtendedSocketOption
Event: 224.415 Loading class sun/nio/ch/ExtendedSocketOption done
Event: 224.415 Loading class sun/nio/ch/ExtendedSocketOption$1
Event: 224.415 Loading class sun/nio/ch/ExtendedSocketOption$1 done

Classes unloaded (0 events):
No events

Classes redefined (0 events):
No events

Internal exceptions (20 events):
Event: 0.577 Thread 0x000001c45a554650 Exception <a 'sun/nio/fs/WindowsException'{0x00000000891cb2c0}> (0x00000000891cb2c0) 
thrown [s\src\hotspot\share\prims\jni.cpp, line 516]
Event: 0.577 Thread 0x000001c45a554650 Exception <a 'sun/nio/fs/WindowsException'{0x00000000891cb648}> (0x00000000891cb648) 
thrown [s\src\hotspot\share\prims\jni.cpp, line 516]
Event: 0.584 Thread 0x000001c45a554650 Exception <a 'java/lang/NoSuchMethodError'{0x00000000891e8028}: 'int java.lang.invoke.Invokers$Holder.invokeExact_MT(java.lang.Object, java.lang.Object)'> (0x00000000891e8028) 
thrown [s\src\hotspot\share\interpreter\linkResolver.cpp, line 759]
Event: 0.720 Thread 0x000001c45a554650 Exception <a 'java/lang/NoSuchMethodError'{0x000000008906c068}: 'void java.lang.System.load(java.lang.String, java.lang.Class)'> (0x000000008906c068) 
thrown [s\src\hotspot\share\interpreter\linkResolver.cpp, line 759]
Event: 0.722 Thread 0x000001c45a554650 Exception <a 'java/lang/NoSuchMethodError'{0x000000008906eef8}: 'void java.lang.System.loadLibrary(java.lang.String, java.lang.Class)'> (0x000000008906eef8) 
thrown [s\src\hotspot\share\interpreter\linkResolver.cpp, line 759]
Event: 0.726 Thread 0x000001c45a554650 Exception <a 'sun/nio/fs/WindowsException'{0x000000008907af90}> (0x000000008907af90) 
thrown [s\src\hotspot\share\prims\jni.cpp, line 516]
Event: 0.727 Thread 0x000001c45a554650 Exception <a 'sun/nio/fs/WindowsException'{0x000000008907b350}> (0x000000008907b350) 
thrown [s\src\hotspot\share\prims\jni.cpp, line 516]
Event: 0.735 Thread 0x000001c45a554650 Exception <a 'sun/nio/fs/WindowsException'{0x0000000089081f38}> (0x0000000089081f38) 
thrown [s\src\hotspot\share\prims\jni.cpp, line 516]
Event: 0.735 Thread 0x000001c45a554650 Exception <a 'sun/nio/fs/WindowsException'{0x0000000089082238}> (0x0000000089082238) 
thrown [s\src\hotspot\share\prims\jni.cpp, line 516]
Event: 0.826 Thread 0x000001c45a554650 Exception <a 'sun/nio/fs/WindowsException'{0x0000000088d46360}> (0x0000000088d46360) 
thrown [s\src\hotspot\share\prims\jni.cpp, line 516]
Event: 1.962 Thread 0x000001c45a554650 Exception <a 'java/lang/NoSuchMethodError'{0x0000000088acc360}: static LServer/TransferMessageContainer;.<clinit>()V> (0x0000000088acc360) 
thrown [s\src\hotspot\share\prims\jni.cpp, line 1104]
Event: 1.985 Thread 0x000001c45a554650 Exception <a 'java/lang/NoSuchMethodError'{0x00000000889adb50}: 'long java.lang.invoke.DirectMethodHandle$Holder.invokeSpecial(java.lang.Object, java.lang.Object)'> (0x00000000889adb50) 
thrown [s\src\hotspot\share\interpreter\linkResolver.cpp, line 759]
Event: 1.985 Thread 0x000001c45a554650 Exception <a 'java/lang/NoSuchMethodError'{0x00000000889b11e8}: 'long java.lang.invoke.Invokers$Holder.invokeExact_MT(java.lang.Object, java.lang.Object)'> (0x00000000889b11e8) 
thrown [s\src\hotspot\share\interpreter\linkResolver.cpp, line 759]
Event: 8.411 Thread 0x000001c45a554650 Exception <a 'java/lang/NoSuchMethodError'{0x00000000889efc88}: static LServer/Entities/User;.<clinit>()V> (0x00000000889efc88) 
thrown [s\src\hotspot\share\prims\jni.cpp, line 1104]
Event: 8.432 Thread 0x000001c45a554650 Exception <a 'java/lang/NoSuchMethodError'{0x0000000088845e50}: static LServer/Entities/Employee;.<clinit>()V> (0x0000000088845e50) 
thrown [s\src\hotspot\share\prims\jni.cpp, line 1104]
Event: 8.433 Thread 0x000001c45a554650 Exception <a 'java/lang/NoSuchMethodError'{0x0000000088851430}: static LServer/Entities/Company;.<clinit>()V> (0x0000000088851430) 
thrown [s\src\hotspot\share\prims\jni.cpp, line 1104]
Event: 8.436 Thread 0x000001c45a554650 Exception <a 'java/lang/NoSuchMethodError'{0x000000008885f060}: static LServer/Entities/Person;.<clinit>()V> (0x000000008885f060) 
thrown [s\src\hotspot\share\prims\jni.cpp, line 1104]
Event: 11.520 Thread 0x000001c45a554650 Exception <a 'java/lang/NoSuchMethodError'{0x000000008875e110}: 'java.lang.Object java.lang.invoke.DirectMethodHandle$Holder.invokeSpecial(java.lang.Object, java.lang.Object, long, int, java.lang.Object, java.lang.Object, java.lang.Object, java.lang.Object, int)'> (0x000000008875e110) 
thrown [s\src\hotspot\share\interpreter\linkResolver.cpp, line 759]
Event: 11.520 Thread 0x000001c45a554650 Exception <a 'java/lang/NoSuchMethodError'{0x0000000088761ed0}: 'java.lang.Object java.lang.invoke.DelegatingMethodHandle$Holder.reinvoke_L(java.lang.Object, long, int, java.lang.Object, java.lang.Object, java.lang.Object, java.lang.Object, int)'> (0x0000000088761ed0) 
thrown [s\src\hotspot\share\interpreter\linkResolver.cpp, line 759]
Event: 104.069 Thread 0x000001c45a554650 Exception <a 'java/lang/NoSuchMethodError'{0x0000000089d95500}: static LServer/Entities/Transaction;.<clinit>()V> (0x0000000089d95500) 
thrown [s\src\hotspot\share\prims\jni.cpp, line 1104]

VM Operations (20 events):
Event: 202.192 Executing VM operation: ChangeSingleStep
Event: 202.192 Executing VM operation: ChangeSingleStep done
Event: 202.197 Executing VM operation: get/set locals
Event: 202.197 Executing VM operation: get/set locals done
Event: 221.888 Executing VM operation: ChangeBreakpoints
Event: 221.888 Executing VM operation: ChangeBreakpoints done
Event: 221.889 Executing VM operation: ChangeBreakpoints
Event: 221.889 Executing VM operation: ChangeBreakpoints done
Event: 221.889 Executing VM operation: ChangeBreakpoints
Event: 221.889 Executing VM operation: ChangeBreakpoints done
Event: 221.889 Executing VM operation: ChangeBreakpoints
Event: 221.889 Executing VM operation: ChangeBreakpoints done
Event: 221.890 Executing VM operation: ChangeBreakpoints
Event: 221.890 Executing VM operation: ChangeBreakpoints done
Event: 221.890 Executing VM operation: ChangeBreakpoints
Event: 221.890 Executing VM operation: ChangeBreakpoints done
Event: 221.890 Executing VM operation: ChangeBreakpoints
Event: 221.890 Executing VM operation: ChangeBreakpoints done
Event: 221.890 Executing VM operation: ChangeBreakpoints
Event: 221.890 Executing VM operation: ChangeBreakpoints done

Events (20 events):
Event: 0.207 Thread 0x000001c45a0569f0 Thread added: 0x000001c45a0569f0
Event: 0.232 Thread 0x000001c45a11b2f0 Thread added: 0x000001c45a11b2f0
Event: 0.232 Thread 0x000001c45a1345f0 Thread added: 0x000001c45a1345f0
Event: 0.232 Thread 0x000001c45a134ad0 Thread added: 0x000001c45a134ad0
Event: 0.250 Loaded shared library C:\Users\Timofei\.jdks\corretto-18.0.2\bin\instrument.dll
Event: 0.256 Loaded shared library C:\Users\Timofei\.jdks\corretto-18.0.2\bin\net.dll
Event: 0.258 Loaded shared library C:\Users\Timofei\.jdks\corretto-18.0.2\bin\nio.dll
Event: 0.263 Loaded shared library C:\Users\Timofei\.jdks\corretto-18.0.2\bin\zip.dll
Event: 0.277 Thread 0x000001c45a1ccb20 Thread added: 0x000001c45a1ccb20
Event: 0.300 Loaded shared library C:\Users\Timofei\.jdks\corretto-18.0.2\bin\verify.dll
Event: 0.319 Thread 0x000001c45a434e40 Thread added: 0x000001c45a434e40
Event: 0.334 Loaded shared library C:\Users\Timofei\.jdks\corretto-18.0.2\bin\jimage.dll
Event: 0.415 Loaded shared library C:\Users\Timofei\.jdks\corretto-18.0.2\bin\awt.dll
Event: 0.452 Thread 0x000001c45a554650 Thread added: 0x000001c45a554650
Event: 0.453 Thread 0x000001c437a070d0 Thread exited: 0x000001c437a070d0
Event: 0.453 Thread 0x000001c437a070d0 Thread added: 0x000001c437a070d0
Event: 0.535 Loaded shared library C:\Users\Timofei\AppData\Local\Temp\lwjglTimofei\3.3.1-SNAPSHOT\lwjgl.dll
Event: 0.720 Thread 0x000001c45a1ccb20 Thread exited: 0x000001c45a1ccb20
Event: 0.729 Loaded shared library C:\Users\Timofei\AppData\Local\Temp\lwjglTimofei\3.3.1-SNAPSHOT\lwjgl_opengl.dll
Event: 0.978 Loaded shared library C:\Users\Timofei\AppData\Local\Temp\imgui-java-natives_1671017735842\imgui-java64.dll


Dynamic libraries:
0x00007ff7918d0000 - 0x00007ff7918dd000 	C:\Users\Timofei\.jdks\corretto-18.0.2\bin\java.exe
0x00007ffbf5790000 - 0x00007ffbf5988000 	C:\WINDOWS\SYSTEM32\ntdll.dll
0x00007ffbf4460000 - 0x00007ffbf451f000 	C:\WINDOWS\System32\KERNEL32.DLL
0x00007ffbf3340000 - 0x00007ffbf3612000 	C:\WINDOWS\System32\KERNELBASE.dll
0x00007ffbf31c0000 - 0x00007ffbf32c0000 	C:\WINDOWS\System32\ucrtbase.dll
0x00007ffbdb100000 - 0x00007ffbdb117000 	C:\Users\Timofei\.jdks\corretto-18.0.2\bin\jli.dll
0x00007ffbec650000 - 0x00007ffbec665000 	C:\Users\Timofei\.jdks\corretto-18.0.2\bin\VCRUNTIME140.dll
0x00007ffbf4160000 - 0x00007ffbf42fd000 	C:\WINDOWS\System32\USER32.dll
0x00007ffbd76b0000 - 0x00007ffbd794a000 	C:\WINDOWS\WinSxS\amd64_microsoft.windows.common-controls_6595b64144ccf1df_6.0.19041.1110_none_60b5254171f9507e\COMCTL32.dll
0x00007ffbf3310000 - 0x00007ffbf3332000 	C:\WINDOWS\System32\win32u.dll
0x00007ffbf4350000 - 0x00007ffbf43ee000 	C:\WINDOWS\System32\msvcrt.dll
0x00007ffbf3fa0000 - 0x00007ffbf3fcb000 	C:\WINDOWS\System32\GDI32.dll
0x00007ffbf36d0000 - 0x00007ffbf37df000 	C:\WINDOWS\System32\gdi32full.dll
0x00007ffbf2fc0000 - 0x00007ffbf305d000 	C:\WINDOWS\System32\msvcp_win.dll
0x00007ffbf4300000 - 0x00007ffbf4332000 	C:\WINDOWS\System32\IMM32.DLL
0x00007ffbc4970000 - 0x00007ffbc4a0b000 	C:\Users\Timofei\.jdks\corretto-18.0.2\bin\msvcp140.dll
0x00007ffb986b0000 - 0x00007ffb99321000 	C:\Users\Timofei\.jdks\corretto-18.0.2\bin\server\jvm.dll
0x00007ffbf4eb0000 - 0x00007ffbf4f5e000 	C:\WINDOWS\System32\ADVAPI32.dll
0x00007ffbf56b0000 - 0x00007ffbf574c000 	C:\WINDOWS\System32\sechost.dll
0x00007ffbf4030000 - 0x00007ffbf4155000 	C:\WINDOWS\System32\RPCRT4.dll
0x00007ffbf4c10000 - 0x00007ffbf4c18000 	C:\WINDOWS\System32\PSAPI.DLL
0x00007ffbed7a0000 - 0x00007ffbed7a9000 	C:\WINDOWS\SYSTEM32\WSOCK32.dll
0x00007ffbdf270000 - 0x00007ffbdf297000 	C:\WINDOWS\SYSTEM32\WINMM.dll
0x00007ffbeb090000 - 0x00007ffbeb09a000 	C:\WINDOWS\SYSTEM32\VERSION.dll
0x00007ffbf43f0000 - 0x00007ffbf445b000 	C:\WINDOWS\System32\WS2_32.dll
0x00007ffbf16e0000 - 0x00007ffbf16f2000 	C:\WINDOWS\SYSTEM32\kernel.appcore.dll
0x00007ffbedd70000 - 0x00007ffbedd7a000 	C:\Users\Timofei\.jdks\corretto-18.0.2\bin\jimage.dll
0x00007ffbf0c50000 - 0x00007ffbf0e34000 	C:\WINDOWS\SYSTEM32\DBGHELP.DLL
0x00007ffbde650000 - 0x00007ffbde67c000 	C:\WINDOWS\SYSTEM32\dbgcore.DLL
0x00007ffbf2f00000 - 0x00007ffbf2f82000 	C:\WINDOWS\System32\bcryptPrimitives.dll
0x00007ffbdcaa0000 - 0x00007ffbdcada000 	C:\Users\Timofei\.jdks\corretto-18.0.2\bin\jdwp.dll
0x00007ffbec120000 - 0x00007ffbec12e000 	C:\Users\Timofei\.jdks\corretto-18.0.2\bin\instrument.dll
0x00007ffbdacc0000 - 0x00007ffbdace5000 	C:\Users\Timofei\.jdks\corretto-18.0.2\bin\java.dll
0x00007ffbd0640000 - 0x00007ffbd0658000 	C:\Users\Timofei\.jdks\corretto-18.0.2\bin\zip.dll
0x00007ffbaae10000 - 0x00007ffbaaee6000 	C:\Users\Timofei\.jdks\corretto-18.0.2\bin\jsvml.dll
0x00007ffbf4f60000 - 0x00007ffbf56a3000 	C:\WINDOWS\System32\SHELL32.dll
0x00007ffbf0f30000 - 0x00007ffbf16c2000 	C:\WINDOWS\SYSTEM32\windows.storage.dll
0x00007ffbf37e0000 - 0x00007ffbf3b34000 	C:\WINDOWS\System32\combase.dll
0x00007ffbf28f0000 - 0x00007ffbf2920000 	C:\WINDOWS\SYSTEM32\Wldp.dll
0x00007ffbf4c80000 - 0x00007ffbf4d2d000 	C:\WINDOWS\System32\SHCORE.dll
0x00007ffbf3e40000 - 0x00007ffbf3e95000 	C:\WINDOWS\System32\shlwapi.dll
0x00007ffbf2dd0000 - 0x00007ffbf2def000 	C:\WINDOWS\SYSTEM32\profapi.dll
0x00007ffbe03c0000 - 0x00007ffbe03cc000 	C:\Users\Timofei\.jdks\corretto-18.0.2\bin\dt_socket.dll
0x00007ffbf22f0000 - 0x00007ffbf232b000 	C:\WINDOWS\SYSTEM32\IPHLPAPI.DLL
0x00007ffbf2650000 - 0x00007ffbf26ba000 	C:\WINDOWS\system32\mswsock.dll
0x00007ffbd0980000 - 0x00007ffbd0993000 	C:\Users\Timofei\.jdks\corretto-18.0.2\bin\net.dll
0x00007ffbe9350000 - 0x00007ffbe945c000 	C:\WINDOWS\SYSTEM32\WINHTTP.dll
0x00007ffbd0960000 - 0x00007ffbd0975000 	C:\Users\Timofei\.jdks\corretto-18.0.2\bin\nio.dll
0x00007ffbda6a0000 - 0x00007ffbda6b0000 	C:\Users\Timofei\.jdks\corretto-18.0.2\bin\verify.dll
0x00007ffbf2330000 - 0x00007ffbf23fa000 	C:\WINDOWS\SYSTEM32\DNSAPI.dll
0x00007ffbf4340000 - 0x00007ffbf4348000 	C:\WINDOWS\System32\NSI.dll
0x00007ffbeb110000 - 0x00007ffbeb11a000 	C:\Windows\System32\rasadhlp.dll
0x00007ffbe7bf0000 - 0x00007ffbe7c70000 	C:\WINDOWS\System32\fwpuclnt.dll
0x00007ffbf2f90000 - 0x00007ffbf2fb7000 	C:\WINDOWS\System32\bcrypt.dll
0x00007ffb7dab0000 - 0x00007ffb7dc57000 	C:\Users\Timofei\.jdks\corretto-18.0.2\bin\awt.dll
0x00007ffbf4d30000 - 0x00007ffbf4dfd000 	C:\WINDOWS\System32\OLEAUT32.dll
0x00007ffbef8e0000 - 0x00007ffbef971000 	C:\WINDOWS\SYSTEM32\apphelp.dll
0x00007ffbdc9e0000 - 0x00007ffbdca55000 	C:\Users\Timofei\AppData\Local\Temp\lwjglTimofei\3.3.1-SNAPSHOT\lwjgl.dll
0x00007ffbbe100000 - 0x00007ffbbe161000 	C:\Users\Timofei\AppData\Local\Temp\lwjglTimofei\3.3.1-SNAPSHOT\glfw.dll
0x00007ffbc09b0000 - 0x00007ffbc09f5000 	C:\WINDOWS\SYSTEM32\dinput8.dll
0x00007ffbe91b0000 - 0x00007ffbe91c1000 	C:\WINDOWS\SYSTEM32\xinput1_4.dll
0x00007ffbf32c0000 - 0x00007ffbf330e000 	C:\WINDOWS\System32\cfgmgr32.dll
0x00007ffbf2c40000 - 0x00007ffbf2c6c000 	C:\WINDOWS\SYSTEM32\DEVOBJ.dll
0x00007ffbf08a0000 - 0x00007ffbf08cf000 	C:\WINDOWS\SYSTEM32\dwmapi.dll
0x00007ffbcbb90000 - 0x00007ffbcbce2000 	C:\WINDOWS\SYSTEM32\inputhost.dll
0x00007ffbef5d0000 - 0x00007ffbef6c2000 	C:\WINDOWS\SYSTEM32\CoreMessaging.dll
0x00007ffbef270000 - 0x00007ffbef5ce000 	C:\WINDOWS\SYSTEM32\CoreUIComponents.dll
0x00007ffbefc80000 - 0x00007ffbefdd4000 	C:\WINDOWS\SYSTEM32\wintypes.dll
0x00007ffbf0250000 - 0x00007ffbf0346000 	C:\WINDOWS\SYSTEM32\PROPSYS.dll
0x00007ffbf2020000 - 0x00007ffbf2053000 	C:\WINDOWS\SYSTEM32\ntmarta.dll
0x00007ffbefa50000 - 0x00007ffbefaee000 	C:\WINDOWS\system32\uxtheme.dll
0x00007ffbf4a70000 - 0x00007ffbf4b85000 	C:\WINDOWS\System32\MSCTF.dll
0x00007ffbc5650000 - 0x00007ffbc5775000 	C:\WINDOWS\SYSTEM32\opengl32.dll
0x00007ffbc78c0000 - 0x00007ffbc78ec000 	C:\WINDOWS\SYSTEM32\GLU32.dll
0x00007ffbf4e00000 - 0x00007ffbf4eaf000 	C:\WINDOWS\System32\clbcatq.dll
0x00007ffb7ae90000 - 0x00007ffb7be5a000 	C:\WINDOWS\System32\DriverStore\FileRepository\iigd_dch.inf_amd64_7d90afac159f566c\ig9icd64.dll
0x00007ffbf3d10000 - 0x00007ffbf3e3a000 	C:\WINDOWS\System32\ole32.dll
0x00007ffbf1750000 - 0x00007ffbf1843000 	C:\WINDOWS\system32\dxgi.dll
0x00007ffbe5e20000 - 0x00007ffbe605f000 	C:\WINDOWS\System32\DriverStore\FileRepository\iigd_dch.inf_amd64_7d90afac159f566c\igdgmm64.dll
0x00007ffbe27d0000 - 0x00007ffbe5399000 	C:\WINDOWS\System32\DriverStore\FileRepository\iigd_dch.inf_amd64_7d90afac159f566c\igc64.dll
0x00007ffbf2460000 - 0x00007ffbf24ab000 	C:\WINDOWS\SYSTEM32\powrprof.dll
0x00007ffbf22d0000 - 0x00007ffbf22e2000 	C:\WINDOWS\SYSTEM32\UMPDC.dll
0x00007ffbda270000 - 0x00007ffbda369000 	C:\WINDOWS\SYSTEM32\textinputframework.dll
0x00007ffbabc30000 - 0x00007ffbabc8d000 	C:\Users\Timofei\AppData\Local\Temp\lwjglTimofei\3.3.1-SNAPSHOT\lwjgl_opengl.dll
0x0000000064a00000 - 0x000000006580f000 	C:\Users\Timofei\AppData\Local\Temp\imgui-java-natives_1671017735842\imgui-java64.dll

dbghelp: loaded successfully - version: 4.0.5 - missing functions: none
symbol engine: initialized successfully - sym options: 0x614 - pdb path: .;C:\Users\Timofei\.jdks\corretto-18.0.2\bin;C:\WINDOWS\SYSTEM32;C:\WINDOWS\WinSxS\amd64_microsoft.windows.common-controls_6595b64144ccf1df_6.0.19041.1110_none_60b5254171f9507e;C:\Users\Timofei\.jdks\corretto-18.0.2\bin\server;C:\Users\Timofei\AppData\Local\Temp\lwjglTimofei\3.3.1-SNAPSHOT;C:\WINDOWS\System32\DriverStore\FileRepository\iigd_dch.inf_amd64_7d90afac159f566c;C:\Users\Timofei\AppData\Local\Temp\imgui-java-natives_1671017735842

VM Arguments:
jvm_args: -agentlib:jdwp=transport=dt_socket,address=127.0.0.1:54562,suspend=y,server=n -javaagent:C:\Users\Timofei\AppData\Local\JetBrains\IdeaIC2022.2\groovyHotSwap\gragent.jar -javaagent:C:\Users\Timofei\AppData\Local\JetBrains\IdeaIC2022.2\captureAgent\debugger-agent.jar -Dfile.encoding=UTF-8 -Dsun.stdout.encoding=UTF-8 -Dsun.stderr.encoding=UTF-8 
java_command: Client.ClientBootstrap
java_class_path (initial): C:\Users\Timofei\IdeaProjects\LAB_6_Prog_SP_Task\target\classes;C:\Users\Timofei\.m2\repository\mysql\mysql-connector-java\8.0.23\mysql-connector-java-8.0.23.jar;C:\Users\Timofei\.m2\repository\com\google\protobuf\protobuf-java\3.11.4\protobuf-java-3.11.4.jar;C:\Users\Timofei\.m2\repository\org\hibernate\hibernate-entitymanager\5.6.12.Final\hibernate-entitymanager-5.6.12.Final.jar;C:\Users\Timofei\.m2\repository\org\jboss\logging\jboss-logging\3.4.3.Final\jboss-logging-3.4.3.Final.jar;C:\Users\Timofei\.m2\repository\org\hibernate\hibernate-core\5.6.12.Final\hibernate-core-5.6.12.Final.jar;C:\Users\Timofei\.m2\repository\antlr\antlr\2.7.7\antlr-2.7.7.jar;C:\Users\Timofei\.m2\repository\org\jboss\jandex\2.4.2.Final\jandex-2.4.2.Final.jar;C:\Users\Timofei\.m2\repository\com\fasterxml\classmate\1.5.1\classmate-1.5.1.jar;C:\Users\Timofei\.m2\repository\javax\activation\javax.activation-api\1.2.0\javax.activation-api-1.2.0.jar;C:\Users\Timofei\.m2\repository\javax\xml\bind\jaxb-api\2.3.1\jaxb-api-2.3.1.jar;C:\Users\Timofei\.m2\repository\org\glassfish\jaxb\jaxb-runtime\2.3.1\jaxb-runtime-2.3.1.jar;C:\Users\Timofei\.m2\repository\org\glassfish\jaxb\txw2\2.3.1\txw2-2.3.1.jar;C:\Users\Timofei\.m2\repository\com\sun\istack\istack-commons-runtime\3.0.7\istack-commons-runtime-3.0.7.jar;C:\Users\Timofei\.m2\repository\org\jvnet\staxex\stax-ex\1.8\stax-ex-1.8.jar;C:\Users\Timofei\.m2\repository\com\sun\xml\fastinfoset\FastInfoset\1.2.15\FastInfoset-1.2.15.jar;C:\Users\Timofei\.m2\repository\org\hibernate\common\hibernate-commons-annotations\5.1.2.Final\hibernate-commons-annotations-5.1.2.Final.jar;C:\Users\Timofei\.m2\repository\javax\persistence\javax.persistence-api\2.2\javax.persistence-api-2.2.jar;C:\Users\Timofei\.m2\repository\net\bytebuddy\byte-buddy\1.12.9\byte-buddy-1.12.9.jar;C:\Users\Timofei\.m2\repository\org\jboss\spec\javax\transaction\jboss-transaction-api_1.2_spec\1.1.1.Final\jboss-transaction-api_1.2_spec-1.1.1.Final.jar;C:\Users\Timofei\.m2\repository\com\h2database\h2\2.1.212\h2-2.1.212.jar;C:\Users\Timofei\.m2\repository\io\github\spair\imgui-java-app\1.86.4\imgui-java-app-1.86.4.jar;C:\Users\Timofei\.m2\repository\org\lwjgl\lwjgl\3.3.1\lwjgl-3.3.1.jar;C:\Users\Timofei\.m2\repository\org\lwjgl\lwjgl-glfw\3.3.1\lwjgl-glfw-3.3.1.jar;C:\Users\Timofei\.m2\repository\org\lwjgl\lwjgl-opengl\3.3.1\lwjgl-opengl-3.3.1.jar;C:\Users\Timofei\.m2\repository\org\lwjgl\lwjgl\3.3.1\lwjgl-3.3.1-natives-linux.jar;C:\Users\Timofei\.m2\repository\org\lwjgl\lwjgl-glfw\3.3.1\lwjgl-glfw-3.3.1-natives-linux.jar;C:\Users\Timofei\.m2\repository\org\lwjgl\lwjgl-opengl\3.3.1\lwjgl-opengl-3.3.1-natives-linux.jar;C:\Users\Timofei\.m2\repository\org\lwjgl\lwjgl\3.3.1\lwjgl-3.3.1-natives-windows.jar;C:\Users\Timofei\.m2\repository\org\lwjgl\lwjgl-glfw\3.3.1\lwjgl-glfw-3.3.1-natives-windows.jar;C:\Users\Timofei\.m2\repository\org\lwjgl\lwjgl-opengl\3.3.1\lwjgl-opengl-3.3.1-natives-windows.jar;C:\Users\Timofei\.m2\repository\org\lwjgl\lwjgl\3.3.1\lwjgl-3.3.1-natives-macos.jar;C:\Users\Timofei\.m2\repository\org\lwjgl\lwjgl-glfw\3.3.1\lwjgl-glfw-3.3.1-natives-macos.jar;C:\Users\Timofei\.m2\repository\org\lwjgl\lwjgl-opengl\3.3.1\lwjgl-opengl-3.3.1-natives-macos.jar;C:\Users\Timofei\.m2\repository\io\github\spair\imgui-java-binding\1.86.4\imgui-java-binding-1.86.4.jar;C:\Users\Timofei\.m2\repository\io\github\spair\imgui-java-lwjgl3\1.86.4\imgui-java-lwjgl3-1.86.4.jar;D:\IntelliJ IDEA Community Edition 2022.2.2\lib\idea_rt.jar
Launcher Type: SUN_STANDARD

[Global flags]
     intx CICompilerCount                          = 4                                         {product} {ergonomic}
     uint ConcGCThreads                            = 2                                         {product} {ergonomic}
     uint G1ConcRefinementThreads                  = 8                                         {product} {ergonomic}
   size_t G1HeapRegionSize                         = 1048576                                   {product} {ergonomic}
    uintx GCDrainStackTargetSize                   = 64                                        {product} {ergonomic}
   size_t InitialHeapSize                          = 134217728                                 {product} {ergonomic}
   size_t MarkStackSize                            = 4194304                                   {product} {ergonomic}
   size_t MaxHeapSize                              = 2116026368                                {product} {ergonomic}
   size_t MaxNewSize                               = 1268776960                                {product} {ergonomic}
   size_t MinHeapDeltaBytes                        = 1048576                                   {product} {ergonomic}
   size_t MinHeapSize                              = 8388608                                   {product} {ergonomic}
    uintx NonNMethodCodeHeapSize                   = 5839372                                {pd product} {ergonomic}
    uintx NonProfiledCodeHeapSize                  = 122909434                              {pd product} {ergonomic}
    uintx ProfiledCodeHeapSize                     = 122909434                              {pd product} {ergonomic}
    uintx ReservedCodeCacheSize                    = 251658240                              {pd product} {ergonomic}
     bool SegmentedCodeCache                       = true                                      {product} {ergonomic}
   size_t SoftMaxHeapSize                          = 2116026368                             {manageable} {ergonomic}
     bool UseCompressedClassPointers               = true                           {product lp64_product} {ergonomic}
     bool UseCompressedOops                        = true                           {product lp64_product} {ergonomic}
     bool UseG1GC                                  = true                                      {product} {ergonomic}
     bool UseLargePagesIndividualAllocation        = false                                  {pd product} {ergonomic}

Logging:
Log output configuration:
 #0: stdout all=warning uptime,level,tags foldmultilines=false
 #1: stderr all=off uptime,level,tags foldmultilines=false

Environment Variables:
PATH=C:\WINDOWS\system32;C:\WINDOWS;C:\WINDOWS\System32\Wbem;C:\WINDOWS\System32\WindowsPowerShell\v1.0\;C:\WINDOWS\System32\OpenSSH\;C:\Program Files\Git\cmd;C:\Program Files\Microsoft SQL Server\130\Tools\Binn\;C:\Program Files\NVIDIA Corporation\NVIDIA NvDLISR;C:\Program Files (x86)\NVIDIA Corporation\PhysX\Common;C:\Program Files\dotnet\;C:\Program Files\MySQL\MySQL Shell 8.0\bin\;C:\Users\Timofei\AppData\Local\Microsoft\WindowsApps;C:\Users\Timofei\AppData\Local\GitHubDesktop\bin;C:\Users\Timofei\.dotnet\tools
USERNAME=Timofei
OS=Windows_NT
PROCESSOR_IDENTIFIER=Intel64 Family 6 Model 158 Stepping 10, GenuineIntel



---------------  S Y S T E M  ---------------

OS:
 Windows 10 , 64 bit Build 19041 (10.0.19041.2251)
OS uptime: 0 days 3:45 hours

CPU: total 8 (initial active 8) (4 cores per cpu, 2 threads per core) family 6 model 158 stepping 10 microcode 0xb4, cx8, cmov, fxsr, ht, mmx, 3dnowpref, sse, sse2, sse3, ssse3, sse4.1, sse4.2, popcnt, lzcnt, tsc, tscinvbit, avx, avx2, aes, erms, clmul, bmi1, bmi2, adx, fma, vzeroupper, clflush, clflushopt

Memory: 4k page, system-wide physical 8066M (1094M free)
TotalPageFile size 16770M (AvailPageFile size 3936M)
current process WorkingSet (physical memory assigned to process): 102M, peak: 157M
current process commit charge ("private bytes"): 239M, peak: 253M

vm_info: OpenJDK 64-Bit Server VM (18.0.2+9-FR) for windows-amd64 JRE (18.0.2+9-FR), built on Jul 15 2022 20:03:03 by "Administrator" with MS VC++ 15.9 (VS2017)

END.
