#
# A fatal error has been detected by the Java Runtime Environment:
#
#  EXCEPTION_ACCESS_VIOLATION (0xc0000005) at pc=0x0000000064a61fed, pid=10332, tid=7568
#
# JRE version: OpenJDK Runtime Environment Corretto-18.0.2.9.1 (18.0.2+9) (build 18.0.2+9-FR)
# Java VM: OpenJDK 64-Bit Server VM Corretto-18.0.2.9.1 (18.0.2+9-FR, mixed mode, sharing, tiered, compressed oops, compressed class ptrs, g1 gc, windows-amd64)
# Problematic frame:
# C  [imgui-java64.dll+0x61fed]
#
# No core dump will be written. Minidumps are not enabled by default on client versions of Windows
#
# If you would like to submit a bug report, please visit:
#   https://github.com/corretto/corretto-18/issues/
# The crash happened outside the Java Virtual Machine in native code.
# See problematic frame for where to report the bug.
#

---------------  S U M M A R Y ------------

Command Line: -javaagent:D:\IntelliJ IDEA Community Edition 2022.2.2\lib\idea_rt.jar=58087:D:\IntelliJ IDEA Community Edition 2022.2.2\bin -Dfile.encoding=UTF-8 -Dsun.stdout.encoding=UTF-8 -Dsun.stderr.encoding=UTF-8 Client.ClientBootstrap

Host: Intel(R) Core(TM) i5-8300H CPU @ 2.30GHz, 8 cores, 7G,  Windows 10 , 64 bit Build 19041 (10.0.19041.2251)
Time: Wed Dec 14 00:46:01 2022  Windows 10 , 64 bit Build 19041 (10.0.19041.2251) elapsed time: 30.253120 seconds (0d 0h 0m 30s)

---------------  T H R E A D  ---------------

Current thread (0x00000171e1451320):  JavaThread "Thread-0" [_thread_in_native, id=7568, stack(0x00000035d0600000,0x00000035d0700000)]

Stack: [0x00000035d0600000,0x00000035d0700000],  sp=0x00000035d06feeb0,  free space=1019k
Native frames: (J=compiled Java code, j=interpreted, Vv=VM code, C=native code)
C  [imgui-java64.dll+0x61fed]

Java frames: (J=compiled Java code, j=interpreted, Vv=VM code)
J 1055  imgui.ImGui.end()V (0 bytes) @ 0x00000171cde620e6 [0x00000171cde620a0+0x0000000000000046]
j  Client.View.Scenes.First.FirstScene.exitButton()V+72
j  Client.View.Scenes.First.FirstScene.layer()V+4
j  Client.View.Window.Window.run()V+65
j  Client.View.Initializer.UIInitializer.lambda$initialize$0(LClient/View/Window/Window;LClient/View/Scenes/Layer;)V+6
j  Client.View.Initializer.UIInitializer$$Lambda$28+0x0000000800c0b2c8.run()V+8
j  java.lang.Thread.run()V+11 java.base@18.0.2
v  ~StubRoutines::call_stub

siginfo: EXCEPTION_ACCESS_VIOLATION (0xc0000005), reading address 0x0000000000001cf8


Register to memory mapping:

RIP=0x0000000064a61fed imgui-java64.dll
RAX={method} {0x00000171dd56ff60} 'end' '()V' in 'imgui/ImGui'
RBX=0x0 is NULL
RCX=0x00000171e14515b0 points into unknown readable memory: 0x00000171e14b8ea0 | a0 8e 4b e1 71 01 00 00
RDX=0x00000035d06fef40 is pointing into the stack for thread: 0x00000171e1451320
RSP=0x00000035d06feeb0 is pointing into the stack for thread: 0x00000171e1451320
RBP=0x00000035d06fef50 is pointing into the stack for thread: 0x00000171e1451320
RSI=0x0000000089adcad8 is an oop: jdk.internal.ref.CleanerImpl$PhantomCleanableRef 
{0x0000000089adcad8} - klass: 'jdk/internal/ref/CleanerImpl$PhantomCleanableRef'
 - ---- fields (total size 6 words):
 - private 'referent' 'Ljava/lang/Object;' @12  NULL (0)
 - volatile 'queue' 'Ljava/lang/ref/ReferenceQueue;' @16  a 'java/lang/ref/ReferenceQueue'{0x0000000089c11bd8} (89c11bd8)
 - volatile 'next' 'Ljava/lang/ref/Reference;' @20  NULL (0)
 - private transient 'discovered' 'Ljava/lang/ref/Reference;' @24  NULL (0)
 - 'prev' 'Ljdk/internal/ref/PhantomCleanable;' @28  a 'jdk/internal/ref/CleanerImpl$PhantomCleanableRef'{0x0000000089adcad8} (89adcad8)
 - 'next' 'Ljdk/internal/ref/PhantomCleanable;' @32  a 'jdk/internal/ref/CleanerImpl$PhantomCleanableRef'{0x0000000089adcad8} (89adcad8)
 - private final 'list' 'Ljdk/internal/ref/PhantomCleanable;' @36  a 'jdk/internal/ref/CleanerImpl$PhantomCleanableRef'{0x0000000089c11db8} (89c11db8)
 - private final 'action' 'Ljava/lang/Runnable;' @40  a 'sun/nio/ch/NioSocketImpl$$Lambda$15+0x0000000800c4a0f0'{0x0000000089adcac8} (89adcac8)
RDI=0x00000171c63494fe is at code_begin+1118 in an Interpreter codelet
return entry points  [0x00000171c63490a0, 0x00000171c6349ba0]  2816 bytes
R8 =0x0000000000000001 is an unknown value
R9 =0x0000000089ac2548 is an oop: java.net.Socket 
{0x0000000089ac2548} - klass: 'java/net/Socket'
 - ---- fields (total size 5 words):
 - private 'created' 'Z' @12  true
 - private 'bound' 'Z' @13  true
 - private 'connected' 'Z' @14  true
 - private 'closed' 'Z' @15  true
 - private 'shutIn' 'Z' @16  false
 - private 'shutOut' 'Z' @17  false
 - private 'closeLock' 'Ljava/lang/Object;' @20  a 'java/lang/Object'{0x0000000089adc990} (89adc990)
 - 'impl' 'Ljava/net/SocketImpl;' @24  a 'java/net/SocksSocketImpl'{0x0000000089adca60} (89adca60)
 - private volatile 'in' 'Ljava/io/InputStream;' @28  a 'java/net/Socket$SocketInputStream'{0x0000000089ae7340} (89ae7340)
 - private volatile 'out' 'Ljava/io/OutputStream;' @32  a 'java/net/Socket$SocketOutputStream'{0x0000000089add2a8} (89add2a8)
 - private volatile 'options' 'Ljava/util/Set;' @36  NULL (0)
R10=0x0000000064a90800 imgui-java64.dll
R11=0x00000171cde620c0 is at entry_point+32 in (nmethod*)0x00000171cde61f10
Compiled method (n/a)   30300 1055     n 0       imgui.ImGui::end (native)
 total in heap  [0x00000171cde61f10,0x00000171cde622c0] = 944
 relocation     [0x00000171cde62068,0x00000171cde62098] = 48
 main code      [0x00000171cde620a0,0x00000171cde622b8] = 536
 oops           [0x00000171cde622b8,0x00000171cde622c0] = 8
R12=0x0 is NULL
R13=0x00000035d06fef68 is pointing into the stack for thread: 0x00000171e1451320
R14=0x00000035d06fef40 is pointing into the stack for thread: 0x00000171e1451320
R15=0x00000171e1451320 is a thread


Registers:
RAX=0x00000171dd56ff58, RBX=0x0000000000000000, RCX=0x00000171e14515b0, RDX=0x00000035d06fef40
RSP=0x00000035d06feeb0, RBP=0x00000035d06fef50, RSI=0x0000000089adcad8, RDI=0x00000171c63494fe
R8 =0x0000000000000001, R9 =0x0000000089ac2548, R10=0x0000000064a90800, R11=0x00000171cde620c0
R12=0x0000000000000000, R13=0x00000035d06fef68, R14=0x00000035d06fef40, R15=0x00000171e1451320
RIP=0x0000000064a61fed, EFLAGS=0x0000000000010202

Top of Stack: (sp=0x00000035d06feeb0)
0x00000035d06feeb0:   00000171dd434f68 0000000000000000
0x00000035d06feec0:   0000000089878bf8 00000171dd426ea8
0x00000035d06feed0:   0000000000000000 00000171dd56ff58
0x00000035d06feee0:   0000000089adcad8 00000171cde6217e
0x00000035d06feef0:   0000000000000000 0000000089878f98
0x00000035d06fef00:   00000035d06fef00 00000171dd42773b
0x00000035d06fef10:   00000035d06fef60 00000171dd434f68
0x00000035d06fef20:   0000000000000000 0000000089878bf8
0x00000035d06fef30:   00000171dd427778 0000000000000000
0x00000035d06fef40:   00000000894fcf68 00000035d06fefb0
0x00000035d06fef50:   00000035d06fefb0 00000171c63494fe
0x00000035d06fef60:   00000171c63494fe 00000035d06fef68
0x00000035d06fef70:   00000171dd4369d8 00000035d06fefc0
0x00000035d06fef80:   00000171dd436ad8 0000000000000000
0x00000035d06fef90:   000000008987b188 00000171dd4369f8
0x00000035d06fefa0:   00000035d06fef68 00000035d06fefc0 

Instructions: (pc=0x0000000064a61fed)
0x0000000064a61eed:   c0 48 83 c4 28 5b 5e 5f 5d 41 5c 41 5d 41 5e 41
0x0000000064a61efd:   5f c3 90 39 c5 7c e7 e8 d7 e0 12 00 84 c0 74 2b
0x0000000064a61f0d:   4c 8d 05 a6 f5 4a 00 ba 06 07 00 00 48 8d 0d b1
0x0000000064a61f1d:   f5 4a 00 e8 db df 12 00 48 8b 86 48 1f 00 00 4e
0x0000000064a61f2d:   8b 04 38 eb b9 66 0f 1f 44 00 00 3b ae 40 1f 00
0x0000000064a61f3d:   00 7c 1a 41 b8 06 07 00 00 48 8d 15 6d f5 4a 00
0x0000000064a61f4d:   48 8d 0d 7d f5 4a 00 ff 15 be 57 da 00 48 8b 86
0x0000000064a61f5d:   48 1f 00 00 4e 8b 04 38 eb 84 66 0f 1f 84 00 00
0x0000000064a61f6d:   00 00 00 48 8b 05 d1 71 55 00 48 89 d1 48 8b 90
0x0000000064a61f7d:   58 1f 00 00 48 85 c9 74 3a 44 8b 80 a8 1c 00 00
0x0000000064a61f8d:   44 89 41 60 48 39 d1 74 44 f3 0f 10 41 28 48 89
0x0000000064a61f9d:   88 58 1f 00 00 f3 0f 11 80 50 1f 00 00 48 8b 80
0x0000000064a61fad:   f0 15 00 00 48 85 c0 74 24 48 ff e0 0f 1f 80 00
0x0000000064a61fbd:   00 00 00 48 85 d2 74 15 c7 80 50 1f 00 00 00 00
0x0000000064a61fcd:   80 3f 48 c7 80 58 1f 00 00 00 00 00 00 c3 0f 1f
0x0000000064a61fdd:   44 00 00 56 53 48 83 ec 28 48 8b 1d 5b 71 55 00
0x0000000064a61fed:   8b 83 f8 1c 00 00 48 8b b3 28 1d 00 00 83 f8 01
0x0000000064a61ffd:   0f 8e 0d 02 00 00 8b 46 0c 25 00 00 00 21 3d 00
0x0000000064a6200d:   00 00 01 0f 84 4a 02 00 00 48 83 be b8 01 00 00
0x0000000064a6201d:   00 74 05 e8 8b 03 0c 00 8b 46 0c a9 00 00 00 20
0x0000000064a6202d:   0f 84 bd 02 00 00 a9 00 00 00 01 0f 84 a2 02 00
0x0000000064a6203d:   00 48 8b 86 10 04 00 00 48 85 c0 74 49 f6 86 f1
0x0000000064a6204d:   03 00 00 04 74 40 48 8b 80 88 00 00 00 48 85 c0
0x0000000064a6205d:   74 34 f3 0f 10 86 2c 01 00 00 f3 0f 10 8e 28 01
0x0000000064a6206d:   00 00 f3 0f 58 46 7c f3 0f 58 4e 78 f3 0f 5c 40
0x0000000064a6207d:   7c f3 0f 5c 48 78 f3 0f 11 80 2c 01 00 00 f3 0f
0x0000000064a6208d:   11 88 28 01 00 00 48 63 93 f8 1c 00 00 85 d2 0f
0x0000000064a6209d:   8e 5e 02 00 00 48 63 c2 48 8d 0c 80 48 8d 04 48
0x0000000064a620ad:   48 8b 8b 00 1d 00 00 48 8d 04 c1 f3 0f 6f 50 b0
0x0000000064a620bd:   48 83 e8 58 0f 11 93 e8 1d 00 00 f3 0f 6f 58 18
0x0000000064a620cd:   0f 11 9b f8 1d 00 00 f3 0f 6f 60 28 0f 11 a3 08
0x0000000064a620dd:   1e 00 00 48 8b 48 38 48 89 8b 18 1e 00 00 8b 40 


Stack slot to memory mapping:
stack at sp + 0 slots: 0x00000171dd434f68 is pointing into metadata
stack at sp + 1 slots: 0x0 is NULL
stack at sp + 2 slots: 0x0000000089878bf8 is an oop: java.lang.Class 
{0x0000000089878bf8} - klass: 'java/lang/Class'
 - ---- fields (total size 14 words):
 - private volatile transient 'classRedefinedCount' 'I' @12  0
 - abstract internal 'klass' 'J' @16  34372364512 (c0a8e0 8)
 - abstract internal 'array_klass' 'J' @24  0 (0 0)
 - abstract internal 'oop_size' 'I' @32  14 (e)
 - abstract internal 'static_oop_field_count' 'I' @36  0
 - private volatile transient 'cachedConstructor' 'Ljava/lang/reflect/Constructor;' @40  NULL (0)
 - private transient 'name' 'Ljava/lang/String;' @44  "Client.Loop.ClientLoop"{0x0000000089878c78} (89878c78)
 - private transient 'module' 'Ljava/lang/Module;' @48  a 'java/lang/Module'{0x0000000089debe20} (89debe20)
 - private final 'classLoader' 'Ljava/lang/ClassLoader;' @52  a 'jdk/internal/loader/ClassLoaders$AppClassLoader'{0x0000000089debc60} (89debc60)
 - private transient 'classData' 'Ljava/lang/Object;' @56  NULL (0)
 - private transient 'packageName' 'Ljava/lang/String;' @60  "Client.Loop"{0x0000000089867a80} (89867a80)
 - private final 'componentType' 'Ljava/lang/Class;' @64  NULL (0)
 - private volatile transient 'reflectionData' 'Ljava/lang/ref/SoftReference;' @68  NULL (0)
 - private volatile transient 'genericInfo' 'Lsun/reflect/generics/repository/ClassRepository;' @72  NULL (0)
 - private volatile transient 'enumConstants' '[Ljava/lang/Object;' @76  NULL (0)
 - private volatile transient 'enumConstantDirectory' 'Ljava/util/Map;' @80  NULL (0)
 - private volatile transient 'annotationData' 'Ljava/lang/Class$AnnotationData;' @84  NULL (0)
 - private volatile transient 'annotationType' 'Lsun/reflect/annotation/AnnotationType;' @88  NULL (0)
 - transient 'classValueMap' 'Ljava/lang/ClassValue$ClassValueMap;' @92  NULL (0)
 - abstract internal 'protection_domain' 'Ljava/lang/Object;' @96  a 'java/security/ProtectionDomain'{0x0000000089abd470} (89abd470)
 - abstract internal 'signers_name' 'Ljava/lang/Object;' @100  NULL (0)
 - abstract internal 'source_file' 'Ljava/lang/Object;' @104  NULL (0)
 - signature: LClient/Loop/ClientLoop;
 - ---- static fields (0):
stack at sp + 3 slots: {method} {0x00000171dd426eb0} 'dispose' '()V' in 'Client/Loop/ClientLoop'
stack at sp + 4 slots: 0x0 is NULL
stack at sp + 5 slots: {method} {0x00000171dd56ff60} 'end' '()V' in 'imgui/ImGui'
stack at sp + 6 slots: 0x0000000089adcad8 is an oop: jdk.internal.ref.CleanerImpl$PhantomCleanableRef 
{0x0000000089adcad8} - klass: 'jdk/internal/ref/CleanerImpl$PhantomCleanableRef'
 - ---- fields (total size 6 words):
 - private 'referent' 'Ljava/lang/Object;' @12  NULL (0)
 - volatile 'queue' 'Ljava/lang/ref/ReferenceQueue;' @16  a 'java/lang/ref/ReferenceQueue'{0x0000000089c11bd8} (89c11bd8)
 - volatile 'next' 'Ljava/lang/ref/Reference;' @20  NULL (0)
 - private transient 'discovered' 'Ljava/lang/ref/Reference;' @24  NULL (0)
 - 'prev' 'Ljdk/internal/ref/PhantomCleanable;' @28  a 'jdk/internal/ref/CleanerImpl$PhantomCleanableRef'{0x0000000089adcad8} (89adcad8)
 - 'next' 'Ljdk/internal/ref/PhantomCleanable;' @32  a 'jdk/internal/ref/CleanerImpl$PhantomCleanableRef'{0x0000000089adcad8} (89adcad8)
 - private final 'list' 'Ljdk/internal/ref/PhantomCleanable;' @36  a 'jdk/internal/ref/CleanerImpl$PhantomCleanableRef'{0x0000000089c11db8} (89c11db8)
 - private final 'action' 'Ljava/lang/Runnable;' @40  a 'sun/nio/ch/NioSocketImpl$$Lambda$15+0x0000000800c4a0f0'{0x0000000089adcac8} (89adcac8)
stack at sp + 7 slots: 0x00000171cde6217e is at entry_point+222 in (nmethod*)0x00000171cde61f10
Compiled method (n/a)   30311 1055     n 0       imgui.ImGui::end (native)
 total in heap  [0x00000171cde61f10,0x00000171cde622c0] = 944
 relocation     [0x00000171cde62068,0x00000171cde62098] = 48
 main code      [0x00000171cde620a0,0x00000171cde622b8] = 536
 oops           [0x00000171cde622b8,0x00000171cde622c0] = 8


Compiled method (n/a)   30313 1055     n 0       imgui.ImGui::end (native)
 total in heap  [0x00000171cde61f10,0x00000171cde622c0] = 944
 relocation     [0x00000171cde62068,0x00000171cde62098] = 48
 main code      [0x00000171cde620a0,0x00000171cde622b8] = 536
 oops           [0x00000171cde622b8,0x00000171cde622c0] = 8

[Constant Pool (empty)]

[MachCode]
[Entry Point]
  # {method} {0x00000171dd56ff60} 'end' '()V' in 'imgui/ImGui'
  #           [sp+0x70]  (sp of caller)
  0x00000171cde620a0: 448b 5208 | 49bb 0000 | 0000 0800 | 0000 4d03 | d349 3bc2 | 0f84 0600 

  0x00000171cde620b8: ;   {runtime_call ic_miss_stub}
  0x00000171cde620b8: 0000 e9c1 | a952 f890 
[Verified Entry Point]
  0x00000171cde620c0: 8984 2400 | 90ff ff55 | 488b ec48 

  0x00000171cde620cc: ;   {oop(a 'java/lang/Class'{0x00000000894fcf68} = 'imgui/ImGui')}
  0x00000171cde620cc: 83ec 6049 | be68 cf4f | 8900 0000 | 004c 8974 | 2450 4c8d | 7424 5049 | 8bd6 c5f8 

  0x00000171cde620e8: ;   {internal_word}
  0x00000171cde620e8: 7749 bae6 | 20e6 cd71 | 0100 004d | 8997 7802 | 0000 4989 | a770 0200 

  0x00000171cde62100: ;   {external_word}
  0x00000171cde62100: 0049 ba77 | 2122 4dff | 7f00 0041 | 803a 000f | 844a 0000 

  0x00000171cde62114: ;   {metadata({method} {0x00000171dd56ff60} 'end' '()V' in 'imgui/ImGui')}
  0x00000171cde62114: 0052 48ba | 58ff 56dd | 7101 0000 | 498b cf48 | 83ec 20f7 | c40f 0000 | 000f 841a | 0000 0048 
  0x00000171cde62134: ;   {runtime_call}
  0x00000171cde62134: 83ec 0849 | ba00 80d7 | 4cff 7f00 | 0041 ffd2 | 4883 c408 | e90d 0000 

  0x00000171cde6214c: ;   {runtime_call}
  0x00000171cde6214c: 0049 ba00 | 80d7 4cff | 7f00 0041 | ffd2 4883 | c420 5a49 | 8d8f 9002 | 0000 41c7 | 8730 0300 
  0x00000171cde6216c: 0004 0000 

  0x00000171cde62170: ;   {runtime_call}
  0x00000171cde62170: 0049 ba00 | 08a9 6400 | 0000 0041 | ffd2 c5f8 | 7741 c787 | 3003 0000 | 0500 0000 | f083 4424 
  0x00000171cde62190: c000 493b | af38 0300 | 000f 8711 | 0000 0041 | 81bf 2003 | 0000 0000 | 0000 0f84 | 2400 0000 
  0x00000171cde621b0: c5f8 7749 | 8bcf 4c8b | e448 83ec | 2048 83e4 

  0x00000171cde621c0: ;   {runtime_call}
  0x00000171cde621c0: f049 ba70 | a1e6 4cff | 7f00 0041 | ffd2 498b | e44d 33e4 | 41c7 8730 | 0300 0008 | 0000 0041 
  0x00000171cde621e0: 81bf a003 | 0000 0200 | 0000 0f84 | 9b00 0000 

  0x00000171cde621f0: ;   {external_word}
  0x00000171cde621f0: 49ba 7721 | 224d ff7f | 0000 4180 | 3a00 0f84 | 4800 0000 

  0x00000171cde62204: ;   {metadata({method} {0x00000171dd56ff60} 'end' '()V' in 'imgui/ImGui')}
  0x00000171cde62204: 48ba 58ff | 56dd 7101 | 0000 498b | cf48 83ec | 20f7 c40f | 0000 000f | 841a 0000 | 0048 83ec 
  0x00000171cde62224: ;   {runtime_call}
  0x00000171cde62224: 0849 ba00 | 80d7 4cff | 7f00 0041 | ffd2 4883 | c408 e90d 

  0x00000171cde62238: ;   {runtime_call}
  0x00000171cde62238: 0000 0049 | ba00 80d7 | 4cff 7f00 | 0041 ffd2 | 4883 c420 | 49c7 8770 | 0200 0000 | 0000 0049 
  0x00000171cde62258: c787 7802 | 0000 0000 | 0000 c5f8 | 7749 8b8f | 0003 0000 | c781 0001 | 0000 0000 | 0000 c949 
  0x00000171cde62278: 817f 0800 | 0000 000f | 8501 0000 

  0x00000171cde62284: ;   {runtime_call StubRoutines (1)}
  0x00000171cde62284: 00c3 e975 | ec4d f8c5 | f877 4c8b | e448 83ec | 2048 83e4 

  0x00000171cde62298: ;   {runtime_call}
  0x00000171cde62298: f049 bab0 | b0d7 4cff | 7f00 0041 | ffd2 498b | e44d 33e4 | e93f ffff | fff4 f4f4 | f4f4 f4f4 
[/MachCode]


---------------  P R O C E S S  ---------------

Threads class SMR info:
_java_thread_list=0x00000171e146ee30, length=14, elements={
0x00000171dcb4e3c0, 0x00000171dcb4ef30, 0x00000171dcb68510, 0x00000171dcb68dc0,
0x00000171dcb69670, 0x00000171dcb6a060, 0x00000171dcb6e3c0, 0x00000171dcb76e00,
0x00000171dcb8eb40, 0x00000171e106e390, 0x00000171e1222d50, 0x00000171e1223210,
0x00000171e1451320, 0x00000171be76f750
}

Java Threads: ( => current thread )
  0x00000171dcb4e3c0 JavaThread "Reference Handler" daemon [_thread_blocked, id=9124, stack(0x00000035cf800000,0x00000035cf900000)]
  0x00000171dcb4ef30 JavaThread "Finalizer" daemon [_thread_blocked, id=11596, stack(0x00000035cf900000,0x00000035cfa00000)]
  0x00000171dcb68510 JavaThread "Signal Dispatcher" daemon [_thread_blocked, id=1500, stack(0x00000035cfa00000,0x00000035cfb00000)]
  0x00000171dcb68dc0 JavaThread "Attach Listener" daemon [_thread_blocked, id=1452, stack(0x00000035cfb00000,0x00000035cfc00000)]
  0x00000171dcb69670 JavaThread "Service Thread" daemon [_thread_blocked, id=5972, stack(0x00000035cfc00000,0x00000035cfd00000)]
  0x00000171dcb6a060 JavaThread "Monitor Deflation Thread" daemon [_thread_blocked, id=6112, stack(0x00000035cfd00000,0x00000035cfe00000)]
  0x00000171dcb6e3c0 JavaThread "C2 CompilerThread0" daemon [_thread_blocked, id=12404, stack(0x00000035cfe00000,0x00000035cff00000)]
  0x00000171dcb76e00 JavaThread "C1 CompilerThread0" daemon [_thread_blocked, id=12764, stack(0x00000035cff00000,0x00000035d0000000)]
  0x00000171dcb8eb40 JavaThread "Sweeper thread" daemon [_thread_blocked, id=12960, stack(0x00000035d0000000,0x00000035d0100000)]
  0x00000171e106e390 JavaThread "Common-Cleaner" daemon [_thread_blocked, id=11148, stack(0x00000035d0100000,0x00000035d0200000)]
  0x00000171e1222d50 JavaThread "Monitor Ctrl-Break" daemon [_thread_in_native, id=9628, stack(0x00000035d0300000,0x00000035d0400000)]
  0x00000171e1223210 JavaThread "Notification Thread" daemon [_thread_blocked, id=1828, stack(0x00000035d0400000,0x00000035d0500000)]
=>0x00000171e1451320 JavaThread "Thread-0" [_thread_in_native, id=7568, stack(0x00000035d0600000,0x00000035d0700000)]
  0x00000171be76f750 JavaThread "DestroyJavaVM" [_thread_blocked, id=12996, stack(0x00000035cf100000,0x00000035cf200000)]

Other Threads:
  0x00000171be7f2e40 VMThread "VM Thread" [stack: 0x00000035cf700000,0x00000035cf800000] [id=1140]
  0x00000171e1423bb0 WatcherThread "VM Periodic Task Thread" [stack: 0x00000035d0500000,0x00000035d0600000] [id=3260]
  0x00000171be7d1ab0 WorkerThread "GC Thread#0" [stack: 0x00000035cf200000,0x00000035cf300000] [id=12768]
  0x00000171be7e2430 ConcurrentGCThread "G1 Main Marker" [stack: 0x00000035cf300000,0x00000035cf400000] [id=5648]
  0x00000171be7e3470 WorkerThread "G1 Conc#0" [stack: 0x00000035cf400000,0x00000035cf500000] [id=880]
  0x00000171be8306a0 ConcurrentGCThread "G1 Refine#0" [stack: 0x00000035cf500000,0x00000035cf600000] [id=10736]
  0x00000171be830ec0 ConcurrentGCThread "G1 Service" [stack: 0x00000035cf600000,0x00000035cf700000] [id=9492]

Threads with active compile tasks:

VM state: not at safepoint (normal execution)

VM Mutex/Monitor currently owned by a thread: None

Heap address: 0x0000000081e00000, size: 2018 MB, Compressed Oops mode: 32-bit

CDS archive(s) mapped at: [0x0000000800000000-0x0000000800ba0000-0x0000000800ba0000), size 12189696, SharedBaseAddress: 0x0000000800000000, ArchiveRelocationMode: 0.
Compressed class space mapped at: 0x0000000800c00000-0x0000000840c00000, reserved size: 1073741824
Narrow klass base: 0x0000000800000000, Narrow klass shift: 0, Narrow klass range: 0x100000000

GC Precious Log:
 CardTable entry size: 512
 Card Set container configuration: InlinePtr #cards 5 size 8 Array Of Cards #cards 12 size 40 Howl #buckets 4 coarsen threshold 1843 Howl Bitmap #cards 512 size 80 coarsen threshold 460 Card regions per heap region 1 cards per card region 2048
 CPUs: 8 total, 8 available
 Memory: 8066M
 Large Page Support: Disabled
 NUMA Support: Disabled
 Compressed Oops: Enabled (32-bit)
 Heap Region Size: 1M
 Heap Min Capacity: 8M
 Heap Initial Capacity: 128M
 Heap Max Capacity: 2018M
 Pre-touch: Disabled
 Parallel Workers: 8
 Concurrent Workers: 2
 Concurrent Refinement Workers: 8
 Periodic GC: Disabled

Heap:
 garbage-first heap   total 131072K, used 15360K [0x0000000081e00000, 0x0000000100000000)
  region size 1024K, 16 young (16384K), 0 survivors (0K)
 Metaspace       used 6388K, committed 6656K, reserved 1114112K
  class space    used 464K, committed 576K, reserved 1048576K

Heap Regions: E=young(eden), S=young(survivor), O=old, HS=humongous(starts), HC=humongous(continues), CS=collection set, F=free, OA=open archive, CA=closed archive, TAMS=top-at-mark-start (previous, next)
|   0|0x0000000081e00000, 0x0000000081f00000, 0x0000000081f00000|100%|HS|  |TAMS 0x0000000081e00000, 0x0000000081e00000| Complete 
|   1|0x0000000081f00000, 0x0000000081f00000, 0x0000000082000000|  0%| F|  |TAMS 0x0000000081f00000, 0x0000000081f00000| Untracked 
|   2|0x0000000082000000, 0x0000000082000000, 0x0000000082100000|  0%| F|  |TAMS 0x0000000082000000, 0x0000000082000000| Untracked 
|   3|0x0000000082100000, 0x0000000082100000, 0x0000000082200000|  0%| F|  |TAMS 0x0000000082100000, 0x0000000082100000| Untracked 
|   4|0x0000000082200000, 0x0000000082200000, 0x0000000082300000|  0%| F|  |TAMS 0x0000000082200000, 0x0000000082200000| Untracked 
|   5|0x0000000082300000, 0x0000000082300000, 0x0000000082400000|  0%| F|  |TAMS 0x0000000082300000, 0x0000000082300000| Untracked 
|   6|0x0000000082400000, 0x0000000082400000, 0x0000000082500000|  0%| F|  |TAMS 0x0000000082400000, 0x0000000082400000| Untracked 
|   7|0x0000000082500000, 0x0000000082500000, 0x0000000082600000|  0%| F|  |TAMS 0x0000000082500000, 0x0000000082500000| Untracked 
|   8|0x0000000082600000, 0x0000000082600000, 0x0000000082700000|  0%| F|  |TAMS 0x0000000082600000, 0x0000000082600000| Untracked 
|   9|0x0000000082700000, 0x0000000082700000, 0x0000000082800000|  0%| F|  |TAMS 0x0000000082700000, 0x0000000082700000| Untracked 
|  10|0x0000000082800000, 0x0000000082800000, 0x0000000082900000|  0%| F|  |TAMS 0x0000000082800000, 0x0000000082800000| Untracked 
|  11|0x0000000082900000, 0x0000000082900000, 0x0000000082a00000|  0%| F|  |TAMS 0x0000000082900000, 0x0000000082900000| Untracked 
|  12|0x0000000082a00000, 0x0000000082a00000, 0x0000000082b00000|  0%| F|  |TAMS 0x0000000082a00000, 0x0000000082a00000| Untracked 
|  13|0x0000000082b00000, 0x0000000082b00000, 0x0000000082c00000|  0%| F|  |TAMS 0x0000000082b00000, 0x0000000082b00000| Untracked 
|  14|0x0000000082c00000, 0x0000000082c00000, 0x0000000082d00000|  0%| F|  |TAMS 0x0000000082c00000, 0x0000000082c00000| Untracked 
|  15|0x0000000082d00000, 0x0000000082d00000, 0x0000000082e00000|  0%| F|  |TAMS 0x0000000082d00000, 0x0000000082d00000| Untracked 
|  16|0x0000000082e00000, 0x0000000082e00000, 0x0000000082f00000|  0%| F|  |TAMS 0x0000000082e00000, 0x0000000082e00000| Untracked 
|  17|0x0000000082f00000, 0x0000000082f00000, 0x0000000083000000|  0%| F|  |TAMS 0x0000000082f00000, 0x0000000082f00000| Untracked 
|  18|0x0000000083000000, 0x0000000083000000, 0x0000000083100000|  0%| F|  |TAMS 0x0000000083000000, 0x0000000083000000| Untracked 
|  19|0x0000000083100000, 0x0000000083100000, 0x0000000083200000|  0%| F|  |TAMS 0x0000000083100000, 0x0000000083100000| Untracked 
|  20|0x0000000083200000, 0x0000000083200000, 0x0000000083300000|  0%| F|  |TAMS 0x0000000083200000, 0x0000000083200000| Untracked 
|  21|0x0000000083300000, 0x0000000083300000, 0x0000000083400000|  0%| F|  |TAMS 0x0000000083300000, 0x0000000083300000| Untracked 
|  22|0x0000000083400000, 0x0000000083400000, 0x0000000083500000|  0%| F|  |TAMS 0x0000000083400000, 0x0000000083400000| Untracked 
|  23|0x0000000083500000, 0x0000000083500000, 0x0000000083600000|  0%| F|  |TAMS 0x0000000083500000, 0x0000000083500000| Untracked 
|  24|0x0000000083600000, 0x0000000083600000, 0x0000000083700000|  0%| F|  |TAMS 0x0000000083600000, 0x0000000083600000| Untracked 
|  25|0x0000000083700000, 0x0000000083700000, 0x0000000083800000|  0%| F|  |TAMS 0x0000000083700000, 0x0000000083700000| Untracked 
|  26|0x0000000083800000, 0x0000000083800000, 0x0000000083900000|  0%| F|  |TAMS 0x0000000083800000, 0x0000000083800000| Untracked 
|  27|0x0000000083900000, 0x0000000083900000, 0x0000000083a00000|  0%| F|  |TAMS 0x0000000083900000, 0x0000000083900000| Untracked 
|  28|0x0000000083a00000, 0x0000000083a00000, 0x0000000083b00000|  0%| F|  |TAMS 0x0000000083a00000, 0x0000000083a00000| Untracked 
|  29|0x0000000083b00000, 0x0000000083b00000, 0x0000000083c00000|  0%| F|  |TAMS 0x0000000083b00000, 0x0000000083b00000| Untracked 
|  30|0x0000000083c00000, 0x0000000083c00000, 0x0000000083d00000|  0%| F|  |TAMS 0x0000000083c00000, 0x0000000083c00000| Untracked 
|  31|0x0000000083d00000, 0x0000000083d00000, 0x0000000083e00000|  0%| F|  |TAMS 0x0000000083d00000, 0x0000000083d00000| Untracked 
|  32|0x0000000083e00000, 0x0000000083e00000, 0x0000000083f00000|  0%| F|  |TAMS 0x0000000083e00000, 0x0000000083e00000| Untracked 
|  33|0x0000000083f00000, 0x0000000083f00000, 0x0000000084000000|  0%| F|  |TAMS 0x0000000083f00000, 0x0000000083f00000| Untracked 
|  34|0x0000000084000000, 0x0000000084000000, 0x0000000084100000|  0%| F|  |TAMS 0x0000000084000000, 0x0000000084000000| Untracked 
|  35|0x0000000084100000, 0x0000000084100000, 0x0000000084200000|  0%| F|  |TAMS 0x0000000084100000, 0x0000000084100000| Untracked 
|  36|0x0000000084200000, 0x0000000084200000, 0x0000000084300000|  0%| F|  |TAMS 0x0000000084200000, 0x0000000084200000| Untracked 
|  37|0x0000000084300000, 0x0000000084300000, 0x0000000084400000|  0%| F|  |TAMS 0x0000000084300000, 0x0000000084300000| Untracked 
|  38|0x0000000084400000, 0x0000000084400000, 0x0000000084500000|  0%| F|  |TAMS 0x0000000084400000, 0x0000000084400000| Untracked 
|  39|0x0000000084500000, 0x0000000084500000, 0x0000000084600000|  0%| F|  |TAMS 0x0000000084500000, 0x0000000084500000| Untracked 
|  40|0x0000000084600000, 0x0000000084600000, 0x0000000084700000|  0%| F|  |TAMS 0x0000000084600000, 0x0000000084600000| Untracked 
|  41|0x0000000084700000, 0x0000000084700000, 0x0000000084800000|  0%| F|  |TAMS 0x0000000084700000, 0x0000000084700000| Untracked 
|  42|0x0000000084800000, 0x0000000084800000, 0x0000000084900000|  0%| F|  |TAMS 0x0000000084800000, 0x0000000084800000| Untracked 
|  43|0x0000000084900000, 0x0000000084900000, 0x0000000084a00000|  0%| F|  |TAMS 0x0000000084900000, 0x0000000084900000| Untracked 
|  44|0x0000000084a00000, 0x0000000084a00000, 0x0000000084b00000|  0%| F|  |TAMS 0x0000000084a00000, 0x0000000084a00000| Untracked 
|  45|0x0000000084b00000, 0x0000000084b00000, 0x0000000084c00000|  0%| F|  |TAMS 0x0000000084b00000, 0x0000000084b00000| Untracked 
|  46|0x0000000084c00000, 0x0000000084c00000, 0x0000000084d00000|  0%| F|  |TAMS 0x0000000084c00000, 0x0000000084c00000| Untracked 
|  47|0x0000000084d00000, 0x0000000084d00000, 0x0000000084e00000|  0%| F|  |TAMS 0x0000000084d00000, 0x0000000084d00000| Untracked 
|  48|0x0000000084e00000, 0x0000000084e00000, 0x0000000084f00000|  0%| F|  |TAMS 0x0000000084e00000, 0x0000000084e00000| Untracked 
|  49|0x0000000084f00000, 0x0000000084f00000, 0x0000000085000000|  0%| F|  |TAMS 0x0000000084f00000, 0x0000000084f00000| Untracked 
|  50|0x0000000085000000, 0x0000000085000000, 0x0000000085100000|  0%| F|  |TAMS 0x0000000085000000, 0x0000000085000000| Untracked 
|  51|0x0000000085100000, 0x0000000085100000, 0x0000000085200000|  0%| F|  |TAMS 0x0000000085100000, 0x0000000085100000| Untracked 
|  52|0x0000000085200000, 0x0000000085200000, 0x0000000085300000|  0%| F|  |TAMS 0x0000000085200000, 0x0000000085200000| Untracked 
|  53|0x0000000085300000, 0x0000000085300000, 0x0000000085400000|  0%| F|  |TAMS 0x0000000085300000, 0x0000000085300000| Untracked 
|  54|0x0000000085400000, 0x0000000085400000, 0x0000000085500000|  0%| F|  |TAMS 0x0000000085400000, 0x0000000085400000| Untracked 
|  55|0x0000000085500000, 0x0000000085500000, 0x0000000085600000|  0%| F|  |TAMS 0x0000000085500000, 0x0000000085500000| Untracked 
|  56|0x0000000085600000, 0x0000000085600000, 0x0000000085700000|  0%| F|  |TAMS 0x0000000085600000, 0x0000000085600000| Untracked 
|  57|0x0000000085700000, 0x0000000085700000, 0x0000000085800000|  0%| F|  |TAMS 0x0000000085700000, 0x0000000085700000| Untracked 
|  58|0x0000000085800000, 0x0000000085800000, 0x0000000085900000|  0%| F|  |TAMS 0x0000000085800000, 0x0000000085800000| Untracked 
|  59|0x0000000085900000, 0x0000000085900000, 0x0000000085a00000|  0%| F|  |TAMS 0x0000000085900000, 0x0000000085900000| Untracked 
|  60|0x0000000085a00000, 0x0000000085a00000, 0x0000000085b00000|  0%| F|  |TAMS 0x0000000085a00000, 0x0000000085a00000| Untracked 
|  61|0x0000000085b00000, 0x0000000085b00000, 0x0000000085c00000|  0%| F|  |TAMS 0x0000000085b00000, 0x0000000085b00000| Untracked 
|  62|0x0000000085c00000, 0x0000000085c00000, 0x0000000085d00000|  0%| F|  |TAMS 0x0000000085c00000, 0x0000000085c00000| Untracked 
|  63|0x0000000085d00000, 0x0000000085d00000, 0x0000000085e00000|  0%| F|  |TAMS 0x0000000085d00000, 0x0000000085d00000| Untracked 
|  64|0x0000000085e00000, 0x0000000085e00000, 0x0000000085f00000|  0%| F|  |TAMS 0x0000000085e00000, 0x0000000085e00000| Untracked 
|  65|0x0000000085f00000, 0x0000000085f00000, 0x0000000086000000|  0%| F|  |TAMS 0x0000000085f00000, 0x0000000085f00000| Untracked 
|  66|0x0000000086000000, 0x0000000086000000, 0x0000000086100000|  0%| F|  |TAMS 0x0000000086000000, 0x0000000086000000| Untracked 
|  67|0x0000000086100000, 0x0000000086100000, 0x0000000086200000|  0%| F|  |TAMS 0x0000000086100000, 0x0000000086100000| Untracked 
|  68|0x0000000086200000, 0x0000000086200000, 0x0000000086300000|  0%| F|  |TAMS 0x0000000086200000, 0x0000000086200000| Untracked 
|  69|0x0000000086300000, 0x0000000086300000, 0x0000000086400000|  0%| F|  |TAMS 0x0000000086300000, 0x0000000086300000| Untracked 
|  70|0x0000000086400000, 0x0000000086400000, 0x0000000086500000|  0%| F|  |TAMS 0x0000000086400000, 0x0000000086400000| Untracked 
|  71|0x0000000086500000, 0x0000000086500000, 0x0000000086600000|  0%| F|  |TAMS 0x0000000086500000, 0x0000000086500000| Untracked 
|  72|0x0000000086600000, 0x0000000086600000, 0x0000000086700000|  0%| F|  |TAMS 0x0000000086600000, 0x0000000086600000| Untracked 
|  73|0x0000000086700000, 0x0000000086700000, 0x0000000086800000|  0%| F|  |TAMS 0x0000000086700000, 0x0000000086700000| Untracked 
|  74|0x0000000086800000, 0x0000000086800000, 0x0000000086900000|  0%| F|  |TAMS 0x0000000086800000, 0x0000000086800000| Untracked 
|  75|0x0000000086900000, 0x0000000086900000, 0x0000000086a00000|  0%| F|  |TAMS 0x0000000086900000, 0x0000000086900000| Untracked 
|  76|0x0000000086a00000, 0x0000000086a00000, 0x0000000086b00000|  0%| F|  |TAMS 0x0000000086a00000, 0x0000000086a00000| Untracked 
|  77|0x0000000086b00000, 0x0000000086b00000, 0x0000000086c00000|  0%| F|  |TAMS 0x0000000086b00000, 0x0000000086b00000| Untracked 
|  78|0x0000000086c00000, 0x0000000086c00000, 0x0000000086d00000|  0%| F|  |TAMS 0x0000000086c00000, 0x0000000086c00000| Untracked 
|  79|0x0000000086d00000, 0x0000000086d00000, 0x0000000086e00000|  0%| F|  |TAMS 0x0000000086d00000, 0x0000000086d00000| Untracked 
|  80|0x0000000086e00000, 0x0000000086e00000, 0x0000000086f00000|  0%| F|  |TAMS 0x0000000086e00000, 0x0000000086e00000| Untracked 
|  81|0x0000000086f00000, 0x0000000086f00000, 0x0000000087000000|  0%| F|  |TAMS 0x0000000086f00000, 0x0000000086f00000| Untracked 
|  82|0x0000000087000000, 0x0000000087000000, 0x0000000087100000|  0%| F|  |TAMS 0x0000000087000000, 0x0000000087000000| Untracked 
|  83|0x0000000087100000, 0x0000000087100000, 0x0000000087200000|  0%| F|  |TAMS 0x0000000087100000, 0x0000000087100000| Untracked 
|  84|0x0000000087200000, 0x0000000087200000, 0x0000000087300000|  0%| F|  |TAMS 0x0000000087200000, 0x0000000087200000| Untracked 
|  85|0x0000000087300000, 0x0000000087300000, 0x0000000087400000|  0%| F|  |TAMS 0x0000000087300000, 0x0000000087300000| Untracked 
|  86|0x0000000087400000, 0x0000000087400000, 0x0000000087500000|  0%| F|  |TAMS 0x0000000087400000, 0x0000000087400000| Untracked 
|  87|0x0000000087500000, 0x0000000087500000, 0x0000000087600000|  0%| F|  |TAMS 0x0000000087500000, 0x0000000087500000| Untracked 
|  88|0x0000000087600000, 0x0000000087600000, 0x0000000087700000|  0%| F|  |TAMS 0x0000000087600000, 0x0000000087600000| Untracked 
|  89|0x0000000087700000, 0x0000000087700000, 0x0000000087800000|  0%| F|  |TAMS 0x0000000087700000, 0x0000000087700000| Untracked 
|  90|0x0000000087800000, 0x0000000087800000, 0x0000000087900000|  0%| F|  |TAMS 0x0000000087800000, 0x0000000087800000| Untracked 
|  91|0x0000000087900000, 0x0000000087900000, 0x0000000087a00000|  0%| F|  |TAMS 0x0000000087900000, 0x0000000087900000| Untracked 
|  92|0x0000000087a00000, 0x0000000087a00000, 0x0000000087b00000|  0%| F|  |TAMS 0x0000000087a00000, 0x0000000087a00000| Untracked 
|  93|0x0000000087b00000, 0x0000000087b00000, 0x0000000087c00000|  0%| F|  |TAMS 0x0000000087b00000, 0x0000000087b00000| Untracked 
|  94|0x0000000087c00000, 0x0000000087c00000, 0x0000000087d00000|  0%| F|  |TAMS 0x0000000087c00000, 0x0000000087c00000| Untracked 
|  95|0x0000000087d00000, 0x0000000087d00000, 0x0000000087e00000|  0%| F|  |TAMS 0x0000000087d00000, 0x0000000087d00000| Untracked 
|  96|0x0000000087e00000, 0x0000000087e00000, 0x0000000087f00000|  0%| F|  |TAMS 0x0000000087e00000, 0x0000000087e00000| Untracked 
|  97|0x0000000087f00000, 0x0000000087f00000, 0x0000000088000000|  0%| F|  |TAMS 0x0000000087f00000, 0x0000000087f00000| Untracked 
|  98|0x0000000088000000, 0x0000000088000000, 0x0000000088100000|  0%| F|  |TAMS 0x0000000088000000, 0x0000000088000000| Untracked 
|  99|0x0000000088100000, 0x0000000088100000, 0x0000000088200000|  0%| F|  |TAMS 0x0000000088100000, 0x0000000088100000| Untracked 
| 100|0x0000000088200000, 0x0000000088200000, 0x0000000088300000|  0%| F|  |TAMS 0x0000000088200000, 0x0000000088200000| Untracked 
| 101|0x0000000088300000, 0x0000000088300000, 0x0000000088400000|  0%| F|  |TAMS 0x0000000088300000, 0x0000000088300000| Untracked 
| 102|0x0000000088400000, 0x0000000088400000, 0x0000000088500000|  0%| F|  |TAMS 0x0000000088400000, 0x0000000088400000| Untracked 
| 103|0x0000000088500000, 0x0000000088500000, 0x0000000088600000|  0%| F|  |TAMS 0x0000000088500000, 0x0000000088500000| Untracked 
| 104|0x0000000088600000, 0x0000000088600000, 0x0000000088700000|  0%| F|  |TAMS 0x0000000088600000, 0x0000000088600000| Untracked 
| 105|0x0000000088700000, 0x0000000088700000, 0x0000000088800000|  0%| F|  |TAMS 0x0000000088700000, 0x0000000088700000| Untracked 
| 106|0x0000000088800000, 0x0000000088800000, 0x0000000088900000|  0%| F|  |TAMS 0x0000000088800000, 0x0000000088800000| Untracked 
| 107|0x0000000088900000, 0x0000000088900000, 0x0000000088a00000|  0%| F|  |TAMS 0x0000000088900000, 0x0000000088900000| Untracked 
| 108|0x0000000088a00000, 0x0000000088a00000, 0x0000000088b00000|  0%| F|  |TAMS 0x0000000088a00000, 0x0000000088a00000| Untracked 
| 109|0x0000000088b00000, 0x0000000088b00000, 0x0000000088c00000|  0%| F|  |TAMS 0x0000000088b00000, 0x0000000088b00000| Untracked 
| 110|0x0000000088c00000, 0x0000000088c00000, 0x0000000088d00000|  0%| F|  |TAMS 0x0000000088c00000, 0x0000000088c00000| Untracked 
| 111|0x0000000088d00000, 0x0000000088d00000, 0x0000000088e00000|  0%| F|  |TAMS 0x0000000088d00000, 0x0000000088d00000| Untracked 
| 112|0x0000000088e00000, 0x0000000088e77900, 0x0000000088f00000| 46%| E|  |TAMS 0x0000000088e00000, 0x0000000088e00000| Complete 
| 113|0x0000000088f00000, 0x0000000089000000, 0x0000000089000000|100%| E|CS|TAMS 0x0000000088f00000, 0x0000000088f00000| Complete 
| 114|0x0000000089000000, 0x0000000089100000, 0x0000000089100000|100%| E|CS|TAMS 0x0000000089000000, 0x0000000089000000| Complete 
| 115|0x0000000089100000, 0x0000000089200000, 0x0000000089200000|100%| E|CS|TAMS 0x0000000089100000, 0x0000000089100000| Complete 
| 116|0x0000000089200000, 0x0000000089300000, 0x0000000089300000|100%| E|  |TAMS 0x0000000089200000, 0x0000000089200000| Complete 
| 117|0x0000000089300000, 0x0000000089400000, 0x0000000089400000|100%| E|CS|TAMS 0x0000000089300000, 0x0000000089300000| Complete 
| 118|0x0000000089400000, 0x0000000089500000, 0x0000000089500000|100%| E|CS|TAMS 0x0000000089400000, 0x0000000089400000| Complete 
| 119|0x0000000089500000, 0x0000000089600000, 0x0000000089600000|100%| E|CS|TAMS 0x0000000089500000, 0x0000000089500000| Complete 
| 120|0x0000000089600000, 0x0000000089700000, 0x0000000089700000|100%| E|CS|TAMS 0x0000000089600000, 0x0000000089600000| Complete 
| 121|0x0000000089700000, 0x0000000089800000, 0x0000000089800000|100%| E|CS|TAMS 0x0000000089700000, 0x0000000089700000| Complete 
| 122|0x0000000089800000, 0x0000000089900000, 0x0000000089900000|100%| E|CS|TAMS 0x0000000089800000, 0x0000000089800000| Complete 
| 123|0x0000000089900000, 0x0000000089a00000, 0x0000000089a00000|100%| E|CS|TAMS 0x0000000089900000, 0x0000000089900000| Complete 
| 124|0x0000000089a00000, 0x0000000089b00000, 0x0000000089b00000|100%| E|CS|TAMS 0x0000000089a00000, 0x0000000089a00000| Complete 
| 125|0x0000000089b00000, 0x0000000089c00000, 0x0000000089c00000|100%| E|CS|TAMS 0x0000000089b00000, 0x0000000089b00000| Complete 
| 126|0x0000000089c00000, 0x0000000089d00000, 0x0000000089d00000|100%| E|CS|TAMS 0x0000000089c00000, 0x0000000089c00000| Complete 
| 127|0x0000000089d00000, 0x0000000089e00000, 0x0000000089e00000|100%| E|CS|TAMS 0x0000000089d00000, 0x0000000089d00000| Complete 

Card table byte_map: [0x00000171d5a70000,0x00000171d5e70000] _byte_map_base: 0x00000171d5661000

Marking Bits (Prev, Next): (CMBitMap*) 0x00000171be7d1ec0, (CMBitMap*) 0x00000171be7d1f00
 Prev Bits: [0x00000171d6270000, 0x00000171d81f8000)
 Next Bits: [0x00000171d8200000, 0x00000171da188000)

Polling page: 0x00000171bc710000

Metaspace:

Usage:
  Non-class:      5.79 MB used.
      Class:    464.19 KB used.
       Both:      6.24 MB used.

Virtual space:
  Non-class space:       64.00 MB reserved,       5.94 MB (  9%) committed,  1 nodes.
      Class space:        1.00 GB reserved,     576.00 KB ( <1%) committed,  1 nodes.
             Both:        1.06 GB reserved,       6.50 MB ( <1%) committed. 

Chunk freelists:
   Non-Class:  1.11 MB
       Class:  3.50 MB
        Both:  4.60 MB

MaxMetaspaceSize: unlimited
CompressedClassSpaceSize: 1.00 GB
Initial GC threshold: 21.00 MB
Current GC threshold: 21.00 MB
CDS: on
MetaspaceReclaimPolicy: balanced
 - commit_granule_bytes: 65536.
 - commit_granule_words: 8192.
 - virtual_space_node_default_size: 8388608.
 - enlarge_chunks_in_place: 1.
 - new_chunks_are_fully_committed: 0.
 - uncommit_free_chunks: 1.
 - use_allocation_guard: 0.


Internal statistics:

num_allocs_failed_limit: 0.
num_arena_births: 172.
num_arena_deaths: 0.
num_vsnodes_births: 2.
num_vsnodes_deaths: 0.
num_space_committed: 102.
num_space_uncommitted: 0.
num_chunks_returned_to_freelist: 0.
num_chunks_taken_from_freelist: 326.
num_chunk_merges: 0.
num_chunk_splits: 213.
num_chunks_enlarged: 131.
num_inconsistent_stats: 0.

CodeHeap 'non-profiled nmethods': size=120000Kb used=428Kb max_used=428Kb free=119571Kb
 bounds [0x00000171cde10000, 0x00000171ce080000, 0x00000171d5340000]
CodeHeap 'profiled nmethods': size=120000Kb used=1832Kb max_used=1832Kb free=118168Kb
 bounds [0x00000171c68e0000, 0x00000171c6b50000, 0x00000171cde10000]
CodeHeap 'non-nmethods': size=5760Kb used=1720Kb max_used=1735Kb free=4039Kb
 bounds [0x00000171c6340000, 0x00000171c65b0000, 0x00000171c68e0000]
 total_blobs=2450 nmethods=1272 adapters=1091
 compilation: enabled
              stopped_count=0, restarted_count=0
 full_count=0

Compilation events (20 events):
Event: 23.844 Thread 0x00000171dcb6e3c0 1263       4       org.lwjgl.opengl.GL11::glDrawElements (8 bytes)
Event: 23.844 Thread 0x00000171dcb6e3c0 nmethod 1263 0x00000171cde79810 code [0x00000171cde799a0, 0x00000171cde79a28]
Event: 24.210 Thread 0x00000171dcb76e00 1264       3       java.net.URL::toString (5 bytes)
Event: 24.210 Thread 0x00000171dcb76e00 nmethod 1264 0x00000171c6aa6990 code [0x00000171c6aa6b40, 0x00000171c6aa6d68]
Event: 24.210 Thread 0x00000171dcb76e00 1265       3       java.net.URL::toExternalForm (9 bytes)
Event: 24.210 Thread 0x00000171dcb76e00 nmethod 1265 0x00000171c6aa6e90 code [0x00000171c6aa7040, 0x00000171c6aa7208]
Event: 27.349 Thread 0x00000171dcb76e00 1266       3       Client.View.Scenes.Admin.AdminScene::layer (13 bytes)
Event: 27.350 Thread 0x00000171dcb76e00 nmethod 1266 0x00000171c6aa7310 code [0x00000171c6aa74e0, 0x00000171c6aa76c8]
Event: 27.350 Thread 0x00000171dcb76e00 1267       3       Client.View.Scenes.Admin.AdminScene::mainLayer (132 bytes)
Event: 27.352 Thread 0x00000171dcb76e00 nmethod 1267 0x00000171c6aa7790 code [0x00000171c6aa7b40, 0x00000171c6aa8a98]
Event: 27.352 Thread 0x00000171dcb76e00 1268       3       Client.View.Scenes.Admin.AdminScene::notificationLayer (88 bytes)
Event: 27.352 Thread 0x00000171dcb76e00 nmethod 1268 0x00000171c6aa9190 code [0x00000171c6aa93a0, 0x00000171c6aa9728]
Event: 27.499 Thread 0x00000171dcb6e3c0 1269       4       java.nio.MappedByteBuffer::limit (6 bytes)
Event: 27.500 Thread 0x00000171dcb6e3c0 nmethod 1269 0x00000171cde79b10 code [0x00000171cde79c80, 0x00000171cde79d98]
Event: 29.294 Thread 0x00000171dcb6e3c0 1270       4       imgui.glfw.ImGuiImplGlfw::updateMousePosAndButtons (334 bytes)
Event: 29.303 Thread 0x00000171dcb6e3c0 nmethod 1270 0x00000171cde79e90 code [0x00000171cde7a140, 0x00000171cde7a848]
Event: 30.110 Thread 0x00000171dcb76e00 1271       3       sun.misc.Unsafe::getInt (9 bytes)
Event: 30.110 Thread 0x00000171dcb76e00 nmethod 1271 0x00000171c6aa9910 code [0x00000171c6aa9aa0, 0x00000171c6aa9bb8]
Event: 30.193 Thread 0x00000171dcb76e00 1272       3       jdk.internal.org.objectweb.asm.MethodWriter::visitAbstractType (8 bytes)
Event: 30.193 Thread 0x00000171dcb76e00 nmethod 1272 0x00000171c6aa9c90 code [0x00000171c6aa9e20, 0x00000171c6aa9f58]

GC Heap History (0 events):
No events

Deoptimization events (20 events):
Event: 2.061 Thread 0x00000171e1451320 Uncommon trap: trap_request=0xffffff45 fr.pc=0x00000171cde24840 relative=0x0000000000000b20
Event: 2.061 Thread 0x00000171e1451320 Uncommon trap: reason=unstable_if action=reinterpret pc=0x00000171cde24840 method=java.util.HashMap.putVal(ILjava/lang/Object;Ljava/lang/Object;ZZ)Ljava/lang/Object; @ 181 c2
Event: 2.061 Thread 0x00000171e1451320 DEOPT PACKING pc=0x00000171cde24840 sp=0x00000035d06fe380
Event: 2.061 Thread 0x00000171e1451320 DEOPT UNPACKING pc=0x00000171c63923a3 sp=0x00000035d06fe330 mode 2
Event: 18.292 Thread 0x00000171e1451320 Uncommon trap: trap_request=0xffffffde fr.pc=0x00000171cde782c8 relative=0x0000000000000128
Event: 18.292 Thread 0x00000171e1451320 Uncommon trap: reason=class_check action=maybe_recompile pc=0x00000171cde782c8 method=jdk.internal.misc.Unsafe.allocateUninitializedArray(Ljava/lang/Class;I)Ljava/lang/Object; @ 51 c2
Event: 18.292 Thread 0x00000171e1451320 DEOPT PACKING pc=0x00000171cde782c8 sp=0x00000035d06fecf0
Event: 18.292 Thread 0x00000171e1451320 DEOPT UNPACKING pc=0x00000171c63923a3 sp=0x00000035d06fec78 mode 2
Event: 18.292 Thread 0x00000171e1451320 Uncommon trap: trap_request=0xffffffde fr.pc=0x00000171cde782c8 relative=0x0000000000000128
Event: 18.292 Thread 0x00000171e1451320 Uncommon trap: reason=class_check action=maybe_recompile pc=0x00000171cde782c8 method=jdk.internal.misc.Unsafe.allocateUninitializedArray(Ljava/lang/Class;I)Ljava/lang/Object; @ 51 c2
Event: 18.292 Thread 0x00000171e1451320 DEOPT PACKING pc=0x00000171cde782c8 sp=0x00000035d06fecf0
Event: 18.292 Thread 0x00000171e1451320 DEOPT UNPACKING pc=0x00000171c63923a3 sp=0x00000035d06fec78 mode 2
Event: 18.292 Thread 0x00000171e1451320 Uncommon trap: trap_request=0xffffffde fr.pc=0x00000171cde782c8 relative=0x0000000000000128
Event: 18.292 Thread 0x00000171e1451320 Uncommon trap: reason=class_check action=maybe_recompile pc=0x00000171cde782c8 method=jdk.internal.misc.Unsafe.allocateUninitializedArray(Ljava/lang/Class;I)Ljava/lang/Object; @ 51 c2
Event: 18.292 Thread 0x00000171e1451320 DEOPT PACKING pc=0x00000171cde782c8 sp=0x00000035d06fecf0
Event: 18.292 Thread 0x00000171e1451320 DEOPT UNPACKING pc=0x00000171c63923a3 sp=0x00000035d06fec78 mode 2
Event: 18.292 Thread 0x00000171e1451320 Uncommon trap: trap_request=0xffffffde fr.pc=0x00000171cde782c8 relative=0x0000000000000128
Event: 18.292 Thread 0x00000171e1451320 Uncommon trap: reason=class_check action=maybe_recompile pc=0x00000171cde782c8 method=jdk.internal.misc.Unsafe.allocateUninitializedArray(Ljava/lang/Class;I)Ljava/lang/Object; @ 51 c2
Event: 18.292 Thread 0x00000171e1451320 DEOPT PACKING pc=0x00000171cde782c8 sp=0x00000035d06fecf0
Event: 18.292 Thread 0x00000171e1451320 DEOPT UNPACKING pc=0x00000171c63923a3 sp=0x00000035d06fec78 mode 2

Classes loaded (20 events):
Event: 7.268 Loading class java/io/ObjectInputStream$GetField done
Event: 7.268 Loading class java/io/ObjectInputStream$FieldValues done
Event: 11.795 Loading class java/io/ObjectStreamClass$ExceptionInfo
Event: 11.795 Loading class java/io/ObjectStreamClass$ExceptionInfo done
Event: 30.226 Loading class java/net/StandardSocketOptions
Event: 30.227 Loading class java/net/StandardSocketOptions done
Event: 30.227 Loading class java/net/StandardSocketOptions$StdSocketOption
Event: 30.227 Loading class java/net/StandardSocketOptions$StdSocketOption done
Event: 30.227 Loading class sun/nio/ch/SocketOptionRegistry
Event: 30.227 Loading class sun/nio/ch/SocketOptionRegistry done
Event: 30.227 Loading class sun/nio/ch/SocketOptionRegistry$RegistryKey
Event: 30.227 Loading class sun/nio/ch/SocketOptionRegistry$RegistryKey done
Event: 30.227 Loading class sun/nio/ch/SocketOptionRegistry$LazyInitialization
Event: 30.227 Loading class sun/nio/ch/SocketOptionRegistry$LazyInitialization done
Event: 30.227 Loading class sun/nio/ch/OptionKey
Event: 30.227 Loading class sun/nio/ch/OptionKey done
Event: 30.228 Loading class sun/nio/ch/ExtendedSocketOption
Event: 30.228 Loading class sun/nio/ch/ExtendedSocketOption done
Event: 30.228 Loading class sun/nio/ch/ExtendedSocketOption$1
Event: 30.228 Loading class sun/nio/ch/ExtendedSocketOption$1 done

Classes unloaded (0 events):
No events

Classes redefined (0 events):
No events

Internal exceptions (20 events):
Event: 0.360 Thread 0x00000171e1451320 Exception <a 'java/lang/NoSuchMethodError'{0x0000000089660500}: 'java.lang.Object java.lang.invoke.Invokers$Holder.linkToTargetMethod(java.lang.Object, long, java.lang.Object)'> (0x0000000089660500) 
thrown [s\src\hotspot\share\interpreter\linkResolver.cpp, line 759]
Event: 0.361 Thread 0x00000171e1451320 Exception <a 'java/lang/NoSuchMethodError'{0x0000000089667aa8}: 'int java.lang.invoke.DirectMethodHandle$Holder.invokeStaticInit(java.lang.Object, java.lang.Object, java.lang.Object, long)'> (0x0000000089667aa8) 
thrown [s\src\hotspot\share\interpreter\linkResolver.cpp, line 759]
Event: 0.394 Thread 0x00000171e1451320 Exception <a 'sun/nio/fs/WindowsException'{0x0000000089504ad0}> (0x0000000089504ad0) 
thrown [s\src\hotspot\share\prims\jni.cpp, line 516]
Event: 0.394 Thread 0x00000171e1451320 Exception <a 'sun/nio/fs/WindowsException'{0x0000000089504e58}> (0x0000000089504e58) 
thrown [s\src\hotspot\share\prims\jni.cpp, line 516]
Event: 0.399 Thread 0x00000171e1451320 Exception <a 'java/lang/NoSuchMethodError'{0x0000000089517fd8}: 'int java.lang.invoke.Invokers$Holder.invokeExact_MT(java.lang.Object, java.lang.Object)'> (0x0000000089517fd8) 
thrown [s\src\hotspot\share\interpreter\linkResolver.cpp, line 759]
Event: 0.570 Thread 0x00000171e1451320 Exception <a 'java/lang/NoSuchMethodError'{0x0000000089578168}: 'void java.lang.System.load(java.lang.String, java.lang.Class)'> (0x0000000089578168) 
thrown [s\src\hotspot\share\interpreter\linkResolver.cpp, line 759]
Event: 0.573 Thread 0x00000171e1451320 Exception <a 'java/lang/NoSuchMethodError'{0x000000008957aff8}: 'void java.lang.System.loadLibrary(java.lang.String, java.lang.Class)'> (0x000000008957aff8) 
thrown [s\src\hotspot\share\interpreter\linkResolver.cpp, line 759]
Event: 0.580 Thread 0x00000171e1451320 Exception <a 'sun/nio/fs/WindowsException'{0x0000000089586948}> (0x0000000089586948) 
thrown [s\src\hotspot\share\prims\jni.cpp, line 516]
Event: 0.580 Thread 0x00000171e1451320 Exception <a 'sun/nio/fs/WindowsException'{0x0000000089586d08}> (0x0000000089586d08) 
thrown [s\src\hotspot\share\prims\jni.cpp, line 516]
Event: 0.587 Thread 0x00000171e1451320 Exception <a 'sun/nio/fs/WindowsException'{0x000000008958ce40}> (0x000000008958ce40) 
thrown [s\src\hotspot\share\prims\jni.cpp, line 516]
Event: 0.587 Thread 0x00000171e1451320 Exception <a 'sun/nio/fs/WindowsException'{0x000000008958d140}> (0x000000008958d140) 
thrown [s\src\hotspot\share\prims\jni.cpp, line 516]
Event: 0.693 Thread 0x00000171e1451320 Exception <a 'sun/nio/fs/WindowsException'{0x0000000089306468}> (0x0000000089306468) 
thrown [s\src\hotspot\share\prims\jni.cpp, line 516]
Event: 1.294 Thread 0x00000171dcb68dc0 Exception <a 'java/lang/NoSuchMethodError'{0x000000008925c340}: 'java.lang.Object java.lang.invoke.Invokers$Holder.invokeExact_MT(java.lang.Object, java.lang.Object, java.lang.Object, java.lang.Object, java.lang.Object, java.lang.Object)'> (0x000000008925c340) 
thrown [s\src\hotspot\share\interpreter\linkResolver.cpp, line 759]
Event: 2.050 Thread 0x00000171e1451320 Exception <a 'java/lang/NoSuchMethodError'{0x00000000890996b0}: static LServer/TransferMessageContainer;.<clinit>()V> (0x00000000890996b0) 
thrown [s\src\hotspot\share\prims\jni.cpp, line 1104]
Event: 2.066 Thread 0x00000171e1451320 Exception <a 'java/lang/NoSuchMethodError'{0x00000000890decd0}: 'long java.lang.invoke.DirectMethodHandle$Holder.invokeSpecial(java.lang.Object, java.lang.Object)'> (0x00000000890decd0) 
thrown [s\src\hotspot\share\interpreter\linkResolver.cpp, line 759]
Event: 2.066 Thread 0x00000171e1451320 Exception <a 'java/lang/NoSuchMethodError'{0x00000000890e2368}: 'long java.lang.invoke.Invokers$Holder.invokeExact_MT(java.lang.Object, java.lang.Object)'> (0x00000000890e2368) 
thrown [s\src\hotspot\share\interpreter\linkResolver.cpp, line 759]
Event: 7.259 Thread 0x00000171e1451320 Exception <a 'java/lang/NoSuchMethodError'{0x0000000088f04f78}: static LServer/Entities/User;.<clinit>()V> (0x0000000088f04f78) 
thrown [s\src\hotspot\share\prims\jni.cpp, line 1104]
Event: 11.792 Thread 0x00000171e1451320 Exception <a 'java/lang/NoSuchMethodError'{0x0000000088f37170}: static LServer/Entities/Employee;.<clinit>()V> (0x0000000088f37170) 
thrown [s\src\hotspot\share\prims\jni.cpp, line 1104]
Event: 11.793 Thread 0x00000171e1451320 Exception <a 'java/lang/NoSuchMethodError'{0x0000000088f41ab0}: static LServer/Entities/Company;.<clinit>()V> (0x0000000088f41ab0) 
thrown [s\src\hotspot\share\prims\jni.cpp, line 1104]
Event: 11.795 Thread 0x00000171e1451320 Exception <a 'java/lang/NoSuchMethodError'{0x0000000088f4e0d0}: static LServer/Entities/Person;.<clinit>()V> (0x0000000088f4e0d0) 
thrown [s\src\hotspot\share\prims\jni.cpp, line 1104]

VM Operations (20 events):
Event: 0.332 Executing VM operation: HandshakeAllThreads
Event: 0.332 Executing VM operation: HandshakeAllThreads done
Event: 1.338 Executing VM operation: Cleanup
Event: 1.339 Executing VM operation: Cleanup done
Event: 2.052 Executing VM operation: HandshakeAllThreads
Event: 2.052 Executing VM operation: HandshakeAllThreads done
Event: 3.055 Executing VM operation: Cleanup
Event: 3.055 Executing VM operation: Cleanup done
Event: 8.112 Executing VM operation: Cleanup
Event: 8.112 Executing VM operation: Cleanup done
Event: 12.127 Executing VM operation: Cleanup
Event: 12.127 Executing VM operation: Cleanup done
Event: 13.135 Executing VM operation: Cleanup
Event: 13.135 Executing VM operation: Cleanup done
Event: 14.148 Executing VM operation: Cleanup
Event: 14.148 Executing VM operation: Cleanup done
Event: 23.259 Executing VM operation: Cleanup
Event: 23.259 Executing VM operation: Cleanup done
Event: 28.305 Executing VM operation: Cleanup
Event: 28.305 Executing VM operation: Cleanup done

Events (20 events):
Event: 0.035 Thread 0x00000171dcb8eb40 Thread added: 0x00000171dcb8eb40
Event: 0.081 Thread 0x00000171e106e390 Thread added: 0x00000171e106e390
Event: 0.102 Loaded shared library C:\Users\Timofei\.jdks\corretto-18.0.2\bin\zip.dll
Event: 0.109 Loaded shared library C:\Users\Timofei\.jdks\corretto-18.0.2\bin\instrument.dll
Event: 0.119 Loaded shared library C:\Users\Timofei\.jdks\corretto-18.0.2\bin\net.dll
Event: 0.121 Loaded shared library C:\Users\Timofei\.jdks\corretto-18.0.2\bin\nio.dll
Event: 0.129 Loaded shared library C:\Users\Timofei\.jdks\corretto-18.0.2\bin\zip.dll
Event: 0.162 Thread 0x00000171e118f220 Thread added: 0x00000171e118f220
Event: 0.182 Loaded shared library D:\IntelliJ IDEA Community Edition 2022.2.2\bin\breakgen64.dll
Event: 0.182 Thread 0x00000171e1222d50 Thread added: 0x00000171e1222d50
Event: 0.183 Thread 0x00000171e1223210 Thread added: 0x00000171e1223210
Event: 0.188 Loaded shared library C:\Users\Timofei\.jdks\corretto-18.0.2\bin\jimage.dll
Event: 0.245 Loaded shared library C:\Users\Timofei\.jdks\corretto-18.0.2\bin\awt.dll
Event: 0.264 Thread 0x00000171e1451320 Thread added: 0x00000171e1451320
Event: 0.264 Thread 0x00000171be76f750 Thread exited: 0x00000171be76f750
Event: 0.264 Thread 0x00000171be76f750 Thread added: 0x00000171be76f750
Event: 0.346 Loaded shared library C:\Users\Timofei\AppData\Local\Temp\lwjglTimofei\3.3.1-SNAPSHOT\lwjgl.dll
Event: 0.367 Thread 0x00000171e118f220 Thread exited: 0x00000171e118f220
Event: 0.584 Loaded shared library C:\Users\Timofei\AppData\Local\Temp\lwjglTimofei\3.3.1-SNAPSHOT\lwjgl_opengl.dll
Event: 1.265 Loaded shared library C:\Users\Timofei\AppData\Local\Temp\imgui-java-natives_1670967931522\imgui-java64.dll


Dynamic libraries:
0x00007ff6eac70000 - 0x00007ff6eac7d000 	C:\Users\Timofei\.jdks\corretto-18.0.2\bin\java.exe
0x00007fff9e590000 - 0x00007fff9e788000 	C:\WINDOWS\SYSTEM32\ntdll.dll
0x00007fff9deb0000 - 0x00007fff9df6f000 	C:\WINDOWS\System32\KERNEL32.DLL
0x00007fff9c1b0000 - 0x00007fff9c482000 	C:\WINDOWS\System32\KERNELBASE.dll
0x00007fff9c0b0000 - 0x00007fff9c1b0000 	C:\WINDOWS\System32\ucrtbase.dll
0x00007fff761a0000 - 0x00007fff761b5000 	C:\Users\Timofei\.jdks\corretto-18.0.2\bin\VCRUNTIME140.dll
0x00007fff8f400000 - 0x00007fff8f417000 	C:\Users\Timofei\.jdks\corretto-18.0.2\bin\jli.dll
0x00007fff9c8b0000 - 0x00007fff9ca4d000 	C:\WINDOWS\System32\USER32.dll
0x00007fff9c5b0000 - 0x00007fff9c5d2000 	C:\WINDOWS\System32\win32u.dll
0x00007fff7d3f0000 - 0x00007fff7d68a000 	C:\WINDOWS\WinSxS\amd64_microsoft.windows.common-controls_6595b64144ccf1df_6.0.19041.1110_none_60b5254171f9507e\COMCTL32.dll
0x00007fff9e470000 - 0x00007fff9e49b000 	C:\WINDOWS\System32\GDI32.dll
0x00007fff9d560000 - 0x00007fff9d5fe000 	C:\WINDOWS\System32\msvcrt.dll
0x00007fff9bfa0000 - 0x00007fff9c0af000 	C:\WINDOWS\System32\gdi32full.dll
0x00007fff9c490000 - 0x00007fff9c52d000 	C:\WINDOWS\System32\msvcp_win.dll
0x00007fff9d900000 - 0x00007fff9d932000 	C:\WINDOWS\System32\IMM32.DLL
0x00007fff724d0000 - 0x00007fff7256b000 	C:\Users\Timofei\.jdks\corretto-18.0.2\bin\msvcp140.dll
0x00007fff4c690000 - 0x00007fff4d301000 	C:\Users\Timofei\.jdks\corretto-18.0.2\bin\server\jvm.dll
0x00007fff9c790000 - 0x00007fff9c83e000 	C:\WINDOWS\System32\ADVAPI32.dll
0x00007fff9d9c0000 - 0x00007fff9da5c000 	C:\WINDOWS\System32\sechost.dll
0x00007fff9dd10000 - 0x00007fff9de35000 	C:\WINDOWS\System32\RPCRT4.dll
0x00007fff9d600000 - 0x00007fff9d608000 	C:\WINDOWS\System32\PSAPI.DLL
0x00007fff812d0000 - 0x00007fff812f7000 	C:\WINDOWS\SYSTEM32\WINMM.dll
0x00007fff81fc0000 - 0x00007fff81fc9000 	C:\WINDOWS\SYSTEM32\WSOCK32.dll
0x00007fff92ce0000 - 0x00007fff92cea000 	C:\WINDOWS\SYSTEM32\VERSION.dll
0x00007fff9de40000 - 0x00007fff9deab000 	C:\WINDOWS\System32\WS2_32.dll
0x00007fff9a4e0000 - 0x00007fff9a4f2000 	C:\WINDOWS\SYSTEM32\kernel.appcore.dll
0x00007fff8f240000 - 0x00007fff8f24a000 	C:\Users\Timofei\.jdks\corretto-18.0.2\bin\jimage.dll
0x00007fff99a50000 - 0x00007fff99c34000 	C:\WINDOWS\SYSTEM32\DBGHELP.DLL
0x00007fff85520000 - 0x00007fff8554c000 	C:\WINDOWS\SYSTEM32\dbgcore.DLL
0x00007fff9bf10000 - 0x00007fff9bf92000 	C:\WINDOWS\System32\bcryptPrimitives.dll
0x00007fff82a80000 - 0x00007fff82a8e000 	C:\Users\Timofei\.jdks\corretto-18.0.2\bin\instrument.dll
0x00007fff73040000 - 0x00007fff73065000 	C:\Users\Timofei\.jdks\corretto-18.0.2\bin\java.dll
0x00007fff723f0000 - 0x00007fff724c6000 	C:\Users\Timofei\.jdks\corretto-18.0.2\bin\jsvml.dll
0x00007fff9ca50000 - 0x00007fff9d193000 	C:\WINDOWS\System32\SHELL32.dll
0x00007fff99d30000 - 0x00007fff9a4c2000 	C:\WINDOWS\SYSTEM32\windows.storage.dll
0x00007fff9d1a0000 - 0x00007fff9d4f4000 	C:\WINDOWS\System32\combase.dll
0x00007fff9b6f0000 - 0x00007fff9b720000 	C:\WINDOWS\SYSTEM32\Wldp.dll
0x00007fff9e4a0000 - 0x00007fff9e54d000 	C:\WINDOWS\System32\SHCORE.dll
0x00007fff9d500000 - 0x00007fff9d555000 	C:\WINDOWS\System32\shlwapi.dll
0x00007fff9bbd0000 - 0x00007fff9bbef000 	C:\WINDOWS\SYSTEM32\profapi.dll
0x00007fff75a60000 - 0x00007fff75a78000 	C:\Users\Timofei\.jdks\corretto-18.0.2\bin\zip.dll
0x00007fff944a0000 - 0x00007fff944b3000 	C:\Users\Timofei\.jdks\corretto-18.0.2\bin\net.dll
0x00007fff8f130000 - 0x00007fff8f23c000 	C:\WINDOWS\SYSTEM32\WINHTTP.dll
0x00007fff9b450000 - 0x00007fff9b4ba000 	C:\WINDOWS\system32\mswsock.dll
0x00007fff94160000 - 0x00007fff94175000 	C:\Users\Timofei\.jdks\corretto-18.0.2\bin\nio.dll
0x00007fff76210000 - 0x00007fff7622a000 	D:\IntelliJ IDEA Community Edition 2022.2.2\bin\breakgen64.dll
0x00007fff9b110000 - 0x00007fff9b1da000 	C:\WINDOWS\SYSTEM32\DNSAPI.dll
0x00007fff9b0d0000 - 0x00007fff9b10b000 	C:\WINDOWS\SYSTEM32\IPHLPAPI.DLL
0x00007fff9c840000 - 0x00007fff9c848000 	C:\WINDOWS\System32\NSI.dll
0x00007fff93b10000 - 0x00007fff93b1a000 	C:\Windows\System32\rasadhlp.dll
0x00007fff89770000 - 0x00007fff897f0000 	C:\WINDOWS\System32\fwpuclnt.dll
0x00007fff9c580000 - 0x00007fff9c5a7000 	C:\WINDOWS\System32\bcrypt.dll
0x00007fff87340000 - 0x00007fff874e7000 	C:\Users\Timofei\.jdks\corretto-18.0.2\bin\awt.dll
0x00007fff9db10000 - 0x00007fff9dbdd000 	C:\WINDOWS\System32\OLEAUT32.dll
0x00007fff986e0000 - 0x00007fff98771000 	C:\WINDOWS\SYSTEM32\apphelp.dll
0x00007fff96c40000 - 0x00007fff96cb5000 	C:\Users\Timofei\AppData\Local\Temp\lwjglTimofei\3.3.1-SNAPSHOT\lwjgl.dll
0x00007fff96bc0000 - 0x00007fff96c21000 	C:\Users\Timofei\AppData\Local\Temp\lwjglTimofei\3.3.1-SNAPSHOT\glfw.dll
0x00007fff872f0000 - 0x00007fff87335000 	C:\WINDOWS\SYSTEM32\dinput8.dll
0x00007fff933c0000 - 0x00007fff933d1000 	C:\WINDOWS\SYSTEM32\xinput1_4.dll
0x00007fff9c530000 - 0x00007fff9c57e000 	C:\WINDOWS\System32\cfgmgr32.dll
0x00007fff9ba40000 - 0x00007fff9ba6c000 	C:\WINDOWS\SYSTEM32\DEVOBJ.dll
0x00007fff996a0000 - 0x00007fff996cf000 	C:\WINDOWS\SYSTEM32\dwmapi.dll
0x00007fff8ae20000 - 0x00007fff8af72000 	C:\WINDOWS\SYSTEM32\inputhost.dll
0x00007fff984b0000 - 0x00007fff985a2000 	C:\WINDOWS\SYSTEM32\CoreMessaging.dll
0x00007fff98a80000 - 0x00007fff98bd4000 	C:\WINDOWS\SYSTEM32\wintypes.dll
0x00007fff98150000 - 0x00007fff984ae000 	C:\WINDOWS\SYSTEM32\CoreUIComponents.dll
0x00007fff99050000 - 0x00007fff99146000 	C:\WINDOWS\SYSTEM32\PROPSYS.dll
0x00007fff9ae20000 - 0x00007fff9ae53000 	C:\WINDOWS\SYSTEM32\ntmarta.dll
0x00007fff98850000 - 0x00007fff988ee000 	C:\WINDOWS\system32\uxtheme.dll
0x00007fff9d690000 - 0x00007fff9d7a5000 	C:\WINDOWS\System32\MSCTF.dll
0x00007fff69a60000 - 0x00007fff69b85000 	C:\WINDOWS\SYSTEM32\opengl32.dll
0x00007fff6a2f0000 - 0x00007fff6a31c000 	C:\WINDOWS\SYSTEM32\GLU32.dll
0x00007fff9da60000 - 0x00007fff9db0f000 	C:\WINDOWS\System32\clbcatq.dll
0x00007fff3db60000 - 0x00007fff3eb2a000 	C:\WINDOWS\System32\DriverStore\FileRepository\iigd_dch.inf_amd64_7d90afac159f566c\ig9icd64.dll
0x00007fff9dbe0000 - 0x00007fff9dd0a000 	C:\WINDOWS\System32\ole32.dll
0x00007fff9a550000 - 0x00007fff9a643000 	C:\WINDOWS\system32\dxgi.dll
0x00007fff8eea0000 - 0x00007fff8f0df000 	C:\WINDOWS\System32\DriverStore\FileRepository\iigd_dch.inf_amd64_7d90afac159f566c\igdgmm64.dll
0x00007fff8bfc0000 - 0x00007fff8eb89000 	C:\WINDOWS\System32\DriverStore\FileRepository\iigd_dch.inf_amd64_7d90afac159f566c\igc64.dll
0x00007fff9b270000 - 0x00007fff9b2bb000 	C:\WINDOWS\SYSTEM32\powrprof.dll
0x00007fff9b1e0000 - 0x00007fff9b1f2000 	C:\WINDOWS\SYSTEM32\UMPDC.dll
0x00007fff8af80000 - 0x00007fff8b079000 	C:\WINDOWS\SYSTEM32\textinputframework.dll
0x00007fff87230000 - 0x00007fff8728d000 	C:\Users\Timofei\AppData\Local\Temp\lwjglTimofei\3.3.1-SNAPSHOT\lwjgl_opengl.dll
0x0000000064a00000 - 0x000000006580f000 	C:\Users\Timofei\AppData\Local\Temp\imgui-java-natives_1670967931522\imgui-java64.dll

dbghelp: loaded successfully - version: 4.0.5 - missing functions: none
symbol engine: initialized successfully - sym options: 0x614 - pdb path: .;C:\Users\Timofei\.jdks\corretto-18.0.2\bin;C:\WINDOWS\SYSTEM32;C:\WINDOWS\WinSxS\amd64_microsoft.windows.common-controls_6595b64144ccf1df_6.0.19041.1110_none_60b5254171f9507e;C:\Users\Timofei\.jdks\corretto-18.0.2\bin\server;D:\IntelliJ IDEA Community Edition 2022.2.2\bin;C:\Users\Timofei\AppData\Local\Temp\lwjglTimofei\3.3.1-SNAPSHOT;C:\WINDOWS\System32\DriverStore\FileRepository\iigd_dch.inf_amd64_7d90afac159f566c;C:\Users\Timofei\AppData\Local\Temp\imgui-java-natives_1670967931522

VM Arguments:
jvm_args: -javaagent:D:\IntelliJ IDEA Community Edition 2022.2.2\lib\idea_rt.jar=58087:D:\IntelliJ IDEA Community Edition 2022.2.2\bin -Dfile.encoding=UTF-8 -Dsun.stdout.encoding=UTF-8 -Dsun.stderr.encoding=UTF-8 
java_command: Client.ClientBootstrap
java_class_path (initial): C:\Users\Timofei\IdeaProjects\LAB_6_Prog_SP_Task\target\classes;C:\Users\Timofei\.m2\repository\mysql\mysql-connector-java\8.0.23\mysql-connector-java-8.0.23.jar;C:\Users\Timofei\.m2\repository\com\google\protobuf\protobuf-java\3.11.4\protobuf-java-3.11.4.jar;C:\Users\Timofei\.m2\repository\org\hibernate\hibernate-entitymanager\5.6.12.Final\hibernate-entitymanager-5.6.12.Final.jar;C:\Users\Timofei\.m2\repository\org\jboss\logging\jboss-logging\3.4.3.Final\jboss-logging-3.4.3.Final.jar;C:\Users\Timofei\.m2\repository\org\hibernate\hibernate-core\5.6.12.Final\hibernate-core-5.6.12.Final.jar;C:\Users\Timofei\.m2\repository\antlr\antlr\2.7.7\antlr-2.7.7.jar;C:\Users\Timofei\.m2\repository\org\jboss\jandex\2.4.2.Final\jandex-2.4.2.Final.jar;C:\Users\Timofei\.m2\repository\com\fasterxml\classmate\1.5.1\classmate-1.5.1.jar;C:\Users\Timofei\.m2\repository\javax\activation\javax.activation-api\1.2.0\javax.activation-api-1.2.0.jar;C:\Users\Timofei\.m2\repository\javax\xml\bind\jaxb-api\2.3.1\jaxb-api-2.3.1.jar;C:\Users\Timofei\.m2\repository\org\glassfish\jaxb\jaxb-runtime\2.3.1\jaxb-runtime-2.3.1.jar;C:\Users\Timofei\.m2\repository\org\glassfish\jaxb\txw2\2.3.1\txw2-2.3.1.jar;C:\Users\Timofei\.m2\repository\com\sun\istack\istack-commons-runtime\3.0.7\istack-commons-runtime-3.0.7.jar;C:\Users\Timofei\.m2\repository\org\jvnet\staxex\stax-ex\1.8\stax-ex-1.8.jar;C:\Users\Timofei\.m2\repository\com\sun\xml\fastinfoset\FastInfoset\1.2.15\FastInfoset-1.2.15.jar;C:\Users\Timofei\.m2\repository\org\hibernate\common\hibernate-commons-annotations\5.1.2.Final\hibernate-commons-annotations-5.1.2.Final.jar;C:\Users\Timofei\.m2\repository\javax\persistence\javax.persistence-api\2.2\javax.persistence-api-2.2.jar;C:\Users\Timofei\.m2\repository\net\bytebuddy\byte-buddy\1.12.9\byte-buddy-1.12.9.jar;C:\Users\Timofei\.m2\repository\org\jboss\spec\javax\transaction\jboss-transaction-api_1.2_spec\1.1.1.Final\jboss-transaction-api_1.2_spec-1.1.1.Final.jar;C:\Users\Timofei\.m2\repository\com\h2database\h2\2.1.212\h2-2.1.212.jar;C:\Users\Timofei\.m2\repository\io\github\spair\imgui-java-app\1.86.4\imgui-java-app-1.86.4.jar;C:\Users\Timofei\.m2\repository\org\lwjgl\lwjgl\3.3.1\lwjgl-3.3.1.jar;C:\Users\Timofei\.m2\repository\org\lwjgl\lwjgl-glfw\3.3.1\lwjgl-glfw-3.3.1.jar;C:\Users\Timofei\.m2\repository\org\lwjgl\lwjgl-opengl\3.3.1\lwjgl-opengl-3.3.1.jar;C:\Users\Timofei\.m2\repository\org\lwjgl\lwjgl\3.3.1\lwjgl-3.3.1-natives-linux.jar;C:\Users\Timofei\.m2\repository\org\lwjgl\lwjgl-glfw\3.3.1\lwjgl-glfw-3.3.1-natives-linux.jar;C:\Users\Timofei\.m2\repository\org\lwjgl\lwjgl-opengl\3.3.1\lwjgl-opengl-3.3.1-natives-linux.jar;C:\Users\Timofei\.m2\repository\org\lwjgl\lwjgl\3.3.1\lwjgl-3.3.1-natives-windows.jar;C:\Users\Timofei\.m2\repository\org\lwjgl\lwjgl-glfw\3.3.1\lwjgl-glfw-3.3.1-natives-windows.jar;C:\Users\Timofei\.m2\repository\org\lwjgl\lwjgl-opengl\3.3.1\lwjgl-opengl-3.3.1-natives-windows.jar;C:\Users\Timofei\.m2\repository\org\lwjgl\lwjgl\3.3.1\lwjgl-3.3.1-natives-macos.jar;C:\Users\Timofei\.m2\repository\org\lwjgl\lwjgl-glfw\3.3.1\lwjgl-glfw-3.3.1-natives-macos.jar;C:\Users\Timofei\.m2\repository\org\lwjgl\lwjgl-opengl\3.3.1\lwjgl-opengl-3.3.1-natives-macos.jar;C:\Users\Timofei\.m2\repository\io\github\spair\imgui-java-binding\1.86.4\imgui-java-binding-1.86.4.jar;C:\Users\Timofei\.m2\repository\io\github\spair\imgui-java-lwjgl3\1.86.4\imgui-java-lwjgl3-1.86.4.jar
Launcher Type: SUN_STANDARD

[Global flags]
     intx CICompilerCount                          = 4                                         {product} {ergonomic}
     uint ConcGCThreads                            = 2                                         {product} {ergonomic}
     uint G1ConcRefinementThreads                  = 8                                         {product} {ergonomic}
   size_t G1HeapRegionSize                         = 1048576                                   {product} {ergonomic}
    uintx GCDrainStackTargetSize                   = 64                                        {product} {ergonomic}
   size_t InitialHeapSize                          = 134217728                                 {product} {ergonomic}
   size_t MarkStackSize                            = 4194304                                   {product} {ergonomic}
   size_t MaxHeapSize                              = 2116026368                                {product} {ergonomic}
   size_t MaxNewSize                               = 1268776960                                {product} {ergonomic}
   size_t MinHeapDeltaBytes                        = 1048576                                   {product} {ergonomic}
   size_t MinHeapSize                              = 8388608                                   {product} {ergonomic}
    uintx NonNMethodCodeHeapSize                   = 5839372                                {pd product} {ergonomic}
    uintx NonProfiledCodeHeapSize                  = 122909434                              {pd product} {ergonomic}
    uintx ProfiledCodeHeapSize                     = 122909434                              {pd product} {ergonomic}
    uintx ReservedCodeCacheSize                    = 251658240                              {pd product} {ergonomic}
     bool SegmentedCodeCache                       = true                                      {product} {ergonomic}
   size_t SoftMaxHeapSize                          = 2116026368                             {manageable} {ergonomic}
     bool UseCompressedClassPointers               = true                           {product lp64_product} {ergonomic}
     bool UseCompressedOops                        = true                           {product lp64_product} {ergonomic}
     bool UseG1GC                                  = true                                      {product} {ergonomic}
     bool UseLargePagesIndividualAllocation        = false                                  {pd product} {ergonomic}

Logging:
Log output configuration:
 #0: stdout all=warning uptime,level,tags foldmultilines=false
 #1: stderr all=off uptime,level,tags foldmultilines=false

Environment Variables:
PATH=C:\WINDOWS\system32;C:\WINDOWS;C:\WINDOWS\System32\Wbem;C:\WINDOWS\System32\WindowsPowerShell\v1.0\;C:\WINDOWS\System32\OpenSSH\;C:\Program Files\Git\cmd;C:\Program Files\Microsoft SQL Server\130\Tools\Binn\;C:\Program Files\NVIDIA Corporation\NVIDIA NvDLISR;C:\Program Files (x86)\NVIDIA Corporation\PhysX\Common;C:\Program Files\dotnet\;C:\Program Files\MySQL\MySQL Shell 8.0\bin\;C:\Users\Timofei\AppData\Local\Microsoft\WindowsApps;C:\Users\Timofei\AppData\Local\GitHubDesktop\bin;C:\Users\Timofei\.dotnet\tools
USERNAME=Timofei
OS=Windows_NT
PROCESSOR_IDENTIFIER=Intel64 Family 6 Model 158 Stepping 10, GenuineIntel



---------------  S Y S T E M  ---------------

OS:
 Windows 10 , 64 bit Build 19041 (10.0.19041.2251)
OS uptime: 0 days 0:23 hours

CPU: total 8 (initial active 8) (4 cores per cpu, 2 threads per core) family 6 model 158 stepping 10 microcode 0xb4, cx8, cmov, fxsr, ht, mmx, 3dnowpref, sse, sse2, sse3, ssse3, sse4.1, sse4.2, popcnt, lzcnt, tsc, tscinvbit, avx, avx2, aes, erms, clmul, bmi1, bmi2, adx, fma, vzeroupper, clflush, clflushopt

Memory: 4k page, system-wide physical 8066M (1211M free)
TotalPageFile size 16770M (AvailPageFile size 6593M)
current process WorkingSet (physical memory assigned to process): 88M, peak: 134M
current process commit charge ("private bytes"): 238M, peak: 243M

vm_info: OpenJDK 64-Bit Server VM (18.0.2+9-FR) for windows-amd64 JRE (18.0.2+9-FR), built on Jul 15 2022 20:03:03 by "Administrator" with MS VC++ 15.9 (VS2017)

END.
