#
# A fatal error has been detected by the Java Runtime Environment:
#
#  EXCEPTION_ACCESS_VIOLATION (0xc0000005) at pc=0x0000000064a61fed, pid=9980, tid=7312
#
# JRE version: OpenJDK Runtime Environment Corretto-18.0.2.9.1 (18.0.2+9) (build 18.0.2+9-FR)
# Java VM: OpenJDK 64-Bit Server VM Corretto-18.0.2.9.1 (18.0.2+9-FR, mixed mode, sharing, tiered, compressed oops, compressed class ptrs, g1 gc, windows-amd64)
# Problematic frame:
# C  [imgui-java64.dll+0x61fed]
#
# No core dump will be written. Minidumps are not enabled by default on client versions of Windows
#
# If you would like to submit a bug report, please visit:
#   https://github.com/corretto/corretto-18/issues/
# The crash happened outside the Java Virtual Machine in native code.
# See problematic frame for where to report the bug.
#

---------------  S U M M A R Y ------------

Command Line: -javaagent:D:\IntelliJ IDEA Community Edition 2022.2.2\lib\idea_rt.jar=52131:D:\IntelliJ IDEA Community Edition 2022.2.2\bin -Dfile.encoding=UTF-8 -Dsun.stdout.encoding=UTF-8 -Dsun.stderr.encoding=UTF-8 Client.ClientBootstrap

Host: Intel(R) Core(TM) i5-8300H CPU @ 2.30GHz, 8 cores, 7G,  Windows 10 , 64 bit Build 19041 (10.0.19041.2251)
Time: Fri Dec 16 13:11:37 2022  Windows 10 , 64 bit Build 19041 (10.0.19041.2251) elapsed time: 19.209980 seconds (0d 0h 0m 19s)

---------------  T H R E A D  ---------------

Current thread (0x000001d4bb887360):  JavaThread "Thread-0" [_thread_in_native, id=7312, stack(0x0000003a64200000,0x0000003a64300000)]

Stack: [0x0000003a64200000,0x0000003a64300000],  sp=0x0000003a642ff480,  free space=1021k
Native frames: (J=compiled Java code, j=interpreted, Vv=VM code, C=native code)
C  [imgui-java64.dll+0x61fed]

Java frames: (J=compiled Java code, j=interpreted, Vv=VM code)
J 996  imgui.ImGui.end()V (0 bytes) @ 0x000001d4a830cc66 [0x000001d4a830cc20+0x0000000000000046]
J 1090 c1 Client.View.Scenes.First.FirstScene.exitButton()V (79 bytes) @ 0x000001d4a0f15b1c [0x000001d4a0f15780+0x000000000000039c]
J 1085 c1 Client.View.Scenes.First.FirstScene.layer()V (13 bytes) @ 0x000001d4a0f13a24 [0x000001d4a0f13960+0x00000000000000c4]
j  Client.View.Window.Window.run()V+65
j  Client.View.Initializer.UIInitializer.lambda$initialize$0(LClient/View/Window/Window;LClient/View/Scenes/Layer;)V+6
j  Client.View.Initializer.UIInitializer$$Lambda$28+0x0000000800c0bb70.run()V+8
j  java.lang.Thread.run()V+11 java.base@18.0.2
v  ~StubRoutines::call_stub

siginfo: EXCEPTION_ACCESS_VIOLATION (0xc0000005), reading address 0x0000000000001cf8


Register to memory mapping:

RIP=0x0000000064a61fed imgui-java64.dll
RAX=0x000001d4b7acba58 is pointing into metadata
RBX=0x0 is NULL
RCX=0x000001d4bb8875f0 points into unknown readable memory: 0x000001d4bb91fc90 | 90 fc 91 bb d4 01 00 00
RDX=0x0000003a642ff510 is pointing into the stack for thread: 0x000001d4bb887360
RSP=0x0000003a642ff480 is pointing into the stack for thread: 0x000001d4bb887360
RBP=0x0000003a642ff520 is pointing into the stack for thread: 0x000001d4bb887360
RSI=0x000001d4b7aca950 is pointing into metadata
RDI=0x000001d4a07f94fe is at code_begin+1118 in an Interpreter codelet
return entry points  [0x000001d4a07f90a0, 0x000001d4a07f9ba0]  2816 bytes
R8 =0x0000000000000001 is an unknown value
R9 =0x0000000089ac24f8 is an oop: java.net.Socket 
{0x0000000089ac24f8} - klass: 'java/net/Socket'
 - ---- fields (total size 5 words):
 - private 'created' 'Z' @12  true
 - private 'bound' 'Z' @13  true
 - private 'connected' 'Z' @14  true
 - private 'closed' 'Z' @15  true
 - private 'shutIn' 'Z' @16  false
 - private 'shutOut' 'Z' @17  false
 - private 'closeLock' 'Ljava/lang/Object;' @20  a 'java/lang/Object'{0x0000000089adc3a0} (89adc3a0)
 - 'impl' 'Ljava/net/SocketImpl;' @24  a 'java/net/SocksSocketImpl'{0x0000000089adc470} (89adc470)
 - private volatile 'in' 'Ljava/io/InputStream;' @28  a 'java/net/Socket$SocketInputStream'{0x0000000089ae6d50} (89ae6d50)
 - private volatile 'out' 'Ljava/io/OutputStream;' @32  a 'java/net/Socket$SocketOutputStream'{0x0000000089adccb8} (89adccb8)
 - private volatile 'options' 'Ljava/util/Set;' @36  NULL (0)
R10=0x0000000064a90800 imgui-java64.dll
R11={method} {0x000001d4b7465ea8} 'close' '()V' in 'java/net/Socket'
R12=0x0 is NULL
R13=0x000001d4a0f15af4 is at entry_point+884 in (nmethod*)0x000001d4a0f15510
Compiled method (c1)   19247 1090       3       Client.View.Scenes.First.FirstScene::exitButton (79 bytes)
 total in heap  [0x000001d4a0f15510,0x000001d4a0f16040] = 2864
 relocation     [0x000001d4a0f15668,0x000001d4a0f15748] = 224
 constants      [0x000001d4a0f15760,0x000001d4a0f15780] = 32
 main code      [0x000001d4a0f15780,0x000001d4a0f15cc0] = 1344
 stub code      [0x000001d4a0f15cc0,0x000001d4a0f15d78] = 184
 oops           [0x000001d4a0f15d78,0x000001d4a0f15d88] = 16
 metadata       [0x000001d4a0f15d88,0x000001d4a0f15dc8] = 64
 scopes data    [0x000001d4a0f15dc8,0x000001d4a0f15e60] = 152
 scopes pcs     [0x000001d4a0f15e60,0x000001d4a0f15fb0] = 336
 dependencies   [0x000001d4a0f15fb0,0x000001d4a0f15fc8] = 24
 handler table  [0x000001d4a0f15fc8,0x000001d4a0f16010] = 72
 nul chk table  [0x000001d4a0f16010,0x000001d4a0f16040] = 48
R14=0x0000003a642ff510 is pointing into the stack for thread: 0x000001d4bb887360
R15=0x000001d4bb887360 is a thread


Registers:
RAX=0x000001d4b7acba58, RBX=0x0000000000000000, RCX=0x000001d4bb8875f0, RDX=0x0000003a642ff510
RSP=0x0000003a642ff480, RBP=0x0000003a642ff520, RSI=0x000001d4b7aca950, RDI=0x000001d4a07f94fe
R8 =0x0000000000000001, R9 =0x0000000089ac24f8, R10=0x0000000064a90800, R11=0x000001d4b7465ea0
R12=0x0000000000000000, R13=0x000001d4a0f15af4, R14=0x0000003a642ff510, R15=0x000001d4bb887360
RIP=0x0000000064a61fed, EFLAGS=0x0000000000010202

Top of Stack: (sp=0x0000003a642ff480)
0x0000003a642ff480:   000001d4b7808bd8 0000000000000000
0x0000003a642ff490:   0000000089ac22b8 000001d4b7808b60
0x0000003a642ff4a0:   0000000000000000 0000003a642ff530
0x0000003a642ff4b0:   000001d4b7aca950 000001d4a830ccfe
0x0000003a642ff4c0:   0000000089ac24e0 0000003a642ff4c8
0x0000003a642ff4d0:   000001d4b7834aa0 0000003a642ff528
0x0000003a642ff4e0:   000001d4b7832690 000001d4b7acba58
0x0000003a642ff4f0:   000000008987ecc8 000001d4b7834ae8
0x0000003a642ff500:   0000000000000000 0000003a642ff530
0x0000003a642ff510:   00000000894fca70 000001d4a0f15af4
0x0000003a642ff520:   0000003a642ff650 000001d4a0f15b1c
0x0000003a642ff530:   0000000088f2e568 0000000000000000
0x0000003a642ff540:   0000000000000000 000001d4b7974920
0x0000003a642ff550:   000000000000034e 000001d4b7ac4a48
0x0000003a642ff560:   0000003a642ff5f0 0000000000000000
0x0000003a642ff570:   0000000089105298 000000008913afe0 

Instructions: (pc=0x0000000064a61fed)
0x0000000064a61eed:   c0 48 83 c4 28 5b 5e 5f 5d 41 5c 41 5d 41 5e 41
0x0000000064a61efd:   5f c3 90 39 c5 7c e7 e8 d7 e0 12 00 84 c0 74 2b
0x0000000064a61f0d:   4c 8d 05 a6 f5 4a 00 ba 06 07 00 00 48 8d 0d b1
0x0000000064a61f1d:   f5 4a 00 e8 db df 12 00 48 8b 86 48 1f 00 00 4e
0x0000000064a61f2d:   8b 04 38 eb b9 66 0f 1f 44 00 00 3b ae 40 1f 00
0x0000000064a61f3d:   00 7c 1a 41 b8 06 07 00 00 48 8d 15 6d f5 4a 00
0x0000000064a61f4d:   48 8d 0d 7d f5 4a 00 ff 15 be 57 da 00 48 8b 86
0x0000000064a61f5d:   48 1f 00 00 4e 8b 04 38 eb 84 66 0f 1f 84 00 00
0x0000000064a61f6d:   00 00 00 48 8b 05 d1 71 55 00 48 89 d1 48 8b 90
0x0000000064a61f7d:   58 1f 00 00 48 85 c9 74 3a 44 8b 80 a8 1c 00 00
0x0000000064a61f8d:   44 89 41 60 48 39 d1 74 44 f3 0f 10 41 28 48 89
0x0000000064a61f9d:   88 58 1f 00 00 f3 0f 11 80 50 1f 00 00 48 8b 80
0x0000000064a61fad:   f0 15 00 00 48 85 c0 74 24 48 ff e0 0f 1f 80 00
0x0000000064a61fbd:   00 00 00 48 85 d2 74 15 c7 80 50 1f 00 00 00 00
0x0000000064a61fcd:   80 3f 48 c7 80 58 1f 00 00 00 00 00 00 c3 0f 1f
0x0000000064a61fdd:   44 00 00 56 53 48 83 ec 28 48 8b 1d 5b 71 55 00
0x0000000064a61fed:   8b 83 f8 1c 00 00 48 8b b3 28 1d 00 00 83 f8 01
0x0000000064a61ffd:   0f 8e 0d 02 00 00 8b 46 0c 25 00 00 00 21 3d 00
0x0000000064a6200d:   00 00 01 0f 84 4a 02 00 00 48 83 be b8 01 00 00
0x0000000064a6201d:   00 74 05 e8 8b 03 0c 00 8b 46 0c a9 00 00 00 20
0x0000000064a6202d:   0f 84 bd 02 00 00 a9 00 00 00 01 0f 84 a2 02 00
0x0000000064a6203d:   00 48 8b 86 10 04 00 00 48 85 c0 74 49 f6 86 f1
0x0000000064a6204d:   03 00 00 04 74 40 48 8b 80 88 00 00 00 48 85 c0
0x0000000064a6205d:   74 34 f3 0f 10 86 2c 01 00 00 f3 0f 10 8e 28 01
0x0000000064a6206d:   00 00 f3 0f 58 46 7c f3 0f 58 4e 78 f3 0f 5c 40
0x0000000064a6207d:   7c f3 0f 5c 48 78 f3 0f 11 80 2c 01 00 00 f3 0f
0x0000000064a6208d:   11 88 28 01 00 00 48 63 93 f8 1c 00 00 85 d2 0f
0x0000000064a6209d:   8e 5e 02 00 00 48 63 c2 48 8d 0c 80 48 8d 04 48
0x0000000064a620ad:   48 8b 8b 00 1d 00 00 48 8d 04 c1 f3 0f 6f 50 b0
0x0000000064a620bd:   48 83 e8 58 0f 11 93 e8 1d 00 00 f3 0f 6f 58 18
0x0000000064a620cd:   0f 11 9b f8 1d 00 00 f3 0f 6f 60 28 0f 11 a3 08
0x0000000064a620dd:   1e 00 00 48 8b 48 38 48 89 8b 18 1e 00 00 8b 40 


Stack slot to memory mapping:
stack at sp + 0 slots: 0x000001d4b7808bd8 is pointing into metadata
stack at sp + 1 slots: 0x0 is NULL
stack at sp + 2 slots: 0x0000000089ac22b8 is an oop: java.lang.Class 
{0x0000000089ac22b8} - klass: 'java/lang/Class'
 - ---- fields (total size 14 words):
 - private volatile transient 'classRedefinedCount' 'I' @12  0
 - abstract internal 'klass' 'J' @16  34372336016 (c03990 8)
 - abstract internal 'array_klass' 'J' @24  0 (0 0)
 - abstract internal 'oop_size' 'I' @32  14 (e)
 - abstract internal 'static_oop_field_count' 'I' @36  0
 - private volatile transient 'cachedConstructor' 'Ljava/lang/reflect/Constructor;' @40  NULL (0)
 - private transient 'name' 'Ljava/lang/String;' @44  "Server.Session.SessionSteam"{0x0000000089ac2338} (89ac2338)
 - private transient 'module' 'Ljava/lang/Module;' @48  a 'java/lang/Module'{0x0000000089debe20} (89debe20)
 - private final 'classLoader' 'Ljava/lang/ClassLoader;' @52  a 'jdk/internal/loader/ClassLoaders$AppClassLoader'{0x0000000089debc60} (89debc60)
 - private transient 'classData' 'Ljava/lang/Object;' @56  NULL (0)
 - private transient 'packageName' 'Ljava/lang/String;' @60  "Server.Session"{0x0000000089ac0840} (89ac0840)
 - private final 'componentType' 'Ljava/lang/Class;' @64  NULL (0)
 - private volatile transient 'reflectionData' 'Ljava/lang/ref/SoftReference;' @68  NULL (0)
 - private volatile transient 'genericInfo' 'Lsun/reflect/generics/repository/ClassRepository;' @72  NULL (0)
 - private volatile transient 'enumConstants' '[Ljava/lang/Object;' @76  NULL (0)
 - private volatile transient 'enumConstantDirectory' 'Ljava/util/Map;' @80  NULL (0)
 - private volatile transient 'annotationData' 'Ljava/lang/Class$AnnotationData;' @84  NULL (0)
 - private volatile transient 'annotationType' 'Lsun/reflect/annotation/AnnotationType;' @88  NULL (0)
 - transient 'classValueMap' 'Ljava/lang/ClassValue$ClassValueMap;' @92  NULL (0)
 - abstract internal 'protection_domain' 'Ljava/lang/Object;' @96  a 'java/security/ProtectionDomain'{0x0000000089abd3f8} (89abd3f8)
 - abstract internal 'signers_name' 'Ljava/lang/Object;' @100  NULL (0)
 - abstract internal 'source_file' 'Ljava/lang/Object;' @104  NULL (0)
 - signature: LServer/Session/SessionSteam;
 - ---- static fields (0):
stack at sp + 3 slots: {method} {0x000001d4b7808b68} 'dispose' '()V' in 'Server/Session/SessionSteam'
stack at sp + 4 slots: 0x0 is NULL
stack at sp + 5 slots: 0x0000003a642ff530 is pointing into the stack for thread: 0x000001d4bb887360
stack at sp + 6 slots: 0x000001d4b7aca950 is pointing into metadata
stack at sp + 7 slots: 0x000001d4a830ccfe is at entry_point+222 in (nmethod*)0x000001d4a830ca90
Compiled method (n/a)   19255  996     n 0       imgui.ImGui::end (native)
 total in heap  [0x000001d4a830ca90,0x000001d4a830ce40] = 944
 relocation     [0x000001d4a830cbe8,0x000001d4a830cc18] = 48
 main code      [0x000001d4a830cc20,0x000001d4a830ce38] = 536
 oops           [0x000001d4a830ce38,0x000001d4a830ce40] = 8


Compiled method (n/a)   19256  996     n 0       imgui.ImGui::end (native)
 total in heap  [0x000001d4a830ca90,0x000001d4a830ce40] = 944
 relocation     [0x000001d4a830cbe8,0x000001d4a830cc18] = 48
 main code      [0x000001d4a830cc20,0x000001d4a830ce38] = 536
 oops           [0x000001d4a830ce38,0x000001d4a830ce40] = 8

[Constant Pool (empty)]

[MachCode]
[Entry Point]
  # {method} {0x000001d4b7976138} 'end' '()V' in 'imgui/ImGui'
  #           [sp+0x70]  (sp of caller)
  0x000001d4a830cc20: 448b 5208 | 49bb 0000 | 0000 0800 | 0000 4d03 | d349 3bc2 | 0f84 0600 

  0x000001d4a830cc38: ;   {runtime_call ic_miss_stub}
  0x000001d4a830cc38: 0000 e941 | fe52 f890 
[Verified Entry Point]
  0x000001d4a830cc40: 8984 2400 | 90ff ff55 | 488b ec48 

  0x000001d4a830cc4c: ;   {oop(a 'java/lang/Class'{0x00000000894fca70} = 'imgui/ImGui')}
  0x000001d4a830cc4c: 83ec 6049 | be70 ca4f | 8900 0000 | 004c 8974 | 2450 4c8d | 7424 5049 | 8bd6 c5f8 

  0x000001d4a830cc68: ;   {internal_word}
  0x000001d4a830cc68: 7749 ba66 | cc30 a8d4 | 0100 004d | 8997 7802 | 0000 4989 | a770 0200 

  0x000001d4a830cc80: ;   {external_word}
  0x000001d4a830cc80: 0049 ba77 | 2181 29fc | 7f00 0041 | 803a 000f | 844a 0000 

  0x000001d4a830cc94: ;   {metadata({method} {0x000001d4b7976138} 'end' '()V' in 'imgui/ImGui')}
  0x000001d4a830cc94: 0052 48ba | 3061 97b7 | d401 0000 | 498b cf48 | 83ec 20f7 | c40f 0000 | 000f 841a | 0000 0048 
  0x000001d4a830ccb4: ;   {runtime_call}
  0x000001d4a830ccb4: 83ec 0849 | ba00 8036 | 29fc 7f00 | 0041 ffd2 | 4883 c408 | e90d 0000 

  0x000001d4a830cccc: ;   {runtime_call}
  0x000001d4a830cccc: 0049 ba00 | 8036 29fc | 7f00 0041 | ffd2 4883 | c420 5a49 | 8d8f 9002 | 0000 41c7 | 8730 0300 
  0x000001d4a830ccec: 0004 0000 

  0x000001d4a830ccf0: ;   {runtime_call}
  0x000001d4a830ccf0: 0049 ba00 | 08a9 6400 | 0000 0041 | ffd2 c5f8 | 7741 c787 | 3003 0000 | 0500 0000 | f083 4424 
  0x000001d4a830cd10: c000 493b | af38 0300 | 000f 8711 | 0000 0041 | 81bf 2003 | 0000 0000 | 0000 0f84 | 2400 0000 
  0x000001d4a830cd30: c5f8 7749 | 8bcf 4c8b | e448 83ec | 2048 83e4 

  0x000001d4a830cd40: ;   {runtime_call}
  0x000001d4a830cd40: f049 ba70 | a145 29fc | 7f00 0041 | ffd2 498b | e44d 33e4 | 41c7 8730 | 0300 0008 | 0000 0041 
  0x000001d4a830cd60: 81bf a003 | 0000 0200 | 0000 0f84 | 9b00 0000 

  0x000001d4a830cd70: ;   {external_word}
  0x000001d4a830cd70: 49ba 7721 | 8129 fc7f | 0000 4180 | 3a00 0f84 | 4800 0000 

  0x000001d4a830cd84: ;   {metadata({method} {0x000001d4b7976138} 'end' '()V' in 'imgui/ImGui')}
  0x000001d4a830cd84: 48ba 3061 | 97b7 d401 | 0000 498b | cf48 83ec | 20f7 c40f | 0000 000f | 841a 0000 | 0048 83ec 
  0x000001d4a830cda4: ;   {runtime_call}
  0x000001d4a830cda4: 0849 ba00 | 8036 29fc | 7f00 0041 | ffd2 4883 | c408 e90d 

  0x000001d4a830cdb8: ;   {runtime_call}
  0x000001d4a830cdb8: 0000 0049 | ba00 8036 | 29fc 7f00 | 0041 ffd2 | 4883 c420 | 49c7 8770 | 0200 0000 | 0000 0049 
  0x000001d4a830cdd8: c787 7802 | 0000 0000 | 0000 c5f8 | 7749 8b8f | 0003 0000 | c781 0001 | 0000 0000 | 0000 c949 
  0x000001d4a830cdf8: 817f 0800 | 0000 000f | 8501 0000 

  0x000001d4a830ce04: ;   {runtime_call StubRoutines (1)}
  0x000001d4a830ce04: 00c3 e9f5 | 404e f8c5 | f877 4c8b | e448 83ec | 2048 83e4 

  0x000001d4a830ce18: ;   {runtime_call}
  0x000001d4a830ce18: f049 bab0 | b036 29fc | 7f00 0041 | ffd2 498b | e44d 33e4 | e93f ffff | fff4 f4f4 | f4f4 f4f4 
[/MachCode]


Compiled method (c1)   19265 1090       3       Client.View.Scenes.First.FirstScene::exitButton (79 bytes)
 total in heap  [0x000001d4a0f15510,0x000001d4a0f16040] = 2864
 relocation     [0x000001d4a0f15668,0x000001d4a0f15748] = 224
 constants      [0x000001d4a0f15760,0x000001d4a0f15780] = 32
 main code      [0x000001d4a0f15780,0x000001d4a0f15cc0] = 1344
 stub code      [0x000001d4a0f15cc0,0x000001d4a0f15d78] = 184
 oops           [0x000001d4a0f15d78,0x000001d4a0f15d88] = 16
 metadata       [0x000001d4a0f15d88,0x000001d4a0f15dc8] = 64
 scopes data    [0x000001d4a0f15dc8,0x000001d4a0f15e60] = 152
 scopes pcs     [0x000001d4a0f15e60,0x000001d4a0f15fb0] = 336
 dependencies   [0x000001d4a0f15fb0,0x000001d4a0f15fc8] = 24
 handler table  [0x000001d4a0f15fc8,0x000001d4a0f16010] = 72
 nul chk table  [0x000001d4a0f16010,0x000001d4a0f16040] = 48


[Constant Pool]
             Address          hex4                    hex8      
  0x000001d4a0f15760:   0x42c80000      0x42dc000042c80000      
  0x000001d4a0f15764:   0x42dc0000                              
  0x000001d4a0f15768:   0xf4f4f4f4      0xf4f4f4f4f4f4f4f4      
  0x000001d4a0f1576c:   0xf4f4f4f4                              
  0x000001d4a0f15770:   0xf4f4f4f4      0xf4f4f4f4f4f4f4f4      
  0x000001d4a0f15774:   0xf4f4f4f4                              
  0x000001d4a0f15778:   0xf4f4f4f4      0xf4f4f4f4f4f4f4f4      
  0x000001d4a0f1577c:   0xf4f4f4f4                              

[MachCode]
[Entry Point]
  # {method} {0x000001d4b783cc90} 'exitButton' '()V' in 'Client/View/Scenes/First/FirstScene'
  #           [sp+0x80]  (sp of caller)
  0x000001d4a0f15780: ;   {no_reloc}
  0x000001d4a0f15780: 448b 5208 | 49bb 0000 | 0000 0800 | 0000 4d03 | d34c 3bd0 

  0x000001d4a0f15794: ;   {runtime_call ic_miss_stub}
  0x000001d4a0f15794: 0f85 e672 | 92ff 660f | 1f44 0000 
[Verified Entry Point]
  0x000001d4a0f157a0: 8984 2400 | 90ff ff55 | 4883 ec70 

  0x000001d4a0f157ac: ;   {metadata(method data for {method} {0x000001d4b783cc90} 'exitButton' '()V' in 'Client/View/Scenes/First/FirstScene')}
  0x000001d4a0f157ac: 48be 50a9 | acb7 d401 | 0000 8bbe | cc00 0000 | 83c7 0289 | becc 0000 | 0081 e7fe | 0700 0083 
  0x000001d4a0f157cc: ff00 0f84 | 0204 0000 | 4889 5424 

  0x000001d4a0f157d8: ;   {oop(a 'Client/View/Config/ViewConfig$WindowSettings'{0x0000000089105298})}
  0x000001d4a0f157d8: 4848 be98 | 5210 8900 | 0000 008b | 7e10 483b | 0748 8bdf 

  0x000001d4a0f157ec: ;   {metadata(method data for {method} {0x000001d4b783cc90} 'exitButton' '()V' in 'Client/View/Scenes/First/FirstScene')}
  0x000001d4a0f157ec: 48b8 50a9 | acb7 d401 | 0000 4883 | 8010 0100 | 0001 8b5f | 0c48 8bc7 

  0x000001d4a0f15804: ;   {metadata(method data for {method} {0x000001d4b783cc90} 'exitButton' '()V' in 'Client/View/Scenes/First/FirstScene')}
  0x000001d4a0f15804: 48b9 50a9 | acb7 d401 | 0000 4883 | 8148 0100 | 0001 8b7f 

  0x000001d4a0f15818: ;   {metadata(method data for {method} {0x000001d4b783cc90} 'exitButton' '()V' in 'Client/View/Scenes/First/FirstScene')}
  0x000001d4a0f15818: 1048 b850 | a9ac b7d4 | 0100 0048 | 8380 8001 | 0000 01c5 | fa2a c3c5 | f22a cf48 | 8974 2440 
  0x000001d4a0f15838: 0f1f 8000 

  0x000001d4a0f1583c: ;   {static_call}
  0x000001d4a0f1583c: 0000 00e8 

  0x000001d4a0f15840: ; ImmutableOopMap {[72]=Oop [64]=Oop }
                      ;*invokestatic setNextWindowPos {reexecute=0 rethrow=0 return_oop=0}
                      ; - Client.View.Scenes.First.FirstScene::exitButton@20 (line 84)
  0x000001d4a0f15840: fc63 3f07 

  0x000001d4a0f15844: ;   {metadata(method data for {method} {0x000001d4b783cc90} 'exitButton' '()V' in 'Client/View/Scenes/First/FirstScene')}
  0x000001d4a0f15844: 48ba 50a9 | acb7 d401 | 0000 4883 | 8290 0100 

  0x000001d4a0f15854: ;   {metadata(method data for {method} {0x000001d4b7975ec0} 'begin' '(Ljava/lang/String;I)Z' in 'imgui/ImGui')}
  0x000001d4a0f15854: 0001 48ba | 104f acb7 | d401 0000 | 448b 82cc | 0000 0041 | 83c0 0244 | 8982 cc00 | 0000 4181 
  0x000001d4a0f15874: e0fe ff1f | 0041 83f8 | 000f 847e 

  0x000001d4a0f15880: ;   {metadata(method data for {method} {0x000001d4b7975ec0} 'begin' '(Ljava/lang/String;I)Z' in 'imgui/ImGui')}
  0x000001d4a0f15880: 0300 0048 | ba10 4fac | b7d4 0100 | 0048 8382 | 1001 0000 

  0x000001d4a0f15894: ;   {oop("Exit"{0x0000000089105b20})}
  0x000001d4a0f15894: 0148 be20 | 5b10 8900 | 0000 0048 | 8bd6 41b8 | 0a00 0000 | 4889 7424 

  0x000001d4a0f158ac: ;   {static_call}
  0x000001d4a0f158ac: 5066 90e8 

  0x000001d4a0f158b0: ; ImmutableOopMap {[72]=Oop [64]=Oop [80]=Oop }
                      ;*invokestatic nBegin {reexecute=0 rethrow=0 return_oop=0}
                      ; - imgui.ImGui::begin@2 (line 457)
                      ; - Client.View.Scenes.First.FirstScene::exitButton@27 (line 85)
  0x000001d4a0f158b0: 8c67 3f07 

  0x000001d4a0f158b4: ;   {metadata(method data for {method} {0x000001d4b783cc90} 'exitButton' '()V' in 'Client/View/Scenes/First/FirstScene')}
  0x000001d4a0f158b4: 48be 50a9 | acb7 d401 | 0000 4883 | 86a0 0100 

  0x000001d4a0f158c4: ;   {section_word}
  0x000001d4a0f158c4: 0001 c5fa | 1005 92fe 

  0x000001d4a0f158cc: ;   {section_word}
  0x000001d4a0f158cc: ffff c5fa | 100d 8efe 

  0x000001d4a0f158d4: ;   {static_call}
  0x000001d4a0f158d4: ffff 90e8 

  0x000001d4a0f158d8: ; ImmutableOopMap {[72]=Oop [64]=Oop [80]=Oop }
                      ;*invokestatic setWindowSize {reexecute=0 rethrow=0 return_oop=0}
                      ; - Client.View.Scenes.First.FirstScene::exitButton@35 (line 86)
  0x000001d4a0f158d8: 646b 3f07 | 488b 7424 | 408b 5614 

  0x000001d4a0f158e4: ; implicit exception: dispatches to 0x000001d4a0f15c22
  0x000001d4a0f158e4: 483b 0248 

  0x000001d4a0f158e8: ;   {metadata(method data for {method} {0x000001d4b783cc90} 'exitButton' '()V' in 'Client/View/Scenes/First/FirstScene')}
  0x000001d4a0f158e8: 8bf2 48bf | 50a9 acb7 | d401 0000 | 4883 87b0 | 0100 0001 | 8b72 0c48 

  0x000001d4a0f15900: ;   {metadata(method data for {method} {0x000001d4b783cc90} 'exitButton' '()V' in 'Client/View/Scenes/First/FirstScene')}
  0x000001d4a0f15900: 8bfa 48bb | 50a9 acb7 | d401 0000 | 4883 83e8 | 0100 0001 

  0x000001d4a0f15914: ;   {metadata(method data for {method} {0x000001d4b783cc90} 'exitButton' '()V' in 'Client/View/Scenes/First/FirstScene')}
  0x000001d4a0f15914: 8b52 1048 | bf50 a9ac | b7d4 0100 | 0048 8387 | 2002 0000 | 01c5 fa2a | c6c5 f22a | ca48 8b54 
  0x000001d4a0f15934: ;   {static_call}
  0x000001d4a0f15934: 2450 90e8 

  0x000001d4a0f15938: ; ImmutableOopMap {[72]=Oop }
                      ;*invokestatic button {reexecute=0 rethrow=0 return_oop=0}
                      ; - Client.View.Scenes.First.FirstScene::exitButton@60 (line 87)
  0x000001d4a0f15938: 843f 3f07 

  0x000001d4a0f1593c: ;   {metadata(method data for {method} {0x000001d4b783cc90} 'exitButton' '()V' in 'Client/View/Scenes/First/FirstScene')}
  0x000001d4a0f1593c: 83f8 0049 | b850 a9ac | b7d4 0100 | 0048 ba30 | 0200 0000 | 0000 000f | 840a 0000 | 0048 ba40 
  0x000001d4a0f1595c: 0200 0000 | 0000 0049 | 8b34 1048 | 8d76 0149 | 8934 100f | 848f 0100 | 0048 8b54 | 2448 8b72 
  0x000001d4a0f1597c: 0c48 83fe | 000f 8429 

  0x000001d4a0f15984: ;   {metadata('Client/Loop/ClientLoop')}
  0x000001d4a0f15984: 0000 0048 | bb80 b0c0 | 0008 0000 | 008b 7e08 | 49ba 0000 | 0000 0800 | 0000 4903 | fa48 3b5f 
  0x000001d4a0f159a4: 380f 857c | 0200 00e9 | 0000 0000 | 4c8b c648 | 3b06 4c8b 

  0x000001d4a0f159b8: ;   {metadata(method data for {method} {0x000001d4b783cc90} 'exitButton' '()V' in 'Client/View/Scenes/First/FirstScene')}
  0x000001d4a0f159b8: c648 ba50 | a9ac b7d4 

  0x000001d4a0f159c0: ;   {metadata('Client/Loop/ClientLoop')}
  0x000001d4a0f159c0: 0100 0049 | ba80 b0c0 | 0008 0000 | 004c 8992 | 6002 0000 | 4883 8268 | 0200 0001 

  0x000001d4a0f159dc: ;   {metadata(method data for {method} {0x000001d4b7835488} 'onButtonExit' '()V' in 'Client/Loop/ClientLoop')}
  0x000001d4a0f159dc: 49b8 60b4 | acb7 d401 | 0000 418b | 90cc 0000 | 0083 c202 | 4189 90cc | 0000 0081 | e2fe ff1f 
  0x000001d4a0f159fc: 0083 fa00 | 0f84 2b02 | 0000 8b56 | 0c48 3b02 

  0x000001d4a0f15a0c: ;   {metadata(method data for {method} {0x000001d4b7835488} 'onButtonExit' '()V' in 'Client/Loop/ClientLoop')}
  0x000001d4a0f15a0c: 4c8b c248 | bf60 b4ac | b7d4 0100 | 0045 8b40 | 0849 ba00 | 0000 0008 | 0000 004d | 03c2 4c3b 
  0x000001d4a0f15a2c: 8720 0100 | 0075 0d48 | 8387 2801 | 0000 01e9 | 6600 0000 | 4c3b 8730 | 0100 0075 | 0d48 8387 
  0x000001d4a0f15a4c: 3801 0000 | 01e9 5000 | 0000 4881 | bf20 0100 | 0000 0000 | 0075 174c | 8987 2001 | 0000 48c7 
  0x000001d4a0f15a6c: 8728 0100 | 0001 0000 | 00e9 2c00 | 0000 4881 | bf30 0100 | 0000 0000 | 0075 174c | 8987 3001 
  0x000001d4a0f15a8c: 0000 48c7 | 8738 0100 | 0001 0000 | 00e9 0800 | 0000 4883 | 8710 0100 

  0x000001d4a0f15aa4: ;   {oop("EXIT"{0x00000000899f5c68})}
  0x000001d4a0f15aa4: 0001 49b8 | 685c 9f89 | 0000 0000 | 4889 7424 

  0x000001d4a0f15ab4: ;   {optimized virtual_call}
  0x000001d4a0f15ab4: 5866 90e8 

  0x000001d4a0f15ab8: ; ImmutableOopMap {[88]=Oop }
                      ;*invokevirtual startAction {reexecute=0 rethrow=0 return_oop=0}
                      ; - Client.Loop.ClientLoop::onButtonExit@7 (line 271)
                      ; - Client.View.Scenes.First.FirstScene::exitButton@70 (line 88)
  0x000001d4a0f15ab8: 4902 0000 | 488b 7424 

  0x000001d4a0f15ac0: ;   {metadata(method data for {method} {0x000001d4b7835488} 'onButtonExit' '()V' in 'Client/Loop/ClientLoop')}
  0x000001d4a0f15ac0: 5848 ba60 | b4ac b7d4 

  0x000001d4a0f15ac8: ;   {metadata('Client/Loop/ClientLoop')}
  0x000001d4a0f15ac8: 0100 0049 | ba80 b0c0 | 0008 0000 | 004c 8992 | 5801 0000 | 4883 8260 | 0100 0001 | 488b 5424 
  0x000001d4a0f15ae8: 5866 0f1f 

  0x000001d4a0f15aec: ;   {optimized virtual_call}
  0x000001d4a0f15aec: 4400 00e8 

  0x000001d4a0f15af0: ; ImmutableOopMap {}
                      ;*invokevirtual dispose {reexecute=0 rethrow=0 return_oop=0}
                      ; - Client.Loop.ClientLoop::onButtonExit@11 (line 272)
                      ; - Client.View.Scenes.First.FirstScene::exitButton@70 (line 88)
  0x000001d4a0f15af0: 2102 0000 

  0x000001d4a0f15af4: ;   {metadata(method data for {method} {0x000001d4b7835488} 'onButtonExit' '()V' in 'Client/Loop/ClientLoop')}
  0x000001d4a0f15af4: 48be 60b4 | acb7 d401 | 0000 ff86 | 8001 0000 

  0x000001d4a0f15b04: ;   {metadata(method data for {method} {0x000001d4b783cc90} 'exitButton' '()V' in 'Client/View/Scenes/First/FirstScene')}
  0x000001d4a0f15b04: 48be 50a9 | acb7 d401 | 0000 4883 | 8688 0200 

  0x000001d4a0f15b14: ;   {static_call}
  0x000001d4a0f15b14: 0001 90e8 

  0x000001d4a0f15b18: ; ImmutableOopMap {}
                      ;*invokestatic end {reexecute=0 rethrow=0 return_oop=0}
                      ; - Client.View.Scenes.First.FirstScene::exitButton@75 (line 89)
  0x000001d4a0f15b18: 2471 3f07 | 4883 c470 

  0x000001d4a0f15b20: ;   {poll_return}
  0x000001d4a0f15b20: 5d49 3ba7 | 3803 0000 | 0f87 2901 | 0000 c349 | 8b87 c803 | 0000 4d33 | d24d 8997 | c803 0000 
  0x000001d4a0f15b40: 4d33 d24d | 8997 d003 | 0000 4c8b | c066 6690 

  0x000001d4a0f15b50: ;   {no_reloc}
  0x000001d4a0f15b50: e927 0100 | 0000 0000 | 0000 498b | 87f0 0000 | 0048 8d78 | 2849 3bbf | 0001 0000 | 0f87 1401 
  0x000001d4a0f15b70: 0000 4989 | bff0 0000 | 0048 c700 | 0100 0000 | 488b ca49 | ba00 0000 | 0008 0000 | 0049 2bca 
  0x000001d4a0f15b90: 8948 0848 | 33c9 8948 | 0c48 33c9 | 4889 4810 | 4889 4818 | 4889 4820 

  0x000001d4a0f15ba8: ;   {metadata(method data for {method} {0x000001d4b7835488} 'onButtonExit' '()V' in 'Client/Loop/ClientLoop')}
  0x000001d4a0f15ba8: 488b d048 | be60 b4ac | b7d4 0100 | 0048 8386 | 9801 0000 | 0148 8bd0 | 4889 4424 

  0x000001d4a0f15bc4: ;   {optimized virtual_call}
  0x000001d4a0f15bc4: 6066 90e8 

  0x000001d4a0f15bc8: ; ImmutableOopMap {[96]=Oop }
                      ;*invokespecial <init> {reexecute=0 rethrow=0 return_oop=0}
                      ; - Client.Loop.ClientLoop::onButtonExit@23 (line 274)
                      ; - Client.View.Scenes.First.FirstScene::exitButton@70 (line 88)
  0x000001d4a0f15bc8: b471 92ff | 488b 4424 | 60e9 dc00 

  0x000001d4a0f15bd4: ;   {metadata({method} {0x000001d4b783cc90} 'exitButton' '()V' in 'Client/View/Scenes/First/FirstScene')}
  0x000001d4a0f15bd4: 0000 49ba | 88cc 83b7 | d401 0000 | 4c89 5424 | 0848 c704 | 24ff ffff 

  0x000001d4a0f15bec: ;   {runtime_call counter_overflow Runtime1 stub}
  0x000001d4a0f15bec: ffe8 0e85 

  0x000001d4a0f15bf0: ; ImmutableOopMap {rdx=Oop }
                      ;*synchronization entry
                      ; - Client.View.Scenes.First.FirstScene::exitButton@-1 (line 84)
  0x000001d4a0f15bf0: 9dff e9dd 

  0x000001d4a0f15bf4: ;   {runtime_call throw_null_pointer_exception Runtime1 stub}
  0x000001d4a0f15bf4: fbff ffe8 

  0x000001d4a0f15bf8: ; ImmutableOopMap {[72]=Oop rsi=Oop }
                      ;*getfield Position {reexecute=1 rethrow=0 return_oop=0}
                      ; - (reexecute) Client.View.Scenes.First.FirstScene::exitButton@3 (line 84)
  0x000001d4a0f15bf8: 241f 9dff 

  0x000001d4a0f15bfc: ;   {runtime_call throw_null_pointer_exception Runtime1 stub}
  0x000001d4a0f15bfc: e81f 1f9d 

  0x000001d4a0f15c00: ; ImmutableOopMap {[72]=Oop rsi=Oop rdi=Oop }
                      ;*invokevirtual x {reexecute=0 rethrow=0 return_oop=0}
                      ; - Client.View.Scenes.First.FirstScene::exitButton@6 (line 84)
                      ;   {metadata({method} {0x000001d4b7975ec0} 'begin' '(Ljava/lang/String;I)Z' in 'imgui/ImGui')}
  0x000001d4a0f15c00: ff49 bab8 | 5e97 b7d4 | 0100 004c | 8954 2408 | 48c7 0424 | ffff ffff 

  0x000001d4a0f15c18: ;   {runtime_call counter_overflow Runtime1 stub}
  0x000001d4a0f15c18: e8e3 849d 

  0x000001d4a0f15c1c: ; ImmutableOopMap {[72]=Oop [64]=Oop }
                      ;*synchronization entry
                      ; - imgui.ImGui::begin@-1 (line 457)
                      ; - Client.View.Scenes.First.FirstScene::exitButton@27 (line 85)
  0x000001d4a0f15c1c: ffe9 61fc 

  0x000001d4a0f15c20: ;   {runtime_call throw_null_pointer_exception Runtime1 stub}
  0x000001d4a0f15c20: ffff e8f9 

  0x000001d4a0f15c24: ; ImmutableOopMap {[72]=Oop [80]=Oop rdx=Oop }
                      ;*invokevirtual x {reexecute=0 rethrow=0 return_oop=0}
                      ; - Client.View.Scenes.First.FirstScene::exitButton@46 (line 87)
                      ;   {runtime_call throw_incompatible_class_change_error Runtime1 stub}
  0x000001d4a0f15c24: 1e9d ffe8 

  0x000001d4a0f15c28: ; ImmutableOopMap {rsi=Oop }
                      ;*invokeinterface onButtonExit {reexecute=0 rethrow=0 return_oop=0}
                      ; - Client.View.Scenes.First.FirstScene::exitButton@70 (line 88)
  0x000001d4a0f15c28: f45a 9dff 

  0x000001d4a0f15c2c: ;   {runtime_call throw_null_pointer_exception Runtime1 stub}
  0x000001d4a0f15c2c: e8ef 1e9d 

  0x000001d4a0f15c30: ; ImmutableOopMap {rsi=Oop }
                      ;*invokeinterface onButtonExit {reexecute=0 rethrow=0 return_oop=0}
                      ; - Client.View.Scenes.First.FirstScene::exitButton@70 (line 88)
                      ;   {metadata({method} {0x000001d4b7835488} 'onButtonExit' '()V' in 'Client/Loop/ClientLoop')}
  0x000001d4a0f15c30: ff49 ba80 | 5483 b7d4 | 0100 004c | 8954 2408 | 48c7 0424 | ffff ffff 

  0x000001d4a0f15c48: ;   {runtime_call counter_overflow Runtime1 stub}
  0x000001d4a0f15c48: e8b3 849d 

  0x000001d4a0f15c4c: ; ImmutableOopMap {rsi=Oop }
                      ;*synchronization entry
                      ; - Client.Loop.ClientLoop::onButtonExit@-1 (line 271)
                      ; - Client.View.Scenes.First.FirstScene::exitButton@70 (line 88)
  0x000001d4a0f15c4c: ffe9 b4fd 

  0x000001d4a0f15c50: ;   {runtime_call throw_null_pointer_exception Runtime1 stub}
  0x000001d4a0f15c50: ffff e8c9 

  0x000001d4a0f15c54: ; ImmutableOopMap {rsi=Oop rdx=Oop }
                      ;*invokevirtual startAction {reexecute=0 rethrow=0 return_oop=0}
                      ; - Client.Loop.ClientLoop::onButtonExit@7 (line 271)
                      ; - Client.View.Scenes.First.FirstScene::exitButton@70 (line 88)
                      ;   {internal_word}
  0x000001d4a0f15c54: 1e9d ff49 | ba21 5bf1 | a0d4 0100 | 004d 8997 | 5003 0000 

  0x000001d4a0f15c68: ;   {runtime_call SafepointBlob}
  0x000001d4a0f15c68: e993 d792 

  0x000001d4a0f15c6c: ;   {metadata(NULL)}
  0x000001d4a0f15c6c: ff48 ba00 | 0000 0000 | 0000 00b8 | 000f 050a 

  0x000001d4a0f15c7c: ;   {runtime_call load_klass_patching Runtime1 stub}
  0x000001d4a0f15c7c: e8ff 739d 

  0x000001d4a0f15c80: ; ImmutableOopMap {r8=Oop }
                      ;*new {reexecute=1 rethrow=0 return_oop=0}
                      ; - (reexecute) Client.Loop.ClientLoop::onButtonExit@18 (line 274)
                      ; - Client.View.Scenes.First.FirstScene::exitButton@70 (line 88)
  0x000001d4a0f15c80: ffe9 cafe | ffff 488b 

  0x000001d4a0f15c88: ;   {runtime_call fast_new_instance Runtime1 stub}
  0x000001d4a0f15c88: d2e8 722d 

  0x000001d4a0f15c8c: ; ImmutableOopMap {r8=Oop }
                      ;*new {reexecute=0 rethrow=0 return_oop=0}
                      ; - Client.Loop.ClientLoop::onButtonExit@18 (line 274)
                      ; - Client.View.Scenes.First.FirstScene::exitButton@70 (line 88)
  0x000001d4a0f15c8c: 9dff e915 | ffff ff90 | 9049 8b87 | c803 0000 | 49c7 87c8 | 0300 0000 | 0000 0049 | c787 d003 
  0x000001d4a0f15cac: 0000 0000 | 0000 4883 

  0x000001d4a0f15cb4: ;   {runtime_call unwind_exception Runtime1 stub}
  0x000001d4a0f15cb4: c470 5de9 | 4406 9dff | f4f4 f4f4 
[Stub Code]
  0x000001d4a0f15cc0: ;   {no_reloc}
  0x000001d4a0f15cc0: 0f1f 4400 

  0x000001d4a0f15cc4: ;   {static_stub}
  0x000001d4a0f15cc4: 0048 bb00 | 0000 0000 

  0x000001d4a0f15ccc: ;   {runtime_call}
  0x000001d4a0f15ccc: 0000 00e9 | fbff ffff 

  0x000001d4a0f15cd4: ;   {static_stub}
  0x000001d4a0f15cd4: 9048 bb00 | 0000 0000 

  0x000001d4a0f15cdc: ;   {runtime_call}
  0x000001d4a0f15cdc: 0000 00e9 | fbff ffff 

  0x000001d4a0f15ce4: ;   {static_stub}
  0x000001d4a0f15ce4: 9048 bb00 | 0000 0000 

  0x000001d4a0f15cec: ;   {runtime_call}
  0x000001d4a0f15cec: 0000 00e9 | fbff ffff 

  0x000001d4a0f15cf4: ;   {static_stub}
  0x000001d4a0f15cf4: 9048 bb00 | 0000 0000 

  0x000001d4a0f15cfc: ;   {runtime_call}
  0x000001d4a0f15cfc: 0000 00e9 | fbff ffff 

  0x000001d4a0f15d04: ;   {static_stub}
  0x000001d4a0f15d04: 9048 bb90 | 8880 b7d4 

  0x000001d4a0f15d0c: ;   {runtime_call I2C/C2I adapters}
  0x000001d4a0f15d0c: 0100 00e9 | 49c3 92ff 

  0x000001d4a0f15d14: ;   {static_stub}
  0x000001d4a0f15d14: 9048 bbe8 | 4a83 b7d4 

  0x000001d4a0f15d1c: ;   {runtime_call I2C/C2I adapters}
  0x000001d4a0f15d1c: 0100 00e9 | 35ba 92ff 

  0x000001d4a0f15d24: ;   {static_stub}
  0x000001d4a0f15d24: 9048 bb00 | 0000 0000 

  0x000001d4a0f15d2c: ;   {runtime_call}
  0x000001d4a0f15d2c: 0000 00e9 | fbff ffff 

  0x000001d4a0f15d34: ;   {static_stub}
  0x000001d4a0f15d34: 9048 bb00 | 0000 0000 

  0x000001d4a0f15d3c: ;   {runtime_call}
  0x000001d4a0f15d3c: 0000 00e9 | fbff ffff 
[Exception Handler]
  0x000001d4a0f15d44: ;   {runtime_call handle_exception_from_callee Runtime1 stub}
  0x000001d4a0f15d44: e8b7 449d 

  0x000001d4a0f15d48: ;   {external_word}
  0x000001d4a0f15d48: ff48 b9b0 | 885a 29fc | 7f00 0048 

  0x000001d4a0f15d54: ;   {runtime_call}
  0x000001d4a0f15d54: 83e4 f049 | ba40 c423 | 29fc 7f00 | 0041 ffd2 

  0x000001d4a0f15d64: ;   {section_word}
  0x000001d4a0f15d64: f449 ba65 | 5df1 a0d4 | 0100 0041 

  0x000001d4a0f15d70: ;   {runtime_call DeoptimizationBlob}
  0x000001d4a0f15d70: 52e9 2ac9 | 92ff f4f4 
[/MachCode]


Compiled method (c1)   19282 1085       3       Client.View.Scenes.First.FirstScene::layer (13 bytes)
 total in heap  [0x000001d4a0f13790,0x000001d4a0f13bf0] = 1120
 relocation     [0x000001d4a0f138e8,0x000001d4a0f13948] = 96
 main code      [0x000001d4a0f13960,0x000001d4a0f13ae0] = 384
 stub code      [0x000001d4a0f13ae0,0x000001d4a0f13b48] = 104
 oops           [0x000001d4a0f13b48,0x000001d4a0f13b50] = 8
 metadata       [0x000001d4a0f13b50,0x000001d4a0f13b60] = 16
 scopes data    [0x000001d4a0f13b60,0x000001d4a0f13b88] = 40
 scopes pcs     [0x000001d4a0f13b88,0x000001d4a0f13be8] = 96
 dependencies   [0x000001d4a0f13be8,0x000001d4a0f13bf0] = 8

[Constant Pool (empty)]

[MachCode]
[Entry Point]
  # {method} {0x000001d4b783ca08} 'layer' '()V' in 'Client/View/Scenes/First/FirstScene'
  #           [sp+0x40]  (sp of caller)
  0x000001d4a0f13960: 448b 5208 | 49bb 0000 | 0000 0800 | 0000 4d03 | d34c 3bd0 

  0x000001d4a0f13974: ;   {runtime_call ic_miss_stub}
  0x000001d4a0f13974: 0f85 0691 | 92ff 660f | 1f44 0000 
[Verified Entry Point]
  0x000001d4a0f13980: 8984 2400 | 90ff ff55 | 4883 ec30 

  0x000001d4a0f1398c: ;   {metadata(method data for {method} {0x000001d4b783ca08} 'layer' '()V' in 'Client/View/Scenes/First/FirstScene')}
  0x000001d4a0f1398c: 48be c0a2 | acb7 d401 | 0000 8bbe | cc00 0000 | 83c7 0289 | becc 0000 | 0081 e7fe | 0700 0083 
  0x000001d4a0f139ac: ff00 0f84 | bb00 0000 

  0x000001d4a0f139b4: ;   {metadata(method data for {method} {0x000001d4b783ca08} 'layer' '()V' in 'Client/View/Scenes/First/FirstScene')}
  0x000001d4a0f139b4: 488b f248 | bfc0 a2ac | b7d4 0100 

  0x000001d4a0f139c0: ;   {metadata('Client/View/Scenes/First/FirstScene')}
  0x000001d4a0f139c0: 0049 ba38 | b7c0 0008 | 0000 004c | 8997 2001 | 0000 4883 | 8728 0100 | 0001 488b | f248 8bd6 
  0x000001d4a0f139e0: 4889 7424 

  0x000001d4a0f139e4: ;   {optimized virtual_call}
  0x000001d4a0f139e4: 2066 90e8 

  0x000001d4a0f139e8: ; ImmutableOopMap {[32]=Oop }
                      ;*invokevirtual colorSchemeLayer {reexecute=0 rethrow=0 return_oop=0}
                      ; - Client.View.Scenes.First.FirstScene::layer@1 (line 22)
  0x000001d4a0f139e8: 3405 0000 | 488b 5424 

  0x000001d4a0f139f0: ;   {metadata(method data for {method} {0x000001d4b783ca08} 'layer' '()V' in 'Client/View/Scenes/First/FirstScene')}
  0x000001d4a0f139f0: 2048 bec0 | a2ac b7d4 

  0x000001d4a0f139f8: ;   {metadata('Client/View/Scenes/First/FirstScene')}
  0x000001d4a0f139f8: 0100 0049 | ba38 b7c0 | 0008 0000 | 004c 8996 | 5801 0000 | 4883 8660 | 0100 0001 | 488b 5424 
  0x000001d4a0f13a18: 2066 0f1f 

  0x000001d4a0f13a1c: ;   {optimized virtual_call}
  0x000001d4a0f13a1c: 4400 00e8 

  0x000001d4a0f13a20: ; ImmutableOopMap {[32]=Oop }
                      ;*invokevirtual exitButton {reexecute=0 rethrow=0 return_oop=0}
                      ; - Client.View.Scenes.First.FirstScene::layer@5 (line 23)
  0x000001d4a0f13a20: 7c1d 0000 | 488b 5424 

  0x000001d4a0f13a28: ;   {metadata(method data for {method} {0x000001d4b783ca08} 'layer' '()V' in 'Client/View/Scenes/First/FirstScene')}
  0x000001d4a0f13a28: 2048 bec0 | a2ac b7d4 

  0x000001d4a0f13a30: ;   {metadata('Client/View/Scenes/First/FirstScene')}
  0x000001d4a0f13a30: 0100 0049 | ba38 b7c0 | 0008 0000 | 004c 8996 | 9001 0000 | 4883 8698 | 0100 0001 | 488b 5424 
  0x000001d4a0f13a50: 2066 0f1f 

  0x000001d4a0f13a54: ;   {optimized virtual_call}
  0x000001d4a0f13a54: 4400 00e8 

  0x000001d4a0f13a58: ; ImmutableOopMap {}
                      ;*invokevirtual mainLayer {reexecute=0 rethrow=0 return_oop=0}
                      ; - Client.View.Scenes.First.FirstScene::layer@9 (line 24)
  0x000001d4a0f13a58: 2458 0000 | 4883 c430 

  0x000001d4a0f13a60: ;   {poll_return}
  0x000001d4a0f13a60: 5d49 3ba7 | 3803 0000 | 0f87 2200 

  0x000001d4a0f13a6c: ;   {metadata({method} {0x000001d4b783ca08} 'layer' '()V' in 'Client/View/Scenes/First/FirstScene')}
  0x000001d4a0f13a6c: 0000 c349 | ba00 ca83 | b7d4 0100 | 004c 8954 | 2408 48c7 | 0424 ffff 

  0x000001d4a0f13a84: ;   {runtime_call counter_overflow Runtime1 stub}
  0x000001d4a0f13a84: ffff e875 

  0x000001d4a0f13a88: ; ImmutableOopMap {rdx=Oop }
                      ;*synchronization entry
                      ; - Client.View.Scenes.First.FirstScene::layer@-1 (line 22)
  0x000001d4a0f13a88: a69d ffe9 | 24ff ffff 

  0x000001d4a0f13a90: ;   {internal_word}
  0x000001d4a0f13a90: 49ba 613a | f1a0 d401 | 0000 4d89 | 9750 0300 

  0x000001d4a0f13aa0: ;   {runtime_call SafepointBlob}
  0x000001d4a0f13aa0: 00e9 5af9 | 92ff 9090 | 498b 87c8 | 0300 0049 | c787 c803 | 0000 0000 | 0000 49c7 | 87d0 0300 
  0x000001d4a0f13ac0: 0000 0000 | 0048 83c4 

  0x000001d4a0f13ac8: ;   {runtime_call unwind_exception Runtime1 stub}
  0x000001d4a0f13ac8: 305d e931 | 289d fff4 | f4f4 f4f4 | f4f4 f4f4 | f4f4 f4f4 | f4f4 f4f4 
[Stub Code]
  0x000001d4a0f13ae0: ;   {no_reloc}
  0x000001d4a0f13ae0: 0f1f 4400 

  0x000001d4a0f13ae4: ;   {static_stub}
  0x000001d4a0f13ae4: 0048 bb00 | 0000 0000 

  0x000001d4a0f13aec: ;   {runtime_call}
  0x000001d4a0f13aec: 0000 00e9 | fbff ffff 

  0x000001d4a0f13af4: ;   {static_stub}
  0x000001d4a0f13af4: 9048 bb00 | 0000 0000 

  0x000001d4a0f13afc: ;   {runtime_call}
  0x000001d4a0f13afc: 0000 00e9 | fbff ffff 

  0x000001d4a0f13b04: ;   {static_stub}
  0x000001d4a0f13b04: 9048 bb30 | cb83 b7d4 

  0x000001d4a0f13b0c: ;   {runtime_call I2C/C2I adapters}
  0x000001d4a0f13b0c: 0100 00e9 | 45dc 92ff 
[Exception Handler]
  0x000001d4a0f13b14: ;   {runtime_call handle_exception_from_callee Runtime1 stub}
  0x000001d4a0f13b14: e8e7 669d 

  0x000001d4a0f13b18: ;   {external_word}
  0x000001d4a0f13b18: ff48 b9b0 | 885a 29fc | 7f00 0048 

  0x000001d4a0f13b24: ;   {runtime_call}
  0x000001d4a0f13b24: 83e4 f049 | ba40 c423 | 29fc 7f00 | 0041 ffd2 

  0x000001d4a0f13b34: ;   {section_word}
  0x000001d4a0f13b34: f449 ba35 | 3bf1 a0d4 | 0100 0041 

  0x000001d4a0f13b40: ;   {runtime_call DeoptimizationBlob}
  0x000001d4a0f13b40: 52e9 5aeb | 92ff f4f4 
[/MachCode]


---------------  P R O C E S S  ---------------

Threads class SMR info:
_java_thread_list=0x000001d4bbcb07c0, length=14, elements={
0x000001d4b702b4d0, 0x000001d4b702c130, 0x000001d4b7045920, 0x000001d4b70462c0,
0x000001d4b7046c60, 0x000001d4b7047740, 0x000001d4b704cba0, 0x000001d4b70756e0,
0x000001d4b707a0e0, 0x000001d4b70be370, 0x000001d4bb6a92e0, 0x000001d4bb7302a0,
0x000001d4bb887360, 0x000001d498c1ccb0
}

Java Threads: ( => current thread )
  0x000001d4b702b4d0 JavaThread "Reference Handler" daemon [_thread_blocked, id=2548, stack(0x0000003a63400000,0x0000003a63500000)]
  0x000001d4b702c130 JavaThread "Finalizer" daemon [_thread_blocked, id=15044, stack(0x0000003a63500000,0x0000003a63600000)]
  0x000001d4b7045920 JavaThread "Signal Dispatcher" daemon [_thread_blocked, id=9604, stack(0x0000003a63600000,0x0000003a63700000)]
  0x000001d4b70462c0 JavaThread "Attach Listener" daemon [_thread_blocked, id=10568, stack(0x0000003a63700000,0x0000003a63800000)]
  0x000001d4b7046c60 JavaThread "Service Thread" daemon [_thread_blocked, id=13376, stack(0x0000003a63800000,0x0000003a63900000)]
  0x000001d4b7047740 JavaThread "Monitor Deflation Thread" daemon [_thread_blocked, id=8812, stack(0x0000003a63900000,0x0000003a63a00000)]
  0x000001d4b704cba0 JavaThread "C2 CompilerThread0" daemon [_thread_blocked, id=6388, stack(0x0000003a63a00000,0x0000003a63b00000)]
  0x000001d4b70756e0 JavaThread "C1 CompilerThread0" daemon [_thread_blocked, id=2584, stack(0x0000003a63b00000,0x0000003a63c00000)]
  0x000001d4b707a0e0 JavaThread "Sweeper thread" daemon [_thread_blocked, id=14504, stack(0x0000003a63c00000,0x0000003a63d00000)]
  0x000001d4b70be370 JavaThread "Common-Cleaner" daemon [_thread_blocked, id=9808, stack(0x0000003a63d00000,0x0000003a63e00000)]
  0x000001d4bb6a92e0 JavaThread "Monitor Ctrl-Break" daemon [_thread_in_native, id=14316, stack(0x0000003a63f00000,0x0000003a64000000)]
  0x000001d4bb7302a0 JavaThread "Notification Thread" daemon [_thread_blocked, id=2636, stack(0x0000003a64000000,0x0000003a64100000)]
=>0x000001d4bb887360 JavaThread "Thread-0" [_thread_in_native, id=7312, stack(0x0000003a64200000,0x0000003a64300000)]
  0x000001d498c1ccb0 JavaThread "DestroyJavaVM" [_thread_blocked, id=2656, stack(0x0000003a62d00000,0x0000003a62e00000)]

Other Threads:
  0x000001d498c96b70 VMThread "VM Thread" [stack: 0x0000003a63300000,0x0000003a63400000] [id=4548]
  0x000001d4bb53b890 WatcherThread "VM Periodic Task Thread" [stack: 0x0000003a64100000,0x0000003a64200000] [id=14024]
  0x000001d498c7e200 WorkerThread "GC Thread#0" [stack: 0x0000003a62e00000,0x0000003a62f00000] [id=2896]
  0x000001d498c8fd80 ConcurrentGCThread "G1 Main Marker" [stack: 0x0000003a62f00000,0x0000003a63000000] [id=14608]
  0x000001d498c90770 WorkerThread "G1 Conc#0" [stack: 0x0000003a63000000,0x0000003a63100000] [id=14816]
  0x000001d498cee070 ConcurrentGCThread "G1 Refine#0" [stack: 0x0000003a63100000,0x0000003a63200000] [id=2696]
  0x000001d498cee980 ConcurrentGCThread "G1 Service" [stack: 0x0000003a63200000,0x0000003a63300000] [id=9024]

Threads with active compile tasks:

VM state: not at safepoint (normal execution)

VM Mutex/Monitor currently owned by a thread: None

Heap address: 0x0000000081e00000, size: 2018 MB, Compressed Oops mode: 32-bit

CDS archive(s) mapped at: [0x0000000800000000-0x0000000800ba0000-0x0000000800ba0000), size 12189696, SharedBaseAddress: 0x0000000800000000, ArchiveRelocationMode: 0.
Compressed class space mapped at: 0x0000000800c00000-0x0000000840c00000, reserved size: 1073741824
Narrow klass base: 0x0000000800000000, Narrow klass shift: 0, Narrow klass range: 0x100000000

GC Precious Log:
 CardTable entry size: 512
 Card Set container configuration: InlinePtr #cards 5 size 8 Array Of Cards #cards 12 size 40 Howl #buckets 4 coarsen threshold 1843 Howl Bitmap #cards 512 size 80 coarsen threshold 460 Card regions per heap region 1 cards per card region 2048
 CPUs: 8 total, 8 available
 Memory: 8066M
 Large Page Support: Disabled
 NUMA Support: Disabled
 Compressed Oops: Enabled (32-bit)
 Heap Region Size: 1M
 Heap Min Capacity: 8M
 Heap Initial Capacity: 128M
 Heap Max Capacity: 2018M
 Pre-touch: Disabled
 Parallel Workers: 8
 Concurrent Workers: 2
 Concurrent Refinement Workers: 8
 Periodic GC: Disabled

Heap:
 garbage-first heap   total 131072K, used 14336K [0x0000000081e00000, 0x0000000100000000)
  region size 1024K, 15 young (15360K), 0 survivors (0K)
 Metaspace       used 6241K, committed 6400K, reserved 1114112K
  class space    used 451K, committed 512K, reserved 1048576K

Heap Regions: E=young(eden), S=young(survivor), O=old, HS=humongous(starts), HC=humongous(continues), CS=collection set, F=free, OA=open archive, CA=closed archive, TAMS=top-at-mark-start (previous, next)
|   0|0x0000000081e00000, 0x0000000081f00000, 0x0000000081f00000|100%|HS|  |TAMS 0x0000000081e00000, 0x0000000081e00000| Complete 
|   1|0x0000000081f00000, 0x0000000081f00000, 0x0000000082000000|  0%| F|  |TAMS 0x0000000081f00000, 0x0000000081f00000| Untracked 
|   2|0x0000000082000000, 0x0000000082000000, 0x0000000082100000|  0%| F|  |TAMS 0x0000000082000000, 0x0000000082000000| Untracked 
|   3|0x0000000082100000, 0x0000000082100000, 0x0000000082200000|  0%| F|  |TAMS 0x0000000082100000, 0x0000000082100000| Untracked 
|   4|0x0000000082200000, 0x0000000082200000, 0x0000000082300000|  0%| F|  |TAMS 0x0000000082200000, 0x0000000082200000| Untracked 
|   5|0x0000000082300000, 0x0000000082300000, 0x0000000082400000|  0%| F|  |TAMS 0x0000000082300000, 0x0000000082300000| Untracked 
|   6|0x0000000082400000, 0x0000000082400000, 0x0000000082500000|  0%| F|  |TAMS 0x0000000082400000, 0x0000000082400000| Untracked 
|   7|0x0000000082500000, 0x0000000082500000, 0x0000000082600000|  0%| F|  |TAMS 0x0000000082500000, 0x0000000082500000| Untracked 
|   8|0x0000000082600000, 0x0000000082600000, 0x0000000082700000|  0%| F|  |TAMS 0x0000000082600000, 0x0000000082600000| Untracked 
|   9|0x0000000082700000, 0x0000000082700000, 0x0000000082800000|  0%| F|  |TAMS 0x0000000082700000, 0x0000000082700000| Untracked 
|  10|0x0000000082800000, 0x0000000082800000, 0x0000000082900000|  0%| F|  |TAMS 0x0000000082800000, 0x0000000082800000| Untracked 
|  11|0x0000000082900000, 0x0000000082900000, 0x0000000082a00000|  0%| F|  |TAMS 0x0000000082900000, 0x0000000082900000| Untracked 
|  12|0x0000000082a00000, 0x0000000082a00000, 0x0000000082b00000|  0%| F|  |TAMS 0x0000000082a00000, 0x0000000082a00000| Untracked 
|  13|0x0000000082b00000, 0x0000000082b00000, 0x0000000082c00000|  0%| F|  |TAMS 0x0000000082b00000, 0x0000000082b00000| Untracked 
|  14|0x0000000082c00000, 0x0000000082c00000, 0x0000000082d00000|  0%| F|  |TAMS 0x0000000082c00000, 0x0000000082c00000| Untracked 
|  15|0x0000000082d00000, 0x0000000082d00000, 0x0000000082e00000|  0%| F|  |TAMS 0x0000000082d00000, 0x0000000082d00000| Untracked 
|  16|0x0000000082e00000, 0x0000000082e00000, 0x0000000082f00000|  0%| F|  |TAMS 0x0000000082e00000, 0x0000000082e00000| Untracked 
|  17|0x0000000082f00000, 0x0000000082f00000, 0x0000000083000000|  0%| F|  |TAMS 0x0000000082f00000, 0x0000000082f00000| Untracked 
|  18|0x0000000083000000, 0x0000000083000000, 0x0000000083100000|  0%| F|  |TAMS 0x0000000083000000, 0x0000000083000000| Untracked 
|  19|0x0000000083100000, 0x0000000083100000, 0x0000000083200000|  0%| F|  |TAMS 0x0000000083100000, 0x0000000083100000| Untracked 
|  20|0x0000000083200000, 0x0000000083200000, 0x0000000083300000|  0%| F|  |TAMS 0x0000000083200000, 0x0000000083200000| Untracked 
|  21|0x0000000083300000, 0x0000000083300000, 0x0000000083400000|  0%| F|  |TAMS 0x0000000083300000, 0x0000000083300000| Untracked 
|  22|0x0000000083400000, 0x0000000083400000, 0x0000000083500000|  0%| F|  |TAMS 0x0000000083400000, 0x0000000083400000| Untracked 
|  23|0x0000000083500000, 0x0000000083500000, 0x0000000083600000|  0%| F|  |TAMS 0x0000000083500000, 0x0000000083500000| Untracked 
|  24|0x0000000083600000, 0x0000000083600000, 0x0000000083700000|  0%| F|  |TAMS 0x0000000083600000, 0x0000000083600000| Untracked 
|  25|0x0000000083700000, 0x0000000083700000, 0x0000000083800000|  0%| F|  |TAMS 0x0000000083700000, 0x0000000083700000| Untracked 
|  26|0x0000000083800000, 0x0000000083800000, 0x0000000083900000|  0%| F|  |TAMS 0x0000000083800000, 0x0000000083800000| Untracked 
|  27|0x0000000083900000, 0x0000000083900000, 0x0000000083a00000|  0%| F|  |TAMS 0x0000000083900000, 0x0000000083900000| Untracked 
|  28|0x0000000083a00000, 0x0000000083a00000, 0x0000000083b00000|  0%| F|  |TAMS 0x0000000083a00000, 0x0000000083a00000| Untracked 
|  29|0x0000000083b00000, 0x0000000083b00000, 0x0000000083c00000|  0%| F|  |TAMS 0x0000000083b00000, 0x0000000083b00000| Untracked 
|  30|0x0000000083c00000, 0x0000000083c00000, 0x0000000083d00000|  0%| F|  |TAMS 0x0000000083c00000, 0x0000000083c00000| Untracked 
|  31|0x0000000083d00000, 0x0000000083d00000, 0x0000000083e00000|  0%| F|  |TAMS 0x0000000083d00000, 0x0000000083d00000| Untracked 
|  32|0x0000000083e00000, 0x0000000083e00000, 0x0000000083f00000|  0%| F|  |TAMS 0x0000000083e00000, 0x0000000083e00000| Untracked 
|  33|0x0000000083f00000, 0x0000000083f00000, 0x0000000084000000|  0%| F|  |TAMS 0x0000000083f00000, 0x0000000083f00000| Untracked 
|  34|0x0000000084000000, 0x0000000084000000, 0x0000000084100000|  0%| F|  |TAMS 0x0000000084000000, 0x0000000084000000| Untracked 
|  35|0x0000000084100000, 0x0000000084100000, 0x0000000084200000|  0%| F|  |TAMS 0x0000000084100000, 0x0000000084100000| Untracked 
|  36|0x0000000084200000, 0x0000000084200000, 0x0000000084300000|  0%| F|  |TAMS 0x0000000084200000, 0x0000000084200000| Untracked 
|  37|0x0000000084300000, 0x0000000084300000, 0x0000000084400000|  0%| F|  |TAMS 0x0000000084300000, 0x0000000084300000| Untracked 
|  38|0x0000000084400000, 0x0000000084400000, 0x0000000084500000|  0%| F|  |TAMS 0x0000000084400000, 0x0000000084400000| Untracked 
|  39|0x0000000084500000, 0x0000000084500000, 0x0000000084600000|  0%| F|  |TAMS 0x0000000084500000, 0x0000000084500000| Untracked 
|  40|0x0000000084600000, 0x0000000084600000, 0x0000000084700000|  0%| F|  |TAMS 0x0000000084600000, 0x0000000084600000| Untracked 
|  41|0x0000000084700000, 0x0000000084700000, 0x0000000084800000|  0%| F|  |TAMS 0x0000000084700000, 0x0000000084700000| Untracked 
|  42|0x0000000084800000, 0x0000000084800000, 0x0000000084900000|  0%| F|  |TAMS 0x0000000084800000, 0x0000000084800000| Untracked 
|  43|0x0000000084900000, 0x0000000084900000, 0x0000000084a00000|  0%| F|  |TAMS 0x0000000084900000, 0x0000000084900000| Untracked 
|  44|0x0000000084a00000, 0x0000000084a00000, 0x0000000084b00000|  0%| F|  |TAMS 0x0000000084a00000, 0x0000000084a00000| Untracked 
|  45|0x0000000084b00000, 0x0000000084b00000, 0x0000000084c00000|  0%| F|  |TAMS 0x0000000084b00000, 0x0000000084b00000| Untracked 
|  46|0x0000000084c00000, 0x0000000084c00000, 0x0000000084d00000|  0%| F|  |TAMS 0x0000000084c00000, 0x0000000084c00000| Untracked 
|  47|0x0000000084d00000, 0x0000000084d00000, 0x0000000084e00000|  0%| F|  |TAMS 0x0000000084d00000, 0x0000000084d00000| Untracked 
|  48|0x0000000084e00000, 0x0000000084e00000, 0x0000000084f00000|  0%| F|  |TAMS 0x0000000084e00000, 0x0000000084e00000| Untracked 
|  49|0x0000000084f00000, 0x0000000084f00000, 0x0000000085000000|  0%| F|  |TAMS 0x0000000084f00000, 0x0000000084f00000| Untracked 
|  50|0x0000000085000000, 0x0000000085000000, 0x0000000085100000|  0%| F|  |TAMS 0x0000000085000000, 0x0000000085000000| Untracked 
|  51|0x0000000085100000, 0x0000000085100000, 0x0000000085200000|  0%| F|  |TAMS 0x0000000085100000, 0x0000000085100000| Untracked 
|  52|0x0000000085200000, 0x0000000085200000, 0x0000000085300000|  0%| F|  |TAMS 0x0000000085200000, 0x0000000085200000| Untracked 
|  53|0x0000000085300000, 0x0000000085300000, 0x0000000085400000|  0%| F|  |TAMS 0x0000000085300000, 0x0000000085300000| Untracked 
|  54|0x0000000085400000, 0x0000000085400000, 0x0000000085500000|  0%| F|  |TAMS 0x0000000085400000, 0x0000000085400000| Untracked 
|  55|0x0000000085500000, 0x0000000085500000, 0x0000000085600000|  0%| F|  |TAMS 0x0000000085500000, 0x0000000085500000| Untracked 
|  56|0x0000000085600000, 0x0000000085600000, 0x0000000085700000|  0%| F|  |TAMS 0x0000000085600000, 0x0000000085600000| Untracked 
|  57|0x0000000085700000, 0x0000000085700000, 0x0000000085800000|  0%| F|  |TAMS 0x0000000085700000, 0x0000000085700000| Untracked 
|  58|0x0000000085800000, 0x0000000085800000, 0x0000000085900000|  0%| F|  |TAMS 0x0000000085800000, 0x0000000085800000| Untracked 
|  59|0x0000000085900000, 0x0000000085900000, 0x0000000085a00000|  0%| F|  |TAMS 0x0000000085900000, 0x0000000085900000| Untracked 
|  60|0x0000000085a00000, 0x0000000085a00000, 0x0000000085b00000|  0%| F|  |TAMS 0x0000000085a00000, 0x0000000085a00000| Untracked 
|  61|0x0000000085b00000, 0x0000000085b00000, 0x0000000085c00000|  0%| F|  |TAMS 0x0000000085b00000, 0x0000000085b00000| Untracked 
|  62|0x0000000085c00000, 0x0000000085c00000, 0x0000000085d00000|  0%| F|  |TAMS 0x0000000085c00000, 0x0000000085c00000| Untracked 
|  63|0x0000000085d00000, 0x0000000085d00000, 0x0000000085e00000|  0%| F|  |TAMS 0x0000000085d00000, 0x0000000085d00000| Untracked 
|  64|0x0000000085e00000, 0x0000000085e00000, 0x0000000085f00000|  0%| F|  |TAMS 0x0000000085e00000, 0x0000000085e00000| Untracked 
|  65|0x0000000085f00000, 0x0000000085f00000, 0x0000000086000000|  0%| F|  |TAMS 0x0000000085f00000, 0x0000000085f00000| Untracked 
|  66|0x0000000086000000, 0x0000000086000000, 0x0000000086100000|  0%| F|  |TAMS 0x0000000086000000, 0x0000000086000000| Untracked 
|  67|0x0000000086100000, 0x0000000086100000, 0x0000000086200000|  0%| F|  |TAMS 0x0000000086100000, 0x0000000086100000| Untracked 
|  68|0x0000000086200000, 0x0000000086200000, 0x0000000086300000|  0%| F|  |TAMS 0x0000000086200000, 0x0000000086200000| Untracked 
|  69|0x0000000086300000, 0x0000000086300000, 0x0000000086400000|  0%| F|  |TAMS 0x0000000086300000, 0x0000000086300000| Untracked 
|  70|0x0000000086400000, 0x0000000086400000, 0x0000000086500000|  0%| F|  |TAMS 0x0000000086400000, 0x0000000086400000| Untracked 
|  71|0x0000000086500000, 0x0000000086500000, 0x0000000086600000|  0%| F|  |TAMS 0x0000000086500000, 0x0000000086500000| Untracked 
|  72|0x0000000086600000, 0x0000000086600000, 0x0000000086700000|  0%| F|  |TAMS 0x0000000086600000, 0x0000000086600000| Untracked 
|  73|0x0000000086700000, 0x0000000086700000, 0x0000000086800000|  0%| F|  |TAMS 0x0000000086700000, 0x0000000086700000| Untracked 
|  74|0x0000000086800000, 0x0000000086800000, 0x0000000086900000|  0%| F|  |TAMS 0x0000000086800000, 0x0000000086800000| Untracked 
|  75|0x0000000086900000, 0x0000000086900000, 0x0000000086a00000|  0%| F|  |TAMS 0x0000000086900000, 0x0000000086900000| Untracked 
|  76|0x0000000086a00000, 0x0000000086a00000, 0x0000000086b00000|  0%| F|  |TAMS 0x0000000086a00000, 0x0000000086a00000| Untracked 
|  77|0x0000000086b00000, 0x0000000086b00000, 0x0000000086c00000|  0%| F|  |TAMS 0x0000000086b00000, 0x0000000086b00000| Untracked 
|  78|0x0000000086c00000, 0x0000000086c00000, 0x0000000086d00000|  0%| F|  |TAMS 0x0000000086c00000, 0x0000000086c00000| Untracked 
|  79|0x0000000086d00000, 0x0000000086d00000, 0x0000000086e00000|  0%| F|  |TAMS 0x0000000086d00000, 0x0000000086d00000| Untracked 
|  80|0x0000000086e00000, 0x0000000086e00000, 0x0000000086f00000|  0%| F|  |TAMS 0x0000000086e00000, 0x0000000086e00000| Untracked 
|  81|0x0000000086f00000, 0x0000000086f00000, 0x0000000087000000|  0%| F|  |TAMS 0x0000000086f00000, 0x0000000086f00000| Untracked 
|  82|0x0000000087000000, 0x0000000087000000, 0x0000000087100000|  0%| F|  |TAMS 0x0000000087000000, 0x0000000087000000| Untracked 
|  83|0x0000000087100000, 0x0000000087100000, 0x0000000087200000|  0%| F|  |TAMS 0x0000000087100000, 0x0000000087100000| Untracked 
|  84|0x0000000087200000, 0x0000000087200000, 0x0000000087300000|  0%| F|  |TAMS 0x0000000087200000, 0x0000000087200000| Untracked 
|  85|0x0000000087300000, 0x0000000087300000, 0x0000000087400000|  0%| F|  |TAMS 0x0000000087300000, 0x0000000087300000| Untracked 
|  86|0x0000000087400000, 0x0000000087400000, 0x0000000087500000|  0%| F|  |TAMS 0x0000000087400000, 0x0000000087400000| Untracked 
|  87|0x0000000087500000, 0x0000000087500000, 0x0000000087600000|  0%| F|  |TAMS 0x0000000087500000, 0x0000000087500000| Untracked 
|  88|0x0000000087600000, 0x0000000087600000, 0x0000000087700000|  0%| F|  |TAMS 0x0000000087600000, 0x0000000087600000| Untracked 
|  89|0x0000000087700000, 0x0000000087700000, 0x0000000087800000|  0%| F|  |TAMS 0x0000000087700000, 0x0000000087700000| Untracked 
|  90|0x0000000087800000, 0x0000000087800000, 0x0000000087900000|  0%| F|  |TAMS 0x0000000087800000, 0x0000000087800000| Untracked 
|  91|0x0000000087900000, 0x0000000087900000, 0x0000000087a00000|  0%| F|  |TAMS 0x0000000087900000, 0x0000000087900000| Untracked 
|  92|0x0000000087a00000, 0x0000000087a00000, 0x0000000087b00000|  0%| F|  |TAMS 0x0000000087a00000, 0x0000000087a00000| Untracked 
|  93|0x0000000087b00000, 0x0000000087b00000, 0x0000000087c00000|  0%| F|  |TAMS 0x0000000087b00000, 0x0000000087b00000| Untracked 
|  94|0x0000000087c00000, 0x0000000087c00000, 0x0000000087d00000|  0%| F|  |TAMS 0x0000000087c00000, 0x0000000087c00000| Untracked 
|  95|0x0000000087d00000, 0x0000000087d00000, 0x0000000087e00000|  0%| F|  |TAMS 0x0000000087d00000, 0x0000000087d00000| Untracked 
|  96|0x0000000087e00000, 0x0000000087e00000, 0x0000000087f00000|  0%| F|  |TAMS 0x0000000087e00000, 0x0000000087e00000| Untracked 
|  97|0x0000000087f00000, 0x0000000087f00000, 0x0000000088000000|  0%| F|  |TAMS 0x0000000087f00000, 0x0000000087f00000| Untracked 
|  98|0x0000000088000000, 0x0000000088000000, 0x0000000088100000|  0%| F|  |TAMS 0x0000000088000000, 0x0000000088000000| Untracked 
|  99|0x0000000088100000, 0x0000000088100000, 0x0000000088200000|  0%| F|  |TAMS 0x0000000088100000, 0x0000000088100000| Untracked 
| 100|0x0000000088200000, 0x0000000088200000, 0x0000000088300000|  0%| F|  |TAMS 0x0000000088200000, 0x0000000088200000| Untracked 
| 101|0x0000000088300000, 0x0000000088300000, 0x0000000088400000|  0%| F|  |TAMS 0x0000000088300000, 0x0000000088300000| Untracked 
| 102|0x0000000088400000, 0x0000000088400000, 0x0000000088500000|  0%| F|  |TAMS 0x0000000088400000, 0x0000000088400000| Untracked 
| 103|0x0000000088500000, 0x0000000088500000, 0x0000000088600000|  0%| F|  |TAMS 0x0000000088500000, 0x0000000088500000| Untracked 
| 104|0x0000000088600000, 0x0000000088600000, 0x0000000088700000|  0%| F|  |TAMS 0x0000000088600000, 0x0000000088600000| Untracked 
| 105|0x0000000088700000, 0x0000000088700000, 0x0000000088800000|  0%| F|  |TAMS 0x0000000088700000, 0x0000000088700000| Untracked 
| 106|0x0000000088800000, 0x0000000088800000, 0x0000000088900000|  0%| F|  |TAMS 0x0000000088800000, 0x0000000088800000| Untracked 
| 107|0x0000000088900000, 0x0000000088900000, 0x0000000088a00000|  0%| F|  |TAMS 0x0000000088900000, 0x0000000088900000| Untracked 
| 108|0x0000000088a00000, 0x0000000088a00000, 0x0000000088b00000|  0%| F|  |TAMS 0x0000000088a00000, 0x0000000088a00000| Untracked 
| 109|0x0000000088b00000, 0x0000000088b00000, 0x0000000088c00000|  0%| F|  |TAMS 0x0000000088b00000, 0x0000000088b00000| Untracked 
| 110|0x0000000088c00000, 0x0000000088c00000, 0x0000000088d00000|  0%| F|  |TAMS 0x0000000088c00000, 0x0000000088c00000| Untracked 
| 111|0x0000000088d00000, 0x0000000088d00000, 0x0000000088e00000|  0%| F|  |TAMS 0x0000000088d00000, 0x0000000088d00000| Untracked 
| 112|0x0000000088e00000, 0x0000000088e00000, 0x0000000088f00000|  0%| F|  |TAMS 0x0000000088e00000, 0x0000000088e00000| Untracked 
| 113|0x0000000088f00000, 0x0000000088f76460, 0x0000000089000000| 46%| E|  |TAMS 0x0000000088f00000, 0x0000000088f00000| Complete 
| 114|0x0000000089000000, 0x0000000089100000, 0x0000000089100000|100%| E|CS|TAMS 0x0000000089000000, 0x0000000089000000| Complete 
| 115|0x0000000089100000, 0x0000000089200000, 0x0000000089200000|100%| E|CS|TAMS 0x0000000089100000, 0x0000000089100000| Complete 
| 116|0x0000000089200000, 0x0000000089300000, 0x0000000089300000|100%| E|CS|TAMS 0x0000000089200000, 0x0000000089200000| Complete 
| 117|0x0000000089300000, 0x0000000089400000, 0x0000000089400000|100%| E|  |TAMS 0x0000000089300000, 0x0000000089300000| Complete 
| 118|0x0000000089400000, 0x0000000089500000, 0x0000000089500000|100%| E|CS|TAMS 0x0000000089400000, 0x0000000089400000| Complete 
| 119|0x0000000089500000, 0x0000000089600000, 0x0000000089600000|100%| E|CS|TAMS 0x0000000089500000, 0x0000000089500000| Complete 
| 120|0x0000000089600000, 0x0000000089700000, 0x0000000089700000|100%| E|CS|TAMS 0x0000000089600000, 0x0000000089600000| Complete 
| 121|0x0000000089700000, 0x0000000089800000, 0x0000000089800000|100%| E|CS|TAMS 0x0000000089700000, 0x0000000089700000| Complete 
| 122|0x0000000089800000, 0x0000000089900000, 0x0000000089900000|100%| E|CS|TAMS 0x0000000089800000, 0x0000000089800000| Complete 
| 123|0x0000000089900000, 0x0000000089a00000, 0x0000000089a00000|100%| E|CS|TAMS 0x0000000089900000, 0x0000000089900000| Complete 
| 124|0x0000000089a00000, 0x0000000089b00000, 0x0000000089b00000|100%| E|CS|TAMS 0x0000000089a00000, 0x0000000089a00000| Complete 
| 125|0x0000000089b00000, 0x0000000089c00000, 0x0000000089c00000|100%| E|CS|TAMS 0x0000000089b00000, 0x0000000089b00000| Complete 
| 126|0x0000000089c00000, 0x0000000089d00000, 0x0000000089d00000|100%| E|CS|TAMS 0x0000000089c00000, 0x0000000089c00000| Complete 
| 127|0x0000000089d00000, 0x0000000089e00000, 0x0000000089e00000|100%| E|CS|TAMS 0x0000000089d00000, 0x0000000089d00000| Complete 

Card table byte_map: [0x000001d4aff20000,0x000001d4b0320000] _byte_map_base: 0x000001d4afb11000

Marking Bits (Prev, Next): (CMBitMap*) 0x000001d498c7f810, (CMBitMap*) 0x000001d498c7f850
 Prev Bits: [0x000001d4b0720000, 0x000001d4b26a8000)
 Next Bits: [0x000001d4b26b0000, 0x000001d4b4638000)

Polling page: 0x000001d496c20000

Metaspace:

Usage:
  Non-class:      5.65 MB used.
      Class:    451.14 KB used.
       Both:      6.09 MB used.

Virtual space:
  Non-class space:       64.00 MB reserved,       5.75 MB (  9%) committed,  1 nodes.
      Class space:        1.00 GB reserved,     512.00 KB ( <1%) committed,  1 nodes.
             Both:        1.06 GB reserved,       6.25 MB ( <1%) committed. 

Chunk freelists:
   Non-Class:  1.14 MB
       Class:  3.51 MB
        Both:  4.65 MB

MaxMetaspaceSize: unlimited
CompressedClassSpaceSize: 1.00 GB
Initial GC threshold: 21.00 MB
Current GC threshold: 21.00 MB
CDS: on
MetaspaceReclaimPolicy: balanced
 - commit_granule_bytes: 65536.
 - commit_granule_words: 8192.
 - virtual_space_node_default_size: 8388608.
 - enlarge_chunks_in_place: 1.
 - new_chunks_are_fully_committed: 0.
 - uncommit_free_chunks: 1.
 - use_allocation_guard: 0.


Internal statistics:

num_allocs_failed_limit: 0.
num_arena_births: 142.
num_arena_deaths: 0.
num_vsnodes_births: 2.
num_vsnodes_deaths: 0.
num_space_committed: 98.
num_space_uncommitted: 0.
num_chunks_returned_to_freelist: 0.
num_chunks_taken_from_freelist: 282.
num_chunk_merges: 0.
num_chunk_splits: 185.
num_chunks_enlarged: 125.
num_inconsistent_stats: 0.

CodeHeap 'non-profiled nmethods': size=120000Kb used=389Kb max_used=389Kb free=119611Kb
 bounds [0x000001d4a82c0000, 0x000001d4a8530000, 0x000001d4af7f0000]
CodeHeap 'profiled nmethods': size=120000Kb used=1632Kb max_used=1632Kb free=118367Kb
 bounds [0x000001d4a0d90000, 0x000001d4a1000000, 0x000001d4a82c0000]
CodeHeap 'non-nmethods': size=5760Kb used=1717Kb max_used=1734Kb free=4042Kb
 bounds [0x000001d4a07f0000, 0x000001d4a0a60000, 0x000001d4a0d90000]
 total_blobs=2339 nmethods=1164 adapters=1088
 compilation: enabled
              stopped_count=0, restarted_count=0
 full_count=0

Compilation events (20 events):
Event: 16.779 Thread 0x000001d4b70756e0 nmethod 1151 0x000001d4a8320510 code [0x000001d4a83206a0, 0x000001d4a8320778]
Event: 16.779 Thread 0x000001d4b704cba0 nmethod 1152 0x000001d4a8320810 code [0x000001d4a8320980, 0x000001d4a83209d8]
Event: 16.780 Thread 0x000001d4b70756e0 1156       3       java.lang.invoke.LambdaForm$BasicType::basicTypeSlots (8 bytes)
Event: 16.780 Thread 0x000001d4b70756e0 nmethod 1156 0x000001d4a0f25210 code [0x000001d4a0f253a0, 0x000001d4a0f25518]
Event: 16.780 Thread 0x000001d4b70756e0 1158       3       java.lang.invoke.LambdaForm::useCount (61 bytes)
Event: 16.780 Thread 0x000001d4b70756e0 nmethod 1158 0x000001d4a0f25610 code [0x000001d4a0f257e0, 0x000001d4a0f25b48]
Event: 16.780 Thread 0x000001d4b70756e0 1157       3       sun.invoke.util.Wrapper::stackSlots (9 bytes)
Event: 16.780 Thread 0x000001d4b70756e0 nmethod 1157 0x000001d4a0f25d10 code [0x000001d4a0f25ea0, 0x000001d4a0f25fb8]
Event: 16.780 Thread 0x000001d4b70756e0 1159       3       jdk.internal.reflect.ClassFileAssembler::emitShort (24 bytes)
Event: 16.781 Thread 0x000001d4b70756e0 nmethod 1159 0x000001d4a0f26090 code [0x000001d4a0f26260, 0x000001d4a0f26578]
Event: 16.781 Thread 0x000001d4b70756e0 1160       3       jdk.internal.reflect.ClassFileAssembler::cpi (22 bytes)
Event: 16.781 Thread 0x000001d4b70756e0 nmethod 1160 0x000001d4a0f26710 code [0x000001d4a0f268c0, 0x000001d4a0f26ae8]
Event: 17.300 Thread 0x000001d4b70756e0 1161       1       imgui.type.ImString::getData (5 bytes)
Event: 17.301 Thread 0x000001d4b70756e0 nmethod 1161 0x000001d4a8321110 code [0x000001d4a83212a0, 0x000001d4a8321378]
Event: 18.315 Thread 0x000001d4b70756e0 1162       3       java.net.URL::toString (5 bytes)
Event: 18.315 Thread 0x000001d4b70756e0 nmethod 1162 0x000001d4a0f26b90 code [0x000001d4a0f26d40, 0x000001d4a0f26f68]
Event: 18.315 Thread 0x000001d4b70756e0 1164       3       java.lang.String::startsWith (138 bytes)
Event: 18.316 Thread 0x000001d4b70756e0 nmethod 1164 0x000001d4a0f27090 code [0x000001d4a0f272a0, 0x000001d4a0f27b38]
Event: 18.316 Thread 0x000001d4b70756e0 1163       3       java.net.URL::toExternalForm (9 bytes)
Event: 18.317 Thread 0x000001d4b70756e0 nmethod 1163 0x000001d4a0f27e10 code [0x000001d4a0f27fc0, 0x000001d4a0f28188]

GC Heap History (0 events):
No events

Deoptimization events (20 events):
Event: 0.258 Thread 0x000001d498c1ccb0 DEOPT PACKING pc=0x000001d4a82e3adc sp=0x0000003a62dfd440
Event: 0.258 Thread 0x000001d498c1ccb0 DEOPT UNPACKING pc=0x000001d4a08423a3 sp=0x0000003a62dfd3d0 mode 2
Event: 0.323 Thread 0x000001d4bb887360 Uncommon trap: trap_request=0xffffff45 fr.pc=0x000001d4a82d5be4 relative=0x0000000000000064
Event: 0.323 Thread 0x000001d4bb887360 Uncommon trap: reason=unstable_if action=reinterpret pc=0x000001d4a82d5be4 method=java.io.WinNTFileSystem.isSlash(C)Z @ 9 c2
Event: 0.323 Thread 0x000001d4bb887360 DEOPT PACKING pc=0x000001d4a82d5be4 sp=0x0000003a642fbcc0
Event: 0.323 Thread 0x000001d4bb887360 DEOPT UNPACKING pc=0x000001d4a08423a3 sp=0x0000003a642fbc48 mode 2
Event: 0.571 Thread 0x000001d4bb887360 Uncommon trap: trap_request=0xffffff54 fr.pc=0x000001d4a82f8fe0 relative=0x0000000000000060
Event: 0.571 Thread 0x000001d4bb887360 Uncommon trap: reason=speculate_null_assert action=make_not_entrant pc=0x000001d4a82f8fe0 method=sun.misc.Unsafe.putLong(Ljava/lang/Object;JJ)V @ 7 c2
Event: 0.571 Thread 0x000001d4bb887360 DEOPT PACKING pc=0x000001d4a82f8fe0 sp=0x0000003a642ff150
Event: 0.571 Thread 0x000001d4bb887360 DEOPT UNPACKING pc=0x000001d4a08423a3 sp=0x0000003a642ff0c8 mode 2
Event: 16.735 Thread 0x000001d4bb887360 DEOPT PACKING pc=0x000001d4a0dfe665 sp=0x0000003a642fcc00
Event: 16.735 Thread 0x000001d4bb887360 DEOPT UNPACKING pc=0x000001d4a0842b43 sp=0x0000003a642fc050 mode 0
Event: 16.762 Thread 0x000001d4bb887360 Uncommon trap: trap_request=0xffffff45 fr.pc=0x000001d4a82fff00 relative=0x0000000000000260
Event: 16.762 Thread 0x000001d4bb887360 Uncommon trap: reason=unstable_if action=reinterpret pc=0x000001d4a82fff00 method=java.lang.String.startsWith(Ljava/lang/String;I)Z @ 1 c2
Event: 16.762 Thread 0x000001d4bb887360 DEOPT PACKING pc=0x000001d4a82fff00 sp=0x0000003a642fddd0
Event: 16.762 Thread 0x000001d4bb887360 DEOPT UNPACKING pc=0x000001d4a08423a3 sp=0x0000003a642fdd38 mode 2
Event: 16.772 Thread 0x000001d4bb887360 Uncommon trap: trap_request=0xffffff45 fr.pc=0x000001d4a82d4488 relative=0x0000000000000ae8
Event: 16.772 Thread 0x000001d4bb887360 Uncommon trap: reason=unstable_if action=reinterpret pc=0x000001d4a82d4488 method=java.util.HashMap.putVal(ILjava/lang/Object;Ljava/lang/Object;ZZ)Ljava/lang/Object; @ 181 c2
Event: 16.772 Thread 0x000001d4bb887360 DEOPT PACKING pc=0x000001d4a82d4488 sp=0x0000003a642fe960
Event: 16.772 Thread 0x000001d4bb887360 DEOPT UNPACKING pc=0x000001d4a08423a3 sp=0x0000003a642fe920 mode 2

Classes loaded (20 events):
Event: 16.781 Loading class java/io/UnsupportedEncodingException
Event: 16.781 Loading class java/io/UnsupportedEncodingException done
Event: 16.781 Loading class java/nio/charset/CharacterCodingException
Event: 16.781 Loading class java/nio/charset/CharacterCodingException done
Event: 19.188 Loading class java/net/StandardSocketOptions
Event: 19.188 Loading class java/net/StandardSocketOptions done
Event: 19.189 Loading class java/net/StandardSocketOptions$StdSocketOption
Event: 19.189 Loading class java/net/StandardSocketOptions$StdSocketOption done
Event: 19.189 Loading class sun/nio/ch/SocketOptionRegistry
Event: 19.189 Loading class sun/nio/ch/SocketOptionRegistry done
Event: 19.189 Loading class sun/nio/ch/SocketOptionRegistry$RegistryKey
Event: 19.189 Loading class sun/nio/ch/SocketOptionRegistry$RegistryKey done
Event: 19.189 Loading class sun/nio/ch/SocketOptionRegistry$LazyInitialization
Event: 19.189 Loading class sun/nio/ch/SocketOptionRegistry$LazyInitialization done
Event: 19.190 Loading class sun/nio/ch/OptionKey
Event: 19.190 Loading class sun/nio/ch/OptionKey done
Event: 19.190 Loading class sun/nio/ch/ExtendedSocketOption
Event: 19.190 Loading class sun/nio/ch/ExtendedSocketOption done
Event: 19.190 Loading class sun/nio/ch/ExtendedSocketOption$1
Event: 19.190 Loading class sun/nio/ch/ExtendedSocketOption$1 done

Classes unloaded (0 events):
No events

Classes redefined (0 events):
No events

Internal exceptions (20 events):
Event: 0.338 Thread 0x000001d4bb887360 Exception <a 'java/lang/NoSuchMethodError'{0x0000000089643920}: 'int java.lang.invoke.DirectMethodHandle$Holder.invokeStaticInit(java.lang.Object, java.lang.Object, int, long)'> (0x0000000089643920) 
thrown [s\src\hotspot\share\interpreter\linkResolver.cpp, line 759]
Event: 0.338 Thread 0x000001d4bb887360 Exception <a 'java/lang/NoSuchMethodError'{0x0000000089649148}: 'java.lang.Object java.lang.invoke.DirectMethodHandle$Holder.newInvokeSpecial(java.lang.Object, java.lang.Object, int)'> (0x0000000089649148) 
thrown [s\src\hotspot\share\interpreter\linkResolver.cpp, line 759]
Event: 0.340 Thread 0x000001d4bb887360 Exception <a 'java/lang/NoSuchMethodError'{0x0000000089657690}: 'int java.lang.invoke.DirectMethodHandle$Holder.invokeStaticInit(java.lang.Object, java.lang.Object, long, long)'> (0x0000000089657690) 
thrown [s\src\hotspot\share\interpreter\linkResolver.cpp, line 759]
Event: 0.340 Thread 0x000001d4bb887360 Exception <a 'java/lang/NoSuchMethodError'{0x000000008965d320}: 'java.lang.Object java.lang.invoke.DirectMethodHandle$Holder.newInvokeSpecial(java.lang.Object, java.lang.Object, long)'> (0x000000008965d320) 
thrown [s\src\hotspot\share\interpreter\linkResolver.cpp, line 759]
Event: 0.341 Thread 0x000001d4bb887360 Exception <a 'java/lang/NoSuchMethodError'{0x0000000089660bf0}: 'java.lang.Object java.lang.invoke.Invokers$Holder.linkToTargetMethod(java.lang.Object, long, java.lang.Object)'> (0x0000000089660bf0) 
thrown [s\src\hotspot\share\interpreter\linkResolver.cpp, line 759]
Event: 0.342 Thread 0x000001d4bb887360 Exception <a 'java/lang/NoSuchMethodError'{0x0000000089668198}: 'int java.lang.invoke.DirectMethodHandle$Holder.invokeStaticInit(java.lang.Object, java.lang.Object, java.lang.Object, long)'> (0x0000000089668198) 
thrown [s\src\hotspot\share\interpreter\linkResolver.cpp, line 759]
Event: 0.362 Thread 0x000001d4bb887360 Exception <a 'sun/nio/fs/WindowsException'{0x0000000089504ad0}> (0x0000000089504ad0) 
thrown [s\src\hotspot\share\prims\jni.cpp, line 516]
Event: 0.362 Thread 0x000001d4bb887360 Exception <a 'sun/nio/fs/WindowsException'{0x0000000089504e58}> (0x0000000089504e58) 
thrown [s\src\hotspot\share\prims\jni.cpp, line 516]
Event: 0.366 Thread 0x000001d4bb887360 Exception <a 'java/lang/NoSuchMethodError'{0x0000000089517d88}: 'int java.lang.invoke.Invokers$Holder.invokeExact_MT(java.lang.Object, java.lang.Object)'> (0x0000000089517d88) 
thrown [s\src\hotspot\share\interpreter\linkResolver.cpp, line 759]
Event: 0.556 Thread 0x000001d4bb887360 Exception <a 'java/lang/NoSuchMethodError'{0x0000000089577f20}: 'void java.lang.System.load(java.lang.String, java.lang.Class)'> (0x0000000089577f20) 
thrown [s\src\hotspot\share\interpreter\linkResolver.cpp, line 759]
Event: 0.557 Thread 0x000001d4bb887360 Exception <a 'java/lang/NoSuchMethodError'{0x000000008957adb0}: 'void java.lang.System.loadLibrary(java.lang.String, java.lang.Class)'> (0x000000008957adb0) 
thrown [s\src\hotspot\share\interpreter\linkResolver.cpp, line 759]
Event: 0.564 Thread 0x000001d4bb887360 Exception <a 'sun/nio/fs/WindowsException'{0x0000000089586950}> (0x0000000089586950) 
thrown [s\src\hotspot\share\prims\jni.cpp, line 516]
Event: 0.564 Thread 0x000001d4bb887360 Exception <a 'sun/nio/fs/WindowsException'{0x0000000089586d10}> (0x0000000089586d10) 
thrown [s\src\hotspot\share\prims\jni.cpp, line 516]
Event: 0.569 Thread 0x000001d4bb887360 Exception <a 'sun/nio/fs/WindowsException'{0x000000008958cb00}> (0x000000008958cb00) 
thrown [s\src\hotspot\share\prims\jni.cpp, line 516]
Event: 0.569 Thread 0x000001d4bb887360 Exception <a 'sun/nio/fs/WindowsException'{0x000000008958ce00}> (0x000000008958ce00) 
thrown [s\src\hotspot\share\prims\jni.cpp, line 516]
Event: 0.653 Thread 0x000001d4bb887360 Exception <a 'sun/nio/fs/WindowsException'{0x0000000089306038}> (0x0000000089306038) 
thrown [s\src\hotspot\share\prims\jni.cpp, line 516]
Event: 1.165 Thread 0x000001d4b70462c0 Exception <a 'java/lang/NoSuchMethodError'{0x000000008905bd80}: 'java.lang.Object java.lang.invoke.Invokers$Holder.invokeExact_MT(java.lang.Object, java.lang.Object, java.lang.Object, java.lang.Object, java.lang.Object, java.lang.Object)'> (0x000000008905bd80) 
thrown [s\src\hotspot\share\interpreter\linkResolver.cpp, line 759]
Event: 16.755 Thread 0x000001d4bb887360 Exception <a 'java/lang/NoSuchMethodError'{0x0000000089155dc8}: static LServer/TransferMessageContainer;.<clinit>()V> (0x0000000089155dc8) 
thrown [s\src\hotspot\share\prims\jni.cpp, line 1104]
Event: 16.779 Thread 0x000001d4bb887360 Exception <a 'java/lang/NoSuchMethodError'{0x0000000088f11ad0}: 'long java.lang.invoke.DirectMethodHandle$Holder.invokeSpecial(java.lang.Object, java.lang.Object)'> (0x0000000088f11ad0) 
thrown [s\src\hotspot\share\interpreter\linkResolver.cpp, line 759]
Event: 16.780 Thread 0x000001d4bb887360 Exception <a 'java/lang/NoSuchMethodError'{0x0000000088f15168}: 'long java.lang.invoke.Invokers$Holder.invokeExact_MT(java.lang.Object, java.lang.Object)'> (0x0000000088f15168) 
thrown [s\src\hotspot\share\interpreter\linkResolver.cpp, line 759]

VM Operations (18 events):
Event: 0.083 Executing VM operation: HandshakeAllThreads
Event: 0.083 Executing VM operation: HandshakeAllThreads done
Event: 0.188 Executing VM operation: HandshakeAllThreads
Event: 0.188 Executing VM operation: HandshakeAllThreads done
Event: 0.302 Executing VM operation: HandshakeAllThreads
Event: 0.302 Executing VM operation: HandshakeAllThreads done
Event: 0.323 Executing VM operation: HandshakeAllThreads
Event: 0.323 Executing VM operation: HandshakeAllThreads done
Event: 1.334 Executing VM operation: Cleanup
Event: 1.334 Executing VM operation: Cleanup done
Event: 13.462 Executing VM operation: Cleanup
Event: 13.462 Executing VM operation: Cleanup done
Event: 16.759 Executing VM operation: HandshakeAllThreads
Event: 16.759 Executing VM operation: HandshakeAllThreads done
Event: 16.759 Executing VM operation: Cleanup
Event: 16.759 Executing VM operation: Cleanup done
Event: 17.765 Executing VM operation: Cleanup
Event: 17.766 Executing VM operation: Cleanup done

Events (20 events):
Event: 0.032 Thread 0x000001d4b707a0e0 Thread added: 0x000001d4b707a0e0
Event: 0.075 Thread 0x000001d4b70be370 Thread added: 0x000001d4b70be370
Event: 0.096 Loaded shared library C:\Users\Timofei\.jdks\corretto-18.0.2\bin\zip.dll
Event: 0.099 Loaded shared library C:\Users\Timofei\.jdks\corretto-18.0.2\bin\instrument.dll
Event: 0.104 Loaded shared library C:\Users\Timofei\.jdks\corretto-18.0.2\bin\net.dll
Event: 0.106 Loaded shared library C:\Users\Timofei\.jdks\corretto-18.0.2\bin\nio.dll
Event: 0.112 Loaded shared library C:\Users\Timofei\.jdks\corretto-18.0.2\bin\zip.dll
Event: 0.169 Thread 0x000001d4bb52f070 Thread added: 0x000001d4bb52f070
Event: 0.185 Loaded shared library D:\IntelliJ IDEA Community Edition 2022.2.2\bin\breakgen64.dll
Event: 0.185 Thread 0x000001d4bb6a92e0 Thread added: 0x000001d4bb6a92e0
Event: 0.186 Thread 0x000001d4bb7302a0 Thread added: 0x000001d4bb7302a0
Event: 0.194 Loaded shared library C:\Users\Timofei\.jdks\corretto-18.0.2\bin\jimage.dll
Event: 0.248 Loaded shared library C:\Users\Timofei\.jdks\corretto-18.0.2\bin\awt.dll
Event: 0.274 Thread 0x000001d4bb887360 Thread added: 0x000001d4bb887360
Event: 0.274 Thread 0x000001d498c1ccb0 Thread exited: 0x000001d498c1ccb0
Event: 0.274 Thread 0x000001d498c1ccb0 Thread added: 0x000001d498c1ccb0
Event: 0.331 Loaded shared library C:\Users\Timofei\AppData\Local\Temp\lwjglTimofei\3.3.1-SNAPSHOT\lwjgl.dll
Event: 0.558 Thread 0x000001d4bb52f070 Thread exited: 0x000001d4bb52f070
Event: 0.566 Loaded shared library C:\Users\Timofei\AppData\Local\Temp\lwjglTimofei\3.3.1-SNAPSHOT\lwjgl_opengl.dll
Event: 0.757 Loaded shared library C:\Users\Timofei\AppData\Local\Temp\imgui-java-natives_1671185479127\imgui-java64.dll


Dynamic libraries:
0x00007ff6c7e20000 - 0x00007ff6c7e2d000 	C:\Users\Timofei\.jdks\corretto-18.0.2\bin\java.exe
0x00007ffc7ec30000 - 0x00007ffc7ee28000 	C:\WINDOWS\SYSTEM32\ntdll.dll
0x00007ffc7d5a0000 - 0x00007ffc7d65f000 	C:\WINDOWS\System32\KERNEL32.DLL
0x00007ffc7c6e0000 - 0x00007ffc7c9b2000 	C:\WINDOWS\System32\KERNELBASE.dll
0x00007ffc7c410000 - 0x00007ffc7c510000 	C:\WINDOWS\System32\ucrtbase.dll
0x00007ffc56790000 - 0x00007ffc567a5000 	C:\Users\Timofei\.jdks\corretto-18.0.2\bin\VCRUNTIME140.dll
0x00007ffc59a40000 - 0x00007ffc59a57000 	C:\Users\Timofei\.jdks\corretto-18.0.2\bin\jli.dll
0x00007ffc7e910000 - 0x00007ffc7eaad000 	C:\WINDOWS\System32\USER32.dll
0x00007ffc5bf10000 - 0x00007ffc5c1aa000 	C:\WINDOWS\WinSxS\amd64_microsoft.windows.common-controls_6595b64144ccf1df_6.0.19041.1110_none_60b5254171f9507e\COMCTL32.dll
0x00007ffc7c330000 - 0x00007ffc7c352000 	C:\WINDOWS\System32\win32u.dll
0x00007ffc7ebc0000 - 0x00007ffc7ebeb000 	C:\WINDOWS\System32\GDI32.dll
0x00007ffc7d810000 - 0x00007ffc7d8ae000 	C:\WINDOWS\System32\msvcrt.dll
0x00007ffc7cb70000 - 0x00007ffc7cc7f000 	C:\WINDOWS\System32\gdi32full.dll
0x00007ffc7cad0000 - 0x00007ffc7cb6d000 	C:\WINDOWS\System32\msvcp_win.dll
0x00007ffc7ce40000 - 0x00007ffc7ce72000 	C:\WINDOWS\System32\IMM32.DLL
0x00007ffc2de10000 - 0x00007ffc2deab000 	C:\Users\Timofei\.jdks\corretto-18.0.2\bin\msvcp140.dll
0x00007ffc28c80000 - 0x00007ffc298f1000 	C:\Users\Timofei\.jdks\corretto-18.0.2\bin\server\jvm.dll
0x00007ffc7eb10000 - 0x00007ffc7ebbe000 	C:\WINDOWS\System32\ADVAPI32.dll
0x00007ffc7d3e0000 - 0x00007ffc7d47c000 	C:\WINDOWS\System32\sechost.dll
0x00007ffc7db10000 - 0x00007ffc7dc35000 	C:\WINDOWS\System32\RPCRT4.dll
0x00007ffc7d480000 - 0x00007ffc7d488000 	C:\WINDOWS\System32\PSAPI.DLL
0x00007ffc770b0000 - 0x00007ffc770b9000 	C:\WINDOWS\SYSTEM32\WSOCK32.dll
0x00007ffc72a90000 - 0x00007ffc72a9a000 	C:\WINDOWS\SYSTEM32\VERSION.dll
0x00007ffc7d980000 - 0x00007ffc7d9eb000 	C:\WINDOWS\System32\WS2_32.dll
0x00007ffc67320000 - 0x00007ffc67347000 	C:\WINDOWS\SYSTEM32\WINMM.dll
0x00007ffc7ab80000 - 0x00007ffc7ab92000 	C:\WINDOWS\SYSTEM32\kernel.appcore.dll
0x00007ffc71ba0000 - 0x00007ffc71baa000 	C:\Users\Timofei\.jdks\corretto-18.0.2\bin\jimage.dll
0x00007ffc7a0f0000 - 0x00007ffc7a2d4000 	C:\WINDOWS\SYSTEM32\DBGHELP.DLL
0x00007ffc77080000 - 0x00007ffc770ac000 	C:\WINDOWS\SYSTEM32\dbgcore.DLL
0x00007ffc7c9c0000 - 0x00007ffc7ca42000 	C:\WINDOWS\System32\bcryptPrimitives.dll
0x00007ffc76d90000 - 0x00007ffc76d9e000 	C:\Users\Timofei\.jdks\corretto-18.0.2\bin\instrument.dll
0x00007ffc4dc60000 - 0x00007ffc4dc85000 	C:\Users\Timofei\.jdks\corretto-18.0.2\bin\java.dll
0x00007ffc2dd30000 - 0x00007ffc2de06000 	C:\Users\Timofei\.jdks\corretto-18.0.2\bin\jsvml.dll
0x00007ffc7e160000 - 0x00007ffc7e8a3000 	C:\WINDOWS\System32\SHELL32.dll
0x00007ffc7a3d0000 - 0x00007ffc7ab62000 	C:\WINDOWS\SYSTEM32\windows.storage.dll
0x00007ffc7cee0000 - 0x00007ffc7d234000 	C:\WINDOWS\System32\combase.dll
0x00007ffc7bd90000 - 0x00007ffc7bdc0000 	C:\WINDOWS\SYSTEM32\Wldp.dll
0x00007ffc7e0b0000 - 0x00007ffc7e15d000 	C:\WINDOWS\System32\SHCORE.dll
0x00007ffc7ce80000 - 0x00007ffc7ced5000 	C:\WINDOWS\System32\shlwapi.dll
0x00007ffc7c270000 - 0x00007ffc7c28f000 	C:\WINDOWS\SYSTEM32\profapi.dll
0x00007ffc50800000 - 0x00007ffc50818000 	C:\Users\Timofei\.jdks\corretto-18.0.2\bin\zip.dll
0x00007ffc566d0000 - 0x00007ffc566e3000 	C:\Users\Timofei\.jdks\corretto-18.0.2\bin\net.dll
0x00007ffc71800000 - 0x00007ffc7190c000 	C:\WINDOWS\SYSTEM32\WINHTTP.dll
0x00007ffc7baf0000 - 0x00007ffc7bb5a000 	C:\WINDOWS\system32\mswsock.dll
0x00007ffc50ad0000 - 0x00007ffc50ae5000 	C:\Users\Timofei\.jdks\corretto-18.0.2\bin\nio.dll
0x00007ffc744a0000 - 0x00007ffc744ba000 	D:\IntelliJ IDEA Community Edition 2022.2.2\bin\breakgen64.dll
0x00007ffc7b7d0000 - 0x00007ffc7b89a000 	C:\WINDOWS\SYSTEM32\DNSAPI.dll
0x00007ffc7b790000 - 0x00007ffc7b7cb000 	C:\WINDOWS\SYSTEM32\IPHLPAPI.DLL
0x00007ffc7da50000 - 0x00007ffc7da58000 	C:\WINDOWS\System32\NSI.dll
0x00007ffc73500000 - 0x00007ffc7350a000 	C:\Windows\System32\rasadhlp.dll
0x00007ffc6b7b0000 - 0x00007ffc6b830000 	C:\WINDOWS\System32\fwpuclnt.dll
0x00007ffc7caa0000 - 0x00007ffc7cac7000 	C:\WINDOWS\System32\bcrypt.dll
0x00007ffc268a0000 - 0x00007ffc26a47000 	C:\Users\Timofei\.jdks\corretto-18.0.2\bin\awt.dll
0x00007ffc7d8b0000 - 0x00007ffc7d97d000 	C:\WINDOWS\System32\OLEAUT32.dll
0x00007ffc78d80000 - 0x00007ffc78e11000 	C:\WINDOWS\SYSTEM32\apphelp.dll
0x00007ffc41fb0000 - 0x00007ffc42025000 	C:\Users\Timofei\AppData\Local\Temp\lwjglTimofei\3.3.1-SNAPSHOT\lwjgl.dll
0x00007ffc41f40000 - 0x00007ffc41fa1000 	C:\Users\Timofei\AppData\Local\Temp\lwjglTimofei\3.3.1-SNAPSHOT\glfw.dll
0x00007ffc2b5f0000 - 0x00007ffc2b635000 	C:\WINDOWS\SYSTEM32\dinput8.dll
0x00007ffc536c0000 - 0x00007ffc536d1000 	C:\WINDOWS\SYSTEM32\xinput1_4.dll
0x00007ffc7ca50000 - 0x00007ffc7ca9e000 	C:\WINDOWS\System32\cfgmgr32.dll
0x00007ffc7c0e0000 - 0x00007ffc7c10c000 	C:\WINDOWS\SYSTEM32\DEVOBJ.dll
0x00007ffc79c70000 - 0x00007ffc79c9f000 	C:\WINDOWS\SYSTEM32\dwmapi.dll
0x00007ffc53b40000 - 0x00007ffc53c92000 	C:\WINDOWS\SYSTEM32\inputhost.dll
0x00007ffc78900000 - 0x00007ffc789f2000 	C:\WINDOWS\SYSTEM32\CoreMessaging.dll
0x00007ffc79120000 - 0x00007ffc79274000 	C:\WINDOWS\SYSTEM32\wintypes.dll
0x00007ffc796f0000 - 0x00007ffc797e6000 	C:\WINDOWS\SYSTEM32\PROPSYS.dll
0x00007ffc785a0000 - 0x00007ffc788fe000 	C:\WINDOWS\SYSTEM32\CoreUIComponents.dll
0x00007ffc7b4c0000 - 0x00007ffc7b4f3000 	C:\WINDOWS\SYSTEM32\ntmarta.dll
0x00007ffc78ef0000 - 0x00007ffc78f8e000 	C:\WINDOWS\system32\uxtheme.dll
0x00007ffc7d2c0000 - 0x00007ffc7d3d5000 	C:\WINDOWS\System32\MSCTF.dll
0x00007ffc4f350000 - 0x00007ffc4f475000 	C:\WINDOWS\SYSTEM32\opengl32.dll
0x00007ffc4f9c0000 - 0x00007ffc4f9ec000 	C:\WINDOWS\SYSTEM32\GLU32.dll
0x00007ffc7da60000 - 0x00007ffc7db0f000 	C:\WINDOWS\System32\clbcatq.dll
0x00007ffc258d0000 - 0x00007ffc2689a000 	C:\WINDOWS\System32\DriverStore\FileRepository\iigd_dch.inf_amd64_7d90afac159f566c\ig9icd64.dll
0x00007ffc7cd10000 - 0x00007ffc7ce3a000 	C:\WINDOWS\System32\ole32.dll
0x00007ffc7abf0000 - 0x00007ffc7ace3000 	C:\WINDOWS\system32\dxgi.dll
0x00007ffc732c0000 - 0x00007ffc734ff000 	C:\WINDOWS\System32\DriverStore\FileRepository\iigd_dch.inf_amd64_7d90afac159f566c\igdgmm64.dll
0x00007ffc6c930000 - 0x00007ffc6f4f9000 	C:\WINDOWS\System32\DriverStore\FileRepository\iigd_dch.inf_amd64_7d90afac159f566c\igc64.dll
0x00007ffc7b900000 - 0x00007ffc7b94b000 	C:\WINDOWS\SYSTEM32\powrprof.dll
0x00007ffc7b770000 - 0x00007ffc7b782000 	C:\WINDOWS\SYSTEM32\UMPDC.dll
0x00007ffc54880000 - 0x00007ffc54979000 	C:\WINDOWS\SYSTEM32\textinputframework.dll
0x00007ffc2b3f0000 - 0x00007ffc2b44d000 	C:\Users\Timofei\AppData\Local\Temp\lwjglTimofei\3.3.1-SNAPSHOT\lwjgl_opengl.dll
0x0000000064a00000 - 0x000000006580f000 	C:\Users\Timofei\AppData\Local\Temp\imgui-java-natives_1671185479127\imgui-java64.dll

dbghelp: loaded successfully - version: 4.0.5 - missing functions: none
symbol engine: initialized successfully - sym options: 0x614 - pdb path: .;C:\Users\Timofei\.jdks\corretto-18.0.2\bin;C:\WINDOWS\SYSTEM32;C:\WINDOWS\WinSxS\amd64_microsoft.windows.common-controls_6595b64144ccf1df_6.0.19041.1110_none_60b5254171f9507e;C:\Users\Timofei\.jdks\corretto-18.0.2\bin\server;D:\IntelliJ IDEA Community Edition 2022.2.2\bin;C:\Users\Timofei\AppData\Local\Temp\lwjglTimofei\3.3.1-SNAPSHOT;C:\WINDOWS\System32\DriverStore\FileRepository\iigd_dch.inf_amd64_7d90afac159f566c;C:\Users\Timofei\AppData\Local\Temp\imgui-java-natives_1671185479127

VM Arguments:
jvm_args: -javaagent:D:\IntelliJ IDEA Community Edition 2022.2.2\lib\idea_rt.jar=52131:D:\IntelliJ IDEA Community Edition 2022.2.2\bin -Dfile.encoding=UTF-8 -Dsun.stdout.encoding=UTF-8 -Dsun.stderr.encoding=UTF-8 
java_command: Client.ClientBootstrap
java_class_path (initial): C:\Users\Timofei\IdeaProjects\LAB_6_Prog_SP_Task\target\classes;C:\Users\Timofei\.m2\repository\mysql\mysql-connector-java\8.0.23\mysql-connector-java-8.0.23.jar;C:\Users\Timofei\.m2\repository\com\google\protobuf\protobuf-java\3.11.4\protobuf-java-3.11.4.jar;C:\Users\Timofei\.m2\repository\org\hibernate\hibernate-entitymanager\5.6.12.Final\hibernate-entitymanager-5.6.12.Final.jar;C:\Users\Timofei\.m2\repository\org\jboss\logging\jboss-logging\3.4.3.Final\jboss-logging-3.4.3.Final.jar;C:\Users\Timofei\.m2\repository\org\hibernate\hibernate-core\5.6.12.Final\hibernate-core-5.6.12.Final.jar;C:\Users\Timofei\.m2\repository\antlr\antlr\2.7.7\antlr-2.7.7.jar;C:\Users\Timofei\.m2\repository\org\jboss\jandex\2.4.2.Final\jandex-2.4.2.Final.jar;C:\Users\Timofei\.m2\repository\com\fasterxml\classmate\1.5.1\classmate-1.5.1.jar;C:\Users\Timofei\.m2\repository\javax\activation\javax.activation-api\1.2.0\javax.activation-api-1.2.0.jar;C:\Users\Timofei\.m2\repository\javax\xml\bind\jaxb-api\2.3.1\jaxb-api-2.3.1.jar;C:\Users\Timofei\.m2\repository\org\glassfish\jaxb\jaxb-runtime\2.3.1\jaxb-runtime-2.3.1.jar;C:\Users\Timofei\.m2\repository\org\glassfish\jaxb\txw2\2.3.1\txw2-2.3.1.jar;C:\Users\Timofei\.m2\repository\com\sun\istack\istack-commons-runtime\3.0.7\istack-commons-runtime-3.0.7.jar;C:\Users\Timofei\.m2\repository\org\jvnet\staxex\stax-ex\1.8\stax-ex-1.8.jar;C:\Users\Timofei\.m2\repository\com\sun\xml\fastinfoset\FastInfoset\1.2.15\FastInfoset-1.2.15.jar;C:\Users\Timofei\.m2\repository\org\hibernate\common\hibernate-commons-annotations\5.1.2.Final\hibernate-commons-annotations-5.1.2.Final.jar;C:\Users\Timofei\.m2\repository\javax\persistence\javax.persistence-api\2.2\javax.persistence-api-2.2.jar;C:\Users\Timofei\.m2\repository\net\bytebuddy\byte-buddy\1.12.9\byte-buddy-1.12.9.jar;C:\Users\Timofei\.m2\repository\org\jboss\spec\javax\transaction\jboss-transaction-api_1.2_spec\1.1.1.Final\jboss-transaction-api_1.2_spec-1.1.1.Final.jar;C:\Users\Timofei\.m2\repository\com\h2database\h2\2.1.212\h2-2.1.212.jar;C:\Users\Timofei\.m2\repository\io\github\spair\imgui-java-app\1.86.4\imgui-java-app-1.86.4.jar;C:\Users\Timofei\.m2\repository\org\lwjgl\lwjgl\3.3.1\lwjgl-3.3.1.jar;C:\Users\Timofei\.m2\repository\org\lwjgl\lwjgl-glfw\3.3.1\lwjgl-glfw-3.3.1.jar;C:\Users\Timofei\.m2\repository\org\lwjgl\lwjgl-opengl\3.3.1\lwjgl-opengl-3.3.1.jar;C:\Users\Timofei\.m2\repository\org\lwjgl\lwjgl\3.3.1\lwjgl-3.3.1-natives-linux.jar;C:\Users\Timofei\.m2\repository\org\lwjgl\lwjgl-glfw\3.3.1\lwjgl-glfw-3.3.1-natives-linux.jar;C:\Users\Timofei\.m2\repository\org\lwjgl\lwjgl-opengl\3.3.1\lwjgl-opengl-3.3.1-natives-linux.jar;C:\Users\Timofei\.m2\repository\org\lwjgl\lwjgl\3.3.1\lwjgl-3.3.1-natives-windows.jar;C:\Users\Timofei\.m2\repository\org\lwjgl\lwjgl-glfw\3.3.1\lwjgl-glfw-3.3.1-natives-windows.jar;C:\Users\Timofei\.m2\repository\org\lwjgl\lwjgl-opengl\3.3.1\lwjgl-opengl-3.3.1-natives-windows.jar;C:\Users\Timofei\.m2\repository\org\lwjgl\lwjgl\3.3.1\lwjgl-3.3.1-natives-macos.jar;C:\Users\Timofei\.m2\repository\org\lwjgl\lwjgl-glfw\3.3.1\lwjgl-glfw-3.3.1-natives-macos.jar;C:\Users\Timofei\.m2\repository\org\lwjgl\lwjgl-opengl\3.3.1\lwjgl-opengl-3.3.1-natives-macos.jar;C:\Users\Timofei\.m2\repository\io\github\spair\imgui-java-binding\1.86.4\imgui-java-binding-1.86.4.jar;C:\Users\Timofei\.m2\repository\io\github\spair\imgui-java-lwjgl3\1.86.4\imgui-java-lwjgl3-1.86.4.jar
Launcher Type: SUN_STANDARD

[Global flags]
     intx CICompilerCount                          = 4                                         {product} {ergonomic}
     uint ConcGCThreads                            = 2                                         {product} {ergonomic}
     uint G1ConcRefinementThreads                  = 8                                         {product} {ergonomic}
   size_t G1HeapRegionSize                         = 1048576                                   {product} {ergonomic}
    uintx GCDrainStackTargetSize                   = 64                                        {product} {ergonomic}
   size_t InitialHeapSize                          = 134217728                                 {product} {ergonomic}
   size_t MarkStackSize                            = 4194304                                   {product} {ergonomic}
   size_t MaxHeapSize                              = 2116026368                                {product} {ergonomic}
   size_t MaxNewSize                               = 1268776960                                {product} {ergonomic}
   size_t MinHeapDeltaBytes                        = 1048576                                   {product} {ergonomic}
   size_t MinHeapSize                              = 8388608                                   {product} {ergonomic}
    uintx NonNMethodCodeHeapSize                   = 5839372                                {pd product} {ergonomic}
    uintx NonProfiledCodeHeapSize                  = 122909434                              {pd product} {ergonomic}
    uintx ProfiledCodeHeapSize                     = 122909434                              {pd product} {ergonomic}
    uintx ReservedCodeCacheSize                    = 251658240                              {pd product} {ergonomic}
     bool SegmentedCodeCache                       = true                                      {product} {ergonomic}
   size_t SoftMaxHeapSize                          = 2116026368                             {manageable} {ergonomic}
     bool UseCompressedClassPointers               = true                           {product lp64_product} {ergonomic}
     bool UseCompressedOops                        = true                           {product lp64_product} {ergonomic}
     bool UseG1GC                                  = true                                      {product} {ergonomic}
     bool UseLargePagesIndividualAllocation        = false                                  {pd product} {ergonomic}

Logging:
Log output configuration:
 #0: stdout all=warning uptime,level,tags foldmultilines=false
 #1: stderr all=off uptime,level,tags foldmultilines=false

Environment Variables:
PATH=C:\WINDOWS\system32;C:\WINDOWS;C:\WINDOWS\System32\Wbem;C:\WINDOWS\System32\WindowsPowerShell\v1.0\;C:\WINDOWS\System32\OpenSSH\;C:\Program Files\Git\cmd;C:\Program Files\Microsoft SQL Server\130\Tools\Binn\;C:\Program Files\NVIDIA Corporation\NVIDIA NvDLISR;C:\Program Files (x86)\NVIDIA Corporation\PhysX\Common;C:\Program Files\dotnet\;C:\Program Files\MySQL\MySQL Shell 8.0\bin\;C:\Users\Timofei\AppData\Local\Microsoft\WindowsApps;C:\Users\Timofei\AppData\Local\GitHubDesktop\bin;C:\Users\Timofei\.dotnet\tools
USERNAME=Timofei
OS=Windows_NT
PROCESSOR_IDENTIFIER=Intel64 Family 6 Model 158 Stepping 10, GenuineIntel



---------------  S Y S T E M  ---------------

OS:
 Windows 10 , 64 bit Build 19041 (10.0.19041.2251)
OS uptime: 0 days 7:47 hours

CPU: total 8 (initial active 8) (4 cores per cpu, 2 threads per core) family 6 model 158 stepping 10 microcode 0xb4, cx8, cmov, fxsr, ht, mmx, 3dnowpref, sse, sse2, sse3, ssse3, sse4.1, sse4.2, popcnt, lzcnt, tsc, tscinvbit, avx, avx2, aes, erms, clmul, bmi1, bmi2, adx, fma, vzeroupper, clflush, clflushopt

Memory: 4k page, system-wide physical 8066M (1831M free)
TotalPageFile size 16770M (AvailPageFile size 5834M)
current process WorkingSet (physical memory assigned to process): 87M, peak: 132M
current process commit charge ("private bytes"): 239M, peak: 243M

vm_info: OpenJDK 64-Bit Server VM (18.0.2+9-FR) for windows-amd64 JRE (18.0.2+9-FR), built on Jul 15 2022 20:03:03 by "Administrator" with MS VC++ 15.9 (VS2017)

END.
