#
# A fatal error has been detected by the Java Runtime Environment:
#
#  EXCEPTION_ACCESS_VIOLATION (0xc0000005) at pc=0x0000000064a61fed, pid=12980, tid=4364
#
# JRE version: OpenJDK Runtime Environment Corretto-18.0.2.9.1 (18.0.2+9) (build 18.0.2+9-FR)
# Java VM: OpenJDK 64-Bit Server VM Corretto-18.0.2.9.1 (18.0.2+9-FR, mixed mode, sharing, tiered, compressed oops, compressed class ptrs, g1 gc, windows-amd64)
# Problematic frame:
# C  [imgui-java64.dll+0x61fed]
#
# No core dump will be written. Minidumps are not enabled by default on client versions of Windows
#
# If you would like to submit a bug report, please visit:
#   https://github.com/corretto/corretto-18/issues/
# The crash happened outside the Java Virtual Machine in native code.
# See problematic frame for where to report the bug.
#

---------------  S U M M A R Y ------------

Command Line: -javaagent:D:\IntelliJ IDEA Community Edition 2022.2.2\lib\idea_rt.jar=54356:D:\IntelliJ IDEA Community Edition 2022.2.2\bin -Dfile.encoding=UTF-8 -Dsun.stdout.encoding=UTF-8 -Dsun.stderr.encoding=UTF-8 Client.ClientBootstrap

Host: Intel(R) Core(TM) i5-8300H CPU @ 2.30GHz, 8 cores, 7G,  Windows 10 , 64 bit Build 19041 (10.0.19041.2251)
Time: Wed Dec 14 14:24:55 2022  Windows 10 , 64 bit Build 19041 (10.0.19041.2251) elapsed time: 55.945248 seconds (0d 0h 0m 55s)

---------------  T H R E A D  ---------------

Current thread (0x000001cd7e1fb9a0):  JavaThread "Thread-0" [_thread_in_native, id=4364, stack(0x000000af74a00000,0x000000af74b00000)]

Stack: [0x000000af74a00000,0x000000af74b00000],  sp=0x000000af74aff080,  free space=1020k
Native frames: (J=compiled Java code, j=interpreted, Vv=VM code, C=native code)
C  [imgui-java64.dll+0x61fed]

Java frames: (J=compiled Java code, j=interpreted, Vv=VM code)
J 1059  imgui.ImGui.end()V (0 bytes) @ 0x000001cd6adc2866 [0x000001cd6adc2820+0x0000000000000046]
j  Client.View.Scenes.First.FirstScene.exitButton()V+72
j  Client.View.Scenes.First.FirstScene.layer()V+4
j  Client.View.Window.Window.run()V+65
j  Client.View.Initializer.UIInitializer.lambda$initialize$0(LClient/View/Window/Window;LClient/View/Scenes/Layer;)V+6
j  Client.View.Initializer.UIInitializer$$Lambda$28+0x0000000800c0b920.run()V+8
j  java.lang.Thread.run()V+11 java.base@18.0.2
v  ~StubRoutines::call_stub

siginfo: EXCEPTION_ACCESS_VIOLATION (0xc0000005), reading address 0x0000000000001cf8


Register to memory mapping:

RIP=0x0000000064a61fed imgui-java64.dll
RAX={method} {0x000001cd7a1705d0} 'end' '()V' in 'imgui/ImGui'
RBX=0x0 is NULL
RCX=0x000001cd7e1fbc30 points into unknown readable memory: 0x000001cd7e2487b0 | b0 87 24 7e cd 01 00 00
RDX=0x000000af74aff110 is pointing into the stack for thread: 0x000001cd7e1fb9a0
RSP=0x000000af74aff080 is pointing into the stack for thread: 0x000001cd7e1fb9a0
RBP=0x000000af74aff120 is pointing into the stack for thread: 0x000001cd7e1fb9a0
RSI=0x0000000089add028 is an oop: jdk.internal.ref.CleanerImpl$PhantomCleanableRef 
{0x0000000089add028} - klass: 'jdk/internal/ref/CleanerImpl$PhantomCleanableRef'
 - ---- fields (total size 6 words):
 - private 'referent' 'Ljava/lang/Object;' @12  NULL (0)
 - volatile 'queue' 'Ljava/lang/ref/ReferenceQueue;' @16  a 'java/lang/ref/ReferenceQueue'{0x0000000089c11bd8} (89c11bd8)
 - volatile 'next' 'Ljava/lang/ref/Reference;' @20  NULL (0)
 - private transient 'discovered' 'Ljava/lang/ref/Reference;' @24  NULL (0)
 - 'prev' 'Ljdk/internal/ref/PhantomCleanable;' @28  a 'jdk/internal/ref/CleanerImpl$PhantomCleanableRef'{0x0000000089add028} (89add028)
 - 'next' 'Ljdk/internal/ref/PhantomCleanable;' @32  a 'jdk/internal/ref/CleanerImpl$PhantomCleanableRef'{0x0000000089add028} (89add028)
 - private final 'list' 'Ljdk/internal/ref/PhantomCleanable;' @36  a 'jdk/internal/ref/CleanerImpl$PhantomCleanableRef'{0x0000000089c11db8} (89c11db8)
 - private final 'action' 'Ljava/lang/Runnable;' @40  a 'sun/nio/ch/NioSocketImpl$$Lambda$15+0x0000000800c4a0f0'{0x0000000089add018} (89add018)
RDI=0x000001cd632a94fe is at code_begin+1118 in an Interpreter codelet
return entry points  [0x000001cd632a90a0, 0x000001cd632a9ba0]  2816 bytes
R8 =0x0000000000000001 is an unknown value
R9 =0x0000000089ac2548 is an oop: java.net.Socket 
{0x0000000089ac2548} - klass: 'java/net/Socket'
 - ---- fields (total size 5 words):
 - private 'created' 'Z' @12  true
 - private 'bound' 'Z' @13  true
 - private 'connected' 'Z' @14  true
 - private 'closed' 'Z' @15  true
 - private 'shutIn' 'Z' @16  false
 - private 'shutOut' 'Z' @17  false
 - private 'closeLock' 'Ljava/lang/Object;' @20  a 'java/lang/Object'{0x0000000089adcee0} (89adcee0)
 - 'impl' 'Ljava/net/SocketImpl;' @24  a 'java/net/SocksSocketImpl'{0x0000000089adcfb0} (89adcfb0)
 - private volatile 'in' 'Ljava/io/InputStream;' @28  a 'java/net/Socket$SocketInputStream'{0x0000000089ae7980} (89ae7980)
 - private volatile 'out' 'Ljava/io/OutputStream;' @32  a 'java/net/Socket$SocketOutputStream'{0x0000000089add7f8} (89add7f8)
 - private volatile 'options' 'Ljava/util/Set;' @36  NULL (0)
R10=0x0000000064a90800 imgui-java64.dll
R11=0x000001cd6adc2840 is at entry_point+32 in (nmethod*)0x000001cd6adc2690
Compiled method (n/a)   56007 1059     n 0       imgui.ImGui::end (native)
 total in heap  [0x000001cd6adc2690,0x000001cd6adc2a40] = 944
 relocation     [0x000001cd6adc27e8,0x000001cd6adc2818] = 48
 main code      [0x000001cd6adc2820,0x000001cd6adc2a38] = 536
 oops           [0x000001cd6adc2a38,0x000001cd6adc2a40] = 8
R12=0x0 is NULL
R13=0x000000af74aff138 is pointing into the stack for thread: 0x000001cd7e1fb9a0
R14=0x000000af74aff110 is pointing into the stack for thread: 0x000001cd7e1fb9a0
R15=0x000001cd7e1fb9a0 is a thread


Registers:
RAX=0x000001cd7a1705c8, RBX=0x0000000000000000, RCX=0x000001cd7e1fbc30, RDX=0x000000af74aff110
RSP=0x000000af74aff080, RBP=0x000000af74aff120, RSI=0x0000000089add028, RDI=0x000001cd632a94fe
R8 =0x0000000000000001, R9 =0x0000000089ac2548, R10=0x0000000064a90800, R11=0x000001cd6adc2840
R12=0x0000000000000000, R13=0x000000af74aff138, R14=0x000000af74aff110, R15=0x000001cd7e1fb9a0
RIP=0x0000000064a61fed, EFLAGS=0x0000000000010202

Top of Stack: (sp=0x000000af74aff080)
0x000000af74aff080:   000001cd7a036ba0 0000000000000000
0x000000af74aff090:   000000008987cd88 000001cd7a027d08
0x000000af74aff0a0:   0000000000000000 000001cd7a1705c8
0x000000af74aff0b0:   0000000089add028 000001cd6adc28fe
0x000000af74aff0c0:   0000000000000000 000000008987d1f0
0x000000af74aff0d0:   000000af74aff0d0 000001cd7a03459b
0x000000af74aff0e0:   000000af74aff130 000001cd7a036ba0
0x000000af74aff0f0:   0000000000000000 000000008987cd88
0x000000af74aff100:   000001cd7a0345d8 0000000000000000
0x000000af74aff110:   00000000894fcf18 000000af74aff180
0x000000af74aff120:   000000af74aff180 000001cd632a94fe
0x000000af74aff130:   000001cd632a94fe 000000af74aff138
0x000000af74aff140:   000001cd7a032a68 000000af74aff190
0x000000af74aff150:   000001cd7a032b68 0000000000000000
0x000000af74aff160:   000000008987f3e0 000001cd7a032a88
0x000000af74aff170:   000000af74aff138 000000af74aff190 

Instructions: (pc=0x0000000064a61fed)
0x0000000064a61eed:   c0 48 83 c4 28 5b 5e 5f 5d 41 5c 41 5d 41 5e 41
0x0000000064a61efd:   5f c3 90 39 c5 7c e7 e8 d7 e0 12 00 84 c0 74 2b
0x0000000064a61f0d:   4c 8d 05 a6 f5 4a 00 ba 06 07 00 00 48 8d 0d b1
0x0000000064a61f1d:   f5 4a 00 e8 db df 12 00 48 8b 86 48 1f 00 00 4e
0x0000000064a61f2d:   8b 04 38 eb b9 66 0f 1f 44 00 00 3b ae 40 1f 00
0x0000000064a61f3d:   00 7c 1a 41 b8 06 07 00 00 48 8d 15 6d f5 4a 00
0x0000000064a61f4d:   48 8d 0d 7d f5 4a 00 ff 15 be 57 da 00 48 8b 86
0x0000000064a61f5d:   48 1f 00 00 4e 8b 04 38 eb 84 66 0f 1f 84 00 00
0x0000000064a61f6d:   00 00 00 48 8b 05 d1 71 55 00 48 89 d1 48 8b 90
0x0000000064a61f7d:   58 1f 00 00 48 85 c9 74 3a 44 8b 80 a8 1c 00 00
0x0000000064a61f8d:   44 89 41 60 48 39 d1 74 44 f3 0f 10 41 28 48 89
0x0000000064a61f9d:   88 58 1f 00 00 f3 0f 11 80 50 1f 00 00 48 8b 80
0x0000000064a61fad:   f0 15 00 00 48 85 c0 74 24 48 ff e0 0f 1f 80 00
0x0000000064a61fbd:   00 00 00 48 85 d2 74 15 c7 80 50 1f 00 00 00 00
0x0000000064a61fcd:   80 3f 48 c7 80 58 1f 00 00 00 00 00 00 c3 0f 1f
0x0000000064a61fdd:   44 00 00 56 53 48 83 ec 28 48 8b 1d 5b 71 55 00
0x0000000064a61fed:   8b 83 f8 1c 00 00 48 8b b3 28 1d 00 00 83 f8 01
0x0000000064a61ffd:   0f 8e 0d 02 00 00 8b 46 0c 25 00 00 00 21 3d 00
0x0000000064a6200d:   00 00 01 0f 84 4a 02 00 00 48 83 be b8 01 00 00
0x0000000064a6201d:   00 74 05 e8 8b 03 0c 00 8b 46 0c a9 00 00 00 20
0x0000000064a6202d:   0f 84 bd 02 00 00 a9 00 00 00 01 0f 84 a2 02 00
0x0000000064a6203d:   00 48 8b 86 10 04 00 00 48 85 c0 74 49 f6 86 f1
0x0000000064a6204d:   03 00 00 04 74 40 48 8b 80 88 00 00 00 48 85 c0
0x0000000064a6205d:   74 34 f3 0f 10 86 2c 01 00 00 f3 0f 10 8e 28 01
0x0000000064a6206d:   00 00 f3 0f 58 46 7c f3 0f 58 4e 78 f3 0f 5c 40
0x0000000064a6207d:   7c f3 0f 5c 48 78 f3 0f 11 80 2c 01 00 00 f3 0f
0x0000000064a6208d:   11 88 28 01 00 00 48 63 93 f8 1c 00 00 85 d2 0f
0x0000000064a6209d:   8e 5e 02 00 00 48 63 c2 48 8d 0c 80 48 8d 04 48
0x0000000064a620ad:   48 8b 8b 00 1d 00 00 48 8d 04 c1 f3 0f 6f 50 b0
0x0000000064a620bd:   48 83 e8 58 0f 11 93 e8 1d 00 00 f3 0f 6f 58 18
0x0000000064a620cd:   0f 11 9b f8 1d 00 00 f3 0f 6f 60 28 0f 11 a3 08
0x0000000064a620dd:   1e 00 00 48 8b 48 38 48 89 8b 18 1e 00 00 8b 40 


Stack slot to memory mapping:
stack at sp + 0 slots: 0x000001cd7a036ba0 is pointing into metadata
stack at sp + 1 slots: 0x0 is NULL
stack at sp + 2 slots: 0x000000008987cd88 is an oop: java.lang.Class 
{0x000000008987cd88} - klass: 'java/lang/Class'
 - ---- fields (total size 14 words):
 - private volatile transient 'classRedefinedCount' 'I' @12  0
 - abstract internal 'klass' 'J' @16  34372365976 (c0ae98 8)
 - abstract internal 'array_klass' 'J' @24  0 (0 0)
 - abstract internal 'oop_size' 'I' @32  14 (e)
 - abstract internal 'static_oop_field_count' 'I' @36  0
 - private volatile transient 'cachedConstructor' 'Ljava/lang/reflect/Constructor;' @40  NULL (0)
 - private transient 'name' 'Ljava/lang/String;' @44  "Client.Loop.ClientLoop"{0x000000008987ce08} (8987ce08)
 - private transient 'module' 'Ljava/lang/Module;' @48  a 'java/lang/Module'{0x0000000089debe20} (89debe20)
 - private final 'classLoader' 'Ljava/lang/ClassLoader;' @52  a 'jdk/internal/loader/ClassLoaders$AppClassLoader'{0x0000000089debc60} (89debc60)
 - private transient 'classData' 'Ljava/lang/Object;' @56  NULL (0)
 - private transient 'packageName' 'Ljava/lang/String;' @60  "Client.Loop"{0x0000000089867a80} (89867a80)
 - private final 'componentType' 'Ljava/lang/Class;' @64  NULL (0)
 - private volatile transient 'reflectionData' 'Ljava/lang/ref/SoftReference;' @68  NULL (0)
 - private volatile transient 'genericInfo' 'Lsun/reflect/generics/repository/ClassRepository;' @72  NULL (0)
 - private volatile transient 'enumConstants' '[Ljava/lang/Object;' @76  NULL (0)
 - private volatile transient 'enumConstantDirectory' 'Ljava/util/Map;' @80  NULL (0)
 - private volatile transient 'annotationData' 'Ljava/lang/Class$AnnotationData;' @84  NULL (0)
 - private volatile transient 'annotationType' 'Lsun/reflect/annotation/AnnotationType;' @88  NULL (0)
 - transient 'classValueMap' 'Ljava/lang/ClassValue$ClassValueMap;' @92  NULL (0)
 - abstract internal 'protection_domain' 'Ljava/lang/Object;' @96  a 'java/security/ProtectionDomain'{0x0000000089abd470} (89abd470)
 - abstract internal 'signers_name' 'Ljava/lang/Object;' @100  NULL (0)
 - abstract internal 'source_file' 'Ljava/lang/Object;' @104  NULL (0)
 - signature: LClient/Loop/ClientLoop;
 - ---- static fields (0):
stack at sp + 3 slots: {method} {0x000001cd7a027d10} 'dispose' '()V' in 'Client/Loop/ClientLoop'
stack at sp + 4 slots: 0x0 is NULL
stack at sp + 5 slots: {method} {0x000001cd7a1705d0} 'end' '()V' in 'imgui/ImGui'
stack at sp + 6 slots: 0x0000000089add028 is an oop: jdk.internal.ref.CleanerImpl$PhantomCleanableRef 
{0x0000000089add028} - klass: 'jdk/internal/ref/CleanerImpl$PhantomCleanableRef'
 - ---- fields (total size 6 words):
 - private 'referent' 'Ljava/lang/Object;' @12  NULL (0)
 - volatile 'queue' 'Ljava/lang/ref/ReferenceQueue;' @16  a 'java/lang/ref/ReferenceQueue'{0x0000000089c11bd8} (89c11bd8)
 - volatile 'next' 'Ljava/lang/ref/Reference;' @20  NULL (0)
 - private transient 'discovered' 'Ljava/lang/ref/Reference;' @24  NULL (0)
 - 'prev' 'Ljdk/internal/ref/PhantomCleanable;' @28  a 'jdk/internal/ref/CleanerImpl$PhantomCleanableRef'{0x0000000089add028} (89add028)
 - 'next' 'Ljdk/internal/ref/PhantomCleanable;' @32  a 'jdk/internal/ref/CleanerImpl$PhantomCleanableRef'{0x0000000089add028} (89add028)
 - private final 'list' 'Ljdk/internal/ref/PhantomCleanable;' @36  a 'jdk/internal/ref/CleanerImpl$PhantomCleanableRef'{0x0000000089c11db8} (89c11db8)
 - private final 'action' 'Ljava/lang/Runnable;' @40  a 'sun/nio/ch/NioSocketImpl$$Lambda$15+0x0000000800c4a0f0'{0x0000000089add018} (89add018)
stack at sp + 7 slots: 0x000001cd6adc28fe is at entry_point+222 in (nmethod*)0x000001cd6adc2690
Compiled method (n/a)   56017 1059     n 0       imgui.ImGui::end (native)
 total in heap  [0x000001cd6adc2690,0x000001cd6adc2a40] = 944
 relocation     [0x000001cd6adc27e8,0x000001cd6adc2818] = 48
 main code      [0x000001cd6adc2820,0x000001cd6adc2a38] = 536
 oops           [0x000001cd6adc2a38,0x000001cd6adc2a40] = 8


Compiled method (n/a)   56019 1059     n 0       imgui.ImGui::end (native)
 total in heap  [0x000001cd6adc2690,0x000001cd6adc2a40] = 944
 relocation     [0x000001cd6adc27e8,0x000001cd6adc2818] = 48
 main code      [0x000001cd6adc2820,0x000001cd6adc2a38] = 536
 oops           [0x000001cd6adc2a38,0x000001cd6adc2a40] = 8

[Constant Pool (empty)]

[MachCode]
[Entry Point]
  # {method} {0x000001cd7a1705d0} 'end' '()V' in 'imgui/ImGui'
  #           [sp+0x70]  (sp of caller)
  0x000001cd6adc2820: 448b 5208 | 49bb 0000 | 0000 0800 | 0000 4d03 | d349 3bc2 | 0f84 0600 

  0x000001cd6adc2838: ;   {runtime_call ic_miss_stub}
  0x000001cd6adc2838: 0000 e941 | a252 f890 
[Verified Entry Point]
  0x000001cd6adc2840: 8984 2400 | 90ff ff55 | 488b ec48 

  0x000001cd6adc284c: ;   {oop(a 'java/lang/Class'{0x00000000894fcf18} = 'imgui/ImGui')}
  0x000001cd6adc284c: 83ec 6049 | be18 cf4f | 8900 0000 | 004c 8974 | 2450 4c8d | 7424 5049 | 8bd6 c5f8 

  0x000001cd6adc2868: ;   {internal_word}
  0x000001cd6adc2868: 7749 ba66 | 28dc 6acd | 0100 004d | 8997 7802 | 0000 4989 | a770 0200 

  0x000001cd6adc2880: ;   {external_word}
  0x000001cd6adc2880: 0049 ba77 | 2124 99fb | 7f00 0041 | 803a 000f | 844a 0000 

  0x000001cd6adc2894: ;   {metadata({method} {0x000001cd7a1705d0} 'end' '()V' in 'imgui/ImGui')}
  0x000001cd6adc2894: 0052 48ba | c805 177a | cd01 0000 | 498b cf48 | 83ec 20f7 | c40f 0000 | 000f 841a | 0000 0048 
  0x000001cd6adc28b4: ;   {runtime_call}
  0x000001cd6adc28b4: 83ec 0849 | ba00 80d9 | 98fb 7f00 | 0041 ffd2 | 4883 c408 | e90d 0000 

  0x000001cd6adc28cc: ;   {runtime_call}
  0x000001cd6adc28cc: 0049 ba00 | 80d9 98fb | 7f00 0041 | ffd2 4883 | c420 5a49 | 8d8f 9002 | 0000 41c7 | 8730 0300 
  0x000001cd6adc28ec: 0004 0000 

  0x000001cd6adc28f0: ;   {runtime_call}
  0x000001cd6adc28f0: 0049 ba00 | 08a9 6400 | 0000 0041 | ffd2 c5f8 | 7741 c787 | 3003 0000 | 0500 0000 | f083 4424 
  0x000001cd6adc2910: c000 493b | af38 0300 | 000f 8711 | 0000 0041 | 81bf 2003 | 0000 0000 | 0000 0f84 | 2400 0000 
  0x000001cd6adc2930: c5f8 7749 | 8bcf 4c8b | e448 83ec | 2048 83e4 

  0x000001cd6adc2940: ;   {runtime_call}
  0x000001cd6adc2940: f049 ba70 | a1e8 98fb | 7f00 0041 | ffd2 498b | e44d 33e4 | 41c7 8730 | 0300 0008 | 0000 0041 
  0x000001cd6adc2960: 81bf a003 | 0000 0200 | 0000 0f84 | 9b00 0000 

  0x000001cd6adc2970: ;   {external_word}
  0x000001cd6adc2970: 49ba 7721 | 2499 fb7f | 0000 4180 | 3a00 0f84 | 4800 0000 

  0x000001cd6adc2984: ;   {metadata({method} {0x000001cd7a1705d0} 'end' '()V' in 'imgui/ImGui')}
  0x000001cd6adc2984: 48ba c805 | 177a cd01 | 0000 498b | cf48 83ec | 20f7 c40f | 0000 000f | 841a 0000 | 0048 83ec 
  0x000001cd6adc29a4: ;   {runtime_call}
  0x000001cd6adc29a4: 0849 ba00 | 80d9 98fb | 7f00 0041 | ffd2 4883 | c408 e90d 

  0x000001cd6adc29b8: ;   {runtime_call}
  0x000001cd6adc29b8: 0000 0049 | ba00 80d9 | 98fb 7f00 | 0041 ffd2 | 4883 c420 | 49c7 8770 | 0200 0000 | 0000 0049 
  0x000001cd6adc29d8: c787 7802 | 0000 0000 | 0000 c5f8 | 7749 8b8f | 0003 0000 | c781 0001 | 0000 0000 | 0000 c949 
  0x000001cd6adc29f8: 817f 0800 | 0000 000f | 8501 0000 

  0x000001cd6adc2a04: ;   {runtime_call StubRoutines (1)}
  0x000001cd6adc2a04: 00c3 e9f5 | e44d f8c5 | f877 4c8b | e448 83ec | 2048 83e4 

  0x000001cd6adc2a18: ;   {runtime_call}
  0x000001cd6adc2a18: f049 bab0 | b0d9 98fb | 7f00 0041 | ffd2 498b | e44d 33e4 | e93f ffff | fff4 f4f4 | f4f4 f4f4 
[/MachCode]


---------------  P R O C E S S  ---------------

Threads class SMR info:
_java_thread_list=0x000001cd7e614dd0, length=14, elements={
0x000001cd79ac1df0, 0x000001cd79ac2960, 0x000001cd79adbe20, 0x000001cd79adc6d0,
0x000001cd79adcf80, 0x000001cd79add970, 0x000001cd79ae1b90, 0x000001cd79aeb720,
0x000001cd79aff7f0, 0x000001cd7dd4cf20, 0x000001cd7df22830, 0x000001cd7df22cf0,
0x000001cd7e1fb9a0, 0x000001cd5b6cd780
}

Java Threads: ( => current thread )
  0x000001cd79ac1df0 JavaThread "Reference Handler" daemon [_thread_blocked, id=15176, stack(0x000000af73c00000,0x000000af73d00000)]
  0x000001cd79ac2960 JavaThread "Finalizer" daemon [_thread_blocked, id=6320, stack(0x000000af73d00000,0x000000af73e00000)]
  0x000001cd79adbe20 JavaThread "Signal Dispatcher" daemon [_thread_blocked, id=3132, stack(0x000000af73e00000,0x000000af73f00000)]
  0x000001cd79adc6d0 JavaThread "Attach Listener" daemon [_thread_blocked, id=10092, stack(0x000000af73f00000,0x000000af74000000)]
  0x000001cd79adcf80 JavaThread "Service Thread" daemon [_thread_blocked, id=3368, stack(0x000000af74000000,0x000000af74100000)]
  0x000001cd79add970 JavaThread "Monitor Deflation Thread" daemon [_thread_blocked, id=15304, stack(0x000000af74100000,0x000000af74200000)]
  0x000001cd79ae1b90 JavaThread "C2 CompilerThread0" daemon [_thread_blocked, id=2888, stack(0x000000af74200000,0x000000af74300000)]
  0x000001cd79aeb720 JavaThread "C1 CompilerThread0" daemon [_thread_blocked, id=12504, stack(0x000000af74300000,0x000000af74400000)]
  0x000001cd79aff7f0 JavaThread "Sweeper thread" daemon [_thread_blocked, id=6784, stack(0x000000af74400000,0x000000af74500000)]
  0x000001cd7dd4cf20 JavaThread "Common-Cleaner" daemon [_thread_blocked, id=3240, stack(0x000000af74500000,0x000000af74600000)]
  0x000001cd7df22830 JavaThread "Monitor Ctrl-Break" daemon [_thread_in_native, id=3996, stack(0x000000af74700000,0x000000af74800000)]
  0x000001cd7df22cf0 JavaThread "Notification Thread" daemon [_thread_blocked, id=9204, stack(0x000000af74800000,0x000000af74900000)]
=>0x000001cd7e1fb9a0 JavaThread "Thread-0" [_thread_in_native, id=4364, stack(0x000000af74a00000,0x000000af74b00000)]
  0x000001cd5b6cd780 JavaThread "DestroyJavaVM" [_thread_blocked, id=14084, stack(0x000000af73500000,0x000000af73600000)]

Other Threads:
  0x000001cd5b74a000 VMThread "VM Thread" [stack: 0x000000af73b00000,0x000000af73c00000] [id=14368]
  0x000001cd5b6ce3d0 WatcherThread "VM Periodic Task Thread" [stack: 0x000000af74900000,0x000000af74a00000] [id=6696]
  0x000001cd5b72f9f0 WorkerThread "GC Thread#0" [stack: 0x000000af73600000,0x000000af73700000] [id=14996]
  0x000001cd5b742490 ConcurrentGCThread "G1 Main Marker" [stack: 0x000000af73700000,0x000000af73800000] [id=2424]
  0x000001cd5b742d90 WorkerThread "G1 Conc#0" [stack: 0x000000af73800000,0x000000af73900000] [id=10324]
  0x000001cd5b7934a0 ConcurrentGCThread "G1 Refine#0" [stack: 0x000000af73900000,0x000000af73a00000] [id=9696]
  0x000001cd5b793cc0 ConcurrentGCThread "G1 Service" [stack: 0x000000af73a00000,0x000000af73b00000] [id=9120]

Threads with active compile tasks:

VM state: not at safepoint (normal execution)

VM Mutex/Monitor currently owned by a thread: None

Heap address: 0x0000000081e00000, size: 2018 MB, Compressed Oops mode: 32-bit

CDS archive(s) mapped at: [0x0000000800000000-0x0000000800ba0000-0x0000000800ba0000), size 12189696, SharedBaseAddress: 0x0000000800000000, ArchiveRelocationMode: 0.
Compressed class space mapped at: 0x0000000800c00000-0x0000000840c00000, reserved size: 1073741824
Narrow klass base: 0x0000000800000000, Narrow klass shift: 0, Narrow klass range: 0x100000000

GC Precious Log:
 CardTable entry size: 512
 Card Set container configuration: InlinePtr #cards 5 size 8 Array Of Cards #cards 12 size 40 Howl #buckets 4 coarsen threshold 1843 Howl Bitmap #cards 512 size 80 coarsen threshold 460 Card regions per heap region 1 cards per card region 2048
 CPUs: 8 total, 8 available
 Memory: 8066M
 Large Page Support: Disabled
 NUMA Support: Disabled
 Compressed Oops: Enabled (32-bit)
 Heap Region Size: 1M
 Heap Min Capacity: 8M
 Heap Initial Capacity: 128M
 Heap Max Capacity: 2018M
 Pre-touch: Disabled
 Parallel Workers: 8
 Concurrent Workers: 2
 Concurrent Refinement Workers: 8
 Periodic GC: Disabled

Heap:
 garbage-first heap   total 131072K, used 15360K [0x0000000081e00000, 0x0000000100000000)
  region size 1024K, 16 young (16384K), 0 survivors (0K)
 Metaspace       used 6495K, committed 6720K, reserved 1114112K
  class space    used 478K, committed 576K, reserved 1048576K

Heap Regions: E=young(eden), S=young(survivor), O=old, HS=humongous(starts), HC=humongous(continues), CS=collection set, F=free, OA=open archive, CA=closed archive, TAMS=top-at-mark-start (previous, next)
|   0|0x0000000081e00000, 0x0000000081f00000, 0x0000000081f00000|100%|HS|  |TAMS 0x0000000081e00000, 0x0000000081e00000| Complete 
|   1|0x0000000081f00000, 0x0000000081f00000, 0x0000000082000000|  0%| F|  |TAMS 0x0000000081f00000, 0x0000000081f00000| Untracked 
|   2|0x0000000082000000, 0x0000000082000000, 0x0000000082100000|  0%| F|  |TAMS 0x0000000082000000, 0x0000000082000000| Untracked 
|   3|0x0000000082100000, 0x0000000082100000, 0x0000000082200000|  0%| F|  |TAMS 0x0000000082100000, 0x0000000082100000| Untracked 
|   4|0x0000000082200000, 0x0000000082200000, 0x0000000082300000|  0%| F|  |TAMS 0x0000000082200000, 0x0000000082200000| Untracked 
|   5|0x0000000082300000, 0x0000000082300000, 0x0000000082400000|  0%| F|  |TAMS 0x0000000082300000, 0x0000000082300000| Untracked 
|   6|0x0000000082400000, 0x0000000082400000, 0x0000000082500000|  0%| F|  |TAMS 0x0000000082400000, 0x0000000082400000| Untracked 
|   7|0x0000000082500000, 0x0000000082500000, 0x0000000082600000|  0%| F|  |TAMS 0x0000000082500000, 0x0000000082500000| Untracked 
|   8|0x0000000082600000, 0x0000000082600000, 0x0000000082700000|  0%| F|  |TAMS 0x0000000082600000, 0x0000000082600000| Untracked 
|   9|0x0000000082700000, 0x0000000082700000, 0x0000000082800000|  0%| F|  |TAMS 0x0000000082700000, 0x0000000082700000| Untracked 
|  10|0x0000000082800000, 0x0000000082800000, 0x0000000082900000|  0%| F|  |TAMS 0x0000000082800000, 0x0000000082800000| Untracked 
|  11|0x0000000082900000, 0x0000000082900000, 0x0000000082a00000|  0%| F|  |TAMS 0x0000000082900000, 0x0000000082900000| Untracked 
|  12|0x0000000082a00000, 0x0000000082a00000, 0x0000000082b00000|  0%| F|  |TAMS 0x0000000082a00000, 0x0000000082a00000| Untracked 
|  13|0x0000000082b00000, 0x0000000082b00000, 0x0000000082c00000|  0%| F|  |TAMS 0x0000000082b00000, 0x0000000082b00000| Untracked 
|  14|0x0000000082c00000, 0x0000000082c00000, 0x0000000082d00000|  0%| F|  |TAMS 0x0000000082c00000, 0x0000000082c00000| Untracked 
|  15|0x0000000082d00000, 0x0000000082d00000, 0x0000000082e00000|  0%| F|  |TAMS 0x0000000082d00000, 0x0000000082d00000| Untracked 
|  16|0x0000000082e00000, 0x0000000082e00000, 0x0000000082f00000|  0%| F|  |TAMS 0x0000000082e00000, 0x0000000082e00000| Untracked 
|  17|0x0000000082f00000, 0x0000000082f00000, 0x0000000083000000|  0%| F|  |TAMS 0x0000000082f00000, 0x0000000082f00000| Untracked 
|  18|0x0000000083000000, 0x0000000083000000, 0x0000000083100000|  0%| F|  |TAMS 0x0000000083000000, 0x0000000083000000| Untracked 
|  19|0x0000000083100000, 0x0000000083100000, 0x0000000083200000|  0%| F|  |TAMS 0x0000000083100000, 0x0000000083100000| Untracked 
|  20|0x0000000083200000, 0x0000000083200000, 0x0000000083300000|  0%| F|  |TAMS 0x0000000083200000, 0x0000000083200000| Untracked 
|  21|0x0000000083300000, 0x0000000083300000, 0x0000000083400000|  0%| F|  |TAMS 0x0000000083300000, 0x0000000083300000| Untracked 
|  22|0x0000000083400000, 0x0000000083400000, 0x0000000083500000|  0%| F|  |TAMS 0x0000000083400000, 0x0000000083400000| Untracked 
|  23|0x0000000083500000, 0x0000000083500000, 0x0000000083600000|  0%| F|  |TAMS 0x0000000083500000, 0x0000000083500000| Untracked 
|  24|0x0000000083600000, 0x0000000083600000, 0x0000000083700000|  0%| F|  |TAMS 0x0000000083600000, 0x0000000083600000| Untracked 
|  25|0x0000000083700000, 0x0000000083700000, 0x0000000083800000|  0%| F|  |TAMS 0x0000000083700000, 0x0000000083700000| Untracked 
|  26|0x0000000083800000, 0x0000000083800000, 0x0000000083900000|  0%| F|  |TAMS 0x0000000083800000, 0x0000000083800000| Untracked 
|  27|0x0000000083900000, 0x0000000083900000, 0x0000000083a00000|  0%| F|  |TAMS 0x0000000083900000, 0x0000000083900000| Untracked 
|  28|0x0000000083a00000, 0x0000000083a00000, 0x0000000083b00000|  0%| F|  |TAMS 0x0000000083a00000, 0x0000000083a00000| Untracked 
|  29|0x0000000083b00000, 0x0000000083b00000, 0x0000000083c00000|  0%| F|  |TAMS 0x0000000083b00000, 0x0000000083b00000| Untracked 
|  30|0x0000000083c00000, 0x0000000083c00000, 0x0000000083d00000|  0%| F|  |TAMS 0x0000000083c00000, 0x0000000083c00000| Untracked 
|  31|0x0000000083d00000, 0x0000000083d00000, 0x0000000083e00000|  0%| F|  |TAMS 0x0000000083d00000, 0x0000000083d00000| Untracked 
|  32|0x0000000083e00000, 0x0000000083e00000, 0x0000000083f00000|  0%| F|  |TAMS 0x0000000083e00000, 0x0000000083e00000| Untracked 
|  33|0x0000000083f00000, 0x0000000083f00000, 0x0000000084000000|  0%| F|  |TAMS 0x0000000083f00000, 0x0000000083f00000| Untracked 
|  34|0x0000000084000000, 0x0000000084000000, 0x0000000084100000|  0%| F|  |TAMS 0x0000000084000000, 0x0000000084000000| Untracked 
|  35|0x0000000084100000, 0x0000000084100000, 0x0000000084200000|  0%| F|  |TAMS 0x0000000084100000, 0x0000000084100000| Untracked 
|  36|0x0000000084200000, 0x0000000084200000, 0x0000000084300000|  0%| F|  |TAMS 0x0000000084200000, 0x0000000084200000| Untracked 
|  37|0x0000000084300000, 0x0000000084300000, 0x0000000084400000|  0%| F|  |TAMS 0x0000000084300000, 0x0000000084300000| Untracked 
|  38|0x0000000084400000, 0x0000000084400000, 0x0000000084500000|  0%| F|  |TAMS 0x0000000084400000, 0x0000000084400000| Untracked 
|  39|0x0000000084500000, 0x0000000084500000, 0x0000000084600000|  0%| F|  |TAMS 0x0000000084500000, 0x0000000084500000| Untracked 
|  40|0x0000000084600000, 0x0000000084600000, 0x0000000084700000|  0%| F|  |TAMS 0x0000000084600000, 0x0000000084600000| Untracked 
|  41|0x0000000084700000, 0x0000000084700000, 0x0000000084800000|  0%| F|  |TAMS 0x0000000084700000, 0x0000000084700000| Untracked 
|  42|0x0000000084800000, 0x0000000084800000, 0x0000000084900000|  0%| F|  |TAMS 0x0000000084800000, 0x0000000084800000| Untracked 
|  43|0x0000000084900000, 0x0000000084900000, 0x0000000084a00000|  0%| F|  |TAMS 0x0000000084900000, 0x0000000084900000| Untracked 
|  44|0x0000000084a00000, 0x0000000084a00000, 0x0000000084b00000|  0%| F|  |TAMS 0x0000000084a00000, 0x0000000084a00000| Untracked 
|  45|0x0000000084b00000, 0x0000000084b00000, 0x0000000084c00000|  0%| F|  |TAMS 0x0000000084b00000, 0x0000000084b00000| Untracked 
|  46|0x0000000084c00000, 0x0000000084c00000, 0x0000000084d00000|  0%| F|  |TAMS 0x0000000084c00000, 0x0000000084c00000| Untracked 
|  47|0x0000000084d00000, 0x0000000084d00000, 0x0000000084e00000|  0%| F|  |TAMS 0x0000000084d00000, 0x0000000084d00000| Untracked 
|  48|0x0000000084e00000, 0x0000000084e00000, 0x0000000084f00000|  0%| F|  |TAMS 0x0000000084e00000, 0x0000000084e00000| Untracked 
|  49|0x0000000084f00000, 0x0000000084f00000, 0x0000000085000000|  0%| F|  |TAMS 0x0000000084f00000, 0x0000000084f00000| Untracked 
|  50|0x0000000085000000, 0x0000000085000000, 0x0000000085100000|  0%| F|  |TAMS 0x0000000085000000, 0x0000000085000000| Untracked 
|  51|0x0000000085100000, 0x0000000085100000, 0x0000000085200000|  0%| F|  |TAMS 0x0000000085100000, 0x0000000085100000| Untracked 
|  52|0x0000000085200000, 0x0000000085200000, 0x0000000085300000|  0%| F|  |TAMS 0x0000000085200000, 0x0000000085200000| Untracked 
|  53|0x0000000085300000, 0x0000000085300000, 0x0000000085400000|  0%| F|  |TAMS 0x0000000085300000, 0x0000000085300000| Untracked 
|  54|0x0000000085400000, 0x0000000085400000, 0x0000000085500000|  0%| F|  |TAMS 0x0000000085400000, 0x0000000085400000| Untracked 
|  55|0x0000000085500000, 0x0000000085500000, 0x0000000085600000|  0%| F|  |TAMS 0x0000000085500000, 0x0000000085500000| Untracked 
|  56|0x0000000085600000, 0x0000000085600000, 0x0000000085700000|  0%| F|  |TAMS 0x0000000085600000, 0x0000000085600000| Untracked 
|  57|0x0000000085700000, 0x0000000085700000, 0x0000000085800000|  0%| F|  |TAMS 0x0000000085700000, 0x0000000085700000| Untracked 
|  58|0x0000000085800000, 0x0000000085800000, 0x0000000085900000|  0%| F|  |TAMS 0x0000000085800000, 0x0000000085800000| Untracked 
|  59|0x0000000085900000, 0x0000000085900000, 0x0000000085a00000|  0%| F|  |TAMS 0x0000000085900000, 0x0000000085900000| Untracked 
|  60|0x0000000085a00000, 0x0000000085a00000, 0x0000000085b00000|  0%| F|  |TAMS 0x0000000085a00000, 0x0000000085a00000| Untracked 
|  61|0x0000000085b00000, 0x0000000085b00000, 0x0000000085c00000|  0%| F|  |TAMS 0x0000000085b00000, 0x0000000085b00000| Untracked 
|  62|0x0000000085c00000, 0x0000000085c00000, 0x0000000085d00000|  0%| F|  |TAMS 0x0000000085c00000, 0x0000000085c00000| Untracked 
|  63|0x0000000085d00000, 0x0000000085d00000, 0x0000000085e00000|  0%| F|  |TAMS 0x0000000085d00000, 0x0000000085d00000| Untracked 
|  64|0x0000000085e00000, 0x0000000085e00000, 0x0000000085f00000|  0%| F|  |TAMS 0x0000000085e00000, 0x0000000085e00000| Untracked 
|  65|0x0000000085f00000, 0x0000000085f00000, 0x0000000086000000|  0%| F|  |TAMS 0x0000000085f00000, 0x0000000085f00000| Untracked 
|  66|0x0000000086000000, 0x0000000086000000, 0x0000000086100000|  0%| F|  |TAMS 0x0000000086000000, 0x0000000086000000| Untracked 
|  67|0x0000000086100000, 0x0000000086100000, 0x0000000086200000|  0%| F|  |TAMS 0x0000000086100000, 0x0000000086100000| Untracked 
|  68|0x0000000086200000, 0x0000000086200000, 0x0000000086300000|  0%| F|  |TAMS 0x0000000086200000, 0x0000000086200000| Untracked 
|  69|0x0000000086300000, 0x0000000086300000, 0x0000000086400000|  0%| F|  |TAMS 0x0000000086300000, 0x0000000086300000| Untracked 
|  70|0x0000000086400000, 0x0000000086400000, 0x0000000086500000|  0%| F|  |TAMS 0x0000000086400000, 0x0000000086400000| Untracked 
|  71|0x0000000086500000, 0x0000000086500000, 0x0000000086600000|  0%| F|  |TAMS 0x0000000086500000, 0x0000000086500000| Untracked 
|  72|0x0000000086600000, 0x0000000086600000, 0x0000000086700000|  0%| F|  |TAMS 0x0000000086600000, 0x0000000086600000| Untracked 
|  73|0x0000000086700000, 0x0000000086700000, 0x0000000086800000|  0%| F|  |TAMS 0x0000000086700000, 0x0000000086700000| Untracked 
|  74|0x0000000086800000, 0x0000000086800000, 0x0000000086900000|  0%| F|  |TAMS 0x0000000086800000, 0x0000000086800000| Untracked 
|  75|0x0000000086900000, 0x0000000086900000, 0x0000000086a00000|  0%| F|  |TAMS 0x0000000086900000, 0x0000000086900000| Untracked 
|  76|0x0000000086a00000, 0x0000000086a00000, 0x0000000086b00000|  0%| F|  |TAMS 0x0000000086a00000, 0x0000000086a00000| Untracked 
|  77|0x0000000086b00000, 0x0000000086b00000, 0x0000000086c00000|  0%| F|  |TAMS 0x0000000086b00000, 0x0000000086b00000| Untracked 
|  78|0x0000000086c00000, 0x0000000086c00000, 0x0000000086d00000|  0%| F|  |TAMS 0x0000000086c00000, 0x0000000086c00000| Untracked 
|  79|0x0000000086d00000, 0x0000000086d00000, 0x0000000086e00000|  0%| F|  |TAMS 0x0000000086d00000, 0x0000000086d00000| Untracked 
|  80|0x0000000086e00000, 0x0000000086e00000, 0x0000000086f00000|  0%| F|  |TAMS 0x0000000086e00000, 0x0000000086e00000| Untracked 
|  81|0x0000000086f00000, 0x0000000086f00000, 0x0000000087000000|  0%| F|  |TAMS 0x0000000086f00000, 0x0000000086f00000| Untracked 
|  82|0x0000000087000000, 0x0000000087000000, 0x0000000087100000|  0%| F|  |TAMS 0x0000000087000000, 0x0000000087000000| Untracked 
|  83|0x0000000087100000, 0x0000000087100000, 0x0000000087200000|  0%| F|  |TAMS 0x0000000087100000, 0x0000000087100000| Untracked 
|  84|0x0000000087200000, 0x0000000087200000, 0x0000000087300000|  0%| F|  |TAMS 0x0000000087200000, 0x0000000087200000| Untracked 
|  85|0x0000000087300000, 0x0000000087300000, 0x0000000087400000|  0%| F|  |TAMS 0x0000000087300000, 0x0000000087300000| Untracked 
|  86|0x0000000087400000, 0x0000000087400000, 0x0000000087500000|  0%| F|  |TAMS 0x0000000087400000, 0x0000000087400000| Untracked 
|  87|0x0000000087500000, 0x0000000087500000, 0x0000000087600000|  0%| F|  |TAMS 0x0000000087500000, 0x0000000087500000| Untracked 
|  88|0x0000000087600000, 0x0000000087600000, 0x0000000087700000|  0%| F|  |TAMS 0x0000000087600000, 0x0000000087600000| Untracked 
|  89|0x0000000087700000, 0x0000000087700000, 0x0000000087800000|  0%| F|  |TAMS 0x0000000087700000, 0x0000000087700000| Untracked 
|  90|0x0000000087800000, 0x0000000087800000, 0x0000000087900000|  0%| F|  |TAMS 0x0000000087800000, 0x0000000087800000| Untracked 
|  91|0x0000000087900000, 0x0000000087900000, 0x0000000087a00000|  0%| F|  |TAMS 0x0000000087900000, 0x0000000087900000| Untracked 
|  92|0x0000000087a00000, 0x0000000087a00000, 0x0000000087b00000|  0%| F|  |TAMS 0x0000000087a00000, 0x0000000087a00000| Untracked 
|  93|0x0000000087b00000, 0x0000000087b00000, 0x0000000087c00000|  0%| F|  |TAMS 0x0000000087b00000, 0x0000000087b00000| Untracked 
|  94|0x0000000087c00000, 0x0000000087c00000, 0x0000000087d00000|  0%| F|  |TAMS 0x0000000087c00000, 0x0000000087c00000| Untracked 
|  95|0x0000000087d00000, 0x0000000087d00000, 0x0000000087e00000|  0%| F|  |TAMS 0x0000000087d00000, 0x0000000087d00000| Untracked 
|  96|0x0000000087e00000, 0x0000000087e00000, 0x0000000087f00000|  0%| F|  |TAMS 0x0000000087e00000, 0x0000000087e00000| Untracked 
|  97|0x0000000087f00000, 0x0000000087f00000, 0x0000000088000000|  0%| F|  |TAMS 0x0000000087f00000, 0x0000000087f00000| Untracked 
|  98|0x0000000088000000, 0x0000000088000000, 0x0000000088100000|  0%| F|  |TAMS 0x0000000088000000, 0x0000000088000000| Untracked 
|  99|0x0000000088100000, 0x0000000088100000, 0x0000000088200000|  0%| F|  |TAMS 0x0000000088100000, 0x0000000088100000| Untracked 
| 100|0x0000000088200000, 0x0000000088200000, 0x0000000088300000|  0%| F|  |TAMS 0x0000000088200000, 0x0000000088200000| Untracked 
| 101|0x0000000088300000, 0x0000000088300000, 0x0000000088400000|  0%| F|  |TAMS 0x0000000088300000, 0x0000000088300000| Untracked 
| 102|0x0000000088400000, 0x0000000088400000, 0x0000000088500000|  0%| F|  |TAMS 0x0000000088400000, 0x0000000088400000| Untracked 
| 103|0x0000000088500000, 0x0000000088500000, 0x0000000088600000|  0%| F|  |TAMS 0x0000000088500000, 0x0000000088500000| Untracked 
| 104|0x0000000088600000, 0x0000000088600000, 0x0000000088700000|  0%| F|  |TAMS 0x0000000088600000, 0x0000000088600000| Untracked 
| 105|0x0000000088700000, 0x0000000088700000, 0x0000000088800000|  0%| F|  |TAMS 0x0000000088700000, 0x0000000088700000| Untracked 
| 106|0x0000000088800000, 0x0000000088800000, 0x0000000088900000|  0%| F|  |TAMS 0x0000000088800000, 0x0000000088800000| Untracked 
| 107|0x0000000088900000, 0x0000000088900000, 0x0000000088a00000|  0%| F|  |TAMS 0x0000000088900000, 0x0000000088900000| Untracked 
| 108|0x0000000088a00000, 0x0000000088a00000, 0x0000000088b00000|  0%| F|  |TAMS 0x0000000088a00000, 0x0000000088a00000| Untracked 
| 109|0x0000000088b00000, 0x0000000088b00000, 0x0000000088c00000|  0%| F|  |TAMS 0x0000000088b00000, 0x0000000088b00000| Untracked 
| 110|0x0000000088c00000, 0x0000000088c00000, 0x0000000088d00000|  0%| F|  |TAMS 0x0000000088c00000, 0x0000000088c00000| Untracked 
| 111|0x0000000088d00000, 0x0000000088d00000, 0x0000000088e00000|  0%| F|  |TAMS 0x0000000088d00000, 0x0000000088d00000| Untracked 
| 112|0x0000000088e00000, 0x0000000088e76440, 0x0000000088f00000| 46%| E|  |TAMS 0x0000000088e00000, 0x0000000088e00000| Complete 
| 113|0x0000000088f00000, 0x0000000089000000, 0x0000000089000000|100%| E|CS|TAMS 0x0000000088f00000, 0x0000000088f00000| Complete 
| 114|0x0000000089000000, 0x0000000089100000, 0x0000000089100000|100%| E|CS|TAMS 0x0000000089000000, 0x0000000089000000| Complete 
| 115|0x0000000089100000, 0x0000000089200000, 0x0000000089200000|100%| E|CS|TAMS 0x0000000089100000, 0x0000000089100000| Complete 
| 116|0x0000000089200000, 0x0000000089300000, 0x0000000089300000|100%| E|CS|TAMS 0x0000000089200000, 0x0000000089200000| Complete 
| 117|0x0000000089300000, 0x0000000089400000, 0x0000000089400000|100%| E|  |TAMS 0x0000000089300000, 0x0000000089300000| Complete 
| 118|0x0000000089400000, 0x0000000089500000, 0x0000000089500000|100%| E|CS|TAMS 0x0000000089400000, 0x0000000089400000| Complete 
| 119|0x0000000089500000, 0x0000000089600000, 0x0000000089600000|100%| E|CS|TAMS 0x0000000089500000, 0x0000000089500000| Complete 
| 120|0x0000000089600000, 0x0000000089700000, 0x0000000089700000|100%| E|CS|TAMS 0x0000000089600000, 0x0000000089600000| Complete 
| 121|0x0000000089700000, 0x0000000089800000, 0x0000000089800000|100%| E|CS|TAMS 0x0000000089700000, 0x0000000089700000| Complete 
| 122|0x0000000089800000, 0x0000000089900000, 0x0000000089900000|100%| E|CS|TAMS 0x0000000089800000, 0x0000000089800000| Complete 
| 123|0x0000000089900000, 0x0000000089a00000, 0x0000000089a00000|100%| E|CS|TAMS 0x0000000089900000, 0x0000000089900000| Complete 
| 124|0x0000000089a00000, 0x0000000089b00000, 0x0000000089b00000|100%| E|CS|TAMS 0x0000000089a00000, 0x0000000089a00000| Complete 
| 125|0x0000000089b00000, 0x0000000089c00000, 0x0000000089c00000|100%| E|CS|TAMS 0x0000000089b00000, 0x0000000089b00000| Complete 
| 126|0x0000000089c00000, 0x0000000089d00000, 0x0000000089d00000|100%| E|CS|TAMS 0x0000000089c00000, 0x0000000089c00000| Complete 
| 127|0x0000000089d00000, 0x0000000089e00000, 0x0000000089e00000|100%| E|CS|TAMS 0x0000000089d00000, 0x0000000089d00000| Complete 

Card table byte_map: [0x000001cd729d0000,0x000001cd72dd0000] _byte_map_base: 0x000001cd725c1000

Marking Bits (Prev, Next): (CMBitMap*) 0x000001cd5b731f20, (CMBitMap*) 0x000001cd5b731f60
 Prev Bits: [0x000001cd731d0000, 0x000001cd75158000)
 Next Bits: [0x000001cd75160000, 0x000001cd770e8000)

Polling page: 0x000001cd59670000

Metaspace:

Usage:
  Non-class:      5.88 MB used.
      Class:    478.21 KB used.
       Both:      6.34 MB used.

Virtual space:
  Non-class space:       64.00 MB reserved,       6.00 MB (  9%) committed,  1 nodes.
      Class space:        1.00 GB reserved,     576.00 KB ( <1%) committed,  1 nodes.
             Both:        1.06 GB reserved,       6.56 MB ( <1%) committed. 

Chunk freelists:
   Non-Class:  1.05 MB
       Class:  3.47 MB
        Both:  4.52 MB

MaxMetaspaceSize: unlimited
CompressedClassSpaceSize: 1.00 GB
Initial GC threshold: 21.00 MB
Current GC threshold: 21.00 MB
CDS: on
MetaspaceReclaimPolicy: balanced
 - commit_granule_bytes: 65536.
 - commit_granule_words: 8192.
 - virtual_space_node_default_size: 8388608.
 - enlarge_chunks_in_place: 1.
 - new_chunks_are_fully_committed: 0.
 - uncommit_free_chunks: 1.
 - use_allocation_guard: 0.


Internal statistics:

num_allocs_failed_limit: 0.
num_arena_births: 184.
num_arena_deaths: 0.
num_vsnodes_births: 2.
num_vsnodes_deaths: 0.
num_space_committed: 103.
num_space_uncommitted: 0.
num_chunks_returned_to_freelist: 0.
num_chunks_taken_from_freelist: 340.
num_chunk_merges: 0.
num_chunk_splits: 223.
num_chunks_enlarged: 135.
num_inconsistent_stats: 0.

CodeHeap 'non-profiled nmethods': size=120000Kb used=453Kb max_used=453Kb free=119546Kb
 bounds [0x000001cd6ad70000, 0x000001cd6afe0000, 0x000001cd722a0000]
CodeHeap 'profiled nmethods': size=120000Kb used=1877Kb max_used=1877Kb free=118122Kb
 bounds [0x000001cd63840000, 0x000001cd63ab0000, 0x000001cd6ad70000]
CodeHeap 'non-nmethods': size=5760Kb used=1721Kb max_used=1745Kb free=4038Kb
 bounds [0x000001cd632a0000, 0x000001cd63510000, 0x000001cd63840000]
 total_blobs=2463 nmethods=1286 adapters=1090
 compilation: enabled
              stopped_count=0, restarted_count=0
 full_count=0

Compilation events (20 events):
Event: 51.967 Thread 0x000001cd79ae1b90 1276       4       imgui.gl3.ImGuiImplGl3::renderDrawData (403 bytes)
Event: 52.032 Thread 0x000001cd79ae1b90 nmethod 1276 0x000001cd6add9590 code [0x000001cd6add9d00, 0x000001cd6addce20]
Event: 53.647 Thread 0x000001cd79aeb720 1277       3       java.lang.String::<init> (10 bytes)
Event: 53.647 Thread 0x000001cd79aeb720 nmethod 1277 0x000001cd63a13690 code [0x000001cd63a13840, 0x000001cd63a13988]
Event: 53.778 Thread 0x000001cd79aeb720 1278       3       Client.View.Scenes.Admin.AdminScene::notificationLayer (88 bytes)
Event: 53.780 Thread 0x000001cd79aeb720 nmethod 1278 0x000001cd63a13a90 code [0x000001cd63a13ca0, 0x000001cd63a14028]
Event: 53.780 Thread 0x000001cd79aeb720 1279       3       Client.View.Scenes.Admin.AdminScene::returnButton (76 bytes)
Event: 53.780 Thread 0x000001cd79aeb720 nmethod 1279 0x000001cd63a14210 code [0x000001cd63a14400, 0x000001cd63a147a8]
Event: 55.225 Thread 0x000001cd79aeb720 1280       1       java.io.ObjectStreamField::isUnshared (5 bytes)
Event: 55.225 Thread 0x000001cd79aeb720 nmethod 1280 0x000001cd6ade0910 code [0x000001cd6ade0aa0, 0x000001cd6ade0b78]
Event: 55.890 Thread 0x000001cd79aeb720 1282       3       java.lang.ref.SoftReference::<init> (13 bytes)
Event: 55.891 Thread 0x000001cd79ae1b90 1283       4       java.lang.invoke.DirectMethodHandle::internalMemberName (8 bytes)
Event: 55.891 Thread 0x000001cd79aeb720 nmethod 1282 0x000001cd63a14990 code [0x000001cd63a14b40, 0x000001cd63a14e58]
Event: 55.893 Thread 0x000001cd79ae1b90 nmethod 1283 0x000001cd6ade1110 code [0x000001cd6ade1280, 0x000001cd6ade1318]
Event: 55.893 Thread 0x000001cd79ae1b90 1284       4       java.nio.Buffer::remaining (20 bytes)
Event: 55.893 Thread 0x000001cd79ae1b90 nmethod 1284 0x000001cd6ade1410 code [0x000001cd6ade1580, 0x000001cd6ade1618]
Event: 55.895 Thread 0x000001cd79aeb720 1285       3       java.util.zip.ZipCoder$UTF8ZipCoder::toString (12 bytes)
Event: 55.895 Thread 0x000001cd79aeb720 nmethod 1285 0x000001cd63a14f90 code [0x000001cd63a15140, 0x000001cd63a152e8]
Event: 55.895 Thread 0x000001cd79aeb720 1286       3       java.lang.System$2::newStringUTF8NoRepl (7 bytes)
Event: 55.895 Thread 0x000001cd79aeb720 nmethod 1286 0x000001cd63a15410 code [0x000001cd63a155a0, 0x000001cd63a156e8]

GC Heap History (0 events):
No events

Deoptimization events (20 events):
Event: 0.217 Thread 0x000001cd5b6cd780 DEOPT PACKING pc=0x000001cd6ad8655c sp=0x000000af735fd6b0
Event: 0.217 Thread 0x000001cd5b6cd780 DEOPT UNPACKING pc=0x000001cd632f23a3 sp=0x000000af735fd640 mode 2
Event: 0.268 Thread 0x000001cd7e1fb9a0 Uncommon trap: trap_request=0xffffff45 fr.pc=0x000001cd6ad83b64 relative=0x0000000000000064
Event: 0.268 Thread 0x000001cd7e1fb9a0 Uncommon trap: reason=unstable_if action=reinterpret pc=0x000001cd6ad83b64 method=java.io.WinNTFileSystem.isSlash(C)Z @ 9 c2
Event: 0.268 Thread 0x000001cd7e1fb9a0 DEOPT PACKING pc=0x000001cd6ad83b64 sp=0x000000af74afb8b0
Event: 0.268 Thread 0x000001cd7e1fb9a0 DEOPT UNPACKING pc=0x000001cd632f23a3 sp=0x000000af74afb838 mode 2
Event: 1.756 Thread 0x000001cd7e1fb9a0 DEOPT PACKING pc=0x000001cd638af665 sp=0x000000af74afe0b0
Event: 1.756 Thread 0x000001cd7e1fb9a0 DEOPT UNPACKING pc=0x000001cd632f2b43 sp=0x000000af74afd500 mode 0
Event: 1.766 Thread 0x000001cd7e1fb9a0 Uncommon trap: trap_request=0xffffff45 fr.pc=0x000001cd6adaf800 relative=0x0000000000000260
Event: 1.766 Thread 0x000001cd7e1fb9a0 Uncommon trap: reason=unstable_if action=reinterpret pc=0x000001cd6adaf800 method=java.lang.String.startsWith(Ljava/lang/String;I)Z @ 1 c2
Event: 1.766 Thread 0x000001cd7e1fb9a0 DEOPT PACKING pc=0x000001cd6adaf800 sp=0x000000af74afd9b0
Event: 1.766 Thread 0x000001cd7e1fb9a0 DEOPT UNPACKING pc=0x000001cd632f23a3 sp=0x000000af74afd918 mode 2
Event: 1.773 Thread 0x000001cd7e1fb9a0 Uncommon trap: trap_request=0xffffff45 fr.pc=0x000001cd6ad85be8 relative=0x0000000000000ac8
Event: 1.773 Thread 0x000001cd7e1fb9a0 Uncommon trap: reason=unstable_if action=reinterpret pc=0x000001cd6ad85be8 method=java.util.HashMap.putVal(ILjava/lang/Object;Ljava/lang/Object;ZZ)Ljava/lang/Object; @ 181 c2
Event: 1.773 Thread 0x000001cd7e1fb9a0 DEOPT PACKING pc=0x000001cd6ad85be8 sp=0x000000af74afe540
Event: 1.773 Thread 0x000001cd7e1fb9a0 DEOPT UNPACKING pc=0x000001cd632f23a3 sp=0x000000af74afe500 mode 2
Event: 40.348 Thread 0x000001cd7e1fb9a0 Uncommon trap: trap_request=0xffffff45 fr.pc=0x000001cd6add69ac relative=0x000000000000046c
Event: 40.348 Thread 0x000001cd7e1fb9a0 Uncommon trap: reason=unstable_if action=reinterpret pc=0x000001cd6add69ac method=imgui.glfw.ImGuiImplGlfw.updateMousePosAndButtons()V @ 127 c2
Event: 40.348 Thread 0x000001cd7e1fb9a0 DEOPT PACKING pc=0x000001cd6add69ac sp=0x000000af74aff110
Event: 40.348 Thread 0x000001cd7e1fb9a0 DEOPT UNPACKING pc=0x000001cd632f23a3 sp=0x000000af74aff078 mode 2

Classes loaded (20 events):
Event: 18.894 Loading class jdk/internal/math/FDBigInteger
Event: 18.894 Loading class jdk/internal/math/FDBigInteger done
Event: 26.195 Loading class java/lang/AssertionError
Event: 26.195 Loading class java/lang/AssertionError done
Event: 55.919 Loading class java/net/StandardSocketOptions
Event: 55.919 Loading class java/net/StandardSocketOptions done
Event: 55.919 Loading class java/net/StandardSocketOptions$StdSocketOption
Event: 55.920 Loading class java/net/StandardSocketOptions$StdSocketOption done
Event: 55.920 Loading class sun/nio/ch/SocketOptionRegistry
Event: 55.920 Loading class sun/nio/ch/SocketOptionRegistry done
Event: 55.920 Loading class sun/nio/ch/SocketOptionRegistry$RegistryKey
Event: 55.920 Loading class sun/nio/ch/SocketOptionRegistry$RegistryKey done
Event: 55.920 Loading class sun/nio/ch/SocketOptionRegistry$LazyInitialization
Event: 55.920 Loading class sun/nio/ch/SocketOptionRegistry$LazyInitialization done
Event: 55.920 Loading class sun/nio/ch/OptionKey
Event: 55.920 Loading class sun/nio/ch/OptionKey done
Event: 55.920 Loading class sun/nio/ch/ExtendedSocketOption
Event: 55.920 Loading class sun/nio/ch/ExtendedSocketOption done
Event: 55.920 Loading class sun/nio/ch/ExtendedSocketOption$1
Event: 55.920 Loading class sun/nio/ch/ExtendedSocketOption$1 done

Classes unloaded (0 events):
No events

Classes redefined (0 events):
No events

Internal exceptions (20 events):
Event: 0.285 Thread 0x000001cd7e1fb9a0 Exception <a 'java/lang/NoSuchMethodError'{0x0000000089667aa8}: 'int java.lang.invoke.DirectMethodHandle$Holder.invokeStaticInit(java.lang.Object, java.lang.Object, java.lang.Object, long)'> (0x0000000089667aa8) 
thrown [s\src\hotspot\share\interpreter\linkResolver.cpp, line 759]
Event: 0.306 Thread 0x000001cd7e1fb9a0 Exception <a 'sun/nio/fs/WindowsException'{0x0000000089504ad0}> (0x0000000089504ad0) 
thrown [s\src\hotspot\share\prims\jni.cpp, line 516]
Event: 0.306 Thread 0x000001cd7e1fb9a0 Exception <a 'sun/nio/fs/WindowsException'{0x0000000089504e58}> (0x0000000089504e58) 
thrown [s\src\hotspot\share\prims\jni.cpp, line 516]
Event: 0.310 Thread 0x000001cd7e1fb9a0 Exception <a 'java/lang/NoSuchMethodError'{0x0000000089517fd8}: 'int java.lang.invoke.Invokers$Holder.invokeExact_MT(java.lang.Object, java.lang.Object)'> (0x0000000089517fd8) 
thrown [s\src\hotspot\share\interpreter\linkResolver.cpp, line 759]
Event: 0.493 Thread 0x000001cd7e1fb9a0 Exception <a 'java/lang/NoSuchMethodError'{0x0000000089578118}: 'void java.lang.System.load(java.lang.String, java.lang.Class)'> (0x0000000089578118) 
thrown [s\src\hotspot\share\interpreter\linkResolver.cpp, line 759]
Event: 0.495 Thread 0x000001cd7e1fb9a0 Exception <a 'java/lang/NoSuchMethodError'{0x000000008957afa8}: 'void java.lang.System.loadLibrary(java.lang.String, java.lang.Class)'> (0x000000008957afa8) 
thrown [s\src\hotspot\share\interpreter\linkResolver.cpp, line 759]
Event: 0.502 Thread 0x000001cd7e1fb9a0 Exception <a 'sun/nio/fs/WindowsException'{0x00000000895868f8}> (0x00000000895868f8) 
thrown [s\src\hotspot\share\prims\jni.cpp, line 516]
Event: 0.502 Thread 0x000001cd7e1fb9a0 Exception <a 'sun/nio/fs/WindowsException'{0x0000000089586cb8}> (0x0000000089586cb8) 
thrown [s\src\hotspot\share\prims\jni.cpp, line 516]
Event: 0.520 Thread 0x000001cd7e1fb9a0 Exception <a 'sun/nio/fs/WindowsException'{0x000000008958cdf0}> (0x000000008958cdf0) 
thrown [s\src\hotspot\share\prims\jni.cpp, line 516]
Event: 0.521 Thread 0x000001cd7e1fb9a0 Exception <a 'sun/nio/fs/WindowsException'{0x000000008958d0f0}> (0x000000008958d0f0) 
thrown [s\src\hotspot\share\prims\jni.cpp, line 516]
Event: 0.620 Thread 0x000001cd7e1fb9a0 Exception <a 'sun/nio/fs/WindowsException'{0x0000000089306468}> (0x0000000089306468) 
thrown [s\src\hotspot\share\prims\jni.cpp, line 516]
Event: 1.108 Thread 0x000001cd79adc6d0 Exception <a 'java/lang/NoSuchMethodError'{0x000000008905bd80}: 'java.lang.Object java.lang.invoke.Invokers$Holder.invokeExact_MT(java.lang.Object, java.lang.Object, java.lang.Object, java.lang.Object, java.lang.Object, java.lang.Object)'> (0x000000008905bd80) 
thrown [s\src\hotspot\share\interpreter\linkResolver.cpp, line 759]
Event: 1.764 Thread 0x000001cd7e1fb9a0 Exception <a 'java/lang/NoSuchMethodError'{0x0000000089126180}: static LServer/TransferMessageContainer;.<clinit>()V> (0x0000000089126180) 
thrown [s\src\hotspot\share\prims\jni.cpp, line 1104]
Event: 1.779 Thread 0x000001cd7e1fb9a0 Exception <a 'java/lang/NoSuchMethodError'{0x000000008916b5f0}: 'long java.lang.invoke.DirectMethodHandle$Holder.invokeSpecial(java.lang.Object, java.lang.Object)'> (0x000000008916b5f0) 
thrown [s\src\hotspot\share\interpreter\linkResolver.cpp, line 759]
Event: 1.779 Thread 0x000001cd7e1fb9a0 Exception <a 'java/lang/NoSuchMethodError'{0x000000008916ec88}: 'long java.lang.invoke.Invokers$Holder.invokeExact_MT(java.lang.Object, java.lang.Object)'> (0x000000008916ec88) 
thrown [s\src\hotspot\share\interpreter\linkResolver.cpp, line 759]
Event: 9.486 Thread 0x000001cd7e1fb9a0 Exception <a 'java/lang/NoSuchMethodError'{0x0000000088f0b598}: static LServer/Entities/User;.<clinit>()V> (0x0000000088f0b598) 
thrown [s\src\hotspot\share\prims\jni.cpp, line 1104]
Event: 16.601 Thread 0x000001cd7e1fb9a0 Exception <a 'java/lang/NoSuchMethodError'{0x0000000088f3d120}: static LServer/Entities/Employee;.<clinit>()V> (0x0000000088f3d120) 
thrown [s\src\hotspot\share\prims\jni.cpp, line 1104]
Event: 16.603 Thread 0x000001cd7e1fb9a0 Exception <a 'java/lang/NoSuchMethodError'{0x0000000088f47a60}: static LServer/Entities/Company;.<clinit>()V> (0x0000000088f47a60) 
thrown [s\src\hotspot\share\prims\jni.cpp, line 1104]
Event: 16.605 Thread 0x000001cd7e1fb9a0 Exception <a 'java/lang/NoSuchMethodError'{0x0000000088f54080}: static LServer/Entities/Person;.<clinit>()V> (0x0000000088f54080) 
thrown [s\src\hotspot\share\prims\jni.cpp, line 1104]
Event: 26.158 Thread 0x000001cd7e1fb9a0 Exception <a 'java/lang/NoSuchMethodError'{0x0000000088fc55d8}: static LServer/Entities/Transaction;.<clinit>()V> (0x0000000088fc55d8) 
thrown [s\src\hotspot\share\prims\jni.cpp, line 1104]

VM Operations (20 events):
Event: 0.268 Executing VM operation: HandshakeAllThreads
Event: 0.268 Executing VM operation: HandshakeAllThreads done
Event: 1.274 Executing VM operation: Cleanup
Event: 1.275 Executing VM operation: Cleanup done
Event: 1.765 Executing VM operation: HandshakeAllThreads
Event: 1.765 Executing VM operation: HandshakeAllThreads done
Event: 2.774 Executing VM operation: Cleanup
Event: 2.774 Executing VM operation: Cleanup done
Event: 9.842 Executing VM operation: Cleanup
Event: 9.842 Executing VM operation: Cleanup done
Event: 23.978 Executing VM operation: Cleanup
Event: 23.978 Executing VM operation: Cleanup done
Event: 24.992 Executing VM operation: Cleanup
Event: 24.992 Executing VM operation: Cleanup done
Event: 27.019 Executing VM operation: Cleanup
Event: 27.019 Executing VM operation: Cleanup done
Event: 29.039 Executing VM operation: Cleanup
Event: 29.039 Executing VM operation: Cleanup done
Event: 31.067 Executing VM operation: Cleanup
Event: 31.067 Executing VM operation: Cleanup done

Events (20 events):
Event: 0.035 Thread 0x000001cd79aff7f0 Thread added: 0x000001cd79aff7f0
Event: 0.084 Thread 0x000001cd7dd4cf20 Thread added: 0x000001cd7dd4cf20
Event: 0.105 Loaded shared library C:\Users\Timofei\.jdks\corretto-18.0.2\bin\zip.dll
Event: 0.108 Loaded shared library C:\Users\Timofei\.jdks\corretto-18.0.2\bin\instrument.dll
Event: 0.113 Loaded shared library C:\Users\Timofei\.jdks\corretto-18.0.2\bin\net.dll
Event: 0.114 Loaded shared library C:\Users\Timofei\.jdks\corretto-18.0.2\bin\nio.dll
Event: 0.117 Loaded shared library C:\Users\Timofei\.jdks\corretto-18.0.2\bin\zip.dll
Event: 0.129 Thread 0x000001cd7deb58a0 Thread added: 0x000001cd7deb58a0
Event: 0.157 Loaded shared library D:\IntelliJ IDEA Community Edition 2022.2.2\bin\breakgen64.dll
Event: 0.158 Thread 0x000001cd7df22830 Thread added: 0x000001cd7df22830
Event: 0.158 Thread 0x000001cd7df22cf0 Thread added: 0x000001cd7df22cf0
Event: 0.163 Loaded shared library C:\Users\Timofei\.jdks\corretto-18.0.2\bin\jimage.dll
Event: 0.210 Loaded shared library C:\Users\Timofei\.jdks\corretto-18.0.2\bin\awt.dll
Event: 0.231 Thread 0x000001cd7e1fb9a0 Thread added: 0x000001cd7e1fb9a0
Event: 0.231 Thread 0x000001cd5b6cd780 Thread exited: 0x000001cd5b6cd780
Event: 0.231 Thread 0x000001cd5b6cd780 Thread added: 0x000001cd5b6cd780
Event: 0.275 Loaded shared library C:\Users\Timofei\AppData\Local\Temp\lwjglTimofei\3.3.1-SNAPSHOT\lwjgl.dll
Event: 0.496 Thread 0x000001cd7deb58a0 Thread exited: 0x000001cd7deb58a0
Event: 0.517 Loaded shared library C:\Users\Timofei\AppData\Local\Temp\lwjglTimofei\3.3.1-SNAPSHOT\lwjgl_opengl.dll
Event: 0.720 Loaded shared library C:\Users\Timofei\AppData\Local\Temp\imgui-java-natives_1671017039953\imgui-java64.dll


Dynamic libraries:
0x00007ff7918d0000 - 0x00007ff7918dd000 	C:\Users\Timofei\.jdks\corretto-18.0.2\bin\java.exe
0x00007ffbf5790000 - 0x00007ffbf5988000 	C:\WINDOWS\SYSTEM32\ntdll.dll
0x00007ffbf4460000 - 0x00007ffbf451f000 	C:\WINDOWS\System32\KERNEL32.DLL
0x00007ffbf3340000 - 0x00007ffbf3612000 	C:\WINDOWS\System32\KERNELBASE.dll
0x00007ffbf31c0000 - 0x00007ffbf32c0000 	C:\WINDOWS\System32\ucrtbase.dll
0x00007ffbdb100000 - 0x00007ffbdb117000 	C:\Users\Timofei\.jdks\corretto-18.0.2\bin\jli.dll
0x00007ffbec650000 - 0x00007ffbec665000 	C:\Users\Timofei\.jdks\corretto-18.0.2\bin\VCRUNTIME140.dll
0x00007ffbf4160000 - 0x00007ffbf42fd000 	C:\WINDOWS\System32\USER32.dll
0x00007ffbf3310000 - 0x00007ffbf3332000 	C:\WINDOWS\System32\win32u.dll
0x00007ffbd76b0000 - 0x00007ffbd794a000 	C:\WINDOWS\WinSxS\amd64_microsoft.windows.common-controls_6595b64144ccf1df_6.0.19041.1110_none_60b5254171f9507e\COMCTL32.dll
0x00007ffbf3fa0000 - 0x00007ffbf3fcb000 	C:\WINDOWS\System32\GDI32.dll
0x00007ffbf4350000 - 0x00007ffbf43ee000 	C:\WINDOWS\System32\msvcrt.dll
0x00007ffbf36d0000 - 0x00007ffbf37df000 	C:\WINDOWS\System32\gdi32full.dll
0x00007ffbf2fc0000 - 0x00007ffbf305d000 	C:\WINDOWS\System32\msvcp_win.dll
0x00007ffbf4300000 - 0x00007ffbf4332000 	C:\WINDOWS\System32\IMM32.DLL
0x00007ffbc4970000 - 0x00007ffbc4a0b000 	C:\Users\Timofei\.jdks\corretto-18.0.2\bin\msvcp140.dll
0x00007ffb986b0000 - 0x00007ffb99321000 	C:\Users\Timofei\.jdks\corretto-18.0.2\bin\server\jvm.dll
0x00007ffbf4eb0000 - 0x00007ffbf4f5e000 	C:\WINDOWS\System32\ADVAPI32.dll
0x00007ffbf56b0000 - 0x00007ffbf574c000 	C:\WINDOWS\System32\sechost.dll
0x00007ffbf4030000 - 0x00007ffbf4155000 	C:\WINDOWS\System32\RPCRT4.dll
0x00007ffbf4c10000 - 0x00007ffbf4c18000 	C:\WINDOWS\System32\PSAPI.DLL
0x00007ffbed7a0000 - 0x00007ffbed7a9000 	C:\WINDOWS\SYSTEM32\WSOCK32.dll
0x00007ffbdf270000 - 0x00007ffbdf297000 	C:\WINDOWS\SYSTEM32\WINMM.dll
0x00007ffbeb090000 - 0x00007ffbeb09a000 	C:\WINDOWS\SYSTEM32\VERSION.dll
0x00007ffbf43f0000 - 0x00007ffbf445b000 	C:\WINDOWS\System32\WS2_32.dll
0x00007ffbf16e0000 - 0x00007ffbf16f2000 	C:\WINDOWS\SYSTEM32\kernel.appcore.dll
0x00007ffbedd70000 - 0x00007ffbedd7a000 	C:\Users\Timofei\.jdks\corretto-18.0.2\bin\jimage.dll
0x00007ffbf0c50000 - 0x00007ffbf0e34000 	C:\WINDOWS\SYSTEM32\DBGHELP.DLL
0x00007ffbde650000 - 0x00007ffbde67c000 	C:\WINDOWS\SYSTEM32\dbgcore.DLL
0x00007ffbf2f00000 - 0x00007ffbf2f82000 	C:\WINDOWS\System32\bcryptPrimitives.dll
0x00007ffbec120000 - 0x00007ffbec12e000 	C:\Users\Timofei\.jdks\corretto-18.0.2\bin\instrument.dll
0x00007ffbdacc0000 - 0x00007ffbdace5000 	C:\Users\Timofei\.jdks\corretto-18.0.2\bin\java.dll
0x00007ffbaae10000 - 0x00007ffbaaee6000 	C:\Users\Timofei\.jdks\corretto-18.0.2\bin\jsvml.dll
0x00007ffbf4f60000 - 0x00007ffbf56a3000 	C:\WINDOWS\System32\SHELL32.dll
0x00007ffbf0f30000 - 0x00007ffbf16c2000 	C:\WINDOWS\SYSTEM32\windows.storage.dll
0x00007ffbf37e0000 - 0x00007ffbf3b34000 	C:\WINDOWS\System32\combase.dll
0x00007ffbf28f0000 - 0x00007ffbf2920000 	C:\WINDOWS\SYSTEM32\Wldp.dll
0x00007ffbf4c80000 - 0x00007ffbf4d2d000 	C:\WINDOWS\System32\SHCORE.dll
0x00007ffbf3e40000 - 0x00007ffbf3e95000 	C:\WINDOWS\System32\shlwapi.dll
0x00007ffbf2dd0000 - 0x00007ffbf2def000 	C:\WINDOWS\SYSTEM32\profapi.dll
0x00007ffbd0640000 - 0x00007ffbd0658000 	C:\Users\Timofei\.jdks\corretto-18.0.2\bin\zip.dll
0x00007ffbd0980000 - 0x00007ffbd0993000 	C:\Users\Timofei\.jdks\corretto-18.0.2\bin\net.dll
0x00007ffbe9350000 - 0x00007ffbe945c000 	C:\WINDOWS\SYSTEM32\WINHTTP.dll
0x00007ffbf2650000 - 0x00007ffbf26ba000 	C:\WINDOWS\system32\mswsock.dll
0x00007ffbd0960000 - 0x00007ffbd0975000 	C:\Users\Timofei\.jdks\corretto-18.0.2\bin\nio.dll
0x00007ffbe0320000 - 0x00007ffbe033a000 	D:\IntelliJ IDEA Community Edition 2022.2.2\bin\breakgen64.dll
0x00007ffbf2330000 - 0x00007ffbf23fa000 	C:\WINDOWS\SYSTEM32\DNSAPI.dll
0x00007ffbf22f0000 - 0x00007ffbf232b000 	C:\WINDOWS\SYSTEM32\IPHLPAPI.DLL
0x00007ffbf4340000 - 0x00007ffbf4348000 	C:\WINDOWS\System32\NSI.dll
0x00007ffbeb110000 - 0x00007ffbeb11a000 	C:\Windows\System32\rasadhlp.dll
0x00007ffbe7bf0000 - 0x00007ffbe7c70000 	C:\WINDOWS\System32\fwpuclnt.dll
0x00007ffbf2f90000 - 0x00007ffbf2fb7000 	C:\WINDOWS\System32\bcrypt.dll
0x00007ffb962c0000 - 0x00007ffb96467000 	C:\Users\Timofei\.jdks\corretto-18.0.2\bin\awt.dll
0x00007ffbf4d30000 - 0x00007ffbf4dfd000 	C:\WINDOWS\System32\OLEAUT32.dll
0x00007ffbef8e0000 - 0x00007ffbef971000 	C:\WINDOWS\SYSTEM32\apphelp.dll
0x00007ffbaad90000 - 0x00007ffbaae05000 	C:\Users\Timofei\AppData\Local\Temp\lwjglTimofei\3.3.1-SNAPSHOT\lwjgl.dll
0x00007ffbaad20000 - 0x00007ffbaad81000 	C:\Users\Timofei\AppData\Local\Temp\lwjglTimofei\3.3.1-SNAPSHOT\glfw.dll
0x00007ffbc09b0000 - 0x00007ffbc09f5000 	C:\WINDOWS\SYSTEM32\dinput8.dll
0x00007ffbe91b0000 - 0x00007ffbe91c1000 	C:\WINDOWS\SYSTEM32\xinput1_4.dll
0x00007ffbf32c0000 - 0x00007ffbf330e000 	C:\WINDOWS\System32\cfgmgr32.dll
0x00007ffbf2c40000 - 0x00007ffbf2c6c000 	C:\WINDOWS\SYSTEM32\DEVOBJ.dll
0x00007ffbf08a0000 - 0x00007ffbf08cf000 	C:\WINDOWS\SYSTEM32\dwmapi.dll
0x00007ffbcbb90000 - 0x00007ffbcbce2000 	C:\WINDOWS\SYSTEM32\inputhost.dll
0x00007ffbef5d0000 - 0x00007ffbef6c2000 	C:\WINDOWS\SYSTEM32\CoreMessaging.dll
0x00007ffbefc80000 - 0x00007ffbefdd4000 	C:\WINDOWS\SYSTEM32\wintypes.dll
0x00007ffbf0250000 - 0x00007ffbf0346000 	C:\WINDOWS\SYSTEM32\PROPSYS.dll
0x00007ffbef270000 - 0x00007ffbef5ce000 	C:\WINDOWS\SYSTEM32\CoreUIComponents.dll
0x00007ffbf2020000 - 0x00007ffbf2053000 	C:\WINDOWS\SYSTEM32\ntmarta.dll
0x00007ffbefa50000 - 0x00007ffbefaee000 	C:\WINDOWS\system32\uxtheme.dll
0x00007ffbf4a70000 - 0x00007ffbf4b85000 	C:\WINDOWS\System32\MSCTF.dll
0x00007ffbc5650000 - 0x00007ffbc5775000 	C:\WINDOWS\SYSTEM32\opengl32.dll
0x00007ffbc78c0000 - 0x00007ffbc78ec000 	C:\WINDOWS\SYSTEM32\GLU32.dll
0x00007ffbf4e00000 - 0x00007ffbf4eaf000 	C:\WINDOWS\System32\clbcatq.dll
0x00007ffb78850000 - 0x00007ffb7981a000 	C:\WINDOWS\System32\DriverStore\FileRepository\iigd_dch.inf_amd64_7d90afac159f566c\ig9icd64.dll
0x00007ffbf3d10000 - 0x00007ffbf3e3a000 	C:\WINDOWS\System32\ole32.dll
0x00007ffbf1750000 - 0x00007ffbf1843000 	C:\WINDOWS\system32\dxgi.dll
0x00007ffbe5e20000 - 0x00007ffbe605f000 	C:\WINDOWS\System32\DriverStore\FileRepository\iigd_dch.inf_amd64_7d90afac159f566c\igdgmm64.dll
0x00007ffbe27d0000 - 0x00007ffbe5399000 	C:\WINDOWS\System32\DriverStore\FileRepository\iigd_dch.inf_amd64_7d90afac159f566c\igc64.dll
0x00007ffbf2460000 - 0x00007ffbf24ab000 	C:\WINDOWS\SYSTEM32\powrprof.dll
0x00007ffbf22d0000 - 0x00007ffbf22e2000 	C:\WINDOWS\SYSTEM32\UMPDC.dll
0x00007ffbda270000 - 0x00007ffbda369000 	C:\WINDOWS\SYSTEM32\textinputframework.dll
0x00007ffba5ca0000 - 0x00007ffba5cfd000 	C:\Users\Timofei\AppData\Local\Temp\lwjglTimofei\3.3.1-SNAPSHOT\lwjgl_opengl.dll
0x0000000064a00000 - 0x000000006580f000 	C:\Users\Timofei\AppData\Local\Temp\imgui-java-natives_1671017039953\imgui-java64.dll

dbghelp: loaded successfully - version: 4.0.5 - missing functions: none
symbol engine: initialized successfully - sym options: 0x614 - pdb path: .;C:\Users\Timofei\.jdks\corretto-18.0.2\bin;C:\WINDOWS\SYSTEM32;C:\WINDOWS\WinSxS\amd64_microsoft.windows.common-controls_6595b64144ccf1df_6.0.19041.1110_none_60b5254171f9507e;C:\Users\Timofei\.jdks\corretto-18.0.2\bin\server;D:\IntelliJ IDEA Community Edition 2022.2.2\bin;C:\Users\Timofei\AppData\Local\Temp\lwjglTimofei\3.3.1-SNAPSHOT;C:\WINDOWS\System32\DriverStore\FileRepository\iigd_dch.inf_amd64_7d90afac159f566c;C:\Users\Timofei\AppData\Local\Temp\imgui-java-natives_1671017039953

VM Arguments:
jvm_args: -javaagent:D:\IntelliJ IDEA Community Edition 2022.2.2\lib\idea_rt.jar=54356:D:\IntelliJ IDEA Community Edition 2022.2.2\bin -Dfile.encoding=UTF-8 -Dsun.stdout.encoding=UTF-8 -Dsun.stderr.encoding=UTF-8 
java_command: Client.ClientBootstrap
java_class_path (initial): C:\Users\Timofei\IdeaProjects\LAB_6_Prog_SP_Task\target\classes;C:\Users\Timofei\.m2\repository\mysql\mysql-connector-java\8.0.23\mysql-connector-java-8.0.23.jar;C:\Users\Timofei\.m2\repository\com\google\protobuf\protobuf-java\3.11.4\protobuf-java-3.11.4.jar;C:\Users\Timofei\.m2\repository\org\hibernate\hibernate-entitymanager\5.6.12.Final\hibernate-entitymanager-5.6.12.Final.jar;C:\Users\Timofei\.m2\repository\org\jboss\logging\jboss-logging\3.4.3.Final\jboss-logging-3.4.3.Final.jar;C:\Users\Timofei\.m2\repository\org\hibernate\hibernate-core\5.6.12.Final\hibernate-core-5.6.12.Final.jar;C:\Users\Timofei\.m2\repository\antlr\antlr\2.7.7\antlr-2.7.7.jar;C:\Users\Timofei\.m2\repository\org\jboss\jandex\2.4.2.Final\jandex-2.4.2.Final.jar;C:\Users\Timofei\.m2\repository\com\fasterxml\classmate\1.5.1\classmate-1.5.1.jar;C:\Users\Timofei\.m2\repository\javax\activation\javax.activation-api\1.2.0\javax.activation-api-1.2.0.jar;C:\Users\Timofei\.m2\repository\javax\xml\bind\jaxb-api\2.3.1\jaxb-api-2.3.1.jar;C:\Users\Timofei\.m2\repository\org\glassfish\jaxb\jaxb-runtime\2.3.1\jaxb-runtime-2.3.1.jar;C:\Users\Timofei\.m2\repository\org\glassfish\jaxb\txw2\2.3.1\txw2-2.3.1.jar;C:\Users\Timofei\.m2\repository\com\sun\istack\istack-commons-runtime\3.0.7\istack-commons-runtime-3.0.7.jar;C:\Users\Timofei\.m2\repository\org\jvnet\staxex\stax-ex\1.8\stax-ex-1.8.jar;C:\Users\Timofei\.m2\repository\com\sun\xml\fastinfoset\FastInfoset\1.2.15\FastInfoset-1.2.15.jar;C:\Users\Timofei\.m2\repository\org\hibernate\common\hibernate-commons-annotations\5.1.2.Final\hibernate-commons-annotations-5.1.2.Final.jar;C:\Users\Timofei\.m2\repository\javax\persistence\javax.persistence-api\2.2\javax.persistence-api-2.2.jar;C:\Users\Timofei\.m2\repository\net\bytebuddy\byte-buddy\1.12.9\byte-buddy-1.12.9.jar;C:\Users\Timofei\.m2\repository\org\jboss\spec\javax\transaction\jboss-transaction-api_1.2_spec\1.1.1.Final\jboss-transaction-api_1.2_spec-1.1.1.Final.jar;C:\Users\Timofei\.m2\repository\com\h2database\h2\2.1.212\h2-2.1.212.jar;C:\Users\Timofei\.m2\repository\io\github\spair\imgui-java-app\1.86.4\imgui-java-app-1.86.4.jar;C:\Users\Timofei\.m2\repository\org\lwjgl\lwjgl\3.3.1\lwjgl-3.3.1.jar;C:\Users\Timofei\.m2\repository\org\lwjgl\lwjgl-glfw\3.3.1\lwjgl-glfw-3.3.1.jar;C:\Users\Timofei\.m2\repository\org\lwjgl\lwjgl-opengl\3.3.1\lwjgl-opengl-3.3.1.jar;C:\Users\Timofei\.m2\repository\org\lwjgl\lwjgl\3.3.1\lwjgl-3.3.1-natives-linux.jar;C:\Users\Timofei\.m2\repository\org\lwjgl\lwjgl-glfw\3.3.1\lwjgl-glfw-3.3.1-natives-linux.jar;C:\Users\Timofei\.m2\repository\org\lwjgl\lwjgl-opengl\3.3.1\lwjgl-opengl-3.3.1-natives-linux.jar;C:\Users\Timofei\.m2\repository\org\lwjgl\lwjgl\3.3.1\lwjgl-3.3.1-natives-windows.jar;C:\Users\Timofei\.m2\repository\org\lwjgl\lwjgl-glfw\3.3.1\lwjgl-glfw-3.3.1-natives-windows.jar;C:\Users\Timofei\.m2\repository\org\lwjgl\lwjgl-opengl\3.3.1\lwjgl-opengl-3.3.1-natives-windows.jar;C:\Users\Timofei\.m2\repository\org\lwjgl\lwjgl\3.3.1\lwjgl-3.3.1-natives-macos.jar;C:\Users\Timofei\.m2\repository\org\lwjgl\lwjgl-glfw\3.3.1\lwjgl-glfw-3.3.1-natives-macos.jar;C:\Users\Timofei\.m2\repository\org\lwjgl\lwjgl-opengl\3.3.1\lwjgl-opengl-3.3.1-natives-macos.jar;C:\Users\Timofei\.m2\repository\io\github\spair\imgui-java-binding\1.86.4\imgui-java-binding-1.86.4.jar;C:\Users\Timofei\.m2\repository\io\github\spair\imgui-java-lwjgl3\1.86.4\imgui-java-lwjgl3-1.86.4.jar
Launcher Type: SUN_STANDARD

[Global flags]
     intx CICompilerCount                          = 4                                         {product} {ergonomic}
     uint ConcGCThreads                            = 2                                         {product} {ergonomic}
     uint G1ConcRefinementThreads                  = 8                                         {product} {ergonomic}
   size_t G1HeapRegionSize                         = 1048576                                   {product} {ergonomic}
    uintx GCDrainStackTargetSize                   = 64                                        {product} {ergonomic}
   size_t InitialHeapSize                          = 134217728                                 {product} {ergonomic}
   size_t MarkStackSize                            = 4194304                                   {product} {ergonomic}
   size_t MaxHeapSize                              = 2116026368                                {product} {ergonomic}
   size_t MaxNewSize                               = 1268776960                                {product} {ergonomic}
   size_t MinHeapDeltaBytes                        = 1048576                                   {product} {ergonomic}
   size_t MinHeapSize                              = 8388608                                   {product} {ergonomic}
    uintx NonNMethodCodeHeapSize                   = 5839372                                {pd product} {ergonomic}
    uintx NonProfiledCodeHeapSize                  = 122909434                              {pd product} {ergonomic}
    uintx ProfiledCodeHeapSize                     = 122909434                              {pd product} {ergonomic}
    uintx ReservedCodeCacheSize                    = 251658240                              {pd product} {ergonomic}
     bool SegmentedCodeCache                       = true                                      {product} {ergonomic}
   size_t SoftMaxHeapSize                          = 2116026368                             {manageable} {ergonomic}
     bool UseCompressedClassPointers               = true                           {product lp64_product} {ergonomic}
     bool UseCompressedOops                        = true                           {product lp64_product} {ergonomic}
     bool UseG1GC                                  = true                                      {product} {ergonomic}
     bool UseLargePagesIndividualAllocation        = false                                  {pd product} {ergonomic}

Logging:
Log output configuration:
 #0: stdout all=warning uptime,level,tags foldmultilines=false
 #1: stderr all=off uptime,level,tags foldmultilines=false

Environment Variables:
PATH=C:\WINDOWS\system32;C:\WINDOWS;C:\WINDOWS\System32\Wbem;C:\WINDOWS\System32\WindowsPowerShell\v1.0\;C:\WINDOWS\System32\OpenSSH\;C:\Program Files\Git\cmd;C:\Program Files\Microsoft SQL Server\130\Tools\Binn\;C:\Program Files\NVIDIA Corporation\NVIDIA NvDLISR;C:\Program Files (x86)\NVIDIA Corporation\PhysX\Common;C:\Program Files\dotnet\;C:\Program Files\MySQL\MySQL Shell 8.0\bin\;C:\Users\Timofei\AppData\Local\Microsoft\WindowsApps;C:\Users\Timofei\AppData\Local\GitHubDesktop\bin;C:\Users\Timofei\.dotnet\tools
USERNAME=Timofei
OS=Windows_NT
PROCESSOR_IDENTIFIER=Intel64 Family 6 Model 158 Stepping 10, GenuineIntel



---------------  S Y S T E M  ---------------

OS:
 Windows 10 , 64 bit Build 19041 (10.0.19041.2251)
OS uptime: 0 days 3:31 hours

CPU: total 8 (initial active 8) (4 cores per cpu, 2 threads per core) family 6 model 158 stepping 10 microcode 0xb4, cx8, cmov, fxsr, ht, mmx, 3dnowpref, sse, sse2, sse3, ssse3, sse4.1, sse4.2, popcnt, lzcnt, tsc, tscinvbit, avx, avx2, aes, erms, clmul, bmi1, bmi2, adx, fma, vzeroupper, clflush, clflushopt

Memory: 4k page, system-wide physical 8066M (1034M free)
TotalPageFile size 16770M (AvailPageFile size 3891M)
current process WorkingSet (physical memory assigned to process): 88M, peak: 140M
current process commit charge ("private bytes"): 237M, peak: 249M

vm_info: OpenJDK 64-Bit Server VM (18.0.2+9-FR) for windows-amd64 JRE (18.0.2+9-FR), built on Jul 15 2022 20:03:03 by "Administrator" with MS VC++ 15.9 (VS2017)

END.
